2025-07-19 12:15:51 - src.core.utils.logging_config - StoreID:N/A - INFO - Inicializando ProductManagerLogic para tienda 1
2025-07-19 12:15:51 - src.core.utils.logging_config - StoreID:N/A - DEBUG - ProductEditForm inicializado para tienda 1
2025-07-19 12:15:51 - src.core.utils.logging_config - StoreID:N/A - INFO - Inicializando ProductManagerUI para tienda 1
2025-07-19 12:15:51 - src.core.utils.logging_config - StoreID:N/A - DEBUG - ëcono cargado: edit
2025-07-19 12:15:51 - src.core.utils.logging_config - StoreID:N/A - DEBUG - ëcono cargado: copy
2025-07-19 12:15:51 - src.core.utils.logging_config - StoreID:N/A - DEBUG - ëcono cargado: delete
2025-07-19 12:15:51 - src.core.utils.logging_config - StoreID:N/A - DEBUG - ëcono cargado: duplicate
2025-07-19 12:15:51 - src.core.utils.logging_config - StoreID:N/A - DEBUG - ëcono cargado: price
2025-07-19 12:15:51 - src.core.utils.logging_config - StoreID:N/A - DEBUG - ëcono cargado: print
2025-07-19 12:15:51 - src.core.utils.logging_config - StoreID:N/A - DEBUG - ëcono cargado: inventory
2025-07-19 12:15:54 - src.core.utils.logging_config - StoreID:N/A - DEBUG - Inicializando CheckComboBox con column=color
2025-07-19 12:15:54 - src.core.utils.logging_config - StoreID:N/A - DEBUG - CheckComboBox creado con label=Color, column=color
2025-07-19 12:15:54 - src.core.utils.logging_config - StoreID:N/A - DEBUG - Inicializando CheckComboBox con column=tipo_prenda
2025-07-19 12:15:55 - src.core.utils.logging_config - StoreID:N/A - DEBUG - CheckComboBox creado con label=Tipo Prenda, column=tipo_prenda
2025-07-19 12:15:55 - src.core.utils.logging_config - StoreID:N/A - DEBUG - Inicializando CheckComboBox con column=tipo_pieza
2025-07-19 12:15:55 - src.core.utils.logging_config - StoreID:N/A - DEBUG - CheckComboBox creado con label=Tipo Pieza, column=tipo_pieza
2025-07-19 12:15:55 - src.core.utils.logging_config - StoreID:N/A - DEBUG - Inicializando CheckComboBox con column=atributo
2025-07-19 12:15:55 - src.core.utils.logging_config - StoreID:N/A - DEBUG - CheckComboBox creado con label=Atributo, column=atributo
2025-07-19 12:15:55 - src.core.utils.logging_config - StoreID:N/A - DEBUG - Inicializando CheckComboBox con column=escuela
2025-07-19 12:15:55 - src.core.utils.logging_config - StoreID:N/A - DEBUG - CheckComboBox creado con label=Escuela, column=escuela
2025-07-19 12:15:55 - src.core.utils.logging_config - StoreID:N/A - DEBUG - Inicializando CheckComboBox con column=nivel_educativo
2025-07-19 12:15:55 - src.core.utils.logging_config - StoreID:N/A - DEBUG - CheckComboBox creado con label=Nivel Educativo, column=nivel_educativo
2025-07-19 12:15:55 - src.core.utils.logging_config - StoreID:N/A - DEBUG - Inicializando CheckComboBox con column=genero
2025-07-19 12:15:56 - src.core.utils.logging_config - StoreID:N/A - DEBUG - CheckComboBox creado con label=GÕnero, column=genero
2025-07-19 12:15:56 - src.core.utils.logging_config - StoreID:N/A - DEBUG - Inicializando CheckComboBox con column=marca
2025-07-19 12:15:56 - src.core.utils.logging_config - StoreID:N/A - DEBUG - CheckComboBox creado con label=Marca, column=marca
2025-07-19 12:15:56 - src.core.utils.logging_config - StoreID:N/A - DEBUG - Inicializando CheckComboBox con column=talla
2025-07-19 12:15:56 - src.core.utils.logging_config - StoreID:N/A - DEBUG - CheckComboBox creado con label=Talla, column=talla
2025-07-19 12:15:58 - src.core.utils.logging_config - StoreID:N/A - DEBUG - Inicializando comboboxes para filtros
2025-07-19 12:15:58 - src.core.utils.logging_config - StoreID:N/A - DEBUG - Obtenidos 32 valores ºnicos para color en 0.069s
2025-07-19 12:15:58 - src.core.utils.logging_config - StoreID:N/A - DEBUG - Valores para color: ['Ad hoc', 'Amarillo', 'Azul', 'Azul Marino', 'Azul Rey', 'Azul cielo', 'Beige', 'Bicolor', 'Blanca', 'Blanco', 'CafÕ', 'Camuflaje', 'Caqui', 'Doble raya', 'Escoces', 'Gales azul', 'Gales rojo', 'Gales verde', 'Gris', 'Gris claro', 'Gris obscuro', 'Negro', 'Pata de gallo', 'Pgallo cafe', 'Raya roja', 'Rojo', 'Rosa', 'SABES', 'Verde', 'Verde limon', 'Verde olivo', 'Vino']
2025-07-19 12:15:58 - src.core.utils.logging_config - StoreID:N/A - DEBUG - Obtenidos 5 valores ºnicos para tipo_prenda en 0.003s
2025-07-19 12:15:58 - src.core.utils.logging_config - StoreID:N/A - DEBUG - Valores para tipo_prenda: ['Accesorio', 'BÃsico', 'Deportivo', 'Escolta', 'Oficial']
2025-07-19 12:15:58 - src.core.utils.logging_config - StoreID:N/A - DEBUG - Obtenidos 20 valores ºnicos para tipo_pieza en 0.003s
2025-07-19 12:15:58 - src.core.utils.logging_config - StoreID:N/A - DEBUG - Valores para tipo_pieza: ['Bata', 'Boina', 'Calceta', 'Camisa', 'Chaleco', 'Chamarra', 'Corbata', 'CorbatÚn', 'Falda', 'Guante', 'Jumper', 'Malla', 'Mascada', 'Moþo', 'Pantalµn', 'Pants 2pz', 'Pants 3pz', 'Pants Suelto', 'Playera', 'SuÕter']
2025-07-19 12:15:58 - src.core.utils.logging_config - StoreID:N/A - DEBUG - Obtenidos 24 valores ºnicos para atributo en 0.002s
2025-07-19 12:15:58 - src.core.utils.logging_config - StoreID:N/A - DEBUG - Valores para atributo: ['Algodµn', 'Botones', 'Chazarilla', 'Conalep', 'Conjunto', 'Cuatro tablas', 'Cuello Olan', 'Cuello V', 'Cuello olan', 'Deportiva', 'Deportivo', 'Escolar', 'Escolta', 'Gabardina', 'Infantil', 'Liso', 'Manga Corta', 'Manga Larga', 'Oferta', 'Polo', 'Punto', 'Tableada', 'Tortuga', 'Vestir']
2025-07-19 12:15:58 - src.core.utils.logging_config - StoreID:N/A - DEBUG - Obtenidos 47 valores ºnicos para escuela en 0.001s
2025-07-19 12:15:58 - src.core.utils.logging_config - StoreID:N/A - DEBUG - Valores para escuela: ['16 de Septiembre', 'Albino GarcÚa Ramos', 'Benito JuÃrez', 'Bicentenario', 'Blanca Verµnica Soto MartÚnez PrÚncipes', 'CBTIS 148', 'CECYTE', 'Club Rotario', 'Colegio Motolinea', 'Conalep', 'Emiliano Zapata', 'Erasmo Castellano', 'EsTv 154', 'Francisco GonzÃlez Bocanegra', 'Francisco Villa', 'Frida Kahlo', 'Guillermo Prieto', 'Himno Nacional', 'Ignacio Allende', 'Ignacio Ramirez Lopez', 'Ignacio Zaragoza', 'J. Guadalupe Victoria', 'Jean Piaget', 'Jorge Cantor', 'Josefa Ortiz de DomÚnguez', 'JosÕ MarÚa Morelos', 'JosÕ MarÚa Morelos y Pavµn', 'Justo Sierra', 'Manuel GutiÕrrez NÃjera', 'Margarita Paz Paredes', 'Miguel Campuzano', 'Miguel Hidalgo', 'Narciso Mendoza', 'Niþos HÕroes', 'Omecalli', 'Paolo Fraire', 'Patria', 'PrÃxedis Guerrero', 'Rafael RamÚrez', 'SABES', 'Sor Juana InÕs de la Cruz', 'Telesecundaria 454', 'Telesecundaria 512', 'TÕcnica de San Bartolo', 'UVEG', 'Vicente Guerrero', 'êlvaro Obregµn']
2025-07-19 12:15:58 - src.core.utils.logging_config - StoreID:N/A - DEBUG - Obtenidos 4 valores ºnicos para nivel_educativo en 0.002s
2025-07-19 12:15:58 - src.core.utils.logging_config - StoreID:N/A - DEBUG - Valores para nivel_educativo: ['Bachillerato', 'Preescolar', 'Primaria', 'Secundaria']
2025-07-19 12:15:58 - src.core.utils.logging_config - StoreID:N/A - DEBUG - Obtenidos 3 valores ºnicos para genero en 0.002s
2025-07-19 12:15:58 - src.core.utils.logging_config - StoreID:N/A - DEBUG - Valores para genero: ['Hombre', 'Mujer', 'Unisex']
2025-07-19 12:15:58 - src.core.utils.logging_config - StoreID:N/A - DEBUG - Obtenidos 2 valores ºnicos para marca en 0.002s
2025-07-19 12:15:58 - src.core.utils.logging_config - StoreID:N/A - DEBUG - Valores para marca: ['Claudia', 'Prowear']
2025-07-19 12:15:58 - src.core.utils.logging_config - StoreID:N/A - DEBUG - Obtenidos 41 valores ºnicos para talla en 0.004s
2025-07-19 12:15:58 - src.core.utils.logging_config - StoreID:N/A - DEBUG - Valores para talla: ['2', '3', '4', '5', '6', '7', '8', '9', '10', '11', '12', '13', '14', '16', '18', '20', '28', '30', '32', '34', '36', '38', '40', '42', '44', '46', 'CH', 'MD', 'GD', 'EXG', 'Uni', 'ESP', '0-0', '0-2', '3-5', '6-8', '9-12', '13-18', 'CH-MD', 'GD-EXG', 'Dama']
2025-07-19 12:15:58 - src.core.utils.logging_config - StoreID:N/A - INFO - Comboboxes inicializados correctamente
2025-07-19 12:15:58 - src.core.utils.logging_config - StoreID:N/A - DEBUG - Label de filtros actualizado: Sin filtros activos
2025-07-19 12:15:58 - src.core.utils.logging_config - StoreID:N/A - DEBUG - Lock interface called with lock=True, tree exists=1
2025-07-19 12:15:59 - src.core.utils.logging_config - StoreID:N/A - DEBUG - Cargando productos para pÃgina 1, batch_size=30
2025-07-19 12:15:59 - src.core.utils.logging_config - StoreID:N/A - DEBUG - Actualizando paginaciµn: total_items=3570, current_page=0, total_pages=119
2025-07-19 12:15:59 - src.core.utils.logging_config - StoreID:N/A - DEBUG - Texto de paginaciµn actualizado: PÃgina 1 de 119
2025-07-19 12:15:59 - src.core.utils.logging_config - StoreID:N/A - DEBUG - Conteo de selecciµn actualizado: 0/30
2025-07-19 12:15:59 - src.core.utils.logging_config - StoreID:N/A - INFO - Cargados 30 productos, pÃgina 1, total pÃginas: 119, tiempo: 0.321s
2025-07-19 12:15:59 - src.core.utils.logging_config - StoreID:N/A - DEBUG - Lock interface called with lock=False, tree exists=1
2025-07-19 12:15:59 - src.core.utils.logging_config - StoreID:N/A - DEBUG - Inicializando comboboxes para filtros
2025-07-19 12:15:59 - src.core.utils.logging_config - StoreID:N/A - DEBUG - Obtenidos 32 valores ºnicos para color en 0.000s
2025-07-19 12:15:59 - src.core.utils.logging_config - StoreID:N/A - DEBUG - Valores para color: ['Ad hoc', 'Amarillo', 'Azul', 'Azul Marino', 'Azul Rey', 'Azul cielo', 'Beige', 'Bicolor', 'Blanca', 'Blanco', 'CafÕ', 'Camuflaje', 'Caqui', 'Doble raya', 'Escoces', 'Gales azul', 'Gales rojo', 'Gales verde', 'Gris', 'Gris claro', 'Gris obscuro', 'Negro', 'Pata de gallo', 'Pgallo cafe', 'Raya roja', 'Rojo', 'Rosa', 'SABES', 'Verde', 'Verde limon', 'Verde olivo', 'Vino']
2025-07-19 12:15:59 - src.core.utils.logging_config - StoreID:N/A - DEBUG - Obtenidos 5 valores ºnicos para tipo_prenda en 0.000s
2025-07-19 12:15:59 - src.core.utils.logging_config - StoreID:N/A - DEBUG - Valores para tipo_prenda: ['Accesorio', 'BÃsico', 'Deportivo', 'Escolta', 'Oficial']
2025-07-19 12:15:59 - src.core.utils.logging_config - StoreID:N/A - DEBUG - Obtenidos 20 valores ºnicos para tipo_pieza en 0.000s
2025-07-19 12:15:59 - src.core.utils.logging_config - StoreID:N/A - DEBUG - Valores para tipo_pieza: ['Bata', 'Boina', 'Calceta', 'Camisa', 'Chaleco', 'Chamarra', 'Corbata', 'CorbatÚn', 'Falda', 'Guante', 'Jumper', 'Malla', 'Mascada', 'Moþo', 'Pantalµn', 'Pants 2pz', 'Pants 3pz', 'Pants Suelto', 'Playera', 'SuÕter']
2025-07-19 12:15:59 - src.core.utils.logging_config - StoreID:N/A - DEBUG - Obtenidos 24 valores ºnicos para atributo en 0.000s
2025-07-19 12:15:59 - src.core.utils.logging_config - StoreID:N/A - DEBUG - Valores para atributo: ['Algodµn', 'Botones', 'Chazarilla', 'Conalep', 'Conjunto', 'Cuatro tablas', 'Cuello Olan', 'Cuello V', 'Cuello olan', 'Deportiva', 'Deportivo', 'Escolar', 'Escolta', 'Gabardina', 'Infantil', 'Liso', 'Manga Corta', 'Manga Larga', 'Oferta', 'Polo', 'Punto', 'Tableada', 'Tortuga', 'Vestir']
2025-07-19 12:15:59 - src.core.utils.logging_config - StoreID:N/A - DEBUG - Obtenidos 47 valores ºnicos para escuela en 0.000s
2025-07-19 12:15:59 - src.core.utils.logging_config - StoreID:N/A - DEBUG - Valores para escuela: ['16 de Septiembre', 'Albino GarcÚa Ramos', 'Benito JuÃrez', 'Bicentenario', 'Blanca Verµnica Soto MartÚnez PrÚncipes', 'CBTIS 148', 'CECYTE', 'Club Rotario', 'Colegio Motolinea', 'Conalep', 'Emiliano Zapata', 'Erasmo Castellano', 'EsTv 154', 'Francisco GonzÃlez Bocanegra', 'Francisco Villa', 'Frida Kahlo', 'Guillermo Prieto', 'Himno Nacional', 'Ignacio Allende', 'Ignacio Ramirez Lopez', 'Ignacio Zaragoza', 'J. Guadalupe Victoria', 'Jean Piaget', 'Jorge Cantor', 'Josefa Ortiz de DomÚnguez', 'JosÕ MarÚa Morelos', 'JosÕ MarÚa Morelos y Pavµn', 'Justo Sierra', 'Manuel GutiÕrrez NÃjera', 'Margarita Paz Paredes', 'Miguel Campuzano', 'Miguel Hidalgo', 'Narciso Mendoza', 'Niþos HÕroes', 'Omecalli', 'Paolo Fraire', 'Patria', 'PrÃxedis Guerrero', 'Rafael RamÚrez', 'SABES', 'Sor Juana InÕs de la Cruz', 'Telesecundaria 454', 'Telesecundaria 512', 'TÕcnica de San Bartolo', 'UVEG', 'Vicente Guerrero', 'êlvaro Obregµn']
2025-07-19 12:15:59 - src.core.utils.logging_config - StoreID:N/A - DEBUG - Obtenidos 4 valores ºnicos para nivel_educativo en 0.000s
2025-07-19 12:15:59 - src.core.utils.logging_config - StoreID:N/A - DEBUG - Valores para nivel_educativo: ['Bachillerato', 'Preescolar', 'Primaria', 'Secundaria']
2025-07-19 12:15:59 - src.core.utils.logging_config - StoreID:N/A - DEBUG - Obtenidos 3 valores ºnicos para genero en 0.000s
2025-07-19 12:15:59 - src.core.utils.logging_config - StoreID:N/A - DEBUG - Valores para genero: ['Hombre', 'Mujer', 'Unisex']
2025-07-19 12:15:59 - src.core.utils.logging_config - StoreID:N/A - DEBUG - Obtenidos 2 valores ºnicos para marca en 0.000s
2025-07-19 12:15:59 - src.core.utils.logging_config - StoreID:N/A - DEBUG - Valores para marca: ['Claudia', 'Prowear']
2025-07-19 12:15:59 - src.core.utils.logging_config - StoreID:N/A - DEBUG - Obtenidos 41 valores ºnicos para talla en 0.000s
2025-07-19 12:15:59 - src.core.utils.logging_config - StoreID:N/A - DEBUG - Valores para talla: ['2', '3', '4', '5', '6', '7', '8', '9', '10', '11', '12', '13', '14', '16', '18', '20', '28', '30', '32', '34', '36', '38', '40', '42', '44', '46', 'CH', 'MD', 'GD', 'EXG', 'Uni', 'ESP', '0-0', '0-2', '3-5', '6-8', '9-12', '13-18', 'CH-MD', 'GD-EXG', 'Dama']
2025-07-19 12:15:59 - src.core.utils.logging_config - StoreID:N/A - INFO - Comboboxes inicializados correctamente
2025-07-19 12:15:59 - src.core.utils.logging_config - StoreID:N/A - DEBUG - Label de filtros actualizado: Sin filtros activos
2025-07-19 12:15:59 - src.core.utils.logging_config - StoreID:N/A - DEBUG - Lock interface called with lock=True, tree exists=1
2025-07-19 12:15:59 - src.core.utils.logging_config - StoreID:N/A - DEBUG - Cargando productos para pÃgina 1, batch_size=30
2025-07-19 12:15:59 - src.core.utils.logging_config - StoreID:N/A - DEBUG - Actualizando paginaciµn: total_items=3570, current_page=0, total_pages=119
2025-07-19 12:15:59 - src.core.utils.logging_config - StoreID:N/A - DEBUG - Texto de paginaciµn actualizado: PÃgina 1 de 119
2025-07-19 12:15:59 - src.core.utils.logging_config - StoreID:N/A - DEBUG - Conteo de selecciµn actualizado: 0/30
2025-07-19 12:15:59 - src.core.utils.logging_config - StoreID:N/A - INFO - Cargados 30 productos, pÃgina 1, total pÃginas: 119, tiempo: 0.293s
2025-07-19 12:15:59 - src.core.utils.logging_config - StoreID:N/A - DEBUG - Lock interface called with lock=False, tree exists=1
2025-07-19 12:16:01 - src.core.utils.logging_config - StoreID:N/A - DEBUG - Inicializando CheckComboBox con column=None
2025-07-19 12:16:01 - src.core.utils.logging_config - StoreID:N/A - DEBUG - CheckComboBox creado con label=Escuelas, column=None
2025-07-19 12:16:10 - src.core.utils.logging_config - StoreID:N/A - INFO - Inicializando ProductManagerLogic para tienda 1
2025-07-19 12:16:10 - src.core.utils.logging_config - StoreID:N/A - DEBUG - ProductEditForm inicializado para tienda 1
2025-07-19 12:16:10 - src.core.utils.logging_config - StoreID:N/A - INFO - Inicializando ProductManagerUI para tienda 1
2025-07-19 12:16:10 - src.core.utils.logging_config - StoreID:N/A - DEBUG - ëcono cargado: edit
2025-07-19 12:16:10 - src.core.utils.logging_config - StoreID:N/A - DEBUG - ëcono cargado: copy
2025-07-19 12:16:10 - src.core.utils.logging_config - StoreID:N/A - DEBUG - ëcono cargado: delete
2025-07-19 12:16:10 - src.core.utils.logging_config - StoreID:N/A - DEBUG - ëcono cargado: duplicate
2025-07-19 12:16:10 - src.core.utils.logging_config - StoreID:N/A - DEBUG - ëcono cargado: price
2025-07-19 12:16:10 - src.core.utils.logging_config - StoreID:N/A - DEBUG - ëcono cargado: print
2025-07-19 12:16:10 - src.core.utils.logging_config - StoreID:N/A - DEBUG - ëcono cargado: inventory
2025-07-19 12:16:10 - src.core.utils.logging_config - StoreID:N/A - DEBUG - Inicializando CheckComboBox con column=color
2025-07-19 12:16:10 - src.core.utils.logging_config - StoreID:N/A - DEBUG - CheckComboBox creado con label=Color, column=color
2025-07-19 12:16:10 - src.core.utils.logging_config - StoreID:N/A - DEBUG - Inicializando CheckComboBox con column=tipo_prenda
2025-07-19 12:16:10 - src.core.utils.logging_config - StoreID:N/A - DEBUG - CheckComboBox creado con label=Tipo Prenda, column=tipo_prenda
2025-07-19 12:16:10 - src.core.utils.logging_config - StoreID:N/A - DEBUG - Inicializando CheckComboBox con column=tipo_pieza
2025-07-19 12:16:10 - src.core.utils.logging_config - StoreID:N/A - DEBUG - CheckComboBox creado con label=Tipo Pieza, column=tipo_pieza
2025-07-19 12:16:10 - src.core.utils.logging_config - StoreID:N/A - DEBUG - Inicializando CheckComboBox con column=atributo
2025-07-19 12:16:10 - src.core.utils.logging_config - StoreID:N/A - DEBUG - CheckComboBox creado con label=Atributo, column=atributo
2025-07-19 12:16:10 - src.core.utils.logging_config - StoreID:N/A - DEBUG - Inicializando CheckComboBox con column=escuela
2025-07-19 12:16:10 - src.core.utils.logging_config - StoreID:N/A - DEBUG - CheckComboBox creado con label=Escuela, column=escuela
2025-07-19 12:16:11 - src.core.utils.logging_config - StoreID:N/A - DEBUG - Inicializando CheckComboBox con column=nivel_educativo
2025-07-19 12:16:11 - src.core.utils.logging_config - StoreID:N/A - DEBUG - CheckComboBox creado con label=Nivel Educativo, column=nivel_educativo
2025-07-19 12:16:11 - src.core.utils.logging_config - StoreID:N/A - DEBUG - Inicializando CheckComboBox con column=genero
2025-07-19 12:16:11 - src.core.utils.logging_config - StoreID:N/A - DEBUG - CheckComboBox creado con label=GÕnero, column=genero
2025-07-19 12:16:11 - src.core.utils.logging_config - StoreID:N/A - DEBUG - Inicializando CheckComboBox con column=marca
2025-07-19 12:16:11 - src.core.utils.logging_config - StoreID:N/A - DEBUG - CheckComboBox creado con label=Marca, column=marca
2025-07-19 12:16:11 - src.core.utils.logging_config - StoreID:N/A - DEBUG - Inicializando CheckComboBox con column=talla
2025-07-19 12:16:11 - src.core.utils.logging_config - StoreID:N/A - DEBUG - CheckComboBox creado con label=Talla, column=talla
2025-07-19 12:16:12 - src.core.utils.logging_config - StoreID:N/A - DEBUG - Inicializando comboboxes para filtros
2025-07-19 12:16:12 - src.core.utils.logging_config - StoreID:N/A - DEBUG - Obtenidos 32 valores ºnicos para color en 0.004s
2025-07-19 12:16:12 - src.core.utils.logging_config - StoreID:N/A - DEBUG - Valores para color: ['Ad hoc', 'Amarillo', 'Azul', 'Azul Marino', 'Azul Rey', 'Azul cielo', 'Beige', 'Bicolor', 'Blanca', 'Blanco', 'CafÕ', 'Camuflaje', 'Caqui', 'Doble raya', 'Escoces', 'Gales azul', 'Gales rojo', 'Gales verde', 'Gris', 'Gris claro', 'Gris obscuro', 'Negro', 'Pata de gallo', 'Pgallo cafe', 'Raya roja', 'Rojo', 'Rosa', 'SABES', 'Verde', 'Verde limon', 'Verde olivo', 'Vino']
2025-07-19 12:16:12 - src.core.utils.logging_config - StoreID:N/A - DEBUG - Obtenidos 5 valores ºnicos para tipo_prenda en 0.004s
2025-07-19 12:16:12 - src.core.utils.logging_config - StoreID:N/A - DEBUG - Valores para tipo_prenda: ['Accesorio', 'BÃsico', 'Deportivo', 'Escolta', 'Oficial']
2025-07-19 12:16:12 - src.core.utils.logging_config - StoreID:N/A - DEBUG - Obtenidos 20 valores ºnicos para tipo_pieza en 0.004s
2025-07-19 12:16:12 - src.core.utils.logging_config - StoreID:N/A - DEBUG - Valores para tipo_pieza: ['Bata', 'Boina', 'Calceta', 'Camisa', 'Chaleco', 'Chamarra', 'Corbata', 'CorbatÚn', 'Falda', 'Guante', 'Jumper', 'Malla', 'Mascada', 'Moþo', 'Pantalµn', 'Pants 2pz', 'Pants 3pz', 'Pants Suelto', 'Playera', 'SuÕter']
2025-07-19 12:16:12 - src.core.utils.logging_config - StoreID:N/A - DEBUG - Obtenidos 24 valores ºnicos para atributo en 0.004s
2025-07-19 12:16:12 - src.core.utils.logging_config - StoreID:N/A - DEBUG - Valores para atributo: ['Algodµn', 'Botones', 'Chazarilla', 'Conalep', 'Conjunto', 'Cuatro tablas', 'Cuello Olan', 'Cuello V', 'Cuello olan', 'Deportiva', 'Deportivo', 'Escolar', 'Escolta', 'Gabardina', 'Infantil', 'Liso', 'Manga Corta', 'Manga Larga', 'Oferta', 'Polo', 'Punto', 'Tableada', 'Tortuga', 'Vestir']
2025-07-19 12:16:12 - src.core.utils.logging_config - StoreID:N/A - DEBUG - Obtenidos 47 valores ºnicos para escuela en 0.000s
2025-07-19 12:16:13 - src.core.utils.logging_config - StoreID:N/A - DEBUG - Valores para escuela: ['16 de Septiembre', 'Albino GarcÚa Ramos', 'Benito JuÃrez', 'Bicentenario', 'Blanca Verµnica Soto MartÚnez PrÚncipes', 'CBTIS 148', 'CECYTE', 'Club Rotario', 'Colegio Motolinea', 'Conalep', 'Emiliano Zapata', 'Erasmo Castellano', 'EsTv 154', 'Francisco GonzÃlez Bocanegra', 'Francisco Villa', 'Frida Kahlo', 'Guillermo Prieto', 'Himno Nacional', 'Ignacio Allende', 'Ignacio Ramirez Lopez', 'Ignacio Zaragoza', 'J. Guadalupe Victoria', 'Jean Piaget', 'Jorge Cantor', 'Josefa Ortiz de DomÚnguez', 'JosÕ MarÚa Morelos', 'JosÕ MarÚa Morelos y Pavµn', 'Justo Sierra', 'Manuel GutiÕrrez NÃjera', 'Margarita Paz Paredes', 'Miguel Campuzano', 'Miguel Hidalgo', 'Narciso Mendoza', 'Niþos HÕroes', 'Omecalli', 'Paolo Fraire', 'Patria', 'PrÃxedis Guerrero', 'Rafael RamÚrez', 'SABES', 'Sor Juana InÕs de la Cruz', 'Telesecundaria 454', 'Telesecundaria 512', 'TÕcnica de San Bartolo', 'UVEG', 'Vicente Guerrero', 'êlvaro Obregµn']
2025-07-19 12:16:13 - src.core.utils.logging_config - StoreID:N/A - DEBUG - Obtenidos 4 valores ºnicos para nivel_educativo en 0.002s
2025-07-19 12:16:13 - src.core.utils.logging_config - StoreID:N/A - DEBUG - Valores para nivel_educativo: ['Bachillerato', 'Preescolar', 'Primaria', 'Secundaria']
2025-07-19 12:16:13 - src.core.utils.logging_config - StoreID:N/A - DEBUG - Obtenidos 3 valores ºnicos para genero en 0.002s
2025-07-19 12:16:13 - src.core.utils.logging_config - StoreID:N/A - DEBUG - Valores para genero: ['Hombre', 'Mujer', 'Unisex']
2025-07-19 12:16:13 - src.core.utils.logging_config - StoreID:N/A - DEBUG - Obtenidos 2 valores ºnicos para marca en 0.002s
2025-07-19 12:16:13 - src.core.utils.logging_config - StoreID:N/A - DEBUG - Valores para marca: ['Claudia', 'Prowear']
2025-07-19 12:16:13 - src.core.utils.logging_config - StoreID:N/A - DEBUG - Obtenidos 41 valores ºnicos para talla en 0.004s
2025-07-19 12:16:13 - src.core.utils.logging_config - StoreID:N/A - DEBUG - Valores para talla: ['2', '3', '4', '5', '6', '7', '8', '9', '10', '11', '12', '13', '14', '16', '18', '20', '28', '30', '32', '34', '36', '38', '40', '42', '44', '46', 'CH', 'MD', 'GD', 'EXG', 'Uni', 'ESP', '0-0', '0-2', '3-5', '6-8', '9-12', '13-18', 'CH-MD', 'GD-EXG', 'Dama']
2025-07-19 12:16:13 - src.core.utils.logging_config - StoreID:N/A - INFO - Comboboxes inicializados correctamente
2025-07-19 12:16:13 - src.core.utils.logging_config - StoreID:N/A - DEBUG - Label de filtros actualizado: Sin filtros activos
2025-07-19 12:16:13 - src.core.utils.logging_config - StoreID:N/A - DEBUG - Lock interface called with lock=True, tree exists=1
2025-07-19 12:16:13 - src.core.utils.logging_config - StoreID:N/A - DEBUG - Cargando productos para pÃgina 1, batch_size=30
2025-07-19 12:16:13 - src.core.utils.logging_config - StoreID:N/A - DEBUG - Actualizando paginaciµn: total_items=3570, current_page=0, total_pages=119
2025-07-19 12:16:13 - src.core.utils.logging_config - StoreID:N/A - DEBUG - Texto de paginaciµn actualizado: PÃgina 1 de 119
2025-07-19 12:16:13 - src.core.utils.logging_config - StoreID:N/A - DEBUG - Conteo de selecciµn actualizado: 0/30
2025-07-19 12:16:13 - src.core.utils.logging_config - StoreID:N/A - INFO - Cargados 30 productos, pÃgina 1, total pÃginas: 119, tiempo: 0.158s
2025-07-19 12:16:13 - src.core.utils.logging_config - StoreID:N/A - DEBUG - Lock interface called with lock=False, tree exists=1
2025-07-19 12:16:13 - src.core.utils.logging_config - StoreID:N/A - DEBUG - Inicializando comboboxes para filtros
2025-07-19 12:16:13 - src.core.utils.logging_config - StoreID:N/A - DEBUG - Obtenidos 32 valores ºnicos para color en 0.000s
2025-07-19 12:16:13 - src.core.utils.logging_config - StoreID:N/A - DEBUG - Valores para color: ['Ad hoc', 'Amarillo', 'Azul', 'Azul Marino', 'Azul Rey', 'Azul cielo', 'Beige', 'Bicolor', 'Blanca', 'Blanco', 'CafÕ', 'Camuflaje', 'Caqui', 'Doble raya', 'Escoces', 'Gales azul', 'Gales rojo', 'Gales verde', 'Gris', 'Gris claro', 'Gris obscuro', 'Negro', 'Pata de gallo', 'Pgallo cafe', 'Raya roja', 'Rojo', 'Rosa', 'SABES', 'Verde', 'Verde limon', 'Verde olivo', 'Vino']
2025-07-19 12:16:13 - src.core.utils.logging_config - StoreID:N/A - DEBUG - Obtenidos 5 valores ºnicos para tipo_prenda en 0.000s
2025-07-19 12:16:13 - src.core.utils.logging_config - StoreID:N/A - DEBUG - Valores para tipo_prenda: ['Accesorio', 'BÃsico', 'Deportivo', 'Escolta', 'Oficial']
2025-07-19 12:16:13 - src.core.utils.logging_config - StoreID:N/A - DEBUG - Obtenidos 20 valores ºnicos para tipo_pieza en 0.000s
2025-07-19 12:16:13 - src.core.utils.logging_config - StoreID:N/A - DEBUG - Valores para tipo_pieza: ['Bata', 'Boina', 'Calceta', 'Camisa', 'Chaleco', 'Chamarra', 'Corbata', 'CorbatÚn', 'Falda', 'Guante', 'Jumper', 'Malla', 'Mascada', 'Moþo', 'Pantalµn', 'Pants 2pz', 'Pants 3pz', 'Pants Suelto', 'Playera', 'SuÕter']
2025-07-19 12:16:13 - src.core.utils.logging_config - StoreID:N/A - DEBUG - Obtenidos 24 valores ºnicos para atributo en 0.000s
2025-07-19 12:16:13 - src.core.utils.logging_config - StoreID:N/A - DEBUG - Valores para atributo: ['Algodµn', 'Botones', 'Chazarilla', 'Conalep', 'Conjunto', 'Cuatro tablas', 'Cuello Olan', 'Cuello V', 'Cuello olan', 'Deportiva', 'Deportivo', 'Escolar', 'Escolta', 'Gabardina', 'Infantil', 'Liso', 'Manga Corta', 'Manga Larga', 'Oferta', 'Polo', 'Punto', 'Tableada', 'Tortuga', 'Vestir']
2025-07-19 12:16:13 - src.core.utils.logging_config - StoreID:N/A - DEBUG - Obtenidos 47 valores ºnicos para escuela en 0.000s
2025-07-19 12:16:13 - src.core.utils.logging_config - StoreID:N/A - DEBUG - Valores para escuela: ['16 de Septiembre', 'Albino GarcÚa Ramos', 'Benito JuÃrez', 'Bicentenario', 'Blanca Verµnica Soto MartÚnez PrÚncipes', 'CBTIS 148', 'CECYTE', 'Club Rotario', 'Colegio Motolinea', 'Conalep', 'Emiliano Zapata', 'Erasmo Castellano', 'EsTv 154', 'Francisco GonzÃlez Bocanegra', 'Francisco Villa', 'Frida Kahlo', 'Guillermo Prieto', 'Himno Nacional', 'Ignacio Allende', 'Ignacio Ramirez Lopez', 'Ignacio Zaragoza', 'J. Guadalupe Victoria', 'Jean Piaget', 'Jorge Cantor', 'Josefa Ortiz de DomÚnguez', 'JosÕ MarÚa Morelos', 'JosÕ MarÚa Morelos y Pavµn', 'Justo Sierra', 'Manuel GutiÕrrez NÃjera', 'Margarita Paz Paredes', 'Miguel Campuzano', 'Miguel Hidalgo', 'Narciso Mendoza', 'Niþos HÕroes', 'Omecalli', 'Paolo Fraire', 'Patria', 'PrÃxedis Guerrero', 'Rafael RamÚrez', 'SABES', 'Sor Juana InÕs de la Cruz', 'Telesecundaria 454', 'Telesecundaria 512', 'TÕcnica de San Bartolo', 'UVEG', 'Vicente Guerrero', 'êlvaro Obregµn']
2025-07-19 12:16:13 - src.core.utils.logging_config - StoreID:N/A - DEBUG - Obtenidos 4 valores ºnicos para nivel_educativo en 0.000s
2025-07-19 12:16:13 - src.core.utils.logging_config - StoreID:N/A - DEBUG - Valores para nivel_educativo: ['Bachillerato', 'Preescolar', 'Primaria', 'Secundaria']
2025-07-19 12:16:13 - src.core.utils.logging_config - StoreID:N/A - DEBUG - Obtenidos 3 valores ºnicos para genero en 0.000s
2025-07-19 12:16:13 - src.core.utils.logging_config - StoreID:N/A - DEBUG - Valores para genero: ['Hombre', 'Mujer', 'Unisex']
2025-07-19 12:16:13 - src.core.utils.logging_config - StoreID:N/A - DEBUG - Obtenidos 2 valores ºnicos para marca en 0.000s
2025-07-19 12:16:13 - src.core.utils.logging_config - StoreID:N/A - DEBUG - Valores para marca: ['Claudia', 'Prowear']
2025-07-19 12:16:13 - src.core.utils.logging_config - StoreID:N/A - DEBUG - Obtenidos 41 valores ºnicos para talla en 0.000s
2025-07-19 12:16:13 - src.core.utils.logging_config - StoreID:N/A - DEBUG - Valores para talla: ['2', '3', '4', '5', '6', '7', '8', '9', '10', '11', '12', '13', '14', '16', '18', '20', '28', '30', '32', '34', '36', '38', '40', '42', '44', '46', 'CH', 'MD', 'GD', 'EXG', 'Uni', 'ESP', '0-0', '0-2', '3-5', '6-8', '9-12', '13-18', 'CH-MD', 'GD-EXG', 'Dama']
2025-07-19 12:16:13 - src.core.utils.logging_config - StoreID:N/A - INFO - Comboboxes inicializados correctamente
2025-07-19 12:16:13 - src.core.utils.logging_config - StoreID:N/A - DEBUG - Label de filtros actualizado: Sin filtros activos
2025-07-19 12:16:13 - src.core.utils.logging_config - StoreID:N/A - DEBUG - Lock interface called with lock=True, tree exists=1
2025-07-19 12:16:13 - src.core.utils.logging_config - StoreID:N/A - DEBUG - Cargando productos para pÃgina 1, batch_size=30
2025-07-19 12:16:13 - src.core.utils.logging_config - StoreID:N/A - DEBUG - Actualizando paginaciµn: total_items=3570, current_page=0, total_pages=119
2025-07-19 12:16:13 - src.core.utils.logging_config - StoreID:N/A - DEBUG - Texto de paginaciµn actualizado: PÃgina 1 de 119
2025-07-19 12:16:13 - src.core.utils.logging_config - StoreID:N/A - DEBUG - Conteo de selecciµn actualizado: 0/30
2025-07-19 12:16:13 - src.core.utils.logging_config - StoreID:N/A - INFO - Cargados 30 productos, pÃgina 1, total pÃginas: 119, tiempo: 0.242s
2025-07-19 12:16:13 - src.core.utils.logging_config - StoreID:N/A - DEBUG - Lock interface called with lock=False, tree exists=1
2025-07-19 12:16:15 - src.core.utils.logging_config - StoreID:N/A - DEBUG - Inicializando CheckComboBox con column=None
2025-07-19 12:16:15 - src.core.utils.logging_config - StoreID:N/A - DEBUG - CheckComboBox creado con label=Escuelas, column=None
2025-07-19 12:16:23 - src.core.utils.logging_config - StoreID:N/A - INFO - Inicializando ProductManagerLogic para tienda 1
2025-07-19 12:16:23 - src.core.utils.logging_config - StoreID:N/A - DEBUG - ProductEditForm inicializado para tienda 1
2025-07-19 12:16:23 - src.core.utils.logging_config - StoreID:N/A - INFO - Inicializando ProductManagerUI para tienda 1
2025-07-19 12:16:23 - src.core.utils.logging_config - StoreID:N/A - DEBUG - ëcono cargado: edit
2025-07-19 12:16:23 - src.core.utils.logging_config - StoreID:N/A - DEBUG - ëcono cargado: copy
2025-07-19 12:16:23 - src.core.utils.logging_config - StoreID:N/A - DEBUG - ëcono cargado: delete
2025-07-19 12:16:23 - src.core.utils.logging_config - StoreID:N/A - DEBUG - ëcono cargado: duplicate
2025-07-19 12:16:23 - src.core.utils.logging_config - StoreID:N/A - DEBUG - ëcono cargado: price
2025-07-19 12:16:23 - src.core.utils.logging_config - StoreID:N/A - DEBUG - ëcono cargado: print
2025-07-19 12:16:23 - src.core.utils.logging_config - StoreID:N/A - DEBUG - ëcono cargado: inventory
2025-07-19 12:16:23 - src.core.utils.logging_config - StoreID:N/A - DEBUG - Inicializando CheckComboBox con column=color
2025-07-19 12:16:23 - src.core.utils.logging_config - StoreID:N/A - DEBUG - CheckComboBox creado con label=Color, column=color
2025-07-19 12:16:23 - src.core.utils.logging_config - StoreID:N/A - DEBUG - Inicializando CheckComboBox con column=tipo_prenda
2025-07-19 12:16:23 - src.core.utils.logging_config - StoreID:N/A - DEBUG - CheckComboBox creado con label=Tipo Prenda, column=tipo_prenda
2025-07-19 12:16:23 - src.core.utils.logging_config - StoreID:N/A - DEBUG - Inicializando CheckComboBox con column=tipo_pieza
2025-07-19 12:16:23 - src.core.utils.logging_config - StoreID:N/A - DEBUG - CheckComboBox creado con label=Tipo Pieza, column=tipo_pieza
2025-07-19 12:16:24 - src.core.utils.logging_config - StoreID:N/A - DEBUG - Inicializando CheckComboBox con column=atributo
2025-07-19 12:16:24 - src.core.utils.logging_config - StoreID:N/A - DEBUG - CheckComboBox creado con label=Atributo, column=atributo
2025-07-19 12:16:24 - src.core.utils.logging_config - StoreID:N/A - DEBUG - Inicializando CheckComboBox con column=escuela
2025-07-19 12:16:24 - src.core.utils.logging_config - StoreID:N/A - DEBUG - CheckComboBox creado con label=Escuela, column=escuela
2025-07-19 12:16:24 - src.core.utils.logging_config - StoreID:N/A - DEBUG - Inicializando CheckComboBox con column=nivel_educativo
2025-07-19 12:16:24 - src.core.utils.logging_config - StoreID:N/A - DEBUG - CheckComboBox creado con label=Nivel Educativo, column=nivel_educativo
2025-07-19 12:16:24 - src.core.utils.logging_config - StoreID:N/A - DEBUG - Inicializando CheckComboBox con column=genero
2025-07-19 12:16:24 - src.core.utils.logging_config - StoreID:N/A - DEBUG - CheckComboBox creado con label=GÕnero, column=genero
2025-07-19 12:16:24 - src.core.utils.logging_config - StoreID:N/A - DEBUG - Inicializando CheckComboBox con column=marca
2025-07-19 12:16:24 - src.core.utils.logging_config - StoreID:N/A - DEBUG - CheckComboBox creado con label=Marca, column=marca
2025-07-19 12:16:24 - src.core.utils.logging_config - StoreID:N/A - DEBUG - Inicializando CheckComboBox con column=talla
2025-07-19 12:16:24 - src.core.utils.logging_config - StoreID:N/A - DEBUG - CheckComboBox creado con label=Talla, column=talla
2025-07-19 12:16:26 - src.core.utils.logging_config - StoreID:N/A - DEBUG - Inicializando comboboxes para filtros
2025-07-19 12:16:26 - src.core.utils.logging_config - StoreID:N/A - DEBUG - Obtenidos 32 valores ºnicos para color en 0.004s
2025-07-19 12:16:26 - src.core.utils.logging_config - StoreID:N/A - DEBUG - Valores para color: ['Ad hoc', 'Amarillo', 'Azul', 'Azul Marino', 'Azul Rey', 'Azul cielo', 'Beige', 'Bicolor', 'Blanca', 'Blanco', 'CafÕ', 'Camuflaje', 'Caqui', 'Doble raya', 'Escoces', 'Gales azul', 'Gales rojo', 'Gales verde', 'Gris', 'Gris claro', 'Gris obscuro', 'Negro', 'Pata de gallo', 'Pgallo cafe', 'Raya roja', 'Rojo', 'Rosa', 'SABES', 'Verde', 'Verde limon', 'Verde olivo', 'Vino']
2025-07-19 12:16:26 - src.core.utils.logging_config - StoreID:N/A - DEBUG - Obtenidos 5 valores ºnicos para tipo_prenda en 0.004s
2025-07-19 12:16:26 - src.core.utils.logging_config - StoreID:N/A - DEBUG - Valores para tipo_prenda: ['Accesorio', 'BÃsico', 'Deportivo', 'Escolta', 'Oficial']
2025-07-19 12:16:26 - src.core.utils.logging_config - StoreID:N/A - DEBUG - Obtenidos 20 valores ºnicos para tipo_pieza en 0.004s
2025-07-19 12:16:26 - src.core.utils.logging_config - StoreID:N/A - DEBUG - Valores para tipo_pieza: ['Bata', 'Boina', 'Calceta', 'Camisa', 'Chaleco', 'Chamarra', 'Corbata', 'CorbatÚn', 'Falda', 'Guante', 'Jumper', 'Malla', 'Mascada', 'Moþo', 'Pantalµn', 'Pants 2pz', 'Pants 3pz', 'Pants Suelto', 'Playera', 'SuÕter']
2025-07-19 12:16:26 - src.core.utils.logging_config - StoreID:N/A - DEBUG - Obtenidos 24 valores ºnicos para atributo en 0.004s
2025-07-19 12:16:26 - src.core.utils.logging_config - StoreID:N/A - DEBUG - Valores para atributo: ['Algodµn', 'Botones', 'Chazarilla', 'Conalep', 'Conjunto', 'Cuatro tablas', 'Cuello Olan', 'Cuello V', 'Cuello olan', 'Deportiva', 'Deportivo', 'Escolar', 'Escolta', 'Gabardina', 'Infantil', 'Liso', 'Manga Corta', 'Manga Larga', 'Oferta', 'Polo', 'Punto', 'Tableada', 'Tortuga', 'Vestir']
2025-07-19 12:16:26 - src.core.utils.logging_config - StoreID:N/A - DEBUG - Obtenidos 47 valores ºnicos para escuela en 0.000s
2025-07-19 12:16:26 - src.core.utils.logging_config - StoreID:N/A - DEBUG - Valores para escuela: ['16 de Septiembre', 'Albino GarcÚa Ramos', 'Benito JuÃrez', 'Bicentenario', 'Blanca Verµnica Soto MartÚnez PrÚncipes', 'CBTIS 148', 'CECYTE', 'Club Rotario', 'Colegio Motolinea', 'Conalep', 'Emiliano Zapata', 'Erasmo Castellano', 'EsTv 154', 'Francisco GonzÃlez Bocanegra', 'Francisco Villa', 'Frida Kahlo', 'Guillermo Prieto', 'Himno Nacional', 'Ignacio Allende', 'Ignacio Ramirez Lopez', 'Ignacio Zaragoza', 'J. Guadalupe Victoria', 'Jean Piaget', 'Jorge Cantor', 'Josefa Ortiz de DomÚnguez', 'JosÕ MarÚa Morelos', 'JosÕ MarÚa Morelos y Pavµn', 'Justo Sierra', 'Manuel GutiÕrrez NÃjera', 'Margarita Paz Paredes', 'Miguel Campuzano', 'Miguel Hidalgo', 'Narciso Mendoza', 'Niþos HÕroes', 'Omecalli', 'Paolo Fraire', 'Patria', 'PrÃxedis Guerrero', 'Rafael RamÚrez', 'SABES', 'Sor Juana InÕs de la Cruz', 'Telesecundaria 454', 'Telesecundaria 512', 'TÕcnica de San Bartolo', 'UVEG', 'Vicente Guerrero', 'êlvaro Obregµn']
2025-07-19 12:16:26 - src.core.utils.logging_config - StoreID:N/A - DEBUG - Obtenidos 4 valores ºnicos para nivel_educativo en 0.002s
2025-07-19 12:16:26 - src.core.utils.logging_config - StoreID:N/A - DEBUG - Valores para nivel_educativo: ['Bachillerato', 'Preescolar', 'Primaria', 'Secundaria']
2025-07-19 12:16:26 - src.core.utils.logging_config - StoreID:N/A - DEBUG - Obtenidos 3 valores ºnicos para genero en 0.002s
2025-07-19 12:16:26 - src.core.utils.logging_config - StoreID:N/A - DEBUG - Valores para genero: ['Hombre', 'Mujer', 'Unisex']
2025-07-19 12:16:26 - src.core.utils.logging_config - StoreID:N/A - DEBUG - Obtenidos 2 valores ºnicos para marca en 0.002s
2025-07-19 12:16:26 - src.core.utils.logging_config - StoreID:N/A - DEBUG - Valores para marca: ['Claudia', 'Prowear']
2025-07-19 12:16:26 - src.core.utils.logging_config - StoreID:N/A - DEBUG - Obtenidos 41 valores ºnicos para talla en 0.004s
2025-07-19 12:16:26 - src.core.utils.logging_config - StoreID:N/A - DEBUG - Valores para talla: ['2', '3', '4', '5', '6', '7', '8', '9', '10', '11', '12', '13', '14', '16', '18', '20', '28', '30', '32', '34', '36', '38', '40', '42', '44', '46', 'CH', 'MD', 'GD', 'EXG', 'Uni', 'ESP', '0-0', '0-2', '3-5', '6-8', '9-12', '13-18', 'CH-MD', 'GD-EXG', 'Dama']
2025-07-19 12:16:26 - src.core.utils.logging_config - StoreID:N/A - INFO - Comboboxes inicializados correctamente
2025-07-19 12:16:26 - src.core.utils.logging_config - StoreID:N/A - DEBUG - Label de filtros actualizado: Sin filtros activos
2025-07-19 12:16:26 - src.core.utils.logging_config - StoreID:N/A - DEBUG - Lock interface called with lock=True, tree exists=1
2025-07-19 12:16:26 - src.core.utils.logging_config - StoreID:N/A - DEBUG - Cargando productos para pÃgina 1, batch_size=30
2025-07-19 12:16:26 - src.core.utils.logging_config - StoreID:N/A - DEBUG - Actualizando paginaciµn: total_items=3570, current_page=0, total_pages=119
2025-07-19 12:16:26 - src.core.utils.logging_config - StoreID:N/A - DEBUG - Texto de paginaciµn actualizado: PÃgina 1 de 119
2025-07-19 12:16:26 - src.core.utils.logging_config - StoreID:N/A - DEBUG - Conteo de selecciµn actualizado: 0/30
2025-07-19 12:16:26 - src.core.utils.logging_config - StoreID:N/A - INFO - Cargados 30 productos, pÃgina 1, total pÃginas: 119, tiempo: 0.190s
2025-07-19 12:16:26 - src.core.utils.logging_config - StoreID:N/A - DEBUG - Lock interface called with lock=False, tree exists=1
2025-07-19 12:16:27 - src.core.utils.logging_config - StoreID:N/A - DEBUG - Inicializando comboboxes para filtros
2025-07-19 12:16:27 - src.core.utils.logging_config - StoreID:N/A - DEBUG - Obtenidos 32 valores ºnicos para color en 0.000s
2025-07-19 12:16:27 - src.core.utils.logging_config - StoreID:N/A - DEBUG - Valores para color: ['Ad hoc', 'Amarillo', 'Azul', 'Azul Marino', 'Azul Rey', 'Azul cielo', 'Beige', 'Bicolor', 'Blanca', 'Blanco', 'CafÕ', 'Camuflaje', 'Caqui', 'Doble raya', 'Escoces', 'Gales azul', 'Gales rojo', 'Gales verde', 'Gris', 'Gris claro', 'Gris obscuro', 'Negro', 'Pata de gallo', 'Pgallo cafe', 'Raya roja', 'Rojo', 'Rosa', 'SABES', 'Verde', 'Verde limon', 'Verde olivo', 'Vino']
2025-07-19 12:16:27 - src.core.utils.logging_config - StoreID:N/A - DEBUG - Obtenidos 5 valores ºnicos para tipo_prenda en 0.000s
2025-07-19 12:16:27 - src.core.utils.logging_config - StoreID:N/A - DEBUG - Valores para tipo_prenda: ['Accesorio', 'BÃsico', 'Deportivo', 'Escolta', 'Oficial']
2025-07-19 12:16:27 - src.core.utils.logging_config - StoreID:N/A - DEBUG - Obtenidos 20 valores ºnicos para tipo_pieza en 0.000s
2025-07-19 12:16:27 - src.core.utils.logging_config - StoreID:N/A - DEBUG - Valores para tipo_pieza: ['Bata', 'Boina', 'Calceta', 'Camisa', 'Chaleco', 'Chamarra', 'Corbata', 'CorbatÚn', 'Falda', 'Guante', 'Jumper', 'Malla', 'Mascada', 'Moþo', 'Pantalµn', 'Pants 2pz', 'Pants 3pz', 'Pants Suelto', 'Playera', 'SuÕter']
2025-07-19 12:16:27 - src.core.utils.logging_config - StoreID:N/A - DEBUG - Obtenidos 24 valores ºnicos para atributo en 0.000s
2025-07-19 12:16:27 - src.core.utils.logging_config - StoreID:N/A - DEBUG - Valores para atributo: ['Algodµn', 'Botones', 'Chazarilla', 'Conalep', 'Conjunto', 'Cuatro tablas', 'Cuello Olan', 'Cuello V', 'Cuello olan', 'Deportiva', 'Deportivo', 'Escolar', 'Escolta', 'Gabardina', 'Infantil', 'Liso', 'Manga Corta', 'Manga Larga', 'Oferta', 'Polo', 'Punto', 'Tableada', 'Tortuga', 'Vestir']
2025-07-19 12:16:27 - src.core.utils.logging_config - StoreID:N/A - DEBUG - Obtenidos 47 valores ºnicos para escuela en 0.000s
2025-07-19 12:16:27 - src.core.utils.logging_config - StoreID:N/A - DEBUG - Valores para escuela: ['16 de Septiembre', 'Albino GarcÚa Ramos', 'Benito JuÃrez', 'Bicentenario', 'Blanca Verµnica Soto MartÚnez PrÚncipes', 'CBTIS 148', 'CECYTE', 'Club Rotario', 'Colegio Motolinea', 'Conalep', 'Emiliano Zapata', 'Erasmo Castellano', 'EsTv 154', 'Francisco GonzÃlez Bocanegra', 'Francisco Villa', 'Frida Kahlo', 'Guillermo Prieto', 'Himno Nacional', 'Ignacio Allende', 'Ignacio Ramirez Lopez', 'Ignacio Zaragoza', 'J. Guadalupe Victoria', 'Jean Piaget', 'Jorge Cantor', 'Josefa Ortiz de DomÚnguez', 'JosÕ MarÚa Morelos', 'JosÕ MarÚa Morelos y Pavµn', 'Justo Sierra', 'Manuel GutiÕrrez NÃjera', 'Margarita Paz Paredes', 'Miguel Campuzano', 'Miguel Hidalgo', 'Narciso Mendoza', 'Niþos HÕroes', 'Omecalli', 'Paolo Fraire', 'Patria', 'PrÃxedis Guerrero', 'Rafael RamÚrez', 'SABES', 'Sor Juana InÕs de la Cruz', 'Telesecundaria 454', 'Telesecundaria 512', 'TÕcnica de San Bartolo', 'UVEG', 'Vicente Guerrero', 'êlvaro Obregµn']
2025-07-19 12:16:27 - src.core.utils.logging_config - StoreID:N/A - DEBUG - Obtenidos 4 valores ºnicos para nivel_educativo en 0.000s
2025-07-19 12:16:27 - src.core.utils.logging_config - StoreID:N/A - DEBUG - Valores para nivel_educativo: ['Bachillerato', 'Preescolar', 'Primaria', 'Secundaria']
2025-07-19 12:16:27 - src.core.utils.logging_config - StoreID:N/A - DEBUG - Obtenidos 3 valores ºnicos para genero en 0.000s
2025-07-19 12:16:27 - src.core.utils.logging_config - StoreID:N/A - DEBUG - Valores para genero: ['Hombre', 'Mujer', 'Unisex']
2025-07-19 12:16:27 - src.core.utils.logging_config - StoreID:N/A - DEBUG - Obtenidos 2 valores ºnicos para marca en 0.000s
2025-07-19 12:16:27 - src.core.utils.logging_config - StoreID:N/A - DEBUG - Valores para marca: ['Claudia', 'Prowear']
2025-07-19 12:16:27 - src.core.utils.logging_config - StoreID:N/A - DEBUG - Obtenidos 41 valores ºnicos para talla en 0.000s
2025-07-19 12:16:27 - src.core.utils.logging_config - StoreID:N/A - DEBUG - Valores para talla: ['2', '3', '4', '5', '6', '7', '8', '9', '10', '11', '12', '13', '14', '16', '18', '20', '28', '30', '32', '34', '36', '38', '40', '42', '44', '46', 'CH', 'MD', 'GD', 'EXG', 'Uni', 'ESP', '0-0', '0-2', '3-5', '6-8', '9-12', '13-18', 'CH-MD', 'GD-EXG', 'Dama']
2025-07-19 12:16:27 - src.core.utils.logging_config - StoreID:N/A - INFO - Comboboxes inicializados correctamente
2025-07-19 12:16:27 - src.core.utils.logging_config - StoreID:N/A - DEBUG - Label de filtros actualizado: Sin filtros activos
2025-07-19 12:16:27 - src.core.utils.logging_config - StoreID:N/A - DEBUG - Lock interface called with lock=True, tree exists=1
2025-07-19 12:16:27 - src.core.utils.logging_config - StoreID:N/A - DEBUG - Cargando productos para pÃgina 1, batch_size=30
2025-07-19 12:16:27 - src.core.utils.logging_config - StoreID:N/A - DEBUG - Actualizando paginaciµn: total_items=3570, current_page=0, total_pages=119
2025-07-19 12:16:27 - src.core.utils.logging_config - StoreID:N/A - DEBUG - Texto de paginaciµn actualizado: PÃgina 1 de 119
2025-07-19 12:16:27 - src.core.utils.logging_config - StoreID:N/A - DEBUG - Conteo de selecciµn actualizado: 0/30
2025-07-19 12:16:27 - src.core.utils.logging_config - StoreID:N/A - INFO - Cargados 30 productos, pÃgina 1, total pÃginas: 119, tiempo: 0.155s
2025-07-19 12:16:27 - src.core.utils.logging_config - StoreID:N/A - DEBUG - Lock interface called with lock=False, tree exists=1
2025-07-19 12:16:28 - src.core.utils.logging_config - StoreID:N/A - DEBUG - Menº desplegable creado y mostrado
2025-07-19 12:16:29 - src.core.utils.logging_config - StoreID:N/A - DEBUG - Menº desplegable cerrado
2025-07-19 12:16:30 - src.core.utils.logging_config - StoreID:N/A - DEBUG - Menº desplegable creado y mostrado
2025-07-19 12:16:37 - src.core.utils.logging_config - StoreID:N/A - DEBUG - Menº desplegable cerrado
2025-07-19 12:16:38 - src.core.utils.logging_config - StoreID:N/A - DEBUG - Menº desplegable creado y mostrado
2025-07-19 12:16:43 - src.core.utils.logging_config - StoreID:N/A - DEBUG - Ejecutando comando con selecciones: ['SABES'], column=escuela
2025-07-19 12:16:43 - src.core.utils.logging_config - StoreID:N/A - DEBUG - Lock interface called with lock=True, tree exists=1
2025-07-19 12:16:43 - src.core.utils.logging_config - StoreID:N/A - DEBUG - Cargando productos para pÃgina 1, batch_size=30
2025-07-19 12:16:43 - src.core.utils.logging_config - StoreID:N/A - DEBUG - Actualizando paginaciµn: total_items=73, current_page=0, total_pages=3
2025-07-19 12:16:43 - src.core.utils.logging_config - StoreID:N/A - DEBUG - Texto de paginaciµn actualizado: PÃgina 1 de 3
2025-07-19 12:16:43 - src.core.utils.logging_config - StoreID:N/A - DEBUG - Conteo de selecciµn actualizado: 0/30
2025-07-19 12:16:43 - src.core.utils.logging_config - StoreID:N/A - INFO - Cargados 30 productos, pÃgina 1, total pÃginas: 3, tiempo: 0.150s
2025-07-19 12:16:43 - src.core.utils.logging_config - StoreID:N/A - DEBUG - Lock interface called with lock=False, tree exists=1
2025-07-19 12:16:43 - src.core.utils.logging_config - StoreID:N/A - DEBUG - Label de filtros actualizado: Filtros: Escuela: SABES
2025-07-19 12:16:44 - src.core.utils.logging_config - StoreID:N/A - DEBUG - Menº desplegable cerrado
2025-07-19 12:16:49 - src.core.utils.logging_config - StoreID:N/A - DEBUG - Lock interface called with lock=True, tree exists=1
2025-07-19 12:16:50 - src.core.utils.logging_config - StoreID:N/A - DEBUG - Cargando productos para pÃgina 2, batch_size=30
2025-07-19 12:16:50 - src.core.utils.logging_config - StoreID:N/A - DEBUG - Actualizando paginaciµn: total_items=73, current_page=1, total_pages=3
2025-07-19 12:16:50 - src.core.utils.logging_config - StoreID:N/A - DEBUG - Texto de paginaciµn actualizado: PÃgina 2 de 3
2025-07-19 12:16:50 - src.core.utils.logging_config - StoreID:N/A - DEBUG - Conteo de selecciµn actualizado: 0/30
2025-07-19 12:16:50 - src.core.utils.logging_config - StoreID:N/A - INFO - Cargados 30 productos, pÃgina 2, total pÃginas: 3, tiempo: 0.122s
2025-07-19 12:16:50 - src.core.utils.logging_config - StoreID:N/A - DEBUG - Lock interface called with lock=False, tree exists=1
2025-07-19 12:16:55 - src.core.utils.logging_config - StoreID:N/A - DEBUG - Conteo de selecciµn actualizado: 1/30
2025-07-19 12:16:55 - src.core.utils.logging_config - StoreID:N/A - DEBUG - Mostrando detalles para SKU: SKU003617
2025-07-19 12:16:55 - src.core.utils.logging_config - StoreID:N/A - DEBUG - Intentando cargar imagen desde: None
2025-07-19 12:16:55 - src.core.utils.logging_config - StoreID:N/A - DEBUG - Carpeta creada o existente: c:\Users\dafab\OneDrive\Documentos\Gestor\Gestor_de_Inventarios\Mis codigos\Playera Blanca Talla_Oficial_Playera\16
2025-07-19 12:16:55 - src.core.utils.logging_config - StoreID:N/A - DEBUG - QR generado en: c:\Users\dafab\OneDrive\Documentos\Gestor\Gestor_de_Inventarios\Mis codigos\Playera Blanca Talla_Oficial_Playera\16\SKU003617.png
2025-07-19 12:16:55 - src.core.utils.logging_config - StoreID:N/A - DEBUG - Etiqueta estÃndar generada y guardada en: c:\Users\dafab\OneDrive\Documentos\Gestor\Gestor_de_Inventarios\Mis codigos\Playera Blanca Talla_Oficial_Playera\16\label_SKU003617.png, qr_path actualizado: Mis codigos\Playera Blanca Talla_Oficial_Playera\16\label_SKU003617.png
2025-07-19 12:16:55 - src.core.utils.logging_config - StoreID:N/A - DEBUG - Etiqueta dividida generada y guardada en: c:\Users\dafab\OneDrive\Documentos\Gestor\Gestor_de_Inventarios\Mis codigos\Playera Blanca Talla_Oficial_Playera\16\label_split_SKU003617.png, label_split_path actualizado: Mis codigos\Playera Blanca Talla_Oficial_Playera\16\label_split_SKU003617.png
2025-07-19 12:16:55 - src.core.utils.logging_config - StoreID:N/A - DEBUG - Etiqueta cargada exitosamente: c:\Users\dafab\OneDrive\Documentos\Gestor\Gestor_de_Inventarios\Mis codigos\Playera Blanca Talla_Oficial_Playera\16\label_SKU003617.png
2025-07-19 12:16:56 - src.core.utils.logging_config - StoreID:N/A - DEBUG - Conteo de selecciµn actualizado: 1/30
2025-07-19 12:16:56 - src.core.utils.logging_config - StoreID:N/A - DEBUG - Mostrando detalles para SKU: SKU003616
2025-07-19 12:16:56 - src.core.utils.logging_config - StoreID:N/A - DEBUG - Intentando cargar imagen desde: None
2025-07-19 12:16:56 - src.core.utils.logging_config - StoreID:N/A - DEBUG - Carpeta creada o existente: c:\Users\dafab\OneDrive\Documentos\Gestor\Gestor_de_Inventarios\Mis codigos\Playera Blanca Talla_Oficial_Playera\14
2025-07-19 12:16:56 - src.core.utils.logging_config - StoreID:N/A - DEBUG - Etiqueta cargada exitosamente: c:\Users\dafab\OneDrive\Documentos\Gestor\Gestor_de_Inventarios\Mis codigos\Playera Blanca Talla_Oficial_Playera\14\label_SKU003616.png
2025-07-19 12:17:00 - src.core.utils.logging_config - StoreID:N/A - DEBUG - Conteo de selecciµn actualizado: 1/30
2025-07-19 12:17:00 - src.core.utils.logging_config - StoreID:N/A - DEBUG - Mostrando detalles para SKU: SKU003621
2025-07-19 12:17:00 - src.core.utils.logging_config - StoreID:N/A - DEBUG - Intentando cargar imagen desde: None
2025-07-19 12:17:00 - src.core.utils.logging_config - StoreID:N/A - DEBUG - Carpeta creada o existente: c:\Users\dafab\OneDrive\Documentos\Gestor\Gestor_de_Inventarios\Mis codigos\Playera Blanca Talla_Oficial_Playera\EXG
2025-07-19 12:17:00 - src.core.utils.logging_config - StoreID:N/A - DEBUG - Etiqueta cargada exitosamente: c:\Users\dafab\OneDrive\Documentos\Gestor\Gestor_de_Inventarios\Mis codigos\Playera Blanca Talla_Oficial_Playera\EXG\label_SKU003621.png
2025-07-19 12:17:02 - src.core.utils.logging_config - StoreID:N/A - DEBUG - Abriendo vista previa de impresiµn con label_path: c:\Users\dafab\OneDrive\Documentos\Gestor\Gestor_de_Inventarios\Mis codigos\Playera Blanca Talla_Oficial_Playera\EXG\label_SKU003621.png
2025-07-19 12:17:02 - src.core.utils.logging_config - StoreID:N/A - DEBUG - SKU seleccionado al abrir PrintPreviewWindow: SKU003621
2025-07-19 12:17:02 - src.core.utils.logging_config - StoreID:N/A - DEBUG - Etiqueta cargada para SKU SKU003621: c:\Users\dafab\OneDrive\Documentos\Gestor\Gestor_de_Inventarios\Mis codigos\Playera Blanca Talla_Oficial_Playera\EXG\label_SKU003621.png
2025-07-19 12:17:15 - src.core.utils.logging_config - StoreID:N/A - DEBUG - Manteniendo selecciµn para SKU: SKU003621 al cerrar PrintPreviewWindow
2025-07-19 12:17:15 - src.core.utils.logging_config - StoreID:N/A - DEBUG - Selecciµn restaurada para SKU: SKU003621 despuÕs de cerrar PrintPreviewWindow
2025-07-19 12:17:15 - src.core.utils.logging_config - StoreID:N/A - DEBUG - Conteo de selecciµn actualizado: 1/30
2025-07-19 12:17:15 - src.core.utils.logging_config - StoreID:N/A - DEBUG - Mostrando detalles para SKU: SKU003621
2025-07-19 12:17:15 - src.core.utils.logging_config - StoreID:N/A - DEBUG - Intentando cargar imagen desde: None
2025-07-19 12:17:15 - src.core.utils.logging_config - StoreID:N/A - DEBUG - Carpeta creada o existente: c:\Users\dafab\OneDrive\Documentos\Gestor\Gestor_de_Inventarios\Mis codigos\Playera Blanca Talla_Oficial_Playera\EXG
2025-07-19 12:17:15 - src.core.utils.logging_config - StoreID:N/A - DEBUG - Etiqueta cargada exitosamente: c:\Users\dafab\OneDrive\Documentos\Gestor\Gestor_de_Inventarios\Mis codigos\Playera Blanca Talla_Oficial_Playera\EXG\label_SKU003621.png
2025-07-19 12:17:15 - src.core.utils.logging_config - StoreID:N/A - DEBUG - Conteo de selecciµn actualizado: 1/30
2025-07-19 12:17:15 - src.core.utils.logging_config - StoreID:N/A - DEBUG - Mostrando detalles para SKU: SKU003621
2025-07-19 12:17:15 - src.core.utils.logging_config - StoreID:N/A - DEBUG - Intentando cargar imagen desde: None
2025-07-19 12:17:15 - src.core.utils.logging_config - StoreID:N/A - DEBUG - Carpeta creada o existente: c:\Users\dafab\OneDrive\Documentos\Gestor\Gestor_de_Inventarios\Mis codigos\Playera Blanca Talla_Oficial_Playera\EXG
2025-07-19 12:17:15 - src.core.utils.logging_config - StoreID:N/A - DEBUG - Etiqueta cargada exitosamente: c:\Users\dafab\OneDrive\Documentos\Gestor\Gestor_de_Inventarios\Mis codigos\Playera Blanca Talla_Oficial_Playera\EXG\label_SKU003621.png
2025-07-19 12:17:15 - src.core.utils.logging_config - StoreID:N/A - DEBUG - Conteo de selecciµn actualizado: 1/30
2025-07-19 12:17:15 - src.core.utils.logging_config - StoreID:N/A - DEBUG - Mostrando detalles para SKU: SKU003621
2025-07-19 12:17:15 - src.core.utils.logging_config - StoreID:N/A - DEBUG - Intentando cargar imagen desde: None
2025-07-19 12:17:15 - src.core.utils.logging_config - StoreID:N/A - DEBUG - Carpeta creada o existente: c:\Users\dafab\OneDrive\Documentos\Gestor\Gestor_de_Inventarios\Mis codigos\Playera Blanca Talla_Oficial_Playera\EXG
2025-07-19 12:17:15 - src.core.utils.logging_config - StoreID:N/A - DEBUG - Etiqueta cargada exitosamente: c:\Users\dafab\OneDrive\Documentos\Gestor\Gestor_de_Inventarios\Mis codigos\Playera Blanca Talla_Oficial_Playera\EXG\label_SKU003621.png
2025-07-19 12:17:15 - src.core.utils.logging_config - StoreID:N/A - DEBUG - Conteo de selecciµn actualizado: 1/30
2025-07-19 12:17:15 - src.core.utils.logging_config - StoreID:N/A - DEBUG - Mostrando detalles para SKU: SKU003621
2025-07-19 12:17:15 - src.core.utils.logging_config - StoreID:N/A - DEBUG - Intentando cargar imagen desde: None
2025-07-19 12:17:15 - src.core.utils.logging_config - StoreID:N/A - DEBUG - Carpeta creada o existente: c:\Users\dafab\OneDrive\Documentos\Gestor\Gestor_de_Inventarios\Mis codigos\Playera Blanca Talla_Oficial_Playera\EXG
2025-07-19 12:17:15 - src.core.utils.logging_config - StoreID:N/A - DEBUG - Etiqueta cargada exitosamente: c:\Users\dafab\OneDrive\Documentos\Gestor\Gestor_de_Inventarios\Mis codigos\Playera Blanca Talla_Oficial_Playera\EXG\label_SKU003621.png
2025-07-19 12:19:41 - src.core.utils.logging_config - StoreID:N/A - DEBUG - Conteo de selecciµn actualizado: 1/30
2025-07-19 12:19:41 - src.core.utils.logging_config - StoreID:N/A - DEBUG - Mostrando detalles para SKU: SKU003616
2025-07-19 12:19:41 - src.core.utils.logging_config - StoreID:N/A - DEBUG - Intentando cargar imagen desde: None
2025-07-19 12:19:41 - src.core.utils.logging_config - StoreID:N/A - DEBUG - Carpeta creada o existente: c:\Users\dafab\OneDrive\Documentos\Gestor\Gestor_de_Inventarios\Mis codigos\Playera Blanca Talla_Oficial_Playera\14
2025-07-19 12:19:41 - src.core.utils.logging_config - StoreID:N/A - DEBUG - Etiqueta cargada exitosamente: c:\Users\dafab\OneDrive\Documentos\Gestor\Gestor_de_Inventarios\Mis codigos\Playera Blanca Talla_Oficial_Playera\14\label_SKU003616.png
2025-07-19 12:19:42 - src.core.utils.logging_config - StoreID:N/A - DEBUG - Abriendo vista previa de impresiµn con label_path: c:\Users\dafab\OneDrive\Documentos\Gestor\Gestor_de_Inventarios\Mis codigos\Playera Blanca Talla_Oficial_Playera\14\label_SKU003616.png
2025-07-19 12:19:42 - src.core.utils.logging_config - StoreID:N/A - DEBUG - SKU seleccionado al abrir PrintPreviewWindow: SKU003616
2025-07-19 12:19:42 - src.core.utils.logging_config - StoreID:N/A - DEBUG - Etiqueta cargada para SKU SKU003616: c:\Users\dafab\OneDrive\Documentos\Gestor\Gestor_de_Inventarios\Mis codigos\Playera Blanca Talla_Oficial_Playera\14\label_SKU003616.png
2025-07-19 12:19:46 - src.core.utils.logging_config - StoreID:N/A - DEBUG - Conteo de selecciµn actualizado: 1/30
2025-07-19 12:19:46 - src.core.utils.logging_config - StoreID:N/A - DEBUG - Mostrando detalles para SKU: SKU003616
2025-07-19 12:19:46 - src.core.utils.logging_config - StoreID:N/A - DEBUG - Intentando cargar imagen desde: None
2025-07-19 12:19:46 - src.core.utils.logging_config - StoreID:N/A - DEBUG - Carpeta creada o existente: c:\Users\dafab\OneDrive\Documentos\Gestor\Gestor_de_Inventarios\Mis codigos\Playera Blanca Talla_Oficial_Playera\14
2025-07-19 12:19:46 - src.core.utils.logging_config - StoreID:N/A - DEBUG - Etiqueta cargada exitosamente: c:\Users\dafab\OneDrive\Documentos\Gestor\Gestor_de_Inventarios\Mis codigos\Playera Blanca Talla_Oficial_Playera\14\label_SKU003616.png
2025-07-19 12:19:46 - src.core.utils.logging_config - StoreID:N/A - DEBUG - Selecciµn del Treeview actualizada al item I06E (SKU: SKU003616, Úndice: 19)
2025-07-19 12:19:46 - src.core.utils.logging_config - StoreID:N/A - DEBUG - Conteo de selecciµn actualizado: 1/30
2025-07-19 12:19:46 - src.core.utils.logging_config - StoreID:N/A - DEBUG - Mostrando detalles para SKU: SKU003616
2025-07-19 12:19:46 - src.core.utils.logging_config - StoreID:N/A - DEBUG - Intentando cargar imagen desde: None
2025-07-19 12:19:46 - src.core.utils.logging_config - StoreID:N/A - DEBUG - Carpeta creada o existente: c:\Users\dafab\OneDrive\Documentos\Gestor\Gestor_de_Inventarios\Mis codigos\Playera Blanca Talla_Oficial_Playera\14
2025-07-19 12:19:46 - src.core.utils.logging_config - StoreID:N/A - DEBUG - Etiqueta cargada exitosamente: c:\Users\dafab\OneDrive\Documentos\Gestor\Gestor_de_Inventarios\Mis codigos\Playera Blanca Talla_Oficial_Playera\14\label_SKU003616.png
2025-07-19 12:19:46 - src.core.utils.logging_config - StoreID:N/A - DEBUG - Conteo de selecciµn actualizado: 1/30
2025-07-19 12:19:46 - src.core.utils.logging_config - StoreID:N/A - DEBUG - Mostrando detalles para SKU: SKU003616
2025-07-19 12:19:46 - src.core.utils.logging_config - StoreID:N/A - DEBUG - Intentando cargar imagen desde: None
2025-07-19 12:19:46 - src.core.utils.logging_config - StoreID:N/A - DEBUG - Carpeta creada o existente: c:\Users\dafab\OneDrive\Documentos\Gestor\Gestor_de_Inventarios\Mis codigos\Playera Blanca Talla_Oficial_Playera\14
2025-07-19 12:19:46 - src.core.utils.logging_config - StoreID:N/A - DEBUG - Etiqueta cargada exitosamente: c:\Users\dafab\OneDrive\Documentos\Gestor\Gestor_de_Inventarios\Mis codigos\Playera Blanca Talla_Oficial_Playera\14\label_SKU003616.png
2025-07-19 12:19:46 - src.core.utils.logging_config - StoreID:N/A - DEBUG - Conteo de selecciµn actualizado: 1/30
2025-07-19 12:19:46 - src.core.utils.logging_config - StoreID:N/A - DEBUG - Mostrando detalles para SKU: SKU003616
2025-07-19 12:19:46 - src.core.utils.logging_config - StoreID:N/A - DEBUG - Intentando cargar imagen desde: None
2025-07-19 12:19:46 - src.core.utils.logging_config - StoreID:N/A - DEBUG - Carpeta creada o existente: c:\Users\dafab\OneDrive\Documentos\Gestor\Gestor_de_Inventarios\Mis codigos\Playera Blanca Talla_Oficial_Playera\14
2025-07-19 12:19:46 - src.core.utils.logging_config - StoreID:N/A - DEBUG - Etiqueta cargada exitosamente: c:\Users\dafab\OneDrive\Documentos\Gestor\Gestor_de_Inventarios\Mis codigos\Playera Blanca Talla_Oficial_Playera\14\label_SKU003616.png
2025-07-19 12:19:46 - src.core.utils.logging_config - StoreID:N/A - DEBUG - Conteo de selecciµn actualizado: 1/30
2025-07-19 12:19:46 - src.core.utils.logging_config - StoreID:N/A - DEBUG - Mostrando detalles para SKU: SKU003616
2025-07-19 12:19:46 - src.core.utils.logging_config - StoreID:N/A - DEBUG - Intentando cargar imagen desde: None
2025-07-19 12:19:46 - src.core.utils.logging_config - StoreID:N/A - DEBUG - Carpeta creada o existente: c:\Users\dafab\OneDrive\Documentos\Gestor\Gestor_de_Inventarios\Mis codigos\Playera Blanca Talla_Oficial_Playera\14
2025-07-19 12:19:46 - src.core.utils.logging_config - StoreID:N/A - DEBUG - Etiqueta cargada exitosamente: c:\Users\dafab\OneDrive\Documentos\Gestor\Gestor_de_Inventarios\Mis codigos\Playera Blanca Talla_Oficial_Playera\14\label_SKU003616.png
2025-07-19 12:19:48 - src.core.utils.logging_config - StoreID:N/A - DEBUG - Etiqueta cargada para SKU SKU003617: c:\Users\dafab\OneDrive\Documentos\Gestor\Gestor_de_Inventarios\Mis codigos\Playera Blanca Talla_Oficial_Playera\16\label_SKU003617.png
2025-07-19 12:19:48 - src.core.utils.logging_config - StoreID:N/A - DEBUG - Conteo de selecciµn actualizado: 1/30
2025-07-19 12:19:48 - src.core.utils.logging_config - StoreID:N/A - DEBUG - Mostrando detalles para SKU: SKU003617
2025-07-19 12:19:48 - src.core.utils.logging_config - StoreID:N/A - DEBUG - Intentando cargar imagen desde: None
2025-07-19 12:19:48 - src.core.utils.logging_config - StoreID:N/A - DEBUG - Carpeta creada o existente: c:\Users\dafab\OneDrive\Documentos\Gestor\Gestor_de_Inventarios\Mis codigos\Playera Blanca Talla_Oficial_Playera\16
2025-07-19 12:19:48 - src.core.utils.logging_config - StoreID:N/A - DEBUG - Etiqueta cargada exitosamente: c:\Users\dafab\OneDrive\Documentos\Gestor\Gestor_de_Inventarios\Mis codigos\Playera Blanca Talla_Oficial_Playera\16\label_SKU003617.png
2025-07-19 12:19:48 - src.core.utils.logging_config - StoreID:N/A - DEBUG - Selecciµn del Treeview actualizada al item I06F (SKU: SKU003617, Úndice: 20)
2025-07-19 12:19:48 - src.core.utils.logging_config - StoreID:N/A - DEBUG - Conteo de selecciµn actualizado: 1/30
2025-07-19 12:19:48 - src.core.utils.logging_config - StoreID:N/A - DEBUG - Mostrando detalles para SKU: SKU003617
2025-07-19 12:19:48 - src.core.utils.logging_config - StoreID:N/A - DEBUG - Intentando cargar imagen desde: None
2025-07-19 12:19:48 - src.core.utils.logging_config - StoreID:N/A - DEBUG - Carpeta creada o existente: c:\Users\dafab\OneDrive\Documentos\Gestor\Gestor_de_Inventarios\Mis codigos\Playera Blanca Talla_Oficial_Playera\16
2025-07-19 12:19:48 - src.core.utils.logging_config - StoreID:N/A - DEBUG - Etiqueta cargada exitosamente: c:\Users\dafab\OneDrive\Documentos\Gestor\Gestor_de_Inventarios\Mis codigos\Playera Blanca Talla_Oficial_Playera\16\label_SKU003617.png
2025-07-19 12:19:48 - src.core.utils.logging_config - StoreID:N/A - DEBUG - Conteo de selecciµn actualizado: 1/30
2025-07-19 12:19:48 - src.core.utils.logging_config - StoreID:N/A - DEBUG - Mostrando detalles para SKU: SKU003617
2025-07-19 12:19:48 - src.core.utils.logging_config - StoreID:N/A - DEBUG - Intentando cargar imagen desde: None
2025-07-19 12:19:48 - src.core.utils.logging_config - StoreID:N/A - DEBUG - Carpeta creada o existente: c:\Users\dafab\OneDrive\Documentos\Gestor\Gestor_de_Inventarios\Mis codigos\Playera Blanca Talla_Oficial_Playera\16
2025-07-19 12:19:48 - src.core.utils.logging_config - StoreID:N/A - DEBUG - Etiqueta cargada exitosamente: c:\Users\dafab\OneDrive\Documentos\Gestor\Gestor_de_Inventarios\Mis codigos\Playera Blanca Talla_Oficial_Playera\16\label_SKU003617.png
2025-07-19 12:19:57 - src.core.utils.logging_config - StoreID:N/A - DEBUG - Conteo de selecciµn actualizado: 1/30
2025-07-19 12:19:57 - src.core.utils.logging_config - StoreID:N/A - DEBUG - Mostrando detalles para SKU: SKU003617
2025-07-19 12:19:57 - src.core.utils.logging_config - StoreID:N/A - DEBUG - Intentando cargar imagen desde: None
2025-07-19 12:19:57 - src.core.utils.logging_config - StoreID:N/A - DEBUG - Carpeta creada o existente: c:\Users\dafab\OneDrive\Documentos\Gestor\Gestor_de_Inventarios\Mis codigos\Playera Blanca Talla_Oficial_Playera\16
2025-07-19 12:19:57 - src.core.utils.logging_config - StoreID:N/A - DEBUG - Etiqueta cargada exitosamente: c:\Users\dafab\OneDrive\Documentos\Gestor\Gestor_de_Inventarios\Mis codigos\Playera Blanca Talla_Oficial_Playera\16\label_SKU003617.png
2025-07-19 12:19:57 - src.core.utils.logging_config - StoreID:N/A - DEBUG - Selecciµn del Treeview actualizada al item I06F (SKU: SKU003617, Úndice: 20)
2025-07-19 12:19:57 - src.core.utils.logging_config - StoreID:N/A - DEBUG - Conteo de selecciµn actualizado: 1/30
2025-07-19 12:19:57 - src.core.utils.logging_config - StoreID:N/A - DEBUG - Mostrando detalles para SKU: SKU003617
2025-07-19 12:19:57 - src.core.utils.logging_config - StoreID:N/A - DEBUG - Intentando cargar imagen desde: None
2025-07-19 12:19:57 - src.core.utils.logging_config - StoreID:N/A - DEBUG - Carpeta creada o existente: c:\Users\dafab\OneDrive\Documentos\Gestor\Gestor_de_Inventarios\Mis codigos\Playera Blanca Talla_Oficial_Playera\16
2025-07-19 12:19:57 - src.core.utils.logging_config - StoreID:N/A - DEBUG - Etiqueta cargada exitosamente: c:\Users\dafab\OneDrive\Documentos\Gestor\Gestor_de_Inventarios\Mis codigos\Playera Blanca Talla_Oficial_Playera\16\label_SKU003617.png
2025-07-19 12:19:57 - src.core.utils.logging_config - StoreID:N/A - DEBUG - Conteo de selecciµn actualizado: 1/30
2025-07-19 12:19:57 - src.core.utils.logging_config - StoreID:N/A - DEBUG - Mostrando detalles para SKU: SKU003617
2025-07-19 12:19:57 - src.core.utils.logging_config - StoreID:N/A - DEBUG - Intentando cargar imagen desde: None
2025-07-19 12:19:57 - src.core.utils.logging_config - StoreID:N/A - DEBUG - Carpeta creada o existente: c:\Users\dafab\OneDrive\Documentos\Gestor\Gestor_de_Inventarios\Mis codigos\Playera Blanca Talla_Oficial_Playera\16
2025-07-19 12:19:57 - src.core.utils.logging_config - StoreID:N/A - DEBUG - Etiqueta cargada exitosamente: c:\Users\dafab\OneDrive\Documentos\Gestor\Gestor_de_Inventarios\Mis codigos\Playera Blanca Talla_Oficial_Playera\16\label_SKU003617.png
2025-07-19 12:19:57 - src.core.utils.logging_config - StoreID:N/A - DEBUG - Conteo de selecciµn actualizado: 1/30
2025-07-19 12:19:57 - src.core.utils.logging_config - StoreID:N/A - DEBUG - Mostrando detalles para SKU: SKU003617
2025-07-19 12:19:57 - src.core.utils.logging_config - StoreID:N/A - DEBUG - Intentando cargar imagen desde: None
2025-07-19 12:19:57 - src.core.utils.logging_config - StoreID:N/A - DEBUG - Carpeta creada o existente: c:\Users\dafab\OneDrive\Documentos\Gestor\Gestor_de_Inventarios\Mis codigos\Playera Blanca Talla_Oficial_Playera\16
2025-07-19 12:19:57 - src.core.utils.logging_config - StoreID:N/A - DEBUG - Etiqueta cargada exitosamente: c:\Users\dafab\OneDrive\Documentos\Gestor\Gestor_de_Inventarios\Mis codigos\Playera Blanca Talla_Oficial_Playera\16\label_SKU003617.png
2025-07-19 12:19:57 - src.core.utils.logging_config - StoreID:N/A - DEBUG - Conteo de selecciµn actualizado: 1/30
2025-07-19 12:19:57 - src.core.utils.logging_config - StoreID:N/A - DEBUG - Mostrando detalles para SKU: SKU003617
2025-07-19 12:19:57 - src.core.utils.logging_config - StoreID:N/A - DEBUG - Intentando cargar imagen desde: None
2025-07-19 12:19:57 - src.core.utils.logging_config - StoreID:N/A - DEBUG - Carpeta creada o existente: c:\Users\dafab\OneDrive\Documentos\Gestor\Gestor_de_Inventarios\Mis codigos\Playera Blanca Talla_Oficial_Playera\16
2025-07-19 12:19:57 - src.core.utils.logging_config - StoreID:N/A - DEBUG - Etiqueta cargada exitosamente: c:\Users\dafab\OneDrive\Documentos\Gestor\Gestor_de_Inventarios\Mis codigos\Playera Blanca Talla_Oficial_Playera\16\label_SKU003617.png
2025-07-19 12:19:59 - src.core.utils.logging_config - StoreID:N/A - DEBUG - Etiqueta cargada para SKU SKU003618: c:\Users\dafab\OneDrive\Documentos\Gestor\Gestor_de_Inventarios\Mis codigos\Playera_Oficial_Playera\CH\SKU003618_Playera_CH_Blanca_label.png
2025-07-19 12:19:59 - src.core.utils.logging_config - StoreID:N/A - DEBUG - Conteo de selecciµn actualizado: 1/30
2025-07-19 12:19:59 - src.core.utils.logging_config - StoreID:N/A - DEBUG - Mostrando detalles para SKU: SKU003618
2025-07-19 12:19:59 - src.core.utils.logging_config - StoreID:N/A - DEBUG - Intentando cargar imagen desde: None
2025-07-19 12:19:59 - src.core.utils.logging_config - StoreID:N/A - DEBUG - Carpeta creada o existente: c:\Users\dafab\OneDrive\Documentos\Gestor\Gestor_de_Inventarios\Mis codigos\Playera Blanca Talla_Oficial_Playera\CH
2025-07-19 12:19:59 - src.core.utils.logging_config - StoreID:N/A - DEBUG - QR generado en: c:\Users\dafab\OneDrive\Documentos\Gestor\Gestor_de_Inventarios\Mis codigos\Playera Blanca Talla_Oficial_Playera\CH\SKU003618.png
2025-07-19 12:19:59 - src.core.utils.logging_config - StoreID:N/A - DEBUG - Etiqueta estÃndar generada y guardada en: c:\Users\dafab\OneDrive\Documentos\Gestor\Gestor_de_Inventarios\Mis codigos\Playera Blanca Talla_Oficial_Playera\CH\label_SKU003618.png, qr_path actualizado: Mis codigos\Playera Blanca Talla_Oficial_Playera\CH\label_SKU003618.png
2025-07-19 12:19:59 - src.core.utils.logging_config - StoreID:N/A - DEBUG - Etiqueta dividida generada y guardada en: c:\Users\dafab\OneDrive\Documentos\Gestor\Gestor_de_Inventarios\Mis codigos\Playera Blanca Talla_Oficial_Playera\CH\label_split_SKU003618.png, label_split_path actualizado: Mis codigos\Playera Blanca Talla_Oficial_Playera\CH\label_split_SKU003618.png
2025-07-19 12:19:59 - src.core.utils.logging_config - StoreID:N/A - DEBUG - Etiqueta cargada exitosamente: c:\Users\dafab\OneDrive\Documentos\Gestor\Gestor_de_Inventarios\Mis codigos\Playera Blanca Talla_Oficial_Playera\CH\label_SKU003618.png
2025-07-19 12:19:59 - src.core.utils.logging_config - StoreID:N/A - DEBUG - Selecciµn del Treeview actualizada al item I070 (SKU: SKU003618, Úndice: 21)
2025-07-19 12:19:59 - src.core.utils.logging_config - StoreID:N/A - DEBUG - Conteo de selecciµn actualizado: 1/30
2025-07-19 12:19:59 - src.core.utils.logging_config - StoreID:N/A - DEBUG - Mostrando detalles para SKU: SKU003618
2025-07-19 12:19:59 - src.core.utils.logging_config - StoreID:N/A - DEBUG - Intentando cargar imagen desde: None
2025-07-19 12:19:59 - src.core.utils.logging_config - StoreID:N/A - DEBUG - Carpeta creada o existente: c:\Users\dafab\OneDrive\Documentos\Gestor\Gestor_de_Inventarios\Mis codigos\Playera Blanca Talla_Oficial_Playera\CH
2025-07-19 12:19:59 - src.core.utils.logging_config - StoreID:N/A - DEBUG - Etiqueta cargada exitosamente: c:\Users\dafab\OneDrive\Documentos\Gestor\Gestor_de_Inventarios\Mis codigos\Playera Blanca Talla_Oficial_Playera\CH\label_SKU003618.png
2025-07-19 12:19:59 - src.core.utils.logging_config - StoreID:N/A - DEBUG - Conteo de selecciµn actualizado: 1/30
2025-07-19 12:19:59 - src.core.utils.logging_config - StoreID:N/A - DEBUG - Mostrando detalles para SKU: SKU003618
2025-07-19 12:19:59 - src.core.utils.logging_config - StoreID:N/A - DEBUG - Intentando cargar imagen desde: None
2025-07-19 12:19:59 - src.core.utils.logging_config - StoreID:N/A - DEBUG - Carpeta creada o existente: c:\Users\dafab\OneDrive\Documentos\Gestor\Gestor_de_Inventarios\Mis codigos\Playera Blanca Talla_Oficial_Playera\CH
2025-07-19 12:19:59 - src.core.utils.logging_config - StoreID:N/A - DEBUG - Etiqueta cargada exitosamente: c:\Users\dafab\OneDrive\Documentos\Gestor\Gestor_de_Inventarios\Mis codigos\Playera Blanca Talla_Oficial_Playera\CH\label_SKU003618.png
2025-07-19 12:20:33 - src.core.utils.logging_config - StoreID:N/A - DEBUG - Conteo de selecciµn actualizado: 1/30
2025-07-19 12:20:33 - src.core.utils.logging_config - StoreID:N/A - DEBUG - Mostrando detalles para SKU: SKU003618
2025-07-19 12:20:33 - src.core.utils.logging_config - StoreID:N/A - DEBUG - Intentando cargar imagen desde: None
2025-07-19 12:20:33 - src.core.utils.logging_config - StoreID:N/A - DEBUG - Carpeta creada o existente: c:\Users\dafab\OneDrive\Documentos\Gestor\Gestor_de_Inventarios\Mis codigos\Playera Blanca Talla_Oficial_Playera\CH
2025-07-19 12:20:33 - src.core.utils.logging_config - StoreID:N/A - DEBUG - Etiqueta cargada exitosamente: c:\Users\dafab\OneDrive\Documentos\Gestor\Gestor_de_Inventarios\Mis codigos\Playera Blanca Talla_Oficial_Playera\CH\label_SKU003618.png
2025-07-19 12:20:33 - src.core.utils.logging_config - StoreID:N/A - DEBUG - Selecciµn del Treeview actualizada al item I070 (SKU: SKU003618, Úndice: 21)
2025-07-19 12:20:33 - src.core.utils.logging_config - StoreID:N/A - DEBUG - Conteo de selecciµn actualizado: 1/30
2025-07-19 12:20:33 - src.core.utils.logging_config - StoreID:N/A - DEBUG - Mostrando detalles para SKU: SKU003618
2025-07-19 12:20:33 - src.core.utils.logging_config - StoreID:N/A - DEBUG - Intentando cargar imagen desde: None
2025-07-19 12:20:33 - src.core.utils.logging_config - StoreID:N/A - DEBUG - Carpeta creada o existente: c:\Users\dafab\OneDrive\Documentos\Gestor\Gestor_de_Inventarios\Mis codigos\Playera Blanca Talla_Oficial_Playera\CH
2025-07-19 12:20:33 - src.core.utils.logging_config - StoreID:N/A - DEBUG - Etiqueta cargada exitosamente: c:\Users\dafab\OneDrive\Documentos\Gestor\Gestor_de_Inventarios\Mis codigos\Playera Blanca Talla_Oficial_Playera\CH\label_SKU003618.png
2025-07-19 12:20:33 - src.core.utils.logging_config - StoreID:N/A - DEBUG - Conteo de selecciµn actualizado: 1/30
2025-07-19 12:20:33 - src.core.utils.logging_config - StoreID:N/A - DEBUG - Mostrando detalles para SKU: SKU003618
2025-07-19 12:20:33 - src.core.utils.logging_config - StoreID:N/A - DEBUG - Intentando cargar imagen desde: None
2025-07-19 12:20:33 - src.core.utils.logging_config - StoreID:N/A - DEBUG - Carpeta creada o existente: c:\Users\dafab\OneDrive\Documentos\Gestor\Gestor_de_Inventarios\Mis codigos\Playera Blanca Talla_Oficial_Playera\CH
2025-07-19 12:20:33 - src.core.utils.logging_config - StoreID:N/A - DEBUG - Etiqueta cargada exitosamente: c:\Users\dafab\OneDrive\Documentos\Gestor\Gestor_de_Inventarios\Mis codigos\Playera Blanca Talla_Oficial_Playera\CH\label_SKU003618.png
2025-07-19 12:20:33 - src.core.utils.logging_config - StoreID:N/A - DEBUG - Conteo de selecciµn actualizado: 1/30
2025-07-19 12:20:33 - src.core.utils.logging_config - StoreID:N/A - DEBUG - Mostrando detalles para SKU: SKU003618
2025-07-19 12:20:33 - src.core.utils.logging_config - StoreID:N/A - DEBUG - Intentando cargar imagen desde: None
2025-07-19 12:20:33 - src.core.utils.logging_config - StoreID:N/A - DEBUG - Carpeta creada o existente: c:\Users\dafab\OneDrive\Documentos\Gestor\Gestor_de_Inventarios\Mis codigos\Playera Blanca Talla_Oficial_Playera\CH
2025-07-19 12:20:33 - src.core.utils.logging_config - StoreID:N/A - DEBUG - Etiqueta cargada exitosamente: c:\Users\dafab\OneDrive\Documentos\Gestor\Gestor_de_Inventarios\Mis codigos\Playera Blanca Talla_Oficial_Playera\CH\label_SKU003618.png
2025-07-19 12:20:33 - src.core.utils.logging_config - StoreID:N/A - DEBUG - Conteo de selecciµn actualizado: 1/30
2025-07-19 12:20:33 - src.core.utils.logging_config - StoreID:N/A - DEBUG - Mostrando detalles para SKU: SKU003618
2025-07-19 12:20:33 - src.core.utils.logging_config - StoreID:N/A - DEBUG - Intentando cargar imagen desde: None
2025-07-19 12:20:33 - src.core.utils.logging_config - StoreID:N/A - DEBUG - Carpeta creada o existente: c:\Users\dafab\OneDrive\Documentos\Gestor\Gestor_de_Inventarios\Mis codigos\Playera Blanca Talla_Oficial_Playera\CH
2025-07-19 12:20:33 - src.core.utils.logging_config - StoreID:N/A - DEBUG - Etiqueta cargada exitosamente: c:\Users\dafab\OneDrive\Documentos\Gestor\Gestor_de_Inventarios\Mis codigos\Playera Blanca Talla_Oficial_Playera\CH\label_SKU003618.png
2025-07-19 12:20:36 - src.core.utils.logging_config - StoreID:N/A - DEBUG - Etiqueta cargada para SKU SKU003619: c:\Users\dafab\OneDrive\Documentos\Gestor\Gestor_de_Inventarios\Mis codigos\Playera_Oficial_Playera\MD\SKU003619_Playera_MD_Blanca_label.png
2025-07-19 12:20:36 - src.core.utils.logging_config - StoreID:N/A - DEBUG - Conteo de selecciµn actualizado: 1/30
2025-07-19 12:20:36 - src.core.utils.logging_config - StoreID:N/A - DEBUG - Mostrando detalles para SKU: SKU003619
2025-07-19 12:20:36 - src.core.utils.logging_config - StoreID:N/A - DEBUG - Intentando cargar imagen desde: None
2025-07-19 12:20:36 - src.core.utils.logging_config - StoreID:N/A - DEBUG - Carpeta creada o existente: c:\Users\dafab\OneDrive\Documentos\Gestor\Gestor_de_Inventarios\Mis codigos\Playera Blanca Talla_Oficial_Playera\MD
2025-07-19 12:20:36 - src.core.utils.logging_config - StoreID:N/A - DEBUG - QR generado en: c:\Users\dafab\OneDrive\Documentos\Gestor\Gestor_de_Inventarios\Mis codigos\Playera Blanca Talla_Oficial_Playera\MD\SKU003619.png
2025-07-19 12:20:36 - src.core.utils.logging_config - StoreID:N/A - DEBUG - Etiqueta estÃndar generada y guardada en: c:\Users\dafab\OneDrive\Documentos\Gestor\Gestor_de_Inventarios\Mis codigos\Playera Blanca Talla_Oficial_Playera\MD\label_SKU003619.png, qr_path actualizado: Mis codigos\Playera Blanca Talla_Oficial_Playera\MD\label_SKU003619.png
2025-07-19 12:20:36 - src.core.utils.logging_config - StoreID:N/A - DEBUG - Etiqueta dividida generada y guardada en: c:\Users\dafab\OneDrive\Documentos\Gestor\Gestor_de_Inventarios\Mis codigos\Playera Blanca Talla_Oficial_Playera\MD\label_split_SKU003619.png, label_split_path actualizado: Mis codigos\Playera Blanca Talla_Oficial_Playera\MD\label_split_SKU003619.png
2025-07-19 12:20:36 - src.core.utils.logging_config - StoreID:N/A - DEBUG - Etiqueta cargada exitosamente: c:\Users\dafab\OneDrive\Documentos\Gestor\Gestor_de_Inventarios\Mis codigos\Playera Blanca Talla_Oficial_Playera\MD\label_SKU003619.png
2025-07-19 12:20:36 - src.core.utils.logging_config - StoreID:N/A - DEBUG - Selecciµn del Treeview actualizada al item I071 (SKU: SKU003619, Úndice: 22)
2025-07-19 12:20:36 - src.core.utils.logging_config - StoreID:N/A - DEBUG - Conteo de selecciµn actualizado: 1/30
2025-07-19 12:20:36 - src.core.utils.logging_config - StoreID:N/A - DEBUG - Mostrando detalles para SKU: SKU003619
2025-07-19 12:20:36 - src.core.utils.logging_config - StoreID:N/A - DEBUG - Intentando cargar imagen desde: None
2025-07-19 12:20:36 - src.core.utils.logging_config - StoreID:N/A - DEBUG - Carpeta creada o existente: c:\Users\dafab\OneDrive\Documentos\Gestor\Gestor_de_Inventarios\Mis codigos\Playera Blanca Talla_Oficial_Playera\MD
2025-07-19 12:20:36 - src.core.utils.logging_config - StoreID:N/A - DEBUG - Etiqueta cargada exitosamente: c:\Users\dafab\OneDrive\Documentos\Gestor\Gestor_de_Inventarios\Mis codigos\Playera Blanca Talla_Oficial_Playera\MD\label_SKU003619.png
2025-07-19 12:20:36 - src.core.utils.logging_config - StoreID:N/A - DEBUG - Conteo de selecciµn actualizado: 1/30
2025-07-19 12:20:36 - src.core.utils.logging_config - StoreID:N/A - DEBUG - Mostrando detalles para SKU: SKU003619
2025-07-19 12:20:36 - src.core.utils.logging_config - StoreID:N/A - DEBUG - Intentando cargar imagen desde: None
2025-07-19 12:20:36 - src.core.utils.logging_config - StoreID:N/A - DEBUG - Carpeta creada o existente: c:\Users\dafab\OneDrive\Documentos\Gestor\Gestor_de_Inventarios\Mis codigos\Playera Blanca Talla_Oficial_Playera\MD
2025-07-19 12:20:36 - src.core.utils.logging_config - StoreID:N/A - DEBUG - Etiqueta cargada exitosamente: c:\Users\dafab\OneDrive\Documentos\Gestor\Gestor_de_Inventarios\Mis codigos\Playera Blanca Talla_Oficial_Playera\MD\label_SKU003619.png
2025-07-19 12:20:42 - src.core.utils.logging_config - StoreID:N/A - DEBUG - Conteo de selecciµn actualizado: 1/30
2025-07-19 12:20:42 - src.core.utils.logging_config - StoreID:N/A - DEBUG - Mostrando detalles para SKU: SKU003619
2025-07-19 12:20:42 - src.core.utils.logging_config - StoreID:N/A - DEBUG - Intentando cargar imagen desde: None
2025-07-19 12:20:42 - src.core.utils.logging_config - StoreID:N/A - DEBUG - Carpeta creada o existente: c:\Users\dafab\OneDrive\Documentos\Gestor\Gestor_de_Inventarios\Mis codigos\Playera Blanca Talla_Oficial_Playera\MD
2025-07-19 12:20:42 - src.core.utils.logging_config - StoreID:N/A - DEBUG - Etiqueta cargada exitosamente: c:\Users\dafab\OneDrive\Documentos\Gestor\Gestor_de_Inventarios\Mis codigos\Playera Blanca Talla_Oficial_Playera\MD\label_SKU003619.png
2025-07-19 12:20:42 - src.core.utils.logging_config - StoreID:N/A - DEBUG - Selecciµn del Treeview actualizada al item I071 (SKU: SKU003619, Úndice: 22)
2025-07-19 12:20:42 - src.core.utils.logging_config - StoreID:N/A - DEBUG - Conteo de selecciµn actualizado: 1/30
2025-07-19 12:20:42 - src.core.utils.logging_config - StoreID:N/A - DEBUG - Mostrando detalles para SKU: SKU003619
2025-07-19 12:20:42 - src.core.utils.logging_config - StoreID:N/A - DEBUG - Intentando cargar imagen desde: None
2025-07-19 12:20:42 - src.core.utils.logging_config - StoreID:N/A - DEBUG - Carpeta creada o existente: c:\Users\dafab\OneDrive\Documentos\Gestor\Gestor_de_Inventarios\Mis codigos\Playera Blanca Talla_Oficial_Playera\MD
2025-07-19 12:20:42 - src.core.utils.logging_config - StoreID:N/A - DEBUG - Etiqueta cargada exitosamente: c:\Users\dafab\OneDrive\Documentos\Gestor\Gestor_de_Inventarios\Mis codigos\Playera Blanca Talla_Oficial_Playera\MD\label_SKU003619.png
2025-07-19 12:20:42 - src.core.utils.logging_config - StoreID:N/A - DEBUG - Conteo de selecciµn actualizado: 1/30
2025-07-19 12:20:42 - src.core.utils.logging_config - StoreID:N/A - DEBUG - Mostrando detalles para SKU: SKU003619
2025-07-19 12:20:42 - src.core.utils.logging_config - StoreID:N/A - DEBUG - Intentando cargar imagen desde: None
2025-07-19 12:20:42 - src.core.utils.logging_config - StoreID:N/A - DEBUG - Carpeta creada o existente: c:\Users\dafab\OneDrive\Documentos\Gestor\Gestor_de_Inventarios\Mis codigos\Playera Blanca Talla_Oficial_Playera\MD
2025-07-19 12:20:42 - src.core.utils.logging_config - StoreID:N/A - DEBUG - Etiqueta cargada exitosamente: c:\Users\dafab\OneDrive\Documentos\Gestor\Gestor_de_Inventarios\Mis codigos\Playera Blanca Talla_Oficial_Playera\MD\label_SKU003619.png
2025-07-19 12:20:42 - src.core.utils.logging_config - StoreID:N/A - DEBUG - Conteo de selecciµn actualizado: 1/30
2025-07-19 12:20:42 - src.core.utils.logging_config - StoreID:N/A - DEBUG - Mostrando detalles para SKU: SKU003619
2025-07-19 12:20:42 - src.core.utils.logging_config - StoreID:N/A - DEBUG - Intentando cargar imagen desde: None
2025-07-19 12:20:42 - src.core.utils.logging_config - StoreID:N/A - DEBUG - Carpeta creada o existente: c:\Users\dafab\OneDrive\Documentos\Gestor\Gestor_de_Inventarios\Mis codigos\Playera Blanca Talla_Oficial_Playera\MD
2025-07-19 12:20:43 - src.core.utils.logging_config - StoreID:N/A - DEBUG - Etiqueta cargada exitosamente: c:\Users\dafab\OneDrive\Documentos\Gestor\Gestor_de_Inventarios\Mis codigos\Playera Blanca Talla_Oficial_Playera\MD\label_SKU003619.png
2025-07-19 12:20:43 - src.core.utils.logging_config - StoreID:N/A - DEBUG - Conteo de selecciµn actualizado: 1/30
2025-07-19 12:20:43 - src.core.utils.logging_config - StoreID:N/A - DEBUG - Mostrando detalles para SKU: SKU003619
2025-07-19 12:20:43 - src.core.utils.logging_config - StoreID:N/A - DEBUG - Intentando cargar imagen desde: None
2025-07-19 12:20:43 - src.core.utils.logging_config - StoreID:N/A - DEBUG - Carpeta creada o existente: c:\Users\dafab\OneDrive\Documentos\Gestor\Gestor_de_Inventarios\Mis codigos\Playera Blanca Talla_Oficial_Playera\MD
2025-07-19 12:20:43 - src.core.utils.logging_config - StoreID:N/A - DEBUG - Etiqueta cargada exitosamente: c:\Users\dafab\OneDrive\Documentos\Gestor\Gestor_de_Inventarios\Mis codigos\Playera Blanca Talla_Oficial_Playera\MD\label_SKU003619.png
2025-07-19 12:20:46 - src.core.utils.logging_config - StoreID:N/A - DEBUG - Etiqueta cargada para SKU SKU003620: c:\Users\dafab\OneDrive\Documentos\Gestor\Gestor_de_Inventarios\Mis codigos\Playera Blanca Talla_Oficial_Playera\GD\label_SKU003620.png
2025-07-19 12:20:46 - src.core.utils.logging_config - StoreID:N/A - DEBUG - Conteo de selecciµn actualizado: 1/30
2025-07-19 12:20:46 - src.core.utils.logging_config - StoreID:N/A - DEBUG - Mostrando detalles para SKU: SKU003620
2025-07-19 12:20:46 - src.core.utils.logging_config - StoreID:N/A - DEBUG - Intentando cargar imagen desde: None
2025-07-19 12:20:46 - src.core.utils.logging_config - StoreID:N/A - DEBUG - Carpeta creada o existente: c:\Users\dafab\OneDrive\Documentos\Gestor\Gestor_de_Inventarios\Mis codigos\Playera Blanca Talla_Oficial_Playera\GD
2025-07-19 12:20:46 - src.core.utils.logging_config - StoreID:N/A - DEBUG - Etiqueta cargada exitosamente: c:\Users\dafab\OneDrive\Documentos\Gestor\Gestor_de_Inventarios\Mis codigos\Playera Blanca Talla_Oficial_Playera\GD\label_SKU003620.png
2025-07-19 12:20:46 - src.core.utils.logging_config - StoreID:N/A - DEBUG - Selecciµn del Treeview actualizada al item I072 (SKU: SKU003620, Úndice: 23)
2025-07-19 12:20:46 - src.core.utils.logging_config - StoreID:N/A - DEBUG - Conteo de selecciµn actualizado: 1/30
2025-07-19 12:20:46 - src.core.utils.logging_config - StoreID:N/A - DEBUG - Mostrando detalles para SKU: SKU003620
2025-07-19 12:20:46 - src.core.utils.logging_config - StoreID:N/A - DEBUG - Intentando cargar imagen desde: None
2025-07-19 12:20:46 - src.core.utils.logging_config - StoreID:N/A - DEBUG - Carpeta creada o existente: c:\Users\dafab\OneDrive\Documentos\Gestor\Gestor_de_Inventarios\Mis codigos\Playera Blanca Talla_Oficial_Playera\GD
2025-07-19 12:20:46 - src.core.utils.logging_config - StoreID:N/A - DEBUG - Etiqueta cargada exitosamente: c:\Users\dafab\OneDrive\Documentos\Gestor\Gestor_de_Inventarios\Mis codigos\Playera Blanca Talla_Oficial_Playera\GD\label_SKU003620.png
2025-07-19 12:20:46 - src.core.utils.logging_config - StoreID:N/A - DEBUG - Conteo de selecciµn actualizado: 1/30
2025-07-19 12:20:46 - src.core.utils.logging_config - StoreID:N/A - DEBUG - Mostrando detalles para SKU: SKU003620
2025-07-19 12:20:46 - src.core.utils.logging_config - StoreID:N/A - DEBUG - Intentando cargar imagen desde: None
2025-07-19 12:20:46 - src.core.utils.logging_config - StoreID:N/A - DEBUG - Carpeta creada o existente: c:\Users\dafab\OneDrive\Documentos\Gestor\Gestor_de_Inventarios\Mis codigos\Playera Blanca Talla_Oficial_Playera\GD
2025-07-19 12:20:46 - src.core.utils.logging_config - StoreID:N/A - DEBUG - Etiqueta cargada exitosamente: c:\Users\dafab\OneDrive\Documentos\Gestor\Gestor_de_Inventarios\Mis codigos\Playera Blanca Talla_Oficial_Playera\GD\label_SKU003620.png
2025-07-19 12:20:52 - src.core.utils.logging_config - StoreID:N/A - DEBUG - Conteo de selecciµn actualizado: 1/30
2025-07-19 12:20:52 - src.core.utils.logging_config - StoreID:N/A - DEBUG - Mostrando detalles para SKU: SKU003620
2025-07-19 12:20:52 - src.core.utils.logging_config - StoreID:N/A - DEBUG - Intentando cargar imagen desde: None
2025-07-19 12:20:52 - src.core.utils.logging_config - StoreID:N/A - DEBUG - Carpeta creada o existente: c:\Users\dafab\OneDrive\Documentos\Gestor\Gestor_de_Inventarios\Mis codigos\Playera Blanca Talla_Oficial_Playera\GD
2025-07-19 12:20:52 - src.core.utils.logging_config - StoreID:N/A - DEBUG - Etiqueta cargada exitosamente: c:\Users\dafab\OneDrive\Documentos\Gestor\Gestor_de_Inventarios\Mis codigos\Playera Blanca Talla_Oficial_Playera\GD\label_SKU003620.png
2025-07-19 12:20:52 - src.core.utils.logging_config - StoreID:N/A - DEBUG - Selecciµn del Treeview actualizada al item I072 (SKU: SKU003620, Úndice: 23)
2025-07-19 12:20:52 - src.core.utils.logging_config - StoreID:N/A - DEBUG - Conteo de selecciµn actualizado: 1/30
2025-07-19 12:20:52 - src.core.utils.logging_config - StoreID:N/A - DEBUG - Mostrando detalles para SKU: SKU003620
2025-07-19 12:20:52 - src.core.utils.logging_config - StoreID:N/A - DEBUG - Intentando cargar imagen desde: None
2025-07-19 12:20:52 - src.core.utils.logging_config - StoreID:N/A - DEBUG - Carpeta creada o existente: c:\Users\dafab\OneDrive\Documentos\Gestor\Gestor_de_Inventarios\Mis codigos\Playera Blanca Talla_Oficial_Playera\GD
2025-07-19 12:20:52 - src.core.utils.logging_config - StoreID:N/A - DEBUG - Etiqueta cargada exitosamente: c:\Users\dafab\OneDrive\Documentos\Gestor\Gestor_de_Inventarios\Mis codigos\Playera Blanca Talla_Oficial_Playera\GD\label_SKU003620.png
2025-07-19 12:20:52 - src.core.utils.logging_config - StoreID:N/A - DEBUG - Conteo de selecciµn actualizado: 1/30
2025-07-19 12:20:52 - src.core.utils.logging_config - StoreID:N/A - DEBUG - Mostrando detalles para SKU: SKU003620
2025-07-19 12:20:52 - src.core.utils.logging_config - StoreID:N/A - DEBUG - Intentando cargar imagen desde: None
2025-07-19 12:20:52 - src.core.utils.logging_config - StoreID:N/A - DEBUG - Carpeta creada o existente: c:\Users\dafab\OneDrive\Documentos\Gestor\Gestor_de_Inventarios\Mis codigos\Playera Blanca Talla_Oficial_Playera\GD
2025-07-19 12:20:52 - src.core.utils.logging_config - StoreID:N/A - DEBUG - Etiqueta cargada exitosamente: c:\Users\dafab\OneDrive\Documentos\Gestor\Gestor_de_Inventarios\Mis codigos\Playera Blanca Talla_Oficial_Playera\GD\label_SKU003620.png
2025-07-19 12:20:52 - src.core.utils.logging_config - StoreID:N/A - DEBUG - Conteo de selecciµn actualizado: 1/30
2025-07-19 12:20:52 - src.core.utils.logging_config - StoreID:N/A - DEBUG - Mostrando detalles para SKU: SKU003620
2025-07-19 12:20:52 - src.core.utils.logging_config - StoreID:N/A - DEBUG - Intentando cargar imagen desde: None
2025-07-19 12:20:52 - src.core.utils.logging_config - StoreID:N/A - DEBUG - Carpeta creada o existente: c:\Users\dafab\OneDrive\Documentos\Gestor\Gestor_de_Inventarios\Mis codigos\Playera Blanca Talla_Oficial_Playera\GD
2025-07-19 12:20:52 - src.core.utils.logging_config - StoreID:N/A - DEBUG - Etiqueta cargada exitosamente: c:\Users\dafab\OneDrive\Documentos\Gestor\Gestor_de_Inventarios\Mis codigos\Playera Blanca Talla_Oficial_Playera\GD\label_SKU003620.png
2025-07-19 12:20:52 - src.core.utils.logging_config - StoreID:N/A - DEBUG - Conteo de selecciµn actualizado: 1/30
2025-07-19 12:20:52 - src.core.utils.logging_config - StoreID:N/A - DEBUG - Mostrando detalles para SKU: SKU003620
2025-07-19 12:20:52 - src.core.utils.logging_config - StoreID:N/A - DEBUG - Intentando cargar imagen desde: None
2025-07-19 12:20:52 - src.core.utils.logging_config - StoreID:N/A - DEBUG - Carpeta creada o existente: c:\Users\dafab\OneDrive\Documentos\Gestor\Gestor_de_Inventarios\Mis codigos\Playera Blanca Talla_Oficial_Playera\GD
2025-07-19 12:20:52 - src.core.utils.logging_config - StoreID:N/A - DEBUG - Etiqueta cargada exitosamente: c:\Users\dafab\OneDrive\Documentos\Gestor\Gestor_de_Inventarios\Mis codigos\Playera Blanca Talla_Oficial_Playera\GD\label_SKU003620.png
2025-07-19 12:21:01 - src.core.utils.logging_config - StoreID:N/A - DEBUG - Etiqueta cargada para SKU SKU003621: c:\Users\dafab\OneDrive\Documentos\Gestor\Gestor_de_Inventarios\Mis codigos\Playera Blanca Talla_Oficial_Playera\EXG\label_SKU003621.png
2025-07-19 12:21:01 - src.core.utils.logging_config - StoreID:N/A - DEBUG - Conteo de selecciµn actualizado: 1/30
2025-07-19 12:21:01 - src.core.utils.logging_config - StoreID:N/A - DEBUG - Mostrando detalles para SKU: SKU003621
2025-07-19 12:21:01 - src.core.utils.logging_config - StoreID:N/A - DEBUG - Intentando cargar imagen desde: None
2025-07-19 12:21:01 - src.core.utils.logging_config - StoreID:N/A - DEBUG - Carpeta creada o existente: c:\Users\dafab\OneDrive\Documentos\Gestor\Gestor_de_Inventarios\Mis codigos\Playera Blanca Talla_Oficial_Playera\EXG
2025-07-19 12:21:01 - src.core.utils.logging_config - StoreID:N/A - DEBUG - Etiqueta cargada exitosamente: c:\Users\dafab\OneDrive\Documentos\Gestor\Gestor_de_Inventarios\Mis codigos\Playera Blanca Talla_Oficial_Playera\EXG\label_SKU003621.png
2025-07-19 12:21:01 - src.core.utils.logging_config - StoreID:N/A - DEBUG - Selecciµn del Treeview actualizada al item I073 (SKU: SKU003621, Úndice: 24)
2025-07-19 12:21:01 - src.core.utils.logging_config - StoreID:N/A - DEBUG - Conteo de selecciµn actualizado: 1/30
2025-07-19 12:21:01 - src.core.utils.logging_config - StoreID:N/A - DEBUG - Mostrando detalles para SKU: SKU003621
2025-07-19 12:21:01 - src.core.utils.logging_config - StoreID:N/A - DEBUG - Intentando cargar imagen desde: None
2025-07-19 12:21:01 - src.core.utils.logging_config - StoreID:N/A - DEBUG - Carpeta creada o existente: c:\Users\dafab\OneDrive\Documentos\Gestor\Gestor_de_Inventarios\Mis codigos\Playera Blanca Talla_Oficial_Playera\EXG
2025-07-19 12:21:01 - src.core.utils.logging_config - StoreID:N/A - DEBUG - Etiqueta cargada exitosamente: c:\Users\dafab\OneDrive\Documentos\Gestor\Gestor_de_Inventarios\Mis codigos\Playera Blanca Talla_Oficial_Playera\EXG\label_SKU003621.png
2025-07-19 12:21:01 - src.core.utils.logging_config - StoreID:N/A - DEBUG - Conteo de selecciµn actualizado: 1/30
2025-07-19 12:21:01 - src.core.utils.logging_config - StoreID:N/A - DEBUG - Mostrando detalles para SKU: SKU003621
2025-07-19 12:21:01 - src.core.utils.logging_config - StoreID:N/A - DEBUG - Intentando cargar imagen desde: None
2025-07-19 12:21:01 - src.core.utils.logging_config - StoreID:N/A - DEBUG - Carpeta creada o existente: c:\Users\dafab\OneDrive\Documentos\Gestor\Gestor_de_Inventarios\Mis codigos\Playera Blanca Talla_Oficial_Playera\EXG
2025-07-19 12:21:01 - src.core.utils.logging_config - StoreID:N/A - DEBUG - Etiqueta cargada exitosamente: c:\Users\dafab\OneDrive\Documentos\Gestor\Gestor_de_Inventarios\Mis codigos\Playera Blanca Talla_Oficial_Playera\EXG\label_SKU003621.png
2025-07-19 12:21:18 - src.core.utils.logging_config - StoreID:N/A - DEBUG - Conteo de selecciµn actualizado: 1/30
2025-07-19 12:21:18 - src.core.utils.logging_config - StoreID:N/A - DEBUG - Mostrando detalles para SKU: SKU003621
2025-07-19 12:21:18 - src.core.utils.logging_config - StoreID:N/A - DEBUG - Intentando cargar imagen desde: None
2025-07-19 12:21:18 - src.core.utils.logging_config - StoreID:N/A - DEBUG - Carpeta creada o existente: c:\Users\dafab\OneDrive\Documentos\Gestor\Gestor_de_Inventarios\Mis codigos\Playera Blanca Talla_Oficial_Playera\EXG
2025-07-19 12:21:18 - src.core.utils.logging_config - StoreID:N/A - DEBUG - Etiqueta cargada exitosamente: c:\Users\dafab\OneDrive\Documentos\Gestor\Gestor_de_Inventarios\Mis codigos\Playera Blanca Talla_Oficial_Playera\EXG\label_SKU003621.png
2025-07-19 12:21:18 - src.core.utils.logging_config - StoreID:N/A - DEBUG - Selecciµn del Treeview actualizada al item I073 (SKU: SKU003621, Úndice: 24)
2025-07-19 12:21:18 - src.core.utils.logging_config - StoreID:N/A - DEBUG - Conteo de selecciµn actualizado: 1/30
2025-07-19 12:21:18 - src.core.utils.logging_config - StoreID:N/A - DEBUG - Mostrando detalles para SKU: SKU003621
2025-07-19 12:21:18 - src.core.utils.logging_config - StoreID:N/A - DEBUG - Intentando cargar imagen desde: None
2025-07-19 12:21:18 - src.core.utils.logging_config - StoreID:N/A - DEBUG - Carpeta creada o existente: c:\Users\dafab\OneDrive\Documentos\Gestor\Gestor_de_Inventarios\Mis codigos\Playera Blanca Talla_Oficial_Playera\EXG
2025-07-19 12:21:18 - src.core.utils.logging_config - StoreID:N/A - DEBUG - Etiqueta cargada exitosamente: c:\Users\dafab\OneDrive\Documentos\Gestor\Gestor_de_Inventarios\Mis codigos\Playera Blanca Talla_Oficial_Playera\EXG\label_SKU003621.png
2025-07-19 12:21:18 - src.core.utils.logging_config - StoreID:N/A - DEBUG - Conteo de selecciµn actualizado: 1/30
2025-07-19 12:21:18 - src.core.utils.logging_config - StoreID:N/A - DEBUG - Mostrando detalles para SKU: SKU003621
2025-07-19 12:21:18 - src.core.utils.logging_config - StoreID:N/A - DEBUG - Intentando cargar imagen desde: None
2025-07-19 12:21:18 - src.core.utils.logging_config - StoreID:N/A - DEBUG - Carpeta creada o existente: c:\Users\dafab\OneDrive\Documentos\Gestor\Gestor_de_Inventarios\Mis codigos\Playera Blanca Talla_Oficial_Playera\EXG
2025-07-19 12:21:18 - src.core.utils.logging_config - StoreID:N/A - DEBUG - Etiqueta cargada exitosamente: c:\Users\dafab\OneDrive\Documentos\Gestor\Gestor_de_Inventarios\Mis codigos\Playera Blanca Talla_Oficial_Playera\EXG\label_SKU003621.png
2025-07-19 12:21:18 - src.core.utils.logging_config - StoreID:N/A - DEBUG - Conteo de selecciµn actualizado: 1/30
2025-07-19 12:21:18 - src.core.utils.logging_config - StoreID:N/A - DEBUG - Mostrando detalles para SKU: SKU003621
2025-07-19 12:21:18 - src.core.utils.logging_config - StoreID:N/A - DEBUG - Intentando cargar imagen desde: None
2025-07-19 12:21:18 - src.core.utils.logging_config - StoreID:N/A - DEBUG - Carpeta creada o existente: c:\Users\dafab\OneDrive\Documentos\Gestor\Gestor_de_Inventarios\Mis codigos\Playera Blanca Talla_Oficial_Playera\EXG
2025-07-19 12:21:18 - src.core.utils.logging_config - StoreID:N/A - DEBUG - Etiqueta cargada exitosamente: c:\Users\dafab\OneDrive\Documentos\Gestor\Gestor_de_Inventarios\Mis codigos\Playera Blanca Talla_Oficial_Playera\EXG\label_SKU003621.png
2025-07-19 12:21:18 - src.core.utils.logging_config - StoreID:N/A - DEBUG - Conteo de selecciµn actualizado: 1/30
2025-07-19 12:21:18 - src.core.utils.logging_config - StoreID:N/A - DEBUG - Mostrando detalles para SKU: SKU003621
2025-07-19 12:21:18 - src.core.utils.logging_config - StoreID:N/A - DEBUG - Intentando cargar imagen desde: None
2025-07-19 12:21:18 - src.core.utils.logging_config - StoreID:N/A - DEBUG - Carpeta creada o existente: c:\Users\dafab\OneDrive\Documentos\Gestor\Gestor_de_Inventarios\Mis codigos\Playera Blanca Talla_Oficial_Playera\EXG
2025-07-19 12:21:18 - src.core.utils.logging_config - StoreID:N/A - DEBUG - Etiqueta cargada exitosamente: c:\Users\dafab\OneDrive\Documentos\Gestor\Gestor_de_Inventarios\Mis codigos\Playera Blanca Talla_Oficial_Playera\EXG\label_SKU003621.png
