2025-05-21 20:04:05 - src.core.utils.logging_config - StoreID:N/A - INFO - Inicializando ProductManagerLogic para tienda 1
2025-05-21 20:04:05 - src.core.utils.logging_config - StoreID:N/A - DEBUG - ProductEditForm inicializado para tienda 1
2025-05-21 20:04:05 - src.core.utils.logging_config - StoreID:N/A - INFO - Inicializando ProductManagerUI para tienda 1
2025-05-21 20:04:05 - src.core.utils.logging_config - StoreID:N/A - DEBUG - Õcono cargado: edit
2025-05-21 20:04:05 - src.core.utils.logging_config - StoreID:N/A - DEBUG - Õcono cargado: copy
2025-05-21 20:04:05 - src.core.utils.logging_config - StoreID:N/A - DEBUG - Õcono cargado: delete
2025-05-21 20:04:05 - src.core.utils.logging_config - StoreID:N/A - DEBUG - Õcono cargado: duplicate
2025-05-21 20:04:05 - src.core.utils.logging_config - StoreID:N/A - DEBUG - Õcono cargado: price
2025-05-21 20:04:05 - src.core.utils.logging_config - StoreID:N/A - DEBUG - Õcono cargado: print
2025-05-21 20:04:05 - src.core.utils.logging_config - StoreID:N/A - DEBUG - Õcono cargado: inventory
2025-05-21 20:04:05 - src.core.utils.logging_config - StoreID:N/A - DEBUG - Inicializando CheckComboBox con column=color
2025-05-21 20:04:05 - src.core.utils.logging_config - StoreID:N/A - DEBUG - CheckComboBox creado con label=Color, column=color
2025-05-21 20:04:05 - src.core.utils.logging_config - StoreID:N/A - DEBUG - Inicializando CheckComboBox con column=tipo_prenda
2025-05-21 20:04:05 - src.core.utils.logging_config - StoreID:N/A - DEBUG - CheckComboBox creado con label=Tipo Prenda, column=tipo_prenda
2025-05-21 20:04:05 - src.core.utils.logging_config - StoreID:N/A - DEBUG - Inicializando CheckComboBox con column=tipo_pieza
2025-05-21 20:04:05 - src.core.utils.logging_config - StoreID:N/A - DEBUG - CheckComboBox creado con label=Tipo Pieza, column=tipo_pieza
2025-05-21 20:04:05 - src.core.utils.logging_config - StoreID:N/A - DEBUG - Inicializando CheckComboBox con column=atributo
2025-05-21 20:04:05 - src.core.utils.logging_config - StoreID:N/A - DEBUG - CheckComboBox creado con label=Atributo, column=atributo
2025-05-21 20:04:05 - src.core.utils.logging_config - StoreID:N/A - DEBUG - Inicializando CheckComboBox con column=escuela
2025-05-21 20:04:05 - src.core.utils.logging_config - StoreID:N/A - DEBUG - CheckComboBox creado con label=Escuela, column=escuela
2025-05-21 20:04:05 - src.core.utils.logging_config - StoreID:N/A - DEBUG - Inicializando CheckComboBox con column=nivel_educativo
2025-05-21 20:04:05 - src.core.utils.logging_config - StoreID:N/A - DEBUG - CheckComboBox creado con label=Nivel Educativo, column=nivel_educativo
2025-05-21 20:04:05 - src.core.utils.logging_config - StoreID:N/A - DEBUG - Inicializando CheckComboBox con column=genero
2025-05-21 20:04:05 - src.core.utils.logging_config - StoreID:N/A - DEBUG - CheckComboBox creado con label=GÈnero, column=genero
2025-05-21 20:04:05 - src.core.utils.logging_config - StoreID:N/A - DEBUG - Inicializando CheckComboBox con column=marca
2025-05-21 20:04:05 - src.core.utils.logging_config - StoreID:N/A - DEBUG - CheckComboBox creado con label=Marca, column=marca
2025-05-21 20:04:05 - src.core.utils.logging_config - StoreID:N/A - DEBUG - Inicializando CheckComboBox con column=talla
2025-05-21 20:04:05 - src.core.utils.logging_config - StoreID:N/A - DEBUG - CheckComboBox creado con label=Talla, column=talla
2025-05-21 20:04:06 - src.core.utils.logging_config - StoreID:N/A - DEBUG - Inicializando comboboxes para filtros
2025-05-21 20:04:06 - src.core.utils.logging_config - StoreID:N/A - DEBUG - Obtenidos 26 valores ˙nicos para color en 0.005s
2025-05-21 20:04:06 - src.core.utils.logging_config - StoreID:N/A - DEBUG - Valores para color: ['Ad hoc', 'Amarillo', 'Azul Marino', 'Azul Rey', 'Azul cielo', 'Beige', 'Bicolor', 'Blanca', 'Blanco', 'CafÈ', 'Camuflaje', 'Doble raya', 'Escoces', 'Gales azul', 'Gales rojo', 'Gales verde', 'Gris', 'Gris claro', 'Gris obscuro', 'Negro', 'Pata de gallo', 'Raya roja', 'Rojo', 'Rosa', 'Verde', 'Vino']
2025-05-21 20:04:06 - src.core.utils.logging_config - StoreID:N/A - DEBUG - Obtenidos 4 valores ˙nicos para tipo_prenda en 0.008s
2025-05-21 20:04:06 - src.core.utils.logging_config - StoreID:N/A - DEBUG - Valores para tipo_prenda: ['Accesorio', 'B·sico', 'Deportivo', 'Oficial']
2025-05-21 20:04:06 - src.core.utils.logging_config - StoreID:N/A - DEBUG - Obtenidos 19 valores ˙nicos para tipo_pieza en 0.008s
2025-05-21 20:04:06 - src.core.utils.logging_config - StoreID:N/A - DEBUG - Valores para tipo_pieza: ['Bata', 'Boina', 'Calceta', 'Camisa', 'Chaleco', 'Chamarra', 'Corbata', 'CorbatÌn', 'Falda', 'Guante', 'Jumper', 'Malla', 'MoÒo', 'PantalÛn', 'Pants 2pz', 'Pants 3pz', 'Pants Suelto', 'Playera', 'SuÈter']
2025-05-21 20:04:06 - src.core.utils.logging_config - StoreID:N/A - DEBUG - Obtenidos 19 valores ˙nicos para atributo en 0.009s
2025-05-21 20:04:06 - src.core.utils.logging_config - StoreID:N/A - DEBUG - Valores para atributo: ['Botones', 'Chazarilla', 'Cuatro tablas', 'Cuello V', 'Deportiva', 'Deportivo', 'Escolar', 'Escolta', 'Infantil', 'Liso', 'Manga Corta', 'Manga Larga', 'Polo', 'Pretina', 'Punto', 'Resorte', 'Tableada', 'Tortuga', 'Vestir']
2025-05-21 20:04:06 - src.core.utils.logging_config - StoreID:N/A - DEBUG - Obtenidos 46 valores ˙nicos para escuela en 0.007s
2025-05-21 20:04:06 - src.core.utils.logging_config - StoreID:N/A - DEBUG - Valores para escuela: ['16 de Septiembre', 'Albino GarcÌa Ramos', 'Benito Ju·rez', 'Bicentenario', 'Blanca VerÛnica Soto MartÌnez PrÌncipes', 'CBTIS 148', 'CECYTE', 'Club Rotario', 'Colegio Motolinea', 'Conalep', 'Emiliano Zapata', 'Erasmo Castellano', 'EsTv 154', 'Francisco Gonz·lez Bocanegra', 'Francisco Villa', 'Frida Kahlo', 'Guillermo Prieto', 'Himno Nacional', 'Ignacio Allende', 'Ignacio Zaragoza', 'J. Guadalupe Victoria', 'Jean Piaget', 'Jorge Cantor', 'Josefa Ortiz de DomÌnguez', 'JosÈ MarÌa Morelos', 'JosÈ MarÌa Morelos y PavÛn', 'Justo Sierra', 'Manuel GutiÈrrez N·jera', 'Margarita Paz Paredes', 'Miguel Campuzano', 'Miguel Hidalgo', 'Narciso Mendoza', 'NiÒos HÈroes', 'Omecalli', 'Paolo Fraire', 'Patria', 'Pr·xedis Guerrero', 'Rafael RamÌrez', 'SABES', 'Sor Juana InÈs de la Cruz', 'Telesecundaria 454', 'Telesecundaria 512', 'TÈcnica de San Bartolo', 'UVEG', 'Vicente Guerrero', '¡lvaro ObregÛn']
2025-05-21 20:04:06 - src.core.utils.logging_config - StoreID:N/A - DEBUG - Obtenidos 4 valores ˙nicos para nivel_educativo en 0.005s
2025-05-21 20:04:06 - src.core.utils.logging_config - StoreID:N/A - DEBUG - Valores para nivel_educativo: ['Bachillerato', 'Preescolar', 'Primaria', 'Secundaria']
2025-05-21 20:04:06 - src.core.utils.logging_config - StoreID:N/A - DEBUG - Obtenidos 3 valores ˙nicos para genero en 0.008s
2025-05-21 20:04:06 - src.core.utils.logging_config - StoreID:N/A - DEBUG - Valores para genero: ['Hombre', 'Mujer', 'Unisex']
2025-05-21 20:04:06 - src.core.utils.logging_config - StoreID:N/A - DEBUG - Obtenidos 2 valores ˙nicos para marca en 0.008s
2025-05-21 20:04:06 - src.core.utils.logging_config - StoreID:N/A - DEBUG - Valores para marca: ['Claudia', 'Prowear']
2025-05-21 20:04:06 - src.core.utils.logging_config - StoreID:N/A - DEBUG - Obtenidos 40 valores ˙nicos para talla en 0.009s
2025-05-21 20:04:06 - src.core.utils.logging_config - StoreID:N/A - DEBUG - Valores para talla: ['2', '3', '4', '5', '6', '7', '8', '9', '10', '11', '12', '13', '14', '16', '18', '20', '28', '30', '32', '34', '36', '38', '40', '42', '44', '46', 'CH', 'MD', 'GD', 'EXG', 'Uni', '0-0', '0-2', '3-5', '6-8', '9-12', '13-18', 'CH-MD', 'GD-EXG', 'Dama']
2025-05-21 20:04:06 - src.core.utils.logging_config - StoreID:N/A - INFO - Comboboxes inicializados correctamente
2025-05-21 20:04:06 - src.core.utils.logging_config - StoreID:N/A - DEBUG - Label de filtros actualizado: Sin filtros activos
2025-05-21 20:04:06 - src.core.utils.logging_config - StoreID:N/A - DEBUG - Lock interface called with lock=True, tree exists=1
2025-05-21 20:04:06 - src.core.utils.logging_config - StoreID:N/A - DEBUG - Cargando productos para p·gina 1, batch_size=30
2025-05-21 20:04:06 - src.core.utils.logging_config - StoreID:N/A - DEBUG - Actualizando paginaciÛn: total_items=2678, current_page=0, total_pages=90
2025-05-21 20:04:06 - src.core.utils.logging_config - StoreID:N/A - DEBUG - Texto de paginaciÛn actualizado: P·gina 1 de 90
2025-05-21 20:04:06 - src.core.utils.logging_config - StoreID:N/A - DEBUG - Conteo de selecciÛn actualizado: 0/30
2025-05-21 20:04:06 - src.core.utils.logging_config - StoreID:N/A - INFO - Cargados 30 productos, p·gina 1, total p·ginas: 90, tiempo: 0.137s
2025-05-21 20:04:06 - src.core.utils.logging_config - StoreID:N/A - DEBUG - Lock interface called with lock=False, tree exists=1
2025-05-21 20:04:06 - src.core.utils.logging_config - StoreID:N/A - DEBUG - Inicializando comboboxes para filtros
2025-05-21 20:04:06 - src.core.utils.logging_config - StoreID:N/A - DEBUG - Obtenidos 26 valores ˙nicos para color en 0.000s
2025-05-21 20:04:06 - src.core.utils.logging_config - StoreID:N/A - DEBUG - Valores para color: ['Ad hoc', 'Amarillo', 'Azul Marino', 'Azul Rey', 'Azul cielo', 'Beige', 'Bicolor', 'Blanca', 'Blanco', 'CafÈ', 'Camuflaje', 'Doble raya', 'Escoces', 'Gales azul', 'Gales rojo', 'Gales verde', 'Gris', 'Gris claro', 'Gris obscuro', 'Negro', 'Pata de gallo', 'Raya roja', 'Rojo', 'Rosa', 'Verde', 'Vino']
2025-05-21 20:04:06 - src.core.utils.logging_config - StoreID:N/A - DEBUG - Obtenidos 4 valores ˙nicos para tipo_prenda en 0.000s
2025-05-21 20:04:06 - src.core.utils.logging_config - StoreID:N/A - DEBUG - Valores para tipo_prenda: ['Accesorio', 'B·sico', 'Deportivo', 'Oficial']
2025-05-21 20:04:06 - src.core.utils.logging_config - StoreID:N/A - DEBUG - Obtenidos 19 valores ˙nicos para tipo_pieza en 0.000s
2025-05-21 20:04:06 - src.core.utils.logging_config - StoreID:N/A - DEBUG - Valores para tipo_pieza: ['Bata', 'Boina', 'Calceta', 'Camisa', 'Chaleco', 'Chamarra', 'Corbata', 'CorbatÌn', 'Falda', 'Guante', 'Jumper', 'Malla', 'MoÒo', 'PantalÛn', 'Pants 2pz', 'Pants 3pz', 'Pants Suelto', 'Playera', 'SuÈter']
2025-05-21 20:04:06 - src.core.utils.logging_config - StoreID:N/A - DEBUG - Obtenidos 19 valores ˙nicos para atributo en 0.000s
2025-05-21 20:04:06 - src.core.utils.logging_config - StoreID:N/A - DEBUG - Valores para atributo: ['Botones', 'Chazarilla', 'Cuatro tablas', 'Cuello V', 'Deportiva', 'Deportivo', 'Escolar', 'Escolta', 'Infantil', 'Liso', 'Manga Corta', 'Manga Larga', 'Polo', 'Pretina', 'Punto', 'Resorte', 'Tableada', 'Tortuga', 'Vestir']
2025-05-21 20:04:06 - src.core.utils.logging_config - StoreID:N/A - DEBUG - Obtenidos 46 valores ˙nicos para escuela en 0.000s
2025-05-21 20:04:06 - src.core.utils.logging_config - StoreID:N/A - DEBUG - Valores para escuela: ['16 de Septiembre', 'Albino GarcÌa Ramos', 'Benito Ju·rez', 'Bicentenario', 'Blanca VerÛnica Soto MartÌnez PrÌncipes', 'CBTIS 148', 'CECYTE', 'Club Rotario', 'Colegio Motolinea', 'Conalep', 'Emiliano Zapata', 'Erasmo Castellano', 'EsTv 154', 'Francisco Gonz·lez Bocanegra', 'Francisco Villa', 'Frida Kahlo', 'Guillermo Prieto', 'Himno Nacional', 'Ignacio Allende', 'Ignacio Zaragoza', 'J. Guadalupe Victoria', 'Jean Piaget', 'Jorge Cantor', 'Josefa Ortiz de DomÌnguez', 'JosÈ MarÌa Morelos', 'JosÈ MarÌa Morelos y PavÛn', 'Justo Sierra', 'Manuel GutiÈrrez N·jera', 'Margarita Paz Paredes', 'Miguel Campuzano', 'Miguel Hidalgo', 'Narciso Mendoza', 'NiÒos HÈroes', 'Omecalli', 'Paolo Fraire', 'Patria', 'Pr·xedis Guerrero', 'Rafael RamÌrez', 'SABES', 'Sor Juana InÈs de la Cruz', 'Telesecundaria 454', 'Telesecundaria 512', 'TÈcnica de San Bartolo', 'UVEG', 'Vicente Guerrero', '¡lvaro ObregÛn']
2025-05-21 20:04:06 - src.core.utils.logging_config - StoreID:N/A - DEBUG - Obtenidos 4 valores ˙nicos para nivel_educativo en 0.000s
2025-05-21 20:04:06 - src.core.utils.logging_config - StoreID:N/A - DEBUG - Valores para nivel_educativo: ['Bachillerato', 'Preescolar', 'Primaria', 'Secundaria']
2025-05-21 20:04:06 - src.core.utils.logging_config - StoreID:N/A - DEBUG - Obtenidos 3 valores ˙nicos para genero en 0.000s
2025-05-21 20:04:06 - src.core.utils.logging_config - StoreID:N/A - DEBUG - Valores para genero: ['Hombre', 'Mujer', 'Unisex']
2025-05-21 20:04:06 - src.core.utils.logging_config - StoreID:N/A - DEBUG - Obtenidos 2 valores ˙nicos para marca en 0.000s
2025-05-21 20:04:06 - src.core.utils.logging_config - StoreID:N/A - DEBUG - Valores para marca: ['Claudia', 'Prowear']
2025-05-21 20:04:06 - src.core.utils.logging_config - StoreID:N/A - DEBUG - Obtenidos 40 valores ˙nicos para talla en 0.000s
2025-05-21 20:04:06 - src.core.utils.logging_config - StoreID:N/A - DEBUG - Valores para talla: ['2', '3', '4', '5', '6', '7', '8', '9', '10', '11', '12', '13', '14', '16', '18', '20', '28', '30', '32', '34', '36', '38', '40', '42', '44', '46', 'CH', 'MD', 'GD', 'EXG', 'Uni', '0-0', '0-2', '3-5', '6-8', '9-12', '13-18', 'CH-MD', 'GD-EXG', 'Dama']
2025-05-21 20:04:06 - src.core.utils.logging_config - StoreID:N/A - INFO - Comboboxes inicializados correctamente
2025-05-21 20:04:06 - src.core.utils.logging_config - StoreID:N/A - DEBUG - Label de filtros actualizado: Sin filtros activos
2025-05-21 20:04:06 - src.core.utils.logging_config - StoreID:N/A - DEBUG - Lock interface called with lock=True, tree exists=1
2025-05-21 20:04:06 - src.core.utils.logging_config - StoreID:N/A - DEBUG - Cargando productos para p·gina 1, batch_size=30
2025-05-21 20:04:06 - src.core.utils.logging_config - StoreID:N/A - DEBUG - Actualizando paginaciÛn: total_items=2678, current_page=0, total_pages=90
2025-05-21 20:04:06 - src.core.utils.logging_config - StoreID:N/A - DEBUG - Texto de paginaciÛn actualizado: P·gina 1 de 90
2025-05-21 20:04:06 - src.core.utils.logging_config - StoreID:N/A - DEBUG - Conteo de selecciÛn actualizado: 0/30
2025-05-21 20:04:06 - src.core.utils.logging_config - StoreID:N/A - INFO - Cargados 30 productos, p·gina 1, total p·ginas: 90, tiempo: 0.133s
2025-05-21 20:04:06 - src.core.utils.logging_config - StoreID:N/A - DEBUG - Lock interface called with lock=False, tree exists=1
2025-05-21 20:04:07 - src.core.utils.logging_config - StoreID:N/A - DEBUG - Inicializando CheckComboBox con column=None
2025-05-21 20:04:07 - src.core.utils.logging_config - StoreID:N/A - DEBUG - CheckComboBox creado con label=Escuelas, column=None
2025-05-21 20:04:10 - src.core.utils.logging_config - StoreID:N/A - INFO - Inicializando ProductManagerLogic para tienda 1
2025-05-21 20:04:10 - src.core.utils.logging_config - StoreID:N/A - DEBUG - ProductEditForm inicializado para tienda 1
2025-05-21 20:04:10 - src.core.utils.logging_config - StoreID:N/A - INFO - Inicializando ProductManagerUI para tienda 1
2025-05-21 20:04:10 - src.core.utils.logging_config - StoreID:N/A - DEBUG - Õcono cargado: edit
2025-05-21 20:04:10 - src.core.utils.logging_config - StoreID:N/A - DEBUG - Õcono cargado: copy
2025-05-21 20:04:10 - src.core.utils.logging_config - StoreID:N/A - DEBUG - Õcono cargado: delete
2025-05-21 20:04:10 - src.core.utils.logging_config - StoreID:N/A - DEBUG - Õcono cargado: duplicate
2025-05-21 20:04:10 - src.core.utils.logging_config - StoreID:N/A - DEBUG - Õcono cargado: price
2025-05-21 20:04:10 - src.core.utils.logging_config - StoreID:N/A - DEBUG - Õcono cargado: print
2025-05-21 20:04:10 - src.core.utils.logging_config - StoreID:N/A - DEBUG - Õcono cargado: inventory
2025-05-21 20:04:10 - src.core.utils.logging_config - StoreID:N/A - DEBUG - Inicializando CheckComboBox con column=color
2025-05-21 20:04:10 - src.core.utils.logging_config - StoreID:N/A - DEBUG - CheckComboBox creado con label=Color, column=color
2025-05-21 20:04:10 - src.core.utils.logging_config - StoreID:N/A - DEBUG - Inicializando CheckComboBox con column=tipo_prenda
2025-05-21 20:04:10 - src.core.utils.logging_config - StoreID:N/A - DEBUG - CheckComboBox creado con label=Tipo Prenda, column=tipo_prenda
2025-05-21 20:04:10 - src.core.utils.logging_config - StoreID:N/A - DEBUG - Inicializando CheckComboBox con column=tipo_pieza
2025-05-21 20:04:10 - src.core.utils.logging_config - StoreID:N/A - DEBUG - CheckComboBox creado con label=Tipo Pieza, column=tipo_pieza
2025-05-21 20:04:10 - src.core.utils.logging_config - StoreID:N/A - DEBUG - Inicializando CheckComboBox con column=atributo
2025-05-21 20:04:10 - src.core.utils.logging_config - StoreID:N/A - DEBUG - CheckComboBox creado con label=Atributo, column=atributo
2025-05-21 20:04:10 - src.core.utils.logging_config - StoreID:N/A - DEBUG - Inicializando CheckComboBox con column=escuela
2025-05-21 20:04:10 - src.core.utils.logging_config - StoreID:N/A - DEBUG - CheckComboBox creado con label=Escuela, column=escuela
2025-05-21 20:04:10 - src.core.utils.logging_config - StoreID:N/A - DEBUG - Inicializando CheckComboBox con column=nivel_educativo
2025-05-21 20:04:10 - src.core.utils.logging_config - StoreID:N/A - DEBUG - CheckComboBox creado con label=Nivel Educativo, column=nivel_educativo
2025-05-21 20:04:10 - src.core.utils.logging_config - StoreID:N/A - DEBUG - Inicializando CheckComboBox con column=genero
2025-05-21 20:04:10 - src.core.utils.logging_config - StoreID:N/A - DEBUG - CheckComboBox creado con label=GÈnero, column=genero
2025-05-21 20:04:10 - src.core.utils.logging_config - StoreID:N/A - DEBUG - Inicializando CheckComboBox con column=marca
2025-05-21 20:04:10 - src.core.utils.logging_config - StoreID:N/A - DEBUG - CheckComboBox creado con label=Marca, column=marca
2025-05-21 20:04:10 - src.core.utils.logging_config - StoreID:N/A - DEBUG - Inicializando CheckComboBox con column=talla
2025-05-21 20:04:10 - src.core.utils.logging_config - StoreID:N/A - DEBUG - CheckComboBox creado con label=Talla, column=talla
2025-05-21 20:04:12 - src.core.utils.logging_config - StoreID:N/A - DEBUG - Inicializando comboboxes para filtros
2025-05-21 20:04:12 - src.core.utils.logging_config - StoreID:N/A - DEBUG - Obtenidos 26 valores ˙nicos para color en 0.006s
2025-05-21 20:04:12 - src.core.utils.logging_config - StoreID:N/A - DEBUG - Valores para color: ['Ad hoc', 'Amarillo', 'Azul Marino', 'Azul Rey', 'Azul cielo', 'Beige', 'Bicolor', 'Blanca', 'Blanco', 'CafÈ', 'Camuflaje', 'Doble raya', 'Escoces', 'Gales azul', 'Gales rojo', 'Gales verde', 'Gris', 'Gris claro', 'Gris obscuro', 'Negro', 'Pata de gallo', 'Raya roja', 'Rojo', 'Rosa', 'Verde', 'Vino']
2025-05-21 20:04:12 - src.core.utils.logging_config - StoreID:N/A - DEBUG - Obtenidos 4 valores ˙nicos para tipo_prenda en 0.008s
2025-05-21 20:04:12 - src.core.utils.logging_config - StoreID:N/A - DEBUG - Valores para tipo_prenda: ['Accesorio', 'B·sico', 'Deportivo', 'Oficial']
2025-05-21 20:04:12 - src.core.utils.logging_config - StoreID:N/A - DEBUG - Obtenidos 19 valores ˙nicos para tipo_pieza en 0.009s
2025-05-21 20:04:12 - src.core.utils.logging_config - StoreID:N/A - DEBUG - Valores para tipo_pieza: ['Bata', 'Boina', 'Calceta', 'Camisa', 'Chaleco', 'Chamarra', 'Corbata', 'CorbatÌn', 'Falda', 'Guante', 'Jumper', 'Malla', 'MoÒo', 'PantalÛn', 'Pants 2pz', 'Pants 3pz', 'Pants Suelto', 'Playera', 'SuÈter']
2025-05-21 20:04:12 - src.core.utils.logging_config - StoreID:N/A - DEBUG - Obtenidos 19 valores ˙nicos para atributo en 0.008s
2025-05-21 20:04:12 - src.core.utils.logging_config - StoreID:N/A - DEBUG - Valores para atributo: ['Botones', 'Chazarilla', 'Cuatro tablas', 'Cuello V', 'Deportiva', 'Deportivo', 'Escolar', 'Escolta', 'Infantil', 'Liso', 'Manga Corta', 'Manga Larga', 'Polo', 'Pretina', 'Punto', 'Resorte', 'Tableada', 'Tortuga', 'Vestir']
2025-05-21 20:04:12 - src.core.utils.logging_config - StoreID:N/A - DEBUG - Obtenidos 46 valores ˙nicos para escuela en 0.006s
2025-05-21 20:04:12 - src.core.utils.logging_config - StoreID:N/A - DEBUG - Valores para escuela: ['16 de Septiembre', 'Albino GarcÌa Ramos', 'Benito Ju·rez', 'Bicentenario', 'Blanca VerÛnica Soto MartÌnez PrÌncipes', 'CBTIS 148', 'CECYTE', 'Club Rotario', 'Colegio Motolinea', 'Conalep', 'Emiliano Zapata', 'Erasmo Castellano', 'EsTv 154', 'Francisco Gonz·lez Bocanegra', 'Francisco Villa', 'Frida Kahlo', 'Guillermo Prieto', 'Himno Nacional', 'Ignacio Allende', 'Ignacio Zaragoza', 'J. Guadalupe Victoria', 'Jean Piaget', 'Jorge Cantor', 'Josefa Ortiz de DomÌnguez', 'JosÈ MarÌa Morelos', 'JosÈ MarÌa Morelos y PavÛn', 'Justo Sierra', 'Manuel GutiÈrrez N·jera', 'Margarita Paz Paredes', 'Miguel Campuzano', 'Miguel Hidalgo', 'Narciso Mendoza', 'NiÒos HÈroes', 'Omecalli', 'Paolo Fraire', 'Patria', 'Pr·xedis Guerrero', 'Rafael RamÌrez', 'SABES', 'Sor Juana InÈs de la Cruz', 'Telesecundaria 454', 'Telesecundaria 512', 'TÈcnica de San Bartolo', 'UVEG', 'Vicente Guerrero', '¡lvaro ObregÛn']
2025-05-21 20:04:12 - src.core.utils.logging_config - StoreID:N/A - DEBUG - Obtenidos 4 valores ˙nicos para nivel_educativo en 0.005s
2025-05-21 20:04:12 - src.core.utils.logging_config - StoreID:N/A - DEBUG - Valores para nivel_educativo: ['Bachillerato', 'Preescolar', 'Primaria', 'Secundaria']
2025-05-21 20:04:12 - src.core.utils.logging_config - StoreID:N/A - DEBUG - Obtenidos 3 valores ˙nicos para genero en 0.007s
2025-05-21 20:04:12 - src.core.utils.logging_config - StoreID:N/A - DEBUG - Valores para genero: ['Hombre', 'Mujer', 'Unisex']
2025-05-21 20:04:12 - src.core.utils.logging_config - StoreID:N/A - DEBUG - Obtenidos 2 valores ˙nicos para marca en 0.007s
2025-05-21 20:04:12 - src.core.utils.logging_config - StoreID:N/A - DEBUG - Valores para marca: ['Claudia', 'Prowear']
2025-05-21 20:04:12 - src.core.utils.logging_config - StoreID:N/A - DEBUG - Obtenidos 40 valores ˙nicos para talla en 0.009s
2025-05-21 20:04:12 - src.core.utils.logging_config - StoreID:N/A - DEBUG - Valores para talla: ['2', '3', '4', '5', '6', '7', '8', '9', '10', '11', '12', '13', '14', '16', '18', '20', '28', '30', '32', '34', '36', '38', '40', '42', '44', '46', 'CH', 'MD', 'GD', 'EXG', 'Uni', '0-0', '0-2', '3-5', '6-8', '9-12', '13-18', 'CH-MD', 'GD-EXG', 'Dama']
2025-05-21 20:04:12 - src.core.utils.logging_config - StoreID:N/A - INFO - Comboboxes inicializados correctamente
2025-05-21 20:04:12 - src.core.utils.logging_config - StoreID:N/A - DEBUG - Label de filtros actualizado: Sin filtros activos
2025-05-21 20:04:12 - src.core.utils.logging_config - StoreID:N/A - DEBUG - Lock interface called with lock=True, tree exists=1
2025-05-21 20:04:12 - src.core.utils.logging_config - StoreID:N/A - DEBUG - Cargando productos para p·gina 1, batch_size=30
2025-05-21 20:04:12 - src.core.utils.logging_config - StoreID:N/A - DEBUG - Actualizando paginaciÛn: total_items=2678, current_page=0, total_pages=90
2025-05-21 20:04:12 - src.core.utils.logging_config - StoreID:N/A - DEBUG - Texto de paginaciÛn actualizado: P·gina 1 de 90
2025-05-21 20:04:12 - src.core.utils.logging_config - StoreID:N/A - DEBUG - Conteo de selecciÛn actualizado: 0/30
2025-05-21 20:04:12 - src.core.utils.logging_config - StoreID:N/A - INFO - Cargados 30 productos, p·gina 1, total p·ginas: 90, tiempo: 0.136s
2025-05-21 20:04:12 - src.core.utils.logging_config - StoreID:N/A - DEBUG - Lock interface called with lock=False, tree exists=1
2025-05-21 20:04:12 - src.core.utils.logging_config - StoreID:N/A - DEBUG - Inicializando comboboxes para filtros
2025-05-21 20:04:12 - src.core.utils.logging_config - StoreID:N/A - DEBUG - Obtenidos 26 valores ˙nicos para color en 0.000s
2025-05-21 20:04:12 - src.core.utils.logging_config - StoreID:N/A - DEBUG - Valores para color: ['Ad hoc', 'Amarillo', 'Azul Marino', 'Azul Rey', 'Azul cielo', 'Beige', 'Bicolor', 'Blanca', 'Blanco', 'CafÈ', 'Camuflaje', 'Doble raya', 'Escoces', 'Gales azul', 'Gales rojo', 'Gales verde', 'Gris', 'Gris claro', 'Gris obscuro', 'Negro', 'Pata de gallo', 'Raya roja', 'Rojo', 'Rosa', 'Verde', 'Vino']
2025-05-21 20:04:12 - src.core.utils.logging_config - StoreID:N/A - DEBUG - Obtenidos 4 valores ˙nicos para tipo_prenda en 0.000s
2025-05-21 20:04:12 - src.core.utils.logging_config - StoreID:N/A - DEBUG - Valores para tipo_prenda: ['Accesorio', 'B·sico', 'Deportivo', 'Oficial']
2025-05-21 20:04:12 - src.core.utils.logging_config - StoreID:N/A - DEBUG - Obtenidos 19 valores ˙nicos para tipo_pieza en 0.000s
2025-05-21 20:04:12 - src.core.utils.logging_config - StoreID:N/A - DEBUG - Valores para tipo_pieza: ['Bata', 'Boina', 'Calceta', 'Camisa', 'Chaleco', 'Chamarra', 'Corbata', 'CorbatÌn', 'Falda', 'Guante', 'Jumper', 'Malla', 'MoÒo', 'PantalÛn', 'Pants 2pz', 'Pants 3pz', 'Pants Suelto', 'Playera', 'SuÈter']
2025-05-21 20:04:12 - src.core.utils.logging_config - StoreID:N/A - DEBUG - Obtenidos 19 valores ˙nicos para atributo en 0.000s
2025-05-21 20:04:12 - src.core.utils.logging_config - StoreID:N/A - DEBUG - Valores para atributo: ['Botones', 'Chazarilla', 'Cuatro tablas', 'Cuello V', 'Deportiva', 'Deportivo', 'Escolar', 'Escolta', 'Infantil', 'Liso', 'Manga Corta', 'Manga Larga', 'Polo', 'Pretina', 'Punto', 'Resorte', 'Tableada', 'Tortuga', 'Vestir']
2025-05-21 20:04:12 - src.core.utils.logging_config - StoreID:N/A - DEBUG - Obtenidos 46 valores ˙nicos para escuela en 0.000s
2025-05-21 20:04:12 - src.core.utils.logging_config - StoreID:N/A - DEBUG - Valores para escuela: ['16 de Septiembre', 'Albino GarcÌa Ramos', 'Benito Ju·rez', 'Bicentenario', 'Blanca VerÛnica Soto MartÌnez PrÌncipes', 'CBTIS 148', 'CECYTE', 'Club Rotario', 'Colegio Motolinea', 'Conalep', 'Emiliano Zapata', 'Erasmo Castellano', 'EsTv 154', 'Francisco Gonz·lez Bocanegra', 'Francisco Villa', 'Frida Kahlo', 'Guillermo Prieto', 'Himno Nacional', 'Ignacio Allende', 'Ignacio Zaragoza', 'J. Guadalupe Victoria', 'Jean Piaget', 'Jorge Cantor', 'Josefa Ortiz de DomÌnguez', 'JosÈ MarÌa Morelos', 'JosÈ MarÌa Morelos y PavÛn', 'Justo Sierra', 'Manuel GutiÈrrez N·jera', 'Margarita Paz Paredes', 'Miguel Campuzano', 'Miguel Hidalgo', 'Narciso Mendoza', 'NiÒos HÈroes', 'Omecalli', 'Paolo Fraire', 'Patria', 'Pr·xedis Guerrero', 'Rafael RamÌrez', 'SABES', 'Sor Juana InÈs de la Cruz', 'Telesecundaria 454', 'Telesecundaria 512', 'TÈcnica de San Bartolo', 'UVEG', 'Vicente Guerrero', '¡lvaro ObregÛn']
2025-05-21 20:04:12 - src.core.utils.logging_config - StoreID:N/A - DEBUG - Obtenidos 4 valores ˙nicos para nivel_educativo en 0.000s
2025-05-21 20:04:12 - src.core.utils.logging_config - StoreID:N/A - DEBUG - Valores para nivel_educativo: ['Bachillerato', 'Preescolar', 'Primaria', 'Secundaria']
2025-05-21 20:04:12 - src.core.utils.logging_config - StoreID:N/A - DEBUG - Obtenidos 3 valores ˙nicos para genero en 0.000s
2025-05-21 20:04:12 - src.core.utils.logging_config - StoreID:N/A - DEBUG - Valores para genero: ['Hombre', 'Mujer', 'Unisex']
2025-05-21 20:04:12 - src.core.utils.logging_config - StoreID:N/A - DEBUG - Obtenidos 2 valores ˙nicos para marca en 0.000s
2025-05-21 20:04:12 - src.core.utils.logging_config - StoreID:N/A - DEBUG - Valores para marca: ['Claudia', 'Prowear']
2025-05-21 20:04:12 - src.core.utils.logging_config - StoreID:N/A - DEBUG - Obtenidos 40 valores ˙nicos para talla en 0.000s
2025-05-21 20:04:12 - src.core.utils.logging_config - StoreID:N/A - DEBUG - Valores para talla: ['2', '3', '4', '5', '6', '7', '8', '9', '10', '11', '12', '13', '14', '16', '18', '20', '28', '30', '32', '34', '36', '38', '40', '42', '44', '46', 'CH', 'MD', 'GD', 'EXG', 'Uni', '0-0', '0-2', '3-5', '6-8', '9-12', '13-18', 'CH-MD', 'GD-EXG', 'Dama']
2025-05-21 20:04:12 - src.core.utils.logging_config - StoreID:N/A - INFO - Comboboxes inicializados correctamente
2025-05-21 20:04:12 - src.core.utils.logging_config - StoreID:N/A - DEBUG - Label de filtros actualizado: Sin filtros activos
2025-05-21 20:04:12 - src.core.utils.logging_config - StoreID:N/A - DEBUG - Lock interface called with lock=True, tree exists=1
2025-05-21 20:04:13 - src.core.utils.logging_config - StoreID:N/A - DEBUG - Cargando productos para p·gina 1, batch_size=30
2025-05-21 20:04:13 - src.core.utils.logging_config - StoreID:N/A - DEBUG - Actualizando paginaciÛn: total_items=2678, current_page=0, total_pages=90
2025-05-21 20:04:13 - src.core.utils.logging_config - StoreID:N/A - DEBUG - Texto de paginaciÛn actualizado: P·gina 1 de 90
2025-05-21 20:04:13 - src.core.utils.logging_config - StoreID:N/A - DEBUG - Conteo de selecciÛn actualizado: 0/30
2025-05-21 20:04:13 - src.core.utils.logging_config - StoreID:N/A - INFO - Cargados 30 productos, p·gina 1, total p·ginas: 90, tiempo: 0.137s
2025-05-21 20:04:13 - src.core.utils.logging_config - StoreID:N/A - DEBUG - Lock interface called with lock=False, tree exists=1
2025-05-21 20:04:16 - src.core.utils.logging_config - StoreID:N/A - DEBUG - BotÛn 'Avanza 10 p·ginas' presionado, p·gina actual: 0, total p·ginas: 0
2025-05-21 20:04:16 - src.core.utils.logging_config - StoreID:N/A - DEBUG - Lock interface called with lock=True, tree exists=1
2025-05-21 20:04:16 - src.core.utils.logging_config - StoreID:N/A - DEBUG - Cargando productos para p·gina 11, batch_size=30
2025-05-21 20:04:17 - src.core.utils.logging_config - StoreID:N/A - DEBUG - Actualizando paginaciÛn: total_items=2678, current_page=10, total_pages=90
2025-05-21 20:04:17 - src.core.utils.logging_config - StoreID:N/A - DEBUG - Texto de paginaciÛn actualizado: P·gina 11 de 90
2025-05-21 20:04:17 - src.core.utils.logging_config - StoreID:N/A - DEBUG - Conteo de selecciÛn actualizado: 0/30
2025-05-21 20:04:17 - src.core.utils.logging_config - StoreID:N/A - INFO - Cargados 30 productos, p·gina 11, total p·ginas: 90, tiempo: 0.136s
2025-05-21 20:04:17 - src.core.utils.logging_config - StoreID:N/A - DEBUG - Lock interface called with lock=False, tree exists=1
2025-05-21 20:04:18 - src.core.utils.logging_config - StoreID:N/A - DEBUG - BotÛn 'Avanza 10 p·ginas' presionado, p·gina actual: 0, total p·ginas: 0
2025-05-21 20:04:18 - src.core.utils.logging_config - StoreID:N/A - DEBUG - Lock interface called with lock=True, tree exists=1
2025-05-21 20:04:18 - src.core.utils.logging_config - StoreID:N/A - DEBUG - Cargando productos para p·gina 21, batch_size=30
2025-05-21 20:04:18 - src.core.utils.logging_config - StoreID:N/A - DEBUG - Actualizando paginaciÛn: total_items=2678, current_page=20, total_pages=90
2025-05-21 20:04:18 - src.core.utils.logging_config - StoreID:N/A - DEBUG - Texto de paginaciÛn actualizado: P·gina 21 de 90
2025-05-21 20:04:18 - src.core.utils.logging_config - StoreID:N/A - DEBUG - Conteo de selecciÛn actualizado: 0/30
2025-05-21 20:04:18 - src.core.utils.logging_config - StoreID:N/A - INFO - Cargados 30 productos, p·gina 21, total p·ginas: 90, tiempo: 0.138s
2025-05-21 20:04:18 - src.core.utils.logging_config - StoreID:N/A - DEBUG - Lock interface called with lock=False, tree exists=1
2025-05-21 20:04:20 - src.core.utils.logging_config - StoreID:N/A - DEBUG - BotÛn 'Avanza 10 p·ginas' presionado, p·gina actual: 0, total p·ginas: 0
2025-05-21 20:04:20 - src.core.utils.logging_config - StoreID:N/A - DEBUG - Lock interface called with lock=True, tree exists=1
2025-05-21 20:04:20 - src.core.utils.logging_config - StoreID:N/A - DEBUG - Cargando productos para p·gina 31, batch_size=30
2025-05-21 20:04:20 - src.core.utils.logging_config - StoreID:N/A - DEBUG - Actualizando paginaciÛn: total_items=2678, current_page=30, total_pages=90
2025-05-21 20:04:20 - src.core.utils.logging_config - StoreID:N/A - DEBUG - Texto de paginaciÛn actualizado: P·gina 31 de 90
2025-05-21 20:04:20 - src.core.utils.logging_config - StoreID:N/A - DEBUG - Conteo de selecciÛn actualizado: 0/30
2025-05-21 20:04:20 - src.core.utils.logging_config - StoreID:N/A - INFO - Cargados 30 productos, p·gina 31, total p·ginas: 90, tiempo: 0.138s
2025-05-21 20:04:20 - src.core.utils.logging_config - StoreID:N/A - DEBUG - Lock interface called with lock=False, tree exists=1
2025-05-21 20:04:22 - src.core.utils.logging_config - StoreID:N/A - DEBUG - BotÛn 'Avanza 10 p·ginas' presionado, p·gina actual: 0, total p·ginas: 0
2025-05-21 20:04:22 - src.core.utils.logging_config - StoreID:N/A - DEBUG - Lock interface called with lock=True, tree exists=1
2025-05-21 20:04:22 - src.core.utils.logging_config - StoreID:N/A - DEBUG - Cargando productos para p·gina 41, batch_size=30
2025-05-21 20:04:22 - src.core.utils.logging_config - StoreID:N/A - DEBUG - Actualizando paginaciÛn: total_items=2678, current_page=40, total_pages=90
2025-05-21 20:04:22 - src.core.utils.logging_config - StoreID:N/A - DEBUG - Texto de paginaciÛn actualizado: P·gina 41 de 90
2025-05-21 20:04:22 - src.core.utils.logging_config - StoreID:N/A - DEBUG - Conteo de selecciÛn actualizado: 0/30
2025-05-21 20:04:22 - src.core.utils.logging_config - StoreID:N/A - INFO - Cargados 30 productos, p·gina 41, total p·ginas: 90, tiempo: 0.138s
2025-05-21 20:04:22 - src.core.utils.logging_config - StoreID:N/A - DEBUG - Lock interface called with lock=False, tree exists=1
2025-05-21 20:11:16 - src.core.utils.logging_config - StoreID:N/A - INFO - Inicializando ProductManagerLogic para tienda 1
2025-05-21 20:11:16 - src.core.utils.logging_config - StoreID:N/A - DEBUG - ProductEditForm inicializado para tienda 1
2025-05-21 20:11:16 - src.core.utils.logging_config - StoreID:N/A - INFO - Inicializando ProductManagerUI para tienda 1
2025-05-21 20:11:16 - src.core.utils.logging_config - StoreID:N/A - DEBUG - Õcono cargado: edit
2025-05-21 20:11:16 - src.core.utils.logging_config - StoreID:N/A - DEBUG - Õcono cargado: copy
2025-05-21 20:11:16 - src.core.utils.logging_config - StoreID:N/A - DEBUG - Õcono cargado: delete
2025-05-21 20:11:16 - src.core.utils.logging_config - StoreID:N/A - DEBUG - Õcono cargado: duplicate
2025-05-21 20:11:16 - src.core.utils.logging_config - StoreID:N/A - DEBUG - Õcono cargado: price
2025-05-21 20:11:16 - src.core.utils.logging_config - StoreID:N/A - DEBUG - Õcono cargado: print
2025-05-21 20:11:16 - src.core.utils.logging_config - StoreID:N/A - DEBUG - Õcono cargado: inventory
2025-05-21 20:11:16 - src.core.utils.logging_config - StoreID:N/A - DEBUG - Inicializando CheckComboBox con column=color
2025-05-21 20:11:16 - src.core.utils.logging_config - StoreID:N/A - DEBUG - CheckComboBox creado con label=Color, column=color
2025-05-21 20:11:16 - src.core.utils.logging_config - StoreID:N/A - DEBUG - Inicializando CheckComboBox con column=tipo_prenda
2025-05-21 20:11:16 - src.core.utils.logging_config - StoreID:N/A - DEBUG - CheckComboBox creado con label=Tipo Prenda, column=tipo_prenda
2025-05-21 20:11:16 - src.core.utils.logging_config - StoreID:N/A - DEBUG - Inicializando CheckComboBox con column=tipo_pieza
2025-05-21 20:11:16 - src.core.utils.logging_config - StoreID:N/A - DEBUG - CheckComboBox creado con label=Tipo Pieza, column=tipo_pieza
2025-05-21 20:11:16 - src.core.utils.logging_config - StoreID:N/A - DEBUG - Inicializando CheckComboBox con column=atributo
2025-05-21 20:11:16 - src.core.utils.logging_config - StoreID:N/A - DEBUG - CheckComboBox creado con label=Atributo, column=atributo
2025-05-21 20:11:16 - src.core.utils.logging_config - StoreID:N/A - DEBUG - Inicializando CheckComboBox con column=escuela
2025-05-21 20:11:16 - src.core.utils.logging_config - StoreID:N/A - DEBUG - CheckComboBox creado con label=Escuela, column=escuela
2025-05-21 20:11:16 - src.core.utils.logging_config - StoreID:N/A - DEBUG - Inicializando CheckComboBox con column=nivel_educativo
2025-05-21 20:11:16 - src.core.utils.logging_config - StoreID:N/A - DEBUG - CheckComboBox creado con label=Nivel Educativo, column=nivel_educativo
2025-05-21 20:11:16 - src.core.utils.logging_config - StoreID:N/A - DEBUG - Inicializando CheckComboBox con column=genero
2025-05-21 20:11:16 - src.core.utils.logging_config - StoreID:N/A - DEBUG - CheckComboBox creado con label=GÈnero, column=genero
2025-05-21 20:11:16 - src.core.utils.logging_config - StoreID:N/A - DEBUG - Inicializando CheckComboBox con column=marca
2025-05-21 20:11:16 - src.core.utils.logging_config - StoreID:N/A - DEBUG - CheckComboBox creado con label=Marca, column=marca
2025-05-21 20:11:16 - src.core.utils.logging_config - StoreID:N/A - DEBUG - Inicializando CheckComboBox con column=talla
2025-05-21 20:11:16 - src.core.utils.logging_config - StoreID:N/A - DEBUG - CheckComboBox creado con label=Talla, column=talla
2025-05-21 20:11:17 - src.core.utils.logging_config - StoreID:N/A - DEBUG - Inicializando comboboxes para filtros
2025-05-21 20:11:17 - src.core.utils.logging_config - StoreID:N/A - DEBUG - Obtenidos 26 valores ˙nicos para color en 0.004s
2025-05-21 20:11:17 - src.core.utils.logging_config - StoreID:N/A - DEBUG - Valores para color: ['Ad hoc', 'Amarillo', 'Azul Marino', 'Azul Rey', 'Azul cielo', 'Beige', 'Bicolor', 'Blanca', 'Blanco', 'CafÈ', 'Camuflaje', 'Doble raya', 'Escoces', 'Gales azul', 'Gales rojo', 'Gales verde', 'Gris', 'Gris claro', 'Gris obscuro', 'Negro', 'Pata de gallo', 'Raya roja', 'Rojo', 'Rosa', 'Verde', 'Vino']
2025-05-21 20:11:17 - src.core.utils.logging_config - StoreID:N/A - DEBUG - Obtenidos 4 valores ˙nicos para tipo_prenda en 0.006s
2025-05-21 20:11:17 - src.core.utils.logging_config - StoreID:N/A - DEBUG - Valores para tipo_prenda: ['Accesorio', 'B·sico', 'Deportivo', 'Oficial']
2025-05-21 20:11:17 - src.core.utils.logging_config - StoreID:N/A - DEBUG - Obtenidos 19 valores ˙nicos para tipo_pieza en 0.008s
2025-05-21 20:11:17 - src.core.utils.logging_config - StoreID:N/A - DEBUG - Valores para tipo_pieza: ['Bata', 'Boina', 'Calceta', 'Camisa', 'Chaleco', 'Chamarra', 'Corbata', 'CorbatÌn', 'Falda', 'Guante', 'Jumper', 'Malla', 'MoÒo', 'PantalÛn', 'Pants 2pz', 'Pants 3pz', 'Pants Suelto', 'Playera', 'SuÈter']
2025-05-21 20:11:17 - src.core.utils.logging_config - StoreID:N/A - DEBUG - Obtenidos 19 valores ˙nicos para atributo en 0.007s
2025-05-21 20:11:17 - src.core.utils.logging_config - StoreID:N/A - DEBUG - Valores para atributo: ['Botones', 'Chazarilla', 'Cuatro tablas', 'Cuello V', 'Deportiva', 'Deportivo', 'Escolar', 'Escolta', 'Infantil', 'Liso', 'Manga Corta', 'Manga Larga', 'Polo', 'Pretina', 'Punto', 'Resorte', 'Tableada', 'Tortuga', 'Vestir']
2025-05-21 20:11:17 - src.core.utils.logging_config - StoreID:N/A - DEBUG - Obtenidos 46 valores ˙nicos para escuela en 0.004s
2025-05-21 20:11:17 - src.core.utils.logging_config - StoreID:N/A - DEBUG - Valores para escuela: ['16 de Septiembre', 'Albino GarcÌa Ramos', 'Benito Ju·rez', 'Bicentenario', 'Blanca VerÛnica Soto MartÌnez PrÌncipes', 'CBTIS 148', 'CECYTE', 'Club Rotario', 'Colegio Motolinea', 'Conalep', 'Emiliano Zapata', 'Erasmo Castellano', 'EsTv 154', 'Francisco Gonz·lez Bocanegra', 'Francisco Villa', 'Frida Kahlo', 'Guillermo Prieto', 'Himno Nacional', 'Ignacio Allende', 'Ignacio Zaragoza', 'J. Guadalupe Victoria', 'Jean Piaget', 'Jorge Cantor', 'Josefa Ortiz de DomÌnguez', 'JosÈ MarÌa Morelos', 'JosÈ MarÌa Morelos y PavÛn', 'Justo Sierra', 'Manuel GutiÈrrez N·jera', 'Margarita Paz Paredes', 'Miguel Campuzano', 'Miguel Hidalgo', 'Narciso Mendoza', 'NiÒos HÈroes', 'Omecalli', 'Paolo Fraire', 'Patria', 'Pr·xedis Guerrero', 'Rafael RamÌrez', 'SABES', 'Sor Juana InÈs de la Cruz', 'Telesecundaria 454', 'Telesecundaria 512', 'TÈcnica de San Bartolo', 'UVEG', 'Vicente Guerrero', '¡lvaro ObregÛn']
2025-05-21 20:11:17 - src.core.utils.logging_config - StoreID:N/A - DEBUG - Obtenidos 4 valores ˙nicos para nivel_educativo en 0.003s
2025-05-21 20:11:17 - src.core.utils.logging_config - StoreID:N/A - DEBUG - Valores para nivel_educativo: ['Bachillerato', 'Preescolar', 'Primaria', 'Secundaria']
2025-05-21 20:11:17 - src.core.utils.logging_config - StoreID:N/A - DEBUG - Obtenidos 3 valores ˙nicos para genero en 0.007s
2025-05-21 20:11:17 - src.core.utils.logging_config - StoreID:N/A - DEBUG - Valores para genero: ['Hombre', 'Mujer', 'Unisex']
2025-05-21 20:11:17 - src.core.utils.logging_config - StoreID:N/A - DEBUG - Obtenidos 2 valores ˙nicos para marca en 0.006s
2025-05-21 20:11:17 - src.core.utils.logging_config - StoreID:N/A - DEBUG - Valores para marca: ['Claudia', 'Prowear']
2025-05-21 20:11:17 - src.core.utils.logging_config - StoreID:N/A - DEBUG - Obtenidos 40 valores ˙nicos para talla en 0.007s
2025-05-21 20:11:17 - src.core.utils.logging_config - StoreID:N/A - DEBUG - Valores para talla: ['2', '3', '4', '5', '6', '7', '8', '9', '10', '11', '12', '13', '14', '16', '18', '20', '28', '30', '32', '34', '36', '38', '40', '42', '44', '46', 'CH', 'MD', 'GD', 'EXG', 'Uni', '0-0', '0-2', '3-5', '6-8', '9-12', '13-18', 'CH-MD', 'GD-EXG', 'Dama']
2025-05-21 20:11:17 - src.core.utils.logging_config - StoreID:N/A - INFO - Comboboxes inicializados correctamente
2025-05-21 20:11:17 - src.core.utils.logging_config - StoreID:N/A - DEBUG - Label de filtros actualizado: Sin filtros activos
2025-05-21 20:11:17 - src.core.utils.logging_config - StoreID:N/A - DEBUG - Lock interface called with lock=True, tree exists=1
2025-05-21 20:11:17 - src.core.utils.logging_config - StoreID:N/A - DEBUG - Cargando productos para p·gina 1, batch_size=30
2025-05-21 20:11:17 - src.core.utils.logging_config - StoreID:N/A - DEBUG - Actualizando paginaciÛn: total_items=2678, current_page=0, total_pages=90
2025-05-21 20:11:17 - src.core.utils.logging_config - StoreID:N/A - DEBUG - Texto de paginaciÛn actualizado: P·gina 1 de 90
2025-05-21 20:11:17 - src.core.utils.logging_config - StoreID:N/A - DEBUG - Conteo de selecciÛn actualizado: 0/30
2025-05-21 20:11:17 - src.core.utils.logging_config - StoreID:N/A - INFO - Cargados 30 productos, p·gina 1, total p·ginas: 90, tiempo: 0.134s
2025-05-21 20:11:17 - src.core.utils.logging_config - StoreID:N/A - DEBUG - Lock interface called with lock=False, tree exists=1
2025-05-21 20:11:17 - src.core.utils.logging_config - StoreID:N/A - DEBUG - Inicializando comboboxes para filtros
2025-05-21 20:11:17 - src.core.utils.logging_config - StoreID:N/A - DEBUG - Obtenidos 26 valores ˙nicos para color en 0.000s
2025-05-21 20:11:17 - src.core.utils.logging_config - StoreID:N/A - DEBUG - Valores para color: ['Ad hoc', 'Amarillo', 'Azul Marino', 'Azul Rey', 'Azul cielo', 'Beige', 'Bicolor', 'Blanca', 'Blanco', 'CafÈ', 'Camuflaje', 'Doble raya', 'Escoces', 'Gales azul', 'Gales rojo', 'Gales verde', 'Gris', 'Gris claro', 'Gris obscuro', 'Negro', 'Pata de gallo', 'Raya roja', 'Rojo', 'Rosa', 'Verde', 'Vino']
2025-05-21 20:11:17 - src.core.utils.logging_config - StoreID:N/A - DEBUG - Obtenidos 4 valores ˙nicos para tipo_prenda en 0.000s
2025-05-21 20:11:17 - src.core.utils.logging_config - StoreID:N/A - DEBUG - Valores para tipo_prenda: ['Accesorio', 'B·sico', 'Deportivo', 'Oficial']
2025-05-21 20:11:17 - src.core.utils.logging_config - StoreID:N/A - DEBUG - Obtenidos 19 valores ˙nicos para tipo_pieza en 0.000s
2025-05-21 20:11:17 - src.core.utils.logging_config - StoreID:N/A - DEBUG - Valores para tipo_pieza: ['Bata', 'Boina', 'Calceta', 'Camisa', 'Chaleco', 'Chamarra', 'Corbata', 'CorbatÌn', 'Falda', 'Guante', 'Jumper', 'Malla', 'MoÒo', 'PantalÛn', 'Pants 2pz', 'Pants 3pz', 'Pants Suelto', 'Playera', 'SuÈter']
2025-05-21 20:11:17 - src.core.utils.logging_config - StoreID:N/A - DEBUG - Obtenidos 19 valores ˙nicos para atributo en 0.000s
2025-05-21 20:11:17 - src.core.utils.logging_config - StoreID:N/A - DEBUG - Valores para atributo: ['Botones', 'Chazarilla', 'Cuatro tablas', 'Cuello V', 'Deportiva', 'Deportivo', 'Escolar', 'Escolta', 'Infantil', 'Liso', 'Manga Corta', 'Manga Larga', 'Polo', 'Pretina', 'Punto', 'Resorte', 'Tableada', 'Tortuga', 'Vestir']
2025-05-21 20:11:17 - src.core.utils.logging_config - StoreID:N/A - DEBUG - Obtenidos 46 valores ˙nicos para escuela en 0.000s
2025-05-21 20:11:17 - src.core.utils.logging_config - StoreID:N/A - DEBUG - Valores para escuela: ['16 de Septiembre', 'Albino GarcÌa Ramos', 'Benito Ju·rez', 'Bicentenario', 'Blanca VerÛnica Soto MartÌnez PrÌncipes', 'CBTIS 148', 'CECYTE', 'Club Rotario', 'Colegio Motolinea', 'Conalep', 'Emiliano Zapata', 'Erasmo Castellano', 'EsTv 154', 'Francisco Gonz·lez Bocanegra', 'Francisco Villa', 'Frida Kahlo', 'Guillermo Prieto', 'Himno Nacional', 'Ignacio Allende', 'Ignacio Zaragoza', 'J. Guadalupe Victoria', 'Jean Piaget', 'Jorge Cantor', 'Josefa Ortiz de DomÌnguez', 'JosÈ MarÌa Morelos', 'JosÈ MarÌa Morelos y PavÛn', 'Justo Sierra', 'Manuel GutiÈrrez N·jera', 'Margarita Paz Paredes', 'Miguel Campuzano', 'Miguel Hidalgo', 'Narciso Mendoza', 'NiÒos HÈroes', 'Omecalli', 'Paolo Fraire', 'Patria', 'Pr·xedis Guerrero', 'Rafael RamÌrez', 'SABES', 'Sor Juana InÈs de la Cruz', 'Telesecundaria 454', 'Telesecundaria 512', 'TÈcnica de San Bartolo', 'UVEG', 'Vicente Guerrero', '¡lvaro ObregÛn']
2025-05-21 20:11:17 - src.core.utils.logging_config - StoreID:N/A - DEBUG - Obtenidos 4 valores ˙nicos para nivel_educativo en 0.000s
2025-05-21 20:11:17 - src.core.utils.logging_config - StoreID:N/A - DEBUG - Valores para nivel_educativo: ['Bachillerato', 'Preescolar', 'Primaria', 'Secundaria']
2025-05-21 20:11:17 - src.core.utils.logging_config - StoreID:N/A - DEBUG - Obtenidos 3 valores ˙nicos para genero en 0.000s
2025-05-21 20:11:17 - src.core.utils.logging_config - StoreID:N/A - DEBUG - Valores para genero: ['Hombre', 'Mujer', 'Unisex']
2025-05-21 20:11:17 - src.core.utils.logging_config - StoreID:N/A - DEBUG - Obtenidos 2 valores ˙nicos para marca en 0.000s
2025-05-21 20:11:17 - src.core.utils.logging_config - StoreID:N/A - DEBUG - Valores para marca: ['Claudia', 'Prowear']
2025-05-21 20:11:17 - src.core.utils.logging_config - StoreID:N/A - DEBUG - Obtenidos 40 valores ˙nicos para talla en 0.000s
2025-05-21 20:11:17 - src.core.utils.logging_config - StoreID:N/A - DEBUG - Valores para talla: ['2', '3', '4', '5', '6', '7', '8', '9', '10', '11', '12', '13', '14', '16', '18', '20', '28', '30', '32', '34', '36', '38', '40', '42', '44', '46', 'CH', 'MD', 'GD', 'EXG', 'Uni', '0-0', '0-2', '3-5', '6-8', '9-12', '13-18', 'CH-MD', 'GD-EXG', 'Dama']
2025-05-21 20:11:17 - src.core.utils.logging_config - StoreID:N/A - INFO - Comboboxes inicializados correctamente
2025-05-21 20:11:17 - src.core.utils.logging_config - StoreID:N/A - DEBUG - Label de filtros actualizado: Sin filtros activos
2025-05-21 20:11:17 - src.core.utils.logging_config - StoreID:N/A - DEBUG - Lock interface called with lock=True, tree exists=1
2025-05-21 20:11:17 - src.core.utils.logging_config - StoreID:N/A - DEBUG - Cargando productos para p·gina 1, batch_size=30
2025-05-21 20:11:17 - src.core.utils.logging_config - StoreID:N/A - DEBUG - Actualizando paginaciÛn: total_items=2678, current_page=0, total_pages=90
2025-05-21 20:11:17 - src.core.utils.logging_config - StoreID:N/A - DEBUG - Texto de paginaciÛn actualizado: P·gina 1 de 90
2025-05-21 20:11:17 - src.core.utils.logging_config - StoreID:N/A - DEBUG - Conteo de selecciÛn actualizado: 0/30
2025-05-21 20:11:17 - src.core.utils.logging_config - StoreID:N/A - INFO - Cargados 30 productos, p·gina 1, total p·ginas: 90, tiempo: 0.130s
2025-05-21 20:11:17 - src.core.utils.logging_config - StoreID:N/A - DEBUG - Lock interface called with lock=False, tree exists=1
2025-05-21 20:11:18 - src.core.utils.logging_config - StoreID:N/A - DEBUG - Inicializando CheckComboBox con column=None
2025-05-21 20:11:18 - src.core.utils.logging_config - StoreID:N/A - DEBUG - CheckComboBox creado con label=Escuelas, column=None
2025-05-21 20:11:21 - src.core.utils.logging_config - StoreID:N/A - INFO - Inicializando ProductManagerLogic para tienda 1
2025-05-21 20:11:21 - src.core.utils.logging_config - StoreID:N/A - DEBUG - ProductEditForm inicializado para tienda 1
2025-05-21 20:11:21 - src.core.utils.logging_config - StoreID:N/A - INFO - Inicializando ProductManagerUI para tienda 1
2025-05-21 20:11:21 - src.core.utils.logging_config - StoreID:N/A - DEBUG - Õcono cargado: edit
2025-05-21 20:11:21 - src.core.utils.logging_config - StoreID:N/A - DEBUG - Õcono cargado: copy
2025-05-21 20:11:21 - src.core.utils.logging_config - StoreID:N/A - DEBUG - Õcono cargado: delete
2025-05-21 20:11:21 - src.core.utils.logging_config - StoreID:N/A - DEBUG - Õcono cargado: duplicate
2025-05-21 20:11:21 - src.core.utils.logging_config - StoreID:N/A - DEBUG - Õcono cargado: price
2025-05-21 20:11:21 - src.core.utils.logging_config - StoreID:N/A - DEBUG - Õcono cargado: print
2025-05-21 20:11:21 - src.core.utils.logging_config - StoreID:N/A - DEBUG - Õcono cargado: inventory
2025-05-21 20:11:22 - src.core.utils.logging_config - StoreID:N/A - DEBUG - Inicializando CheckComboBox con column=color
2025-05-21 20:11:22 - src.core.utils.logging_config - StoreID:N/A - DEBUG - CheckComboBox creado con label=Color, column=color
2025-05-21 20:11:22 - src.core.utils.logging_config - StoreID:N/A - DEBUG - Inicializando CheckComboBox con column=tipo_prenda
2025-05-21 20:11:22 - src.core.utils.logging_config - StoreID:N/A - DEBUG - CheckComboBox creado con label=Tipo Prenda, column=tipo_prenda
2025-05-21 20:11:22 - src.core.utils.logging_config - StoreID:N/A - DEBUG - Inicializando CheckComboBox con column=tipo_pieza
2025-05-21 20:11:22 - src.core.utils.logging_config - StoreID:N/A - DEBUG - CheckComboBox creado con label=Tipo Pieza, column=tipo_pieza
2025-05-21 20:11:22 - src.core.utils.logging_config - StoreID:N/A - DEBUG - Inicializando CheckComboBox con column=atributo
2025-05-21 20:11:22 - src.core.utils.logging_config - StoreID:N/A - DEBUG - CheckComboBox creado con label=Atributo, column=atributo
2025-05-21 20:11:22 - src.core.utils.logging_config - StoreID:N/A - DEBUG - Inicializando CheckComboBox con column=escuela
2025-05-21 20:11:22 - src.core.utils.logging_config - StoreID:N/A - DEBUG - CheckComboBox creado con label=Escuela, column=escuela
2025-05-21 20:11:22 - src.core.utils.logging_config - StoreID:N/A - DEBUG - Inicializando CheckComboBox con column=nivel_educativo
2025-05-21 20:11:22 - src.core.utils.logging_config - StoreID:N/A - DEBUG - CheckComboBox creado con label=Nivel Educativo, column=nivel_educativo
2025-05-21 20:11:22 - src.core.utils.logging_config - StoreID:N/A - DEBUG - Inicializando CheckComboBox con column=genero
2025-05-21 20:11:22 - src.core.utils.logging_config - StoreID:N/A - DEBUG - CheckComboBox creado con label=GÈnero, column=genero
2025-05-21 20:11:22 - src.core.utils.logging_config - StoreID:N/A - DEBUG - Inicializando CheckComboBox con column=marca
2025-05-21 20:11:22 - src.core.utils.logging_config - StoreID:N/A - DEBUG - CheckComboBox creado con label=Marca, column=marca
2025-05-21 20:11:22 - src.core.utils.logging_config - StoreID:N/A - DEBUG - Inicializando CheckComboBox con column=talla
2025-05-21 20:11:22 - src.core.utils.logging_config - StoreID:N/A - DEBUG - CheckComboBox creado con label=Talla, column=talla
2025-05-21 20:11:23 - src.core.utils.logging_config - StoreID:N/A - DEBUG - Inicializando comboboxes para filtros
2025-05-21 20:11:23 - src.core.utils.logging_config - StoreID:N/A - DEBUG - Obtenidos 26 valores ˙nicos para color en 0.004s
2025-05-21 20:11:23 - src.core.utils.logging_config - StoreID:N/A - DEBUG - Valores para color: ['Ad hoc', 'Amarillo', 'Azul Marino', 'Azul Rey', 'Azul cielo', 'Beige', 'Bicolor', 'Blanca', 'Blanco', 'CafÈ', 'Camuflaje', 'Doble raya', 'Escoces', 'Gales azul', 'Gales rojo', 'Gales verde', 'Gris', 'Gris claro', 'Gris obscuro', 'Negro', 'Pata de gallo', 'Raya roja', 'Rojo', 'Rosa', 'Verde', 'Vino']
2025-05-21 20:11:23 - src.core.utils.logging_config - StoreID:N/A - DEBUG - Obtenidos 4 valores ˙nicos para tipo_prenda en 0.006s
2025-05-21 20:11:23 - src.core.utils.logging_config - StoreID:N/A - DEBUG - Valores para tipo_prenda: ['Accesorio', 'B·sico', 'Deportivo', 'Oficial']
2025-05-21 20:11:23 - src.core.utils.logging_config - StoreID:N/A - DEBUG - Obtenidos 19 valores ˙nicos para tipo_pieza en 0.007s
2025-05-21 20:11:23 - src.core.utils.logging_config - StoreID:N/A - DEBUG - Valores para tipo_pieza: ['Bata', 'Boina', 'Calceta', 'Camisa', 'Chaleco', 'Chamarra', 'Corbata', 'CorbatÌn', 'Falda', 'Guante', 'Jumper', 'Malla', 'MoÒo', 'PantalÛn', 'Pants 2pz', 'Pants 3pz', 'Pants Suelto', 'Playera', 'SuÈter']
2025-05-21 20:11:23 - src.core.utils.logging_config - StoreID:N/A - DEBUG - Obtenidos 19 valores ˙nicos para atributo en 0.006s
2025-05-21 20:11:23 - src.core.utils.logging_config - StoreID:N/A - DEBUG - Valores para atributo: ['Botones', 'Chazarilla', 'Cuatro tablas', 'Cuello V', 'Deportiva', 'Deportivo', 'Escolar', 'Escolta', 'Infantil', 'Liso', 'Manga Corta', 'Manga Larga', 'Polo', 'Pretina', 'Punto', 'Resorte', 'Tableada', 'Tortuga', 'Vestir']
2025-05-21 20:11:23 - src.core.utils.logging_config - StoreID:N/A - DEBUG - Obtenidos 46 valores ˙nicos para escuela en 0.003s
2025-05-21 20:11:23 - src.core.utils.logging_config - StoreID:N/A - DEBUG - Valores para escuela: ['16 de Septiembre', 'Albino GarcÌa Ramos', 'Benito Ju·rez', 'Bicentenario', 'Blanca VerÛnica Soto MartÌnez PrÌncipes', 'CBTIS 148', 'CECYTE', 'Club Rotario', 'Colegio Motolinea', 'Conalep', 'Emiliano Zapata', 'Erasmo Castellano', 'EsTv 154', 'Francisco Gonz·lez Bocanegra', 'Francisco Villa', 'Frida Kahlo', 'Guillermo Prieto', 'Himno Nacional', 'Ignacio Allende', 'Ignacio Zaragoza', 'J. Guadalupe Victoria', 'Jean Piaget', 'Jorge Cantor', 'Josefa Ortiz de DomÌnguez', 'JosÈ MarÌa Morelos', 'JosÈ MarÌa Morelos y PavÛn', 'Justo Sierra', 'Manuel GutiÈrrez N·jera', 'Margarita Paz Paredes', 'Miguel Campuzano', 'Miguel Hidalgo', 'Narciso Mendoza', 'NiÒos HÈroes', 'Omecalli', 'Paolo Fraire', 'Patria', 'Pr·xedis Guerrero', 'Rafael RamÌrez', 'SABES', 'Sor Juana InÈs de la Cruz', 'Telesecundaria 454', 'Telesecundaria 512', 'TÈcnica de San Bartolo', 'UVEG', 'Vicente Guerrero', '¡lvaro ObregÛn']
2025-05-21 20:11:23 - src.core.utils.logging_config - StoreID:N/A - DEBUG - Obtenidos 4 valores ˙nicos para nivel_educativo en 0.003s
2025-05-21 20:11:23 - src.core.utils.logging_config - StoreID:N/A - DEBUG - Valores para nivel_educativo: ['Bachillerato', 'Preescolar', 'Primaria', 'Secundaria']
2025-05-21 20:11:23 - src.core.utils.logging_config - StoreID:N/A - DEBUG - Obtenidos 3 valores ˙nicos para genero en 0.006s
2025-05-21 20:11:23 - src.core.utils.logging_config - StoreID:N/A - DEBUG - Valores para genero: ['Hombre', 'Mujer', 'Unisex']
2025-05-21 20:11:23 - src.core.utils.logging_config - StoreID:N/A - DEBUG - Obtenidos 2 valores ˙nicos para marca en 0.005s
2025-05-21 20:11:23 - src.core.utils.logging_config - StoreID:N/A - DEBUG - Valores para marca: ['Claudia', 'Prowear']
2025-05-21 20:11:23 - src.core.utils.logging_config - StoreID:N/A - DEBUG - Obtenidos 40 valores ˙nicos para talla en 0.007s
2025-05-21 20:11:24 - src.core.utils.logging_config - StoreID:N/A - DEBUG - Valores para talla: ['2', '3', '4', '5', '6', '7', '8', '9', '10', '11', '12', '13', '14', '16', '18', '20', '28', '30', '32', '34', '36', '38', '40', '42', '44', '46', 'CH', 'MD', 'GD', 'EXG', 'Uni', '0-0', '0-2', '3-5', '6-8', '9-12', '13-18', 'CH-MD', 'GD-EXG', 'Dama']
2025-05-21 20:11:24 - src.core.utils.logging_config - StoreID:N/A - INFO - Comboboxes inicializados correctamente
2025-05-21 20:11:24 - src.core.utils.logging_config - StoreID:N/A - DEBUG - Label de filtros actualizado: Sin filtros activos
2025-05-21 20:11:24 - src.core.utils.logging_config - StoreID:N/A - DEBUG - Lock interface called with lock=True, tree exists=1
2025-05-21 20:11:24 - src.core.utils.logging_config - StoreID:N/A - DEBUG - Cargando productos para p·gina 1, batch_size=30
2025-05-21 20:11:24 - src.core.utils.logging_config - StoreID:N/A - DEBUG - Actualizando paginaciÛn: total_items=2678, current_page=0, total_pages=90
2025-05-21 20:11:24 - src.core.utils.logging_config - StoreID:N/A - DEBUG - Texto de paginaciÛn actualizado: P·gina 1 de 90
2025-05-21 20:11:24 - src.core.utils.logging_config - StoreID:N/A - DEBUG - Conteo de selecciÛn actualizado: 0/30
2025-05-21 20:11:24 - src.core.utils.logging_config - StoreID:N/A - INFO - Cargados 30 productos, p·gina 1, total p·ginas: 90, tiempo: 0.138s
2025-05-21 20:11:24 - src.core.utils.logging_config - StoreID:N/A - DEBUG - Lock interface called with lock=False, tree exists=1
2025-05-21 20:11:24 - src.core.utils.logging_config - StoreID:N/A - DEBUG - Inicializando comboboxes para filtros
2025-05-21 20:11:24 - src.core.utils.logging_config - StoreID:N/A - DEBUG - Obtenidos 26 valores ˙nicos para color en 0.000s
2025-05-21 20:11:24 - src.core.utils.logging_config - StoreID:N/A - DEBUG - Valores para color: ['Ad hoc', 'Amarillo', 'Azul Marino', 'Azul Rey', 'Azul cielo', 'Beige', 'Bicolor', 'Blanca', 'Blanco', 'CafÈ', 'Camuflaje', 'Doble raya', 'Escoces', 'Gales azul', 'Gales rojo', 'Gales verde', 'Gris', 'Gris claro', 'Gris obscuro', 'Negro', 'Pata de gallo', 'Raya roja', 'Rojo', 'Rosa', 'Verde', 'Vino']
2025-05-21 20:11:24 - src.core.utils.logging_config - StoreID:N/A - DEBUG - Obtenidos 4 valores ˙nicos para tipo_prenda en 0.000s
2025-05-21 20:11:24 - src.core.utils.logging_config - StoreID:N/A - DEBUG - Valores para tipo_prenda: ['Accesorio', 'B·sico', 'Deportivo', 'Oficial']
2025-05-21 20:11:24 - src.core.utils.logging_config - StoreID:N/A - DEBUG - Obtenidos 19 valores ˙nicos para tipo_pieza en 0.000s
2025-05-21 20:11:24 - src.core.utils.logging_config - StoreID:N/A - DEBUG - Valores para tipo_pieza: ['Bata', 'Boina', 'Calceta', 'Camisa', 'Chaleco', 'Chamarra', 'Corbata', 'CorbatÌn', 'Falda', 'Guante', 'Jumper', 'Malla', 'MoÒo', 'PantalÛn', 'Pants 2pz', 'Pants 3pz', 'Pants Suelto', 'Playera', 'SuÈter']
2025-05-21 20:11:24 - src.core.utils.logging_config - StoreID:N/A - DEBUG - Obtenidos 19 valores ˙nicos para atributo en 0.000s
2025-05-21 20:11:24 - src.core.utils.logging_config - StoreID:N/A - DEBUG - Valores para atributo: ['Botones', 'Chazarilla', 'Cuatro tablas', 'Cuello V', 'Deportiva', 'Deportivo', 'Escolar', 'Escolta', 'Infantil', 'Liso', 'Manga Corta', 'Manga Larga', 'Polo', 'Pretina', 'Punto', 'Resorte', 'Tableada', 'Tortuga', 'Vestir']
2025-05-21 20:11:24 - src.core.utils.logging_config - StoreID:N/A - DEBUG - Obtenidos 46 valores ˙nicos para escuela en 0.000s
2025-05-21 20:11:24 - src.core.utils.logging_config - StoreID:N/A - DEBUG - Valores para escuela: ['16 de Septiembre', 'Albino GarcÌa Ramos', 'Benito Ju·rez', 'Bicentenario', 'Blanca VerÛnica Soto MartÌnez PrÌncipes', 'CBTIS 148', 'CECYTE', 'Club Rotario', 'Colegio Motolinea', 'Conalep', 'Emiliano Zapata', 'Erasmo Castellano', 'EsTv 154', 'Francisco Gonz·lez Bocanegra', 'Francisco Villa', 'Frida Kahlo', 'Guillermo Prieto', 'Himno Nacional', 'Ignacio Allende', 'Ignacio Zaragoza', 'J. Guadalupe Victoria', 'Jean Piaget', 'Jorge Cantor', 'Josefa Ortiz de DomÌnguez', 'JosÈ MarÌa Morelos', 'JosÈ MarÌa Morelos y PavÛn', 'Justo Sierra', 'Manuel GutiÈrrez N·jera', 'Margarita Paz Paredes', 'Miguel Campuzano', 'Miguel Hidalgo', 'Narciso Mendoza', 'NiÒos HÈroes', 'Omecalli', 'Paolo Fraire', 'Patria', 'Pr·xedis Guerrero', 'Rafael RamÌrez', 'SABES', 'Sor Juana InÈs de la Cruz', 'Telesecundaria 454', 'Telesecundaria 512', 'TÈcnica de San Bartolo', 'UVEG', 'Vicente Guerrero', '¡lvaro ObregÛn']
2025-05-21 20:11:24 - src.core.utils.logging_config - StoreID:N/A - DEBUG - Obtenidos 4 valores ˙nicos para nivel_educativo en 0.000s
2025-05-21 20:11:24 - src.core.utils.logging_config - StoreID:N/A - DEBUG - Valores para nivel_educativo: ['Bachillerato', 'Preescolar', 'Primaria', 'Secundaria']
2025-05-21 20:11:24 - src.core.utils.logging_config - StoreID:N/A - DEBUG - Obtenidos 3 valores ˙nicos para genero en 0.000s
2025-05-21 20:11:24 - src.core.utils.logging_config - StoreID:N/A - DEBUG - Valores para genero: ['Hombre', 'Mujer', 'Unisex']
2025-05-21 20:11:24 - src.core.utils.logging_config - StoreID:N/A - DEBUG - Obtenidos 2 valores ˙nicos para marca en 0.000s
2025-05-21 20:11:24 - src.core.utils.logging_config - StoreID:N/A - DEBUG - Valores para marca: ['Claudia', 'Prowear']
2025-05-21 20:11:24 - src.core.utils.logging_config - StoreID:N/A - DEBUG - Obtenidos 40 valores ˙nicos para talla en 0.000s
2025-05-21 20:11:24 - src.core.utils.logging_config - StoreID:N/A - DEBUG - Valores para talla: ['2', '3', '4', '5', '6', '7', '8', '9', '10', '11', '12', '13', '14', '16', '18', '20', '28', '30', '32', '34', '36', '38', '40', '42', '44', '46', 'CH', 'MD', 'GD', 'EXG', 'Uni', '0-0', '0-2', '3-5', '6-8', '9-12', '13-18', 'CH-MD', 'GD-EXG', 'Dama']
2025-05-21 20:11:24 - src.core.utils.logging_config - StoreID:N/A - INFO - Comboboxes inicializados correctamente
2025-05-21 20:11:24 - src.core.utils.logging_config - StoreID:N/A - DEBUG - Label de filtros actualizado: Sin filtros activos
2025-05-21 20:11:24 - src.core.utils.logging_config - StoreID:N/A - DEBUG - Lock interface called with lock=True, tree exists=1
2025-05-21 20:11:24 - src.core.utils.logging_config - StoreID:N/A - DEBUG - Cargando productos para p·gina 1, batch_size=30
2025-05-21 20:11:24 - src.core.utils.logging_config - StoreID:N/A - DEBUG - Actualizando paginaciÛn: total_items=2678, current_page=0, total_pages=90
2025-05-21 20:11:24 - src.core.utils.logging_config - StoreID:N/A - DEBUG - Texto de paginaciÛn actualizado: P·gina 1 de 90
2025-05-21 20:11:24 - src.core.utils.logging_config - StoreID:N/A - DEBUG - Conteo de selecciÛn actualizado: 0/30
2025-05-21 20:11:24 - src.core.utils.logging_config - StoreID:N/A - INFO - Cargados 30 productos, p·gina 1, total p·ginas: 90, tiempo: 0.147s
2025-05-21 20:11:24 - src.core.utils.logging_config - StoreID:N/A - DEBUG - Lock interface called with lock=False, tree exists=1
2025-05-21 20:27:33 - src.core.utils.logging_config - StoreID:N/A - INFO - Inicializando ProductManagerLogic para tienda 1
2025-05-21 20:27:33 - src.core.utils.logging_config - StoreID:N/A - DEBUG - ProductEditForm inicializado para tienda 1
2025-05-21 20:27:33 - src.core.utils.logging_config - StoreID:N/A - INFO - Inicializando ProductManagerUI para tienda 1
2025-05-21 20:27:33 - src.core.utils.logging_config - StoreID:N/A - DEBUG - Õcono cargado: edit
2025-05-21 20:27:33 - src.core.utils.logging_config - StoreID:N/A - DEBUG - Õcono cargado: copy
2025-05-21 20:27:33 - src.core.utils.logging_config - StoreID:N/A - DEBUG - Õcono cargado: delete
2025-05-21 20:27:33 - src.core.utils.logging_config - StoreID:N/A - DEBUG - Õcono cargado: duplicate
2025-05-21 20:27:33 - src.core.utils.logging_config - StoreID:N/A - DEBUG - Õcono cargado: price
2025-05-21 20:27:33 - src.core.utils.logging_config - StoreID:N/A - DEBUG - Õcono cargado: print
2025-05-21 20:27:33 - src.core.utils.logging_config - StoreID:N/A - DEBUG - Õcono cargado: inventory
2025-05-21 20:27:34 - src.core.utils.logging_config - StoreID:N/A - DEBUG - Inicializando CheckComboBox con column=color
2025-05-21 20:27:34 - src.core.utils.logging_config - StoreID:N/A - DEBUG - CheckComboBox creado con label=Color, column=color
2025-05-21 20:27:34 - src.core.utils.logging_config - StoreID:N/A - DEBUG - Inicializando CheckComboBox con column=tipo_prenda
2025-05-21 20:27:34 - src.core.utils.logging_config - StoreID:N/A - DEBUG - CheckComboBox creado con label=Tipo Prenda, column=tipo_prenda
2025-05-21 20:27:34 - src.core.utils.logging_config - StoreID:N/A - DEBUG - Inicializando CheckComboBox con column=tipo_pieza
2025-05-21 20:27:34 - src.core.utils.logging_config - StoreID:N/A - DEBUG - CheckComboBox creado con label=Tipo Pieza, column=tipo_pieza
2025-05-21 20:27:34 - src.core.utils.logging_config - StoreID:N/A - DEBUG - Inicializando CheckComboBox con column=atributo
2025-05-21 20:27:34 - src.core.utils.logging_config - StoreID:N/A - DEBUG - CheckComboBox creado con label=Atributo, column=atributo
2025-05-21 20:27:34 - src.core.utils.logging_config - StoreID:N/A - DEBUG - Inicializando CheckComboBox con column=escuela
2025-05-21 20:27:34 - src.core.utils.logging_config - StoreID:N/A - DEBUG - CheckComboBox creado con label=Escuela, column=escuela
2025-05-21 20:27:34 - src.core.utils.logging_config - StoreID:N/A - DEBUG - Inicializando CheckComboBox con column=nivel_educativo
2025-05-21 20:27:34 - src.core.utils.logging_config - StoreID:N/A - DEBUG - CheckComboBox creado con label=Nivel Educativo, column=nivel_educativo
2025-05-21 20:27:34 - src.core.utils.logging_config - StoreID:N/A - DEBUG - Inicializando CheckComboBox con column=genero
2025-05-21 20:27:34 - src.core.utils.logging_config - StoreID:N/A - DEBUG - CheckComboBox creado con label=GÈnero, column=genero
2025-05-21 20:27:34 - src.core.utils.logging_config - StoreID:N/A - DEBUG - Inicializando CheckComboBox con column=marca
2025-05-21 20:27:34 - src.core.utils.logging_config - StoreID:N/A - DEBUG - CheckComboBox creado con label=Marca, column=marca
2025-05-21 20:27:34 - src.core.utils.logging_config - StoreID:N/A - DEBUG - Inicializando CheckComboBox con column=talla
2025-05-21 20:27:34 - src.core.utils.logging_config - StoreID:N/A - DEBUG - CheckComboBox creado con label=Talla, column=talla
2025-05-21 20:27:34 - src.core.utils.logging_config - StoreID:N/A - DEBUG - Inicializando comboboxes para filtros
2025-05-21 20:27:34 - src.core.utils.logging_config - StoreID:N/A - DEBUG - Obtenidos 26 valores ˙nicos para color en 0.005s
2025-05-21 20:27:34 - src.core.utils.logging_config - StoreID:N/A - DEBUG - Valores para color: ['Ad hoc', 'Amarillo', 'Azul Marino', 'Azul Rey', 'Azul cielo', 'Beige', 'Bicolor', 'Blanca', 'Blanco', 'CafÈ', 'Camuflaje', 'Doble raya', 'Escoces', 'Gales azul', 'Gales rojo', 'Gales verde', 'Gris', 'Gris claro', 'Gris obscuro', 'Negro', 'Pata de gallo', 'Raya roja', 'Rojo', 'Rosa', 'Verde', 'Vino']
2025-05-21 20:27:34 - src.core.utils.logging_config - StoreID:N/A - DEBUG - Obtenidos 4 valores ˙nicos para tipo_prenda en 0.008s
2025-05-21 20:27:34 - src.core.utils.logging_config - StoreID:N/A - DEBUG - Valores para tipo_prenda: ['Accesorio', 'B·sico', 'Deportivo', 'Oficial']
2025-05-21 20:27:34 - src.core.utils.logging_config - StoreID:N/A - DEBUG - Obtenidos 19 valores ˙nicos para tipo_pieza en 0.007s
2025-05-21 20:27:34 - src.core.utils.logging_config - StoreID:N/A - DEBUG - Valores para tipo_pieza: ['Bata', 'Boina', 'Calceta', 'Camisa', 'Chaleco', 'Chamarra', 'Corbata', 'CorbatÌn', 'Falda', 'Guante', 'Jumper', 'Malla', 'MoÒo', 'PantalÛn', 'Pants 2pz', 'Pants 3pz', 'Pants Suelto', 'Playera', 'SuÈter']
2025-05-21 20:27:34 - src.core.utils.logging_config - StoreID:N/A - DEBUG - Obtenidos 19 valores ˙nicos para atributo en 0.007s
2025-05-21 20:27:34 - src.core.utils.logging_config - StoreID:N/A - DEBUG - Valores para atributo: ['Botones', 'Chazarilla', 'Cuatro tablas', 'Cuello V', 'Deportiva', 'Deportivo', 'Escolar', 'Escolta', 'Infantil', 'Liso', 'Manga Corta', 'Manga Larga', 'Polo', 'Pretina', 'Punto', 'Resorte', 'Tableada', 'Tortuga', 'Vestir']
2025-05-21 20:27:34 - src.core.utils.logging_config - StoreID:N/A - DEBUG - Obtenidos 46 valores ˙nicos para escuela en 0.004s
2025-05-21 20:27:34 - src.core.utils.logging_config - StoreID:N/A - DEBUG - Valores para escuela: ['16 de Septiembre', 'Albino GarcÌa Ramos', 'Benito Ju·rez', 'Bicentenario', 'Blanca VerÛnica Soto MartÌnez PrÌncipes', 'CBTIS 148', 'CECYTE', 'Club Rotario', 'Colegio Motolinea', 'Conalep', 'Emiliano Zapata', 'Erasmo Castellano', 'EsTv 154', 'Francisco Gonz·lez Bocanegra', 'Francisco Villa', 'Frida Kahlo', 'Guillermo Prieto', 'Himno Nacional', 'Ignacio Allende', 'Ignacio Zaragoza', 'J. Guadalupe Victoria', 'Jean Piaget', 'Jorge Cantor', 'Josefa Ortiz de DomÌnguez', 'JosÈ MarÌa Morelos', 'JosÈ MarÌa Morelos y PavÛn', 'Justo Sierra', 'Manuel GutiÈrrez N·jera', 'Margarita Paz Paredes', 'Miguel Campuzano', 'Miguel Hidalgo', 'Narciso Mendoza', 'NiÒos HÈroes', 'Omecalli', 'Paolo Fraire', 'Patria', 'Pr·xedis Guerrero', 'Rafael RamÌrez', 'SABES', 'Sor Juana InÈs de la Cruz', 'Telesecundaria 454', 'Telesecundaria 512', 'TÈcnica de San Bartolo', 'UVEG', 'Vicente Guerrero', '¡lvaro ObregÛn']
2025-05-21 20:27:34 - src.core.utils.logging_config - StoreID:N/A - DEBUG - Obtenidos 4 valores ˙nicos para nivel_educativo en 0.003s
2025-05-21 20:27:34 - src.core.utils.logging_config - StoreID:N/A - DEBUG - Valores para nivel_educativo: ['Bachillerato', 'Preescolar', 'Primaria', 'Secundaria']
2025-05-21 20:27:34 - src.core.utils.logging_config - StoreID:N/A - DEBUG - Obtenidos 3 valores ˙nicos para genero en 0.006s
2025-05-21 20:27:34 - src.core.utils.logging_config - StoreID:N/A - DEBUG - Valores para genero: ['Hombre', 'Mujer', 'Unisex']
2025-05-21 20:27:34 - src.core.utils.logging_config - StoreID:N/A - DEBUG - Obtenidos 2 valores ˙nicos para marca en 0.006s
2025-05-21 20:27:34 - src.core.utils.logging_config - StoreID:N/A - DEBUG - Valores para marca: ['Claudia', 'Prowear']
2025-05-21 20:27:34 - src.core.utils.logging_config - StoreID:N/A - DEBUG - Obtenidos 40 valores ˙nicos para talla en 0.007s
2025-05-21 20:27:34 - src.core.utils.logging_config - StoreID:N/A - DEBUG - Valores para talla: ['2', '3', '4', '5', '6', '7', '8', '9', '10', '11', '12', '13', '14', '16', '18', '20', '28', '30', '32', '34', '36', '38', '40', '42', '44', '46', 'CH', 'MD', 'GD', 'EXG', 'Uni', '0-0', '0-2', '3-5', '6-8', '9-12', '13-18', 'CH-MD', 'GD-EXG', 'Dama']
2025-05-21 20:27:34 - src.core.utils.logging_config - StoreID:N/A - INFO - Comboboxes inicializados correctamente
2025-05-21 20:27:34 - src.core.utils.logging_config - StoreID:N/A - DEBUG - Label de filtros actualizado: Sin filtros activos
2025-05-21 20:27:34 - src.core.utils.logging_config - StoreID:N/A - DEBUG - Lock interface called with lock=True, tree exists=1
2025-05-21 20:27:35 - src.core.utils.logging_config - StoreID:N/A - DEBUG - Cargando productos para p·gina 1, batch_size=30
2025-05-21 20:27:35 - src.core.utils.logging_config - StoreID:N/A - DEBUG - Actualizando paginaciÛn: total_items=2678, current_page=0, total_pages=90
2025-05-21 20:27:35 - src.core.utils.logging_config - StoreID:N/A - DEBUG - Texto de paginaciÛn actualizado: P·gina 1 de 90
2025-05-21 20:27:35 - src.core.utils.logging_config - StoreID:N/A - DEBUG - Conteo de selecciÛn actualizado: 0/30
2025-05-21 20:27:35 - src.core.utils.logging_config - StoreID:N/A - INFO - Cargados 30 productos, p·gina 1, total p·ginas: 90, tiempo: 0.143s
2025-05-21 20:27:35 - src.core.utils.logging_config - StoreID:N/A - DEBUG - Lock interface called with lock=False, tree exists=1
2025-05-21 20:27:35 - src.core.utils.logging_config - StoreID:N/A - DEBUG - Inicializando comboboxes para filtros
2025-05-21 20:27:35 - src.core.utils.logging_config - StoreID:N/A - DEBUG - Obtenidos 26 valores ˙nicos para color en 0.000s
2025-05-21 20:27:35 - src.core.utils.logging_config - StoreID:N/A - DEBUG - Valores para color: ['Ad hoc', 'Amarillo', 'Azul Marino', 'Azul Rey', 'Azul cielo', 'Beige', 'Bicolor', 'Blanca', 'Blanco', 'CafÈ', 'Camuflaje', 'Doble raya', 'Escoces', 'Gales azul', 'Gales rojo', 'Gales verde', 'Gris', 'Gris claro', 'Gris obscuro', 'Negro', 'Pata de gallo', 'Raya roja', 'Rojo', 'Rosa', 'Verde', 'Vino']
2025-05-21 20:27:35 - src.core.utils.logging_config - StoreID:N/A - DEBUG - Obtenidos 4 valores ˙nicos para tipo_prenda en 0.000s
2025-05-21 20:27:35 - src.core.utils.logging_config - StoreID:N/A - DEBUG - Valores para tipo_prenda: ['Accesorio', 'B·sico', 'Deportivo', 'Oficial']
2025-05-21 20:27:35 - src.core.utils.logging_config - StoreID:N/A - DEBUG - Obtenidos 19 valores ˙nicos para tipo_pieza en 0.000s
2025-05-21 20:27:35 - src.core.utils.logging_config - StoreID:N/A - DEBUG - Valores para tipo_pieza: ['Bata', 'Boina', 'Calceta', 'Camisa', 'Chaleco', 'Chamarra', 'Corbata', 'CorbatÌn', 'Falda', 'Guante', 'Jumper', 'Malla', 'MoÒo', 'PantalÛn', 'Pants 2pz', 'Pants 3pz', 'Pants Suelto', 'Playera', 'SuÈter']
2025-05-21 20:27:35 - src.core.utils.logging_config - StoreID:N/A - DEBUG - Obtenidos 19 valores ˙nicos para atributo en 0.000s
2025-05-21 20:27:35 - src.core.utils.logging_config - StoreID:N/A - DEBUG - Valores para atributo: ['Botones', 'Chazarilla', 'Cuatro tablas', 'Cuello V', 'Deportiva', 'Deportivo', 'Escolar', 'Escolta', 'Infantil', 'Liso', 'Manga Corta', 'Manga Larga', 'Polo', 'Pretina', 'Punto', 'Resorte', 'Tableada', 'Tortuga', 'Vestir']
2025-05-21 20:27:35 - src.core.utils.logging_config - StoreID:N/A - DEBUG - Obtenidos 46 valores ˙nicos para escuela en 0.000s
2025-05-21 20:27:35 - src.core.utils.logging_config - StoreID:N/A - DEBUG - Valores para escuela: ['16 de Septiembre', 'Albino GarcÌa Ramos', 'Benito Ju·rez', 'Bicentenario', 'Blanca VerÛnica Soto MartÌnez PrÌncipes', 'CBTIS 148', 'CECYTE', 'Club Rotario', 'Colegio Motolinea', 'Conalep', 'Emiliano Zapata', 'Erasmo Castellano', 'EsTv 154', 'Francisco Gonz·lez Bocanegra', 'Francisco Villa', 'Frida Kahlo', 'Guillermo Prieto', 'Himno Nacional', 'Ignacio Allende', 'Ignacio Zaragoza', 'J. Guadalupe Victoria', 'Jean Piaget', 'Jorge Cantor', 'Josefa Ortiz de DomÌnguez', 'JosÈ MarÌa Morelos', 'JosÈ MarÌa Morelos y PavÛn', 'Justo Sierra', 'Manuel GutiÈrrez N·jera', 'Margarita Paz Paredes', 'Miguel Campuzano', 'Miguel Hidalgo', 'Narciso Mendoza', 'NiÒos HÈroes', 'Omecalli', 'Paolo Fraire', 'Patria', 'Pr·xedis Guerrero', 'Rafael RamÌrez', 'SABES', 'Sor Juana InÈs de la Cruz', 'Telesecundaria 454', 'Telesecundaria 512', 'TÈcnica de San Bartolo', 'UVEG', 'Vicente Guerrero', '¡lvaro ObregÛn']
2025-05-21 20:27:35 - src.core.utils.logging_config - StoreID:N/A - DEBUG - Obtenidos 4 valores ˙nicos para nivel_educativo en 0.000s
2025-05-21 20:27:35 - src.core.utils.logging_config - StoreID:N/A - DEBUG - Valores para nivel_educativo: ['Bachillerato', 'Preescolar', 'Primaria', 'Secundaria']
2025-05-21 20:27:35 - src.core.utils.logging_config - StoreID:N/A - DEBUG - Obtenidos 3 valores ˙nicos para genero en 0.000s
2025-05-21 20:27:35 - src.core.utils.logging_config - StoreID:N/A - DEBUG - Valores para genero: ['Hombre', 'Mujer', 'Unisex']
2025-05-21 20:27:35 - src.core.utils.logging_config - StoreID:N/A - DEBUG - Obtenidos 2 valores ˙nicos para marca en 0.000s
2025-05-21 20:27:35 - src.core.utils.logging_config - StoreID:N/A - DEBUG - Valores para marca: ['Claudia', 'Prowear']
2025-05-21 20:27:35 - src.core.utils.logging_config - StoreID:N/A - DEBUG - Obtenidos 40 valores ˙nicos para talla en 0.000s
2025-05-21 20:27:35 - src.core.utils.logging_config - StoreID:N/A - DEBUG - Valores para talla: ['2', '3', '4', '5', '6', '7', '8', '9', '10', '11', '12', '13', '14', '16', '18', '20', '28', '30', '32', '34', '36', '38', '40', '42', '44', '46', 'CH', 'MD', 'GD', 'EXG', 'Uni', '0-0', '0-2', '3-5', '6-8', '9-12', '13-18', 'CH-MD', 'GD-EXG', 'Dama']
2025-05-21 20:27:35 - src.core.utils.logging_config - StoreID:N/A - INFO - Comboboxes inicializados correctamente
2025-05-21 20:27:35 - src.core.utils.logging_config - StoreID:N/A - DEBUG - Label de filtros actualizado: Sin filtros activos
2025-05-21 20:27:35 - src.core.utils.logging_config - StoreID:N/A - DEBUG - Lock interface called with lock=True, tree exists=1
2025-05-21 20:27:35 - src.core.utils.logging_config - StoreID:N/A - DEBUG - Cargando productos para p·gina 1, batch_size=30
2025-05-21 20:27:35 - src.core.utils.logging_config - StoreID:N/A - DEBUG - Actualizando paginaciÛn: total_items=2678, current_page=0, total_pages=90
2025-05-21 20:27:35 - src.core.utils.logging_config - StoreID:N/A - DEBUG - Texto de paginaciÛn actualizado: P·gina 1 de 90
2025-05-21 20:27:35 - src.core.utils.logging_config - StoreID:N/A - DEBUG - Conteo de selecciÛn actualizado: 0/30
2025-05-21 20:27:35 - src.core.utils.logging_config - StoreID:N/A - INFO - Cargados 30 productos, p·gina 1, total p·ginas: 90, tiempo: 0.137s
2025-05-21 20:27:35 - src.core.utils.logging_config - StoreID:N/A - DEBUG - Lock interface called with lock=False, tree exists=1
2025-05-21 20:27:36 - src.core.utils.logging_config - StoreID:N/A - DEBUG - Inicializando CheckComboBox con column=None
2025-05-21 20:27:36 - src.core.utils.logging_config - StoreID:N/A - DEBUG - CheckComboBox creado con label=Escuelas, column=None
2025-05-21 20:27:39 - src.core.utils.logging_config - StoreID:N/A - INFO - Inicializando ProductManagerLogic para tienda 1
2025-05-21 20:27:39 - src.core.utils.logging_config - StoreID:N/A - DEBUG - ProductEditForm inicializado para tienda 1
2025-05-21 20:27:39 - src.core.utils.logging_config - StoreID:N/A - INFO - Inicializando ProductManagerUI para tienda 1
2025-05-21 20:27:39 - src.core.utils.logging_config - StoreID:N/A - DEBUG - Õcono cargado: edit
2025-05-21 20:27:39 - src.core.utils.logging_config - StoreID:N/A - DEBUG - Õcono cargado: copy
2025-05-21 20:27:39 - src.core.utils.logging_config - StoreID:N/A - DEBUG - Õcono cargado: delete
2025-05-21 20:27:39 - src.core.utils.logging_config - StoreID:N/A - DEBUG - Õcono cargado: duplicate
2025-05-21 20:27:39 - src.core.utils.logging_config - StoreID:N/A - DEBUG - Õcono cargado: price
2025-05-21 20:27:39 - src.core.utils.logging_config - StoreID:N/A - DEBUG - Õcono cargado: print
2025-05-21 20:27:39 - src.core.utils.logging_config - StoreID:N/A - DEBUG - Õcono cargado: inventory
2025-05-21 20:27:39 - src.core.utils.logging_config - StoreID:N/A - DEBUG - Inicializando CheckComboBox con column=color
2025-05-21 20:27:39 - src.core.utils.logging_config - StoreID:N/A - DEBUG - CheckComboBox creado con label=Color, column=color
2025-05-21 20:27:39 - src.core.utils.logging_config - StoreID:N/A - DEBUG - Inicializando CheckComboBox con column=tipo_prenda
2025-05-21 20:27:39 - src.core.utils.logging_config - StoreID:N/A - DEBUG - CheckComboBox creado con label=Tipo Prenda, column=tipo_prenda
2025-05-21 20:27:39 - src.core.utils.logging_config - StoreID:N/A - DEBUG - Inicializando CheckComboBox con column=tipo_pieza
2025-05-21 20:27:39 - src.core.utils.logging_config - StoreID:N/A - DEBUG - CheckComboBox creado con label=Tipo Pieza, column=tipo_pieza
2025-05-21 20:27:39 - src.core.utils.logging_config - StoreID:N/A - DEBUG - Inicializando CheckComboBox con column=atributo
2025-05-21 20:27:39 - src.core.utils.logging_config - StoreID:N/A - DEBUG - CheckComboBox creado con label=Atributo, column=atributo
2025-05-21 20:27:39 - src.core.utils.logging_config - StoreID:N/A - DEBUG - Inicializando CheckComboBox con column=escuela
2025-05-21 20:27:39 - src.core.utils.logging_config - StoreID:N/A - DEBUG - CheckComboBox creado con label=Escuela, column=escuela
2025-05-21 20:27:39 - src.core.utils.logging_config - StoreID:N/A - DEBUG - Inicializando CheckComboBox con column=nivel_educativo
2025-05-21 20:27:39 - src.core.utils.logging_config - StoreID:N/A - DEBUG - CheckComboBox creado con label=Nivel Educativo, column=nivel_educativo
2025-05-21 20:27:39 - src.core.utils.logging_config - StoreID:N/A - DEBUG - Inicializando CheckComboBox con column=genero
2025-05-21 20:27:39 - src.core.utils.logging_config - StoreID:N/A - DEBUG - CheckComboBox creado con label=GÈnero, column=genero
2025-05-21 20:27:39 - src.core.utils.logging_config - StoreID:N/A - DEBUG - Inicializando CheckComboBox con column=marca
2025-05-21 20:27:39 - src.core.utils.logging_config - StoreID:N/A - DEBUG - CheckComboBox creado con label=Marca, column=marca
2025-05-21 20:27:39 - src.core.utils.logging_config - StoreID:N/A - DEBUG - Inicializando CheckComboBox con column=talla
2025-05-21 20:27:39 - src.core.utils.logging_config - StoreID:N/A - DEBUG - CheckComboBox creado con label=Talla, column=talla
2025-05-21 20:27:41 - src.core.utils.logging_config - StoreID:N/A - DEBUG - Inicializando comboboxes para filtros
2025-05-21 20:27:41 - src.core.utils.logging_config - StoreID:N/A - DEBUG - Obtenidos 26 valores ˙nicos para color en 0.004s
2025-05-21 20:27:41 - src.core.utils.logging_config - StoreID:N/A - DEBUG - Valores para color: ['Ad hoc', 'Amarillo', 'Azul Marino', 'Azul Rey', 'Azul cielo', 'Beige', 'Bicolor', 'Blanca', 'Blanco', 'CafÈ', 'Camuflaje', 'Doble raya', 'Escoces', 'Gales azul', 'Gales rojo', 'Gales verde', 'Gris', 'Gris claro', 'Gris obscuro', 'Negro', 'Pata de gallo', 'Raya roja', 'Rojo', 'Rosa', 'Verde', 'Vino']
2025-05-21 20:27:41 - src.core.utils.logging_config - StoreID:N/A - DEBUG - Obtenidos 4 valores ˙nicos para tipo_prenda en 0.007s
2025-05-21 20:27:41 - src.core.utils.logging_config - StoreID:N/A - DEBUG - Valores para tipo_prenda: ['Accesorio', 'B·sico', 'Deportivo', 'Oficial']
2025-05-21 20:27:41 - src.core.utils.logging_config - StoreID:N/A - DEBUG - Obtenidos 19 valores ˙nicos para tipo_pieza en 0.007s
2025-05-21 20:27:41 - src.core.utils.logging_config - StoreID:N/A - DEBUG - Valores para tipo_pieza: ['Bata', 'Boina', 'Calceta', 'Camisa', 'Chaleco', 'Chamarra', 'Corbata', 'CorbatÌn', 'Falda', 'Guante', 'Jumper', 'Malla', 'MoÒo', 'PantalÛn', 'Pants 2pz', 'Pants 3pz', 'Pants Suelto', 'Playera', 'SuÈter']
2025-05-21 20:27:41 - src.core.utils.logging_config - StoreID:N/A - DEBUG - Obtenidos 19 valores ˙nicos para atributo en 0.008s
2025-05-21 20:27:41 - src.core.utils.logging_config - StoreID:N/A - DEBUG - Valores para atributo: ['Botones', 'Chazarilla', 'Cuatro tablas', 'Cuello V', 'Deportiva', 'Deportivo', 'Escolar', 'Escolta', 'Infantil', 'Liso', 'Manga Corta', 'Manga Larga', 'Polo', 'Pretina', 'Punto', 'Resorte', 'Tableada', 'Tortuga', 'Vestir']
2025-05-21 20:27:41 - src.core.utils.logging_config - StoreID:N/A - DEBUG - Obtenidos 46 valores ˙nicos para escuela en 0.003s
2025-05-21 20:27:41 - src.core.utils.logging_config - StoreID:N/A - DEBUG - Valores para escuela: ['16 de Septiembre', 'Albino GarcÌa Ramos', 'Benito Ju·rez', 'Bicentenario', 'Blanca VerÛnica Soto MartÌnez PrÌncipes', 'CBTIS 148', 'CECYTE', 'Club Rotario', 'Colegio Motolinea', 'Conalep', 'Emiliano Zapata', 'Erasmo Castellano', 'EsTv 154', 'Francisco Gonz·lez Bocanegra', 'Francisco Villa', 'Frida Kahlo', 'Guillermo Prieto', 'Himno Nacional', 'Ignacio Allende', 'Ignacio Zaragoza', 'J. Guadalupe Victoria', 'Jean Piaget', 'Jorge Cantor', 'Josefa Ortiz de DomÌnguez', 'JosÈ MarÌa Morelos', 'JosÈ MarÌa Morelos y PavÛn', 'Justo Sierra', 'Manuel GutiÈrrez N·jera', 'Margarita Paz Paredes', 'Miguel Campuzano', 'Miguel Hidalgo', 'Narciso Mendoza', 'NiÒos HÈroes', 'Omecalli', 'Paolo Fraire', 'Patria', 'Pr·xedis Guerrero', 'Rafael RamÌrez', 'SABES', 'Sor Juana InÈs de la Cruz', 'Telesecundaria 454', 'Telesecundaria 512', 'TÈcnica de San Bartolo', 'UVEG', 'Vicente Guerrero', '¡lvaro ObregÛn']
2025-05-21 20:27:41 - src.core.utils.logging_config - StoreID:N/A - DEBUG - Obtenidos 4 valores ˙nicos para nivel_educativo en 0.003s
2025-05-21 20:27:41 - src.core.utils.logging_config - StoreID:N/A - DEBUG - Valores para nivel_educativo: ['Bachillerato', 'Preescolar', 'Primaria', 'Secundaria']
2025-05-21 20:27:41 - src.core.utils.logging_config - StoreID:N/A - DEBUG - Obtenidos 3 valores ˙nicos para genero en 0.007s
2025-05-21 20:27:41 - src.core.utils.logging_config - StoreID:N/A - DEBUG - Valores para genero: ['Hombre', 'Mujer', 'Unisex']
2025-05-21 20:27:41 - src.core.utils.logging_config - StoreID:N/A - DEBUG - Obtenidos 2 valores ˙nicos para marca en 0.006s
2025-05-21 20:27:41 - src.core.utils.logging_config - StoreID:N/A - DEBUG - Valores para marca: ['Claudia', 'Prowear']
2025-05-21 20:27:41 - src.core.utils.logging_config - StoreID:N/A - DEBUG - Obtenidos 40 valores ˙nicos para talla en 0.007s
2025-05-21 20:27:41 - src.core.utils.logging_config - StoreID:N/A - DEBUG - Valores para talla: ['2', '3', '4', '5', '6', '7', '8', '9', '10', '11', '12', '13', '14', '16', '18', '20', '28', '30', '32', '34', '36', '38', '40', '42', '44', '46', 'CH', 'MD', 'GD', 'EXG', 'Uni', '0-0', '0-2', '3-5', '6-8', '9-12', '13-18', 'CH-MD', 'GD-EXG', 'Dama']
2025-05-21 20:27:41 - src.core.utils.logging_config - StoreID:N/A - INFO - Comboboxes inicializados correctamente
2025-05-21 20:27:41 - src.core.utils.logging_config - StoreID:N/A - DEBUG - Label de filtros actualizado: Sin filtros activos
2025-05-21 20:27:41 - src.core.utils.logging_config - StoreID:N/A - DEBUG - Lock interface called with lock=True, tree exists=1
2025-05-21 20:27:41 - src.core.utils.logging_config - StoreID:N/A - DEBUG - Cargando productos para p·gina 1, batch_size=30
2025-05-21 20:27:41 - src.core.utils.logging_config - StoreID:N/A - DEBUG - Actualizando paginaciÛn: total_items=2678, current_page=0, total_pages=90
2025-05-21 20:27:41 - src.core.utils.logging_config - StoreID:N/A - DEBUG - Texto de paginaciÛn actualizado: P·gina 1 de 90
2025-05-21 20:27:41 - src.core.utils.logging_config - StoreID:N/A - DEBUG - Conteo de selecciÛn actualizado: 0/30
2025-05-21 20:27:41 - src.core.utils.logging_config - StoreID:N/A - INFO - Cargados 30 productos, p·gina 1, total p·ginas: 90, tiempo: 0.140s
2025-05-21 20:27:41 - src.core.utils.logging_config - StoreID:N/A - DEBUG - Lock interface called with lock=False, tree exists=1
2025-05-21 20:27:41 - src.core.utils.logging_config - StoreID:N/A - DEBUG - Inicializando comboboxes para filtros
2025-05-21 20:27:41 - src.core.utils.logging_config - StoreID:N/A - DEBUG - Obtenidos 26 valores ˙nicos para color en 0.000s
2025-05-21 20:27:41 - src.core.utils.logging_config - StoreID:N/A - DEBUG - Valores para color: ['Ad hoc', 'Amarillo', 'Azul Marino', 'Azul Rey', 'Azul cielo', 'Beige', 'Bicolor', 'Blanca', 'Blanco', 'CafÈ', 'Camuflaje', 'Doble raya', 'Escoces', 'Gales azul', 'Gales rojo', 'Gales verde', 'Gris', 'Gris claro', 'Gris obscuro', 'Negro', 'Pata de gallo', 'Raya roja', 'Rojo', 'Rosa', 'Verde', 'Vino']
2025-05-21 20:27:41 - src.core.utils.logging_config - StoreID:N/A - DEBUG - Obtenidos 4 valores ˙nicos para tipo_prenda en 0.000s
2025-05-21 20:27:41 - src.core.utils.logging_config - StoreID:N/A - DEBUG - Valores para tipo_prenda: ['Accesorio', 'B·sico', 'Deportivo', 'Oficial']
2025-05-21 20:27:41 - src.core.utils.logging_config - StoreID:N/A - DEBUG - Obtenidos 19 valores ˙nicos para tipo_pieza en 0.000s
2025-05-21 20:27:41 - src.core.utils.logging_config - StoreID:N/A - DEBUG - Valores para tipo_pieza: ['Bata', 'Boina', 'Calceta', 'Camisa', 'Chaleco', 'Chamarra', 'Corbata', 'CorbatÌn', 'Falda', 'Guante', 'Jumper', 'Malla', 'MoÒo', 'PantalÛn', 'Pants 2pz', 'Pants 3pz', 'Pants Suelto', 'Playera', 'SuÈter']
2025-05-21 20:27:41 - src.core.utils.logging_config - StoreID:N/A - DEBUG - Obtenidos 19 valores ˙nicos para atributo en 0.000s
2025-05-21 20:27:41 - src.core.utils.logging_config - StoreID:N/A - DEBUG - Valores para atributo: ['Botones', 'Chazarilla', 'Cuatro tablas', 'Cuello V', 'Deportiva', 'Deportivo', 'Escolar', 'Escolta', 'Infantil', 'Liso', 'Manga Corta', 'Manga Larga', 'Polo', 'Pretina', 'Punto', 'Resorte', 'Tableada', 'Tortuga', 'Vestir']
2025-05-21 20:27:41 - src.core.utils.logging_config - StoreID:N/A - DEBUG - Obtenidos 46 valores ˙nicos para escuela en 0.000s
2025-05-21 20:27:41 - src.core.utils.logging_config - StoreID:N/A - DEBUG - Valores para escuela: ['16 de Septiembre', 'Albino GarcÌa Ramos', 'Benito Ju·rez', 'Bicentenario', 'Blanca VerÛnica Soto MartÌnez PrÌncipes', 'CBTIS 148', 'CECYTE', 'Club Rotario', 'Colegio Motolinea', 'Conalep', 'Emiliano Zapata', 'Erasmo Castellano', 'EsTv 154', 'Francisco Gonz·lez Bocanegra', 'Francisco Villa', 'Frida Kahlo', 'Guillermo Prieto', 'Himno Nacional', 'Ignacio Allende', 'Ignacio Zaragoza', 'J. Guadalupe Victoria', 'Jean Piaget', 'Jorge Cantor', 'Josefa Ortiz de DomÌnguez', 'JosÈ MarÌa Morelos', 'JosÈ MarÌa Morelos y PavÛn', 'Justo Sierra', 'Manuel GutiÈrrez N·jera', 'Margarita Paz Paredes', 'Miguel Campuzano', 'Miguel Hidalgo', 'Narciso Mendoza', 'NiÒos HÈroes', 'Omecalli', 'Paolo Fraire', 'Patria', 'Pr·xedis Guerrero', 'Rafael RamÌrez', 'SABES', 'Sor Juana InÈs de la Cruz', 'Telesecundaria 454', 'Telesecundaria 512', 'TÈcnica de San Bartolo', 'UVEG', 'Vicente Guerrero', '¡lvaro ObregÛn']
2025-05-21 20:27:41 - src.core.utils.logging_config - StoreID:N/A - DEBUG - Obtenidos 4 valores ˙nicos para nivel_educativo en 0.000s
2025-05-21 20:27:41 - src.core.utils.logging_config - StoreID:N/A - DEBUG - Valores para nivel_educativo: ['Bachillerato', 'Preescolar', 'Primaria', 'Secundaria']
2025-05-21 20:27:41 - src.core.utils.logging_config - StoreID:N/A - DEBUG - Obtenidos 3 valores ˙nicos para genero en 0.000s
2025-05-21 20:27:41 - src.core.utils.logging_config - StoreID:N/A - DEBUG - Valores para genero: ['Hombre', 'Mujer', 'Unisex']
2025-05-21 20:27:41 - src.core.utils.logging_config - StoreID:N/A - DEBUG - Obtenidos 2 valores ˙nicos para marca en 0.000s
2025-05-21 20:27:41 - src.core.utils.logging_config - StoreID:N/A - DEBUG - Valores para marca: ['Claudia', 'Prowear']
2025-05-21 20:27:41 - src.core.utils.logging_config - StoreID:N/A - DEBUG - Obtenidos 40 valores ˙nicos para talla en 0.000s
2025-05-21 20:27:41 - src.core.utils.logging_config - StoreID:N/A - DEBUG - Valores para talla: ['2', '3', '4', '5', '6', '7', '8', '9', '10', '11', '12', '13', '14', '16', '18', '20', '28', '30', '32', '34', '36', '38', '40', '42', '44', '46', 'CH', 'MD', 'GD', 'EXG', 'Uni', '0-0', '0-2', '3-5', '6-8', '9-12', '13-18', 'CH-MD', 'GD-EXG', 'Dama']
2025-05-21 20:27:41 - src.core.utils.logging_config - StoreID:N/A - INFO - Comboboxes inicializados correctamente
2025-05-21 20:27:41 - src.core.utils.logging_config - StoreID:N/A - DEBUG - Label de filtros actualizado: Sin filtros activos
2025-05-21 20:27:41 - src.core.utils.logging_config - StoreID:N/A - DEBUG - Lock interface called with lock=True, tree exists=1
2025-05-21 20:27:42 - src.core.utils.logging_config - StoreID:N/A - DEBUG - Cargando productos para p·gina 1, batch_size=30
2025-05-21 20:27:42 - src.core.utils.logging_config - StoreID:N/A - DEBUG - Actualizando paginaciÛn: total_items=2678, current_page=0, total_pages=90
2025-05-21 20:27:42 - src.core.utils.logging_config - StoreID:N/A - DEBUG - Texto de paginaciÛn actualizado: P·gina 1 de 90
2025-05-21 20:27:42 - src.core.utils.logging_config - StoreID:N/A - DEBUG - Conteo de selecciÛn actualizado: 0/30
2025-05-21 20:27:42 - src.core.utils.logging_config - StoreID:N/A - INFO - Cargados 30 productos, p·gina 1, total p·ginas: 90, tiempo: 0.139s
2025-05-21 20:27:42 - src.core.utils.logging_config - StoreID:N/A - DEBUG - Lock interface called with lock=False, tree exists=1
