2025-08-22 11:32:29 - src.core.utils.logging_config - StoreID:N/A - INFO - Inicializando ProductManagerLogic para tienda 1
2025-08-22 11:32:29 - src.core.utils.logging_config - StoreID:N/A - DEBUG - ProductEditForm inicializado para tienda 1
2025-08-22 11:32:29 - src.core.utils.logging_config - StoreID:N/A - INFO - Inicializando ProductManagerUI para tienda 1
2025-08-22 11:32:29 - src.core.utils.logging_config - StoreID:N/A - DEBUG - Ícono cargado: edit
2025-08-22 11:32:29 - src.core.utils.logging_config - StoreID:N/A - DEBUG - Ícono cargado: copy
2025-08-22 11:32:29 - src.core.utils.logging_config - StoreID:N/A - DEBUG - Ícono cargado: delete
2025-08-22 11:32:29 - src.core.utils.logging_config - StoreID:N/A - DEBUG - Ícono cargado: duplicate
2025-08-22 11:32:29 - src.core.utils.logging_config - StoreID:N/A - DEBUG - Ícono cargado: price
2025-08-22 11:32:29 - src.core.utils.logging_config - StoreID:N/A - DEBUG - Ícono cargado: print
2025-08-22 11:32:29 - src.core.utils.logging_config - StoreID:N/A - DEBUG - Ícono cargado: inventory
2025-08-22 11:32:29 - src.core.utils.logging_config - StoreID:N/A - DEBUG - Inicializando CheckComboBox con column=color
2025-08-22 11:32:30 - src.core.utils.logging_config - StoreID:N/A - DEBUG - CheckComboBox creado con label=Color, column=color
2025-08-22 11:32:30 - src.core.utils.logging_config - StoreID:N/A - DEBUG - Inicializando CheckComboBox con column=tipo_prenda
2025-08-22 11:32:30 - src.core.utils.logging_config - StoreID:N/A - DEBUG - CheckComboBox creado con label=Tipo Prenda, column=tipo_prenda
2025-08-22 11:32:30 - src.core.utils.logging_config - StoreID:N/A - DEBUG - Inicializando CheckComboBox con column=tipo_pieza
2025-08-22 11:32:30 - src.core.utils.logging_config - StoreID:N/A - DEBUG - CheckComboBox creado con label=Tipo Pieza, column=tipo_pieza
2025-08-22 11:32:30 - src.core.utils.logging_config - StoreID:N/A - DEBUG - Inicializando CheckComboBox con column=atributo
2025-08-22 11:32:30 - src.core.utils.logging_config - StoreID:N/A - DEBUG - CheckComboBox creado con label=Atributo, column=atributo
2025-08-22 11:32:30 - src.core.utils.logging_config - StoreID:N/A - DEBUG - Inicializando CheckComboBox con column=escuela
2025-08-22 11:32:30 - src.core.utils.logging_config - StoreID:N/A - DEBUG - CheckComboBox creado con label=Escuela, column=escuela
2025-08-22 11:32:30 - src.core.utils.logging_config - StoreID:N/A - DEBUG - Inicializando CheckComboBox con column=nivel_educativo
2025-08-22 11:32:30 - src.core.utils.logging_config - StoreID:N/A - DEBUG - CheckComboBox creado con label=Nivel Educativo, column=nivel_educativo
2025-08-22 11:32:30 - src.core.utils.logging_config - StoreID:N/A - DEBUG - Inicializando CheckComboBox con column=genero
2025-08-22 11:32:30 - src.core.utils.logging_config - StoreID:N/A - DEBUG - CheckComboBox creado con label=Género, column=genero
2025-08-22 11:32:30 - src.core.utils.logging_config - StoreID:N/A - DEBUG - Inicializando CheckComboBox con column=marca
2025-08-22 11:32:30 - src.core.utils.logging_config - StoreID:N/A - DEBUG - CheckComboBox creado con label=Marca, column=marca
2025-08-22 11:32:30 - src.core.utils.logging_config - StoreID:N/A - DEBUG - Inicializando CheckComboBox con column=talla
2025-08-22 11:32:30 - src.core.utils.logging_config - StoreID:N/A - DEBUG - CheckComboBox creado con label=Talla, column=talla
2025-08-22 11:32:30 - src.core.utils.logging_config - StoreID:N/A - DEBUG - Inicializando comboboxes para filtros
2025-08-22 11:32:30 - src.core.utils.logging_config - StoreID:N/A - DEBUG - Obtenidos 32 valores únicos para color en 0.068s
2025-08-22 11:32:30 - src.core.utils.logging_config - StoreID:N/A - DEBUG - Valores para color: ['Ad hoc', 'Amarillo', 'Azul', 'Azul Marino', 'Azul Rey', 'Azul cielo', 'Beige', 'Bicolor', 'Blanca', 'Blanco', 'Café', 'Camuflaje', 'Caqui', 'Doble raya', 'Escoces', 'Gales azul', 'Gales rojo', 'Gales verde', 'Gris', 'Gris claro', 'Gris obscuro', 'Negro', 'Pata de gallo', 'Pgallo cafe', 'Raya roja', 'Rojo', 'Rosa', 'SABES', 'Verde', 'Verde limon', 'Verde olivo', 'Vino']
2025-08-22 11:32:30 - src.core.utils.logging_config - StoreID:N/A - DEBUG - Obtenidos 6 valores únicos para tipo_prenda en 0.002s
2025-08-22 11:32:30 - src.core.utils.logging_config - StoreID:N/A - DEBUG - Valores para tipo_prenda: ['Accesorio', 'Básico', 'Deportivo', 'Escolta', 'Oficial', 'Uniforme']
2025-08-22 11:32:30 - src.core.utils.logging_config - StoreID:N/A - DEBUG - Obtenidos 20 valores únicos para tipo_pieza en 0.003s
2025-08-22 11:32:30 - src.core.utils.logging_config - StoreID:N/A - DEBUG - Valores para tipo_pieza: ['Bata', 'Boina', 'Calceta', 'Camisa', 'Chaleco', 'Chamarra', 'Corbata', 'Corbatín', 'Falda', 'Guante', 'Jumper', 'Malla', 'Mascada', 'Mońo', 'Pantalón', 'Pants 2pz', 'Pants 3pz', 'Pants Suelto', 'Playera', 'Suéter']
2025-08-22 11:32:30 - src.core.utils.logging_config - StoreID:N/A - DEBUG - Obtenidos 23 valores únicos para atributo en 0.003s
2025-08-22 11:32:30 - src.core.utils.logging_config - StoreID:N/A - DEBUG - Valores para atributo: ['Algodón', 'Botones', 'Chazarilla', 'Conalep', 'Conjunto', 'Cuatro tablas', 'Cuello Olan', 'Cuello V', 'Cuello olan', 'Deportiva', 'Deportivo', 'Escolar', 'Escolta', 'Gabardina', 'Infantil', 'Liso', 'Manga Corta', 'Manga Larga', 'Oferta', 'Polo', 'Punto', 'Tortuga', 'Vestir']
2025-08-22 11:32:30 - src.core.utils.logging_config - StoreID:N/A - DEBUG - Obtenidos 55 valores únicos para escuela en 0.001s
2025-08-22 11:32:30 - src.core.utils.logging_config - StoreID:N/A - DEBUG - Valores para escuela: ['16 de Septiembre', 'Adolfo Lopez Mareo', 'Adolfo Lopez Mateo', 'Albino García Ramos', 'Alvaro Obregon', 'Benito Juárez', 'Bicentenario', 'Blanca Verónica Soto Martínez Príncipes', 'CBTIS 148', 'CECYTE', 'Club Rotario', 'Colegio Motolinea', 'Conalep', 'Emiliano Zapata', 'Erasmo Castellano', 'EsTv 154', 'Francisco González Bocanegra', 'Francisco Villa', 'Frida Kahlo', 'Guillermo Prieto', 'Himno Nacional', 'Huizache', 'Ignacio Allende', 'Ignacio Ramirez Lopez', 'Ignacio Zaragoza', 'J. Guadalupe Victoria', 'Jean Piaget', 'Jorge Cantor', 'Josefa Ortiz de Domínguez', 'José María Morelos', 'José María Morelos y Pavón', 'Justo Sierra', 'Manuel Gutiérrez Nájera', 'Margarita Paz Paredes', 'Miguel Campuzano', 'Miguel Hidalgo', 'Narciso Mendoza', 'Nińos Héroes', 'Omecalli', 'Palacio', 'Paolo Fraire', 'Patria', 'Práxedis Guerrero', 'Rafael Ramírez', 'SABES', 'Santa Rosa 238', 'Sor Juana Inés de la Cruz', 'Telesecundaria 454', 'Telesecundaria 512', 'Telesecundaria 600', 'Técnica de San Bartolo', 'UVEG', 'Vicente Guerrero', 'Vidal Acolcer', 'Álvaro Obregón']
2025-08-22 11:32:30 - src.core.utils.logging_config - StoreID:N/A - DEBUG - Obtenidos 4 valores únicos para nivel_educativo en 0.003s
2025-08-22 11:32:30 - src.core.utils.logging_config - StoreID:N/A - DEBUG - Valores para nivel_educativo: ['Bachillerato', 'Preescolar', 'Primaria', 'Secundaria']
2025-08-22 11:32:30 - src.core.utils.logging_config - StoreID:N/A - DEBUG - Obtenidos 3 valores únicos para genero en 0.002s
2025-08-22 11:32:30 - src.core.utils.logging_config - StoreID:N/A - DEBUG - Valores para genero: ['Hombre', 'Mujer', 'Unisex']
2025-08-22 11:32:30 - src.core.utils.logging_config - StoreID:N/A - DEBUG - Obtenidos 4 valores únicos para marca en 0.002s
2025-08-22 11:32:30 - src.core.utils.logging_config - StoreID:N/A - DEBUG - Valores para marca: ['Claudia', 'MarcaX', 'MarcaY', 'Prowear']
2025-08-22 11:32:30 - src.core.utils.logging_config - StoreID:N/A - DEBUG - Obtenidos 43 valores únicos para talla en 0.005s
2025-08-22 11:32:30 - src.core.utils.logging_config - StoreID:N/A - DEBUG - Valores para talla: ['2', '3', '4', '5', '6', '7', '8', '9', '10', '11', '12', '13', '14', '16', '18', '20', '28', '30', '32', '34', '36', '38', '40', '42', '44', '46', 'M', 'L', 'CH', 'MD', 'GD', 'EXG', 'Uni', 'ESP', '0-0', '0-2', '3-5', '6-8', '9-12', '13-18', 'CH-MD', 'GD-EXG', 'Dama']
2025-08-22 11:32:30 - src.core.utils.logging_config - StoreID:N/A - INFO - Comboboxes inicializados correctamente
2025-08-22 11:32:30 - src.core.utils.logging_config - StoreID:N/A - DEBUG - Label de filtros actualizado: Sin filtros activos
2025-08-22 11:32:30 - src.core.utils.logging_config - StoreID:N/A - DEBUG - Lock interface called with lock=True, tree exists=1
2025-08-22 11:32:30 - src.core.utils.logging_config - StoreID:N/A - DEBUG - Cargando productos para página 1, batch_size=30
2025-08-22 11:32:30 - src.core.utils.logging_config - StoreID:N/A - DEBUG - Actualizando paginación: total_items=3990, current_page=0, total_pages=133
2025-08-22 11:32:30 - src.core.utils.logging_config - StoreID:N/A - DEBUG - Texto de paginación actualizado: Página 1 de 133
2025-08-22 11:32:30 - src.core.utils.logging_config - StoreID:N/A - DEBUG - Conteo de selección actualizado: 0/30
2025-08-22 11:32:30 - src.core.utils.logging_config - StoreID:N/A - INFO - Cargados 30 productos, página 1, total páginas: 133, tiempo: 0.116s
2025-08-22 11:32:30 - src.core.utils.logging_config - StoreID:N/A - DEBUG - Lock interface called with lock=False, tree exists=1
2025-08-22 11:32:30 - src.core.utils.logging_config - StoreID:N/A - DEBUG - Inicializando comboboxes para filtros
2025-08-22 11:32:30 - src.core.utils.logging_config - StoreID:N/A - DEBUG - Obtenidos 32 valores únicos para color en 0.000s
2025-08-22 11:32:30 - src.core.utils.logging_config - StoreID:N/A - DEBUG - Valores para color: ['Ad hoc', 'Amarillo', 'Azul', 'Azul Marino', 'Azul Rey', 'Azul cielo', 'Beige', 'Bicolor', 'Blanca', 'Blanco', 'Café', 'Camuflaje', 'Caqui', 'Doble raya', 'Escoces', 'Gales azul', 'Gales rojo', 'Gales verde', 'Gris', 'Gris claro', 'Gris obscuro', 'Negro', 'Pata de gallo', 'Pgallo cafe', 'Raya roja', 'Rojo', 'Rosa', 'SABES', 'Verde', 'Verde limon', 'Verde olivo', 'Vino']
2025-08-22 11:32:30 - src.core.utils.logging_config - StoreID:N/A - DEBUG - Obtenidos 6 valores únicos para tipo_prenda en 0.000s
2025-08-22 11:32:30 - src.core.utils.logging_config - StoreID:N/A - DEBUG - Valores para tipo_prenda: ['Accesorio', 'Básico', 'Deportivo', 'Escolta', 'Oficial', 'Uniforme']
2025-08-22 11:32:30 - src.core.utils.logging_config - StoreID:N/A - DEBUG - Obtenidos 20 valores únicos para tipo_pieza en 0.000s
2025-08-22 11:32:30 - src.core.utils.logging_config - StoreID:N/A - DEBUG - Valores para tipo_pieza: ['Bata', 'Boina', 'Calceta', 'Camisa', 'Chaleco', 'Chamarra', 'Corbata', 'Corbatín', 'Falda', 'Guante', 'Jumper', 'Malla', 'Mascada', 'Mońo', 'Pantalón', 'Pants 2pz', 'Pants 3pz', 'Pants Suelto', 'Playera', 'Suéter']
2025-08-22 11:32:30 - src.core.utils.logging_config - StoreID:N/A - DEBUG - Obtenidos 23 valores únicos para atributo en 0.000s
2025-08-22 11:32:30 - src.core.utils.logging_config - StoreID:N/A - DEBUG - Valores para atributo: ['Algodón', 'Botones', 'Chazarilla', 'Conalep', 'Conjunto', 'Cuatro tablas', 'Cuello Olan', 'Cuello V', 'Cuello olan', 'Deportiva', 'Deportivo', 'Escolar', 'Escolta', 'Gabardina', 'Infantil', 'Liso', 'Manga Corta', 'Manga Larga', 'Oferta', 'Polo', 'Punto', 'Tortuga', 'Vestir']
2025-08-22 11:32:30 - src.core.utils.logging_config - StoreID:N/A - DEBUG - Obtenidos 55 valores únicos para escuela en 0.000s
2025-08-22 11:32:30 - src.core.utils.logging_config - StoreID:N/A - DEBUG - Valores para escuela: ['16 de Septiembre', 'Adolfo Lopez Mareo', 'Adolfo Lopez Mateo', 'Albino García Ramos', 'Alvaro Obregon', 'Benito Juárez', 'Bicentenario', 'Blanca Verónica Soto Martínez Príncipes', 'CBTIS 148', 'CECYTE', 'Club Rotario', 'Colegio Motolinea', 'Conalep', 'Emiliano Zapata', 'Erasmo Castellano', 'EsTv 154', 'Francisco González Bocanegra', 'Francisco Villa', 'Frida Kahlo', 'Guillermo Prieto', 'Himno Nacional', 'Huizache', 'Ignacio Allende', 'Ignacio Ramirez Lopez', 'Ignacio Zaragoza', 'J. Guadalupe Victoria', 'Jean Piaget', 'Jorge Cantor', 'Josefa Ortiz de Domínguez', 'José María Morelos', 'José María Morelos y Pavón', 'Justo Sierra', 'Manuel Gutiérrez Nájera', 'Margarita Paz Paredes', 'Miguel Campuzano', 'Miguel Hidalgo', 'Narciso Mendoza', 'Nińos Héroes', 'Omecalli', 'Palacio', 'Paolo Fraire', 'Patria', 'Práxedis Guerrero', 'Rafael Ramírez', 'SABES', 'Santa Rosa 238', 'Sor Juana Inés de la Cruz', 'Telesecundaria 454', 'Telesecundaria 512', 'Telesecundaria 600', 'Técnica de San Bartolo', 'UVEG', 'Vicente Guerrero', 'Vidal Acolcer', 'Álvaro Obregón']
2025-08-22 11:32:30 - src.core.utils.logging_config - StoreID:N/A - DEBUG - Obtenidos 4 valores únicos para nivel_educativo en 0.000s
2025-08-22 11:32:30 - src.core.utils.logging_config - StoreID:N/A - DEBUG - Valores para nivel_educativo: ['Bachillerato', 'Preescolar', 'Primaria', 'Secundaria']
2025-08-22 11:32:30 - src.core.utils.logging_config - StoreID:N/A - DEBUG - Obtenidos 3 valores únicos para genero en 0.000s
2025-08-22 11:32:30 - src.core.utils.logging_config - StoreID:N/A - DEBUG - Valores para genero: ['Hombre', 'Mujer', 'Unisex']
2025-08-22 11:32:30 - src.core.utils.logging_config - StoreID:N/A - DEBUG - Obtenidos 4 valores únicos para marca en 0.000s
2025-08-22 11:32:30 - src.core.utils.logging_config - StoreID:N/A - DEBUG - Valores para marca: ['Claudia', 'MarcaX', 'MarcaY', 'Prowear']
2025-08-22 11:32:30 - src.core.utils.logging_config - StoreID:N/A - DEBUG - Obtenidos 43 valores únicos para talla en 0.000s
2025-08-22 11:32:30 - src.core.utils.logging_config - StoreID:N/A - DEBUG - Valores para talla: ['2', '3', '4', '5', '6', '7', '8', '9', '10', '11', '12', '13', '14', '16', '18', '20', '28', '30', '32', '34', '36', '38', '40', '42', '44', '46', 'M', 'L', 'CH', 'MD', 'GD', 'EXG', 'Uni', 'ESP', '0-0', '0-2', '3-5', '6-8', '9-12', '13-18', 'CH-MD', 'GD-EXG', 'Dama']
2025-08-22 11:32:31 - src.core.utils.logging_config - StoreID:N/A - INFO - Comboboxes inicializados correctamente
2025-08-22 11:32:31 - src.core.utils.logging_config - StoreID:N/A - DEBUG - Label de filtros actualizado: Sin filtros activos
2025-08-22 11:32:31 - src.core.utils.logging_config - StoreID:N/A - DEBUG - Lock interface called with lock=True, tree exists=1
2025-08-22 11:32:31 - src.core.utils.logging_config - StoreID:N/A - DEBUG - Cargando productos para página 1, batch_size=30
2025-08-22 11:32:31 - src.core.utils.logging_config - StoreID:N/A - DEBUG - Actualizando paginación: total_items=3990, current_page=0, total_pages=133
2025-08-22 11:32:31 - src.core.utils.logging_config - StoreID:N/A - DEBUG - Texto de paginación actualizado: Página 1 de 133
2025-08-22 11:32:31 - src.core.utils.logging_config - StoreID:N/A - DEBUG - Conteo de selección actualizado: 0/30
2025-08-22 11:32:31 - src.core.utils.logging_config - StoreID:N/A - INFO - Cargados 30 productos, página 1, total páginas: 133, tiempo: 0.116s
2025-08-22 11:32:31 - src.core.utils.logging_config - StoreID:N/A - DEBUG - Lock interface called with lock=False, tree exists=1
2025-08-22 11:32:31 - src.core.utils.logging_config - StoreID:N/A - DEBUG - Inicializando CheckComboBox con column=None
2025-08-22 11:32:32 - src.core.utils.logging_config - StoreID:N/A - DEBUG - CheckComboBox creado con label=Escuelas, column=None
2025-08-22 11:32:34 - src.core.utils.logging_config - StoreID:N/A - INFO - Inicializando ProductManagerLogic para tienda 1
2025-08-22 11:32:34 - src.core.utils.logging_config - StoreID:N/A - DEBUG - ProductEditForm inicializado para tienda 1
2025-08-22 11:32:34 - src.core.utils.logging_config - StoreID:N/A - INFO - Inicializando ProductManagerUI para tienda 1
2025-08-22 11:32:34 - src.core.utils.logging_config - StoreID:N/A - DEBUG - Ícono cargado: edit
2025-08-22 11:32:34 - src.core.utils.logging_config - StoreID:N/A - DEBUG - Ícono cargado: copy
2025-08-22 11:32:34 - src.core.utils.logging_config - StoreID:N/A - DEBUG - Ícono cargado: delete
2025-08-22 11:32:34 - src.core.utils.logging_config - StoreID:N/A - DEBUG - Ícono cargado: duplicate
2025-08-22 11:32:34 - src.core.utils.logging_config - StoreID:N/A - DEBUG - Ícono cargado: price
2025-08-22 11:32:34 - src.core.utils.logging_config - StoreID:N/A - DEBUG - Ícono cargado: print
2025-08-22 11:32:34 - src.core.utils.logging_config - StoreID:N/A - DEBUG - Ícono cargado: inventory
2025-08-22 11:32:34 - src.core.utils.logging_config - StoreID:N/A - DEBUG - Inicializando CheckComboBox con column=color
2025-08-22 11:32:34 - src.core.utils.logging_config - StoreID:N/A - DEBUG - CheckComboBox creado con label=Color, column=color
2025-08-22 11:32:34 - src.core.utils.logging_config - StoreID:N/A - DEBUG - Inicializando CheckComboBox con column=tipo_prenda
2025-08-22 11:32:34 - src.core.utils.logging_config - StoreID:N/A - DEBUG - CheckComboBox creado con label=Tipo Prenda, column=tipo_prenda
2025-08-22 11:32:34 - src.core.utils.logging_config - StoreID:N/A - DEBUG - Inicializando CheckComboBox con column=tipo_pieza
2025-08-22 11:32:34 - src.core.utils.logging_config - StoreID:N/A - DEBUG - CheckComboBox creado con label=Tipo Pieza, column=tipo_pieza
2025-08-22 11:32:34 - src.core.utils.logging_config - StoreID:N/A - DEBUG - Inicializando CheckComboBox con column=atributo
2025-08-22 11:32:34 - src.core.utils.logging_config - StoreID:N/A - DEBUG - CheckComboBox creado con label=Atributo, column=atributo
2025-08-22 11:32:34 - src.core.utils.logging_config - StoreID:N/A - DEBUG - Inicializando CheckComboBox con column=escuela
2025-08-22 11:32:34 - src.core.utils.logging_config - StoreID:N/A - DEBUG - CheckComboBox creado con label=Escuela, column=escuela
2025-08-22 11:32:34 - src.core.utils.logging_config - StoreID:N/A - DEBUG - Inicializando CheckComboBox con column=nivel_educativo
2025-08-22 11:32:34 - src.core.utils.logging_config - StoreID:N/A - DEBUG - CheckComboBox creado con label=Nivel Educativo, column=nivel_educativo
2025-08-22 11:32:34 - src.core.utils.logging_config - StoreID:N/A - DEBUG - Inicializando CheckComboBox con column=genero
2025-08-22 11:32:34 - src.core.utils.logging_config - StoreID:N/A - DEBUG - CheckComboBox creado con label=Género, column=genero
2025-08-22 11:32:34 - src.core.utils.logging_config - StoreID:N/A - DEBUG - Inicializando CheckComboBox con column=marca
2025-08-22 11:32:34 - src.core.utils.logging_config - StoreID:N/A - DEBUG - CheckComboBox creado con label=Marca, column=marca
2025-08-22 11:32:34 - src.core.utils.logging_config - StoreID:N/A - DEBUG - Inicializando CheckComboBox con column=talla
2025-08-22 11:32:34 - src.core.utils.logging_config - StoreID:N/A - DEBUG - CheckComboBox creado con label=Talla, column=talla
2025-08-22 11:32:35 - src.core.utils.logging_config - StoreID:N/A - DEBUG - Inicializando comboboxes para filtros
2025-08-22 11:32:35 - src.core.utils.logging_config - StoreID:N/A - DEBUG - Obtenidos 32 valores únicos para color en 0.005s
2025-08-22 11:32:35 - src.core.utils.logging_config - StoreID:N/A - DEBUG - Valores para color: ['Ad hoc', 'Amarillo', 'Azul', 'Azul Marino', 'Azul Rey', 'Azul cielo', 'Beige', 'Bicolor', 'Blanca', 'Blanco', 'Café', 'Camuflaje', 'Caqui', 'Doble raya', 'Escoces', 'Gales azul', 'Gales rojo', 'Gales verde', 'Gris', 'Gris claro', 'Gris obscuro', 'Negro', 'Pata de gallo', 'Pgallo cafe', 'Raya roja', 'Rojo', 'Rosa', 'SABES', 'Verde', 'Verde limon', 'Verde olivo', 'Vino']
2025-08-22 11:32:35 - src.core.utils.logging_config - StoreID:N/A - DEBUG - Obtenidos 6 valores únicos para tipo_prenda en 0.004s
2025-08-22 11:32:35 - src.core.utils.logging_config - StoreID:N/A - DEBUG - Valores para tipo_prenda: ['Accesorio', 'Básico', 'Deportivo', 'Escolta', 'Oficial', 'Uniforme']
2025-08-22 11:32:35 - src.core.utils.logging_config - StoreID:N/A - DEBUG - Obtenidos 20 valores únicos para tipo_pieza en 0.005s
2025-08-22 11:32:35 - src.core.utils.logging_config - StoreID:N/A - DEBUG - Valores para tipo_pieza: ['Bata', 'Boina', 'Calceta', 'Camisa', 'Chaleco', 'Chamarra', 'Corbata', 'Corbatín', 'Falda', 'Guante', 'Jumper', 'Malla', 'Mascada', 'Mońo', 'Pantalón', 'Pants 2pz', 'Pants 3pz', 'Pants Suelto', 'Playera', 'Suéter']
2025-08-22 11:32:35 - src.core.utils.logging_config - StoreID:N/A - DEBUG - Obtenidos 23 valores únicos para atributo en 0.005s
2025-08-22 11:32:35 - src.core.utils.logging_config - StoreID:N/A - DEBUG - Valores para atributo: ['Algodón', 'Botones', 'Chazarilla', 'Conalep', 'Conjunto', 'Cuatro tablas', 'Cuello Olan', 'Cuello V', 'Cuello olan', 'Deportiva', 'Deportivo', 'Escolar', 'Escolta', 'Gabardina', 'Infantil', 'Liso', 'Manga Corta', 'Manga Larga', 'Oferta', 'Polo', 'Punto', 'Tortuga', 'Vestir']
2025-08-22 11:32:35 - src.core.utils.logging_config - StoreID:N/A - DEBUG - Obtenidos 55 valores únicos para escuela en 0.001s
2025-08-22 11:32:35 - src.core.utils.logging_config - StoreID:N/A - DEBUG - Valores para escuela: ['16 de Septiembre', 'Adolfo Lopez Mareo', 'Adolfo Lopez Mateo', 'Albino García Ramos', 'Alvaro Obregon', 'Benito Juárez', 'Bicentenario', 'Blanca Verónica Soto Martínez Príncipes', 'CBTIS 148', 'CECYTE', 'Club Rotario', 'Colegio Motolinea', 'Conalep', 'Emiliano Zapata', 'Erasmo Castellano', 'EsTv 154', 'Francisco González Bocanegra', 'Francisco Villa', 'Frida Kahlo', 'Guillermo Prieto', 'Himno Nacional', 'Huizache', 'Ignacio Allende', 'Ignacio Ramirez Lopez', 'Ignacio Zaragoza', 'J. Guadalupe Victoria', 'Jean Piaget', 'Jorge Cantor', 'Josefa Ortiz de Domínguez', 'José María Morelos', 'José María Morelos y Pavón', 'Justo Sierra', 'Manuel Gutiérrez Nájera', 'Margarita Paz Paredes', 'Miguel Campuzano', 'Miguel Hidalgo', 'Narciso Mendoza', 'Nińos Héroes', 'Omecalli', 'Palacio', 'Paolo Fraire', 'Patria', 'Práxedis Guerrero', 'Rafael Ramírez', 'SABES', 'Santa Rosa 238', 'Sor Juana Inés de la Cruz', 'Telesecundaria 454', 'Telesecundaria 512', 'Telesecundaria 600', 'Técnica de San Bartolo', 'UVEG', 'Vicente Guerrero', 'Vidal Acolcer', 'Álvaro Obregón']
2025-08-22 11:32:35 - src.core.utils.logging_config - StoreID:N/A - DEBUG - Obtenidos 4 valores únicos para nivel_educativo en 0.003s
2025-08-22 11:32:35 - src.core.utils.logging_config - StoreID:N/A - DEBUG - Valores para nivel_educativo: ['Bachillerato', 'Preescolar', 'Primaria', 'Secundaria']
2025-08-22 11:32:35 - src.core.utils.logging_config - StoreID:N/A - DEBUG - Obtenidos 3 valores únicos para genero en 0.002s
2025-08-22 11:32:35 - src.core.utils.logging_config - StoreID:N/A - DEBUG - Valores para genero: ['Hombre', 'Mujer', 'Unisex']
2025-08-22 11:32:35 - src.core.utils.logging_config - StoreID:N/A - DEBUG - Obtenidos 4 valores únicos para marca en 0.002s
2025-08-22 11:32:35 - src.core.utils.logging_config - StoreID:N/A - DEBUG - Valores para marca: ['Claudia', 'MarcaX', 'MarcaY', 'Prowear']
2025-08-22 11:32:35 - src.core.utils.logging_config - StoreID:N/A - DEBUG - Obtenidos 43 valores únicos para talla en 0.005s
2025-08-22 11:32:35 - src.core.utils.logging_config - StoreID:N/A - DEBUG - Valores para talla: ['2', '3', '4', '5', '6', '7', '8', '9', '10', '11', '12', '13', '14', '16', '18', '20', '28', '30', '32', '34', '36', '38', '40', '42', '44', '46', 'M', 'L', 'CH', 'MD', 'GD', 'EXG', 'Uni', 'ESP', '0-0', '0-2', '3-5', '6-8', '9-12', '13-18', 'CH-MD', 'GD-EXG', 'Dama']
2025-08-22 11:32:35 - src.core.utils.logging_config - StoreID:N/A - INFO - Comboboxes inicializados correctamente
2025-08-22 11:32:35 - src.core.utils.logging_config - StoreID:N/A - DEBUG - Label de filtros actualizado: Sin filtros activos
2025-08-22 11:32:35 - src.core.utils.logging_config - StoreID:N/A - DEBUG - Lock interface called with lock=True, tree exists=1
2025-08-22 11:32:35 - src.core.utils.logging_config - StoreID:N/A - DEBUG - Cargando productos para página 1, batch_size=30
2025-08-22 11:32:35 - src.core.utils.logging_config - StoreID:N/A - DEBUG - Actualizando paginación: total_items=3990, current_page=0, total_pages=133
2025-08-22 11:32:35 - src.core.utils.logging_config - StoreID:N/A - DEBUG - Texto de paginación actualizado: Página 1 de 133
2025-08-22 11:32:35 - src.core.utils.logging_config - StoreID:N/A - DEBUG - Conteo de selección actualizado: 0/30
2025-08-22 11:32:35 - src.core.utils.logging_config - StoreID:N/A - INFO - Cargados 30 productos, página 1, total páginas: 133, tiempo: 0.114s
2025-08-22 11:32:35 - src.core.utils.logging_config - StoreID:N/A - DEBUG - Lock interface called with lock=False, tree exists=1
2025-08-22 11:32:35 - src.core.utils.logging_config - StoreID:N/A - DEBUG - Inicializando comboboxes para filtros
2025-08-22 11:32:35 - src.core.utils.logging_config - StoreID:N/A - DEBUG - Obtenidos 32 valores únicos para color en 0.000s
2025-08-22 11:32:35 - src.core.utils.logging_config - StoreID:N/A - DEBUG - Valores para color: ['Ad hoc', 'Amarillo', 'Azul', 'Azul Marino', 'Azul Rey', 'Azul cielo', 'Beige', 'Bicolor', 'Blanca', 'Blanco', 'Café', 'Camuflaje', 'Caqui', 'Doble raya', 'Escoces', 'Gales azul', 'Gales rojo', 'Gales verde', 'Gris', 'Gris claro', 'Gris obscuro', 'Negro', 'Pata de gallo', 'Pgallo cafe', 'Raya roja', 'Rojo', 'Rosa', 'SABES', 'Verde', 'Verde limon', 'Verde olivo', 'Vino']
2025-08-22 11:32:35 - src.core.utils.logging_config - StoreID:N/A - DEBUG - Obtenidos 6 valores únicos para tipo_prenda en 0.000s
2025-08-22 11:32:35 - src.core.utils.logging_config - StoreID:N/A - DEBUG - Valores para tipo_prenda: ['Accesorio', 'Básico', 'Deportivo', 'Escolta', 'Oficial', 'Uniforme']
2025-08-22 11:32:35 - src.core.utils.logging_config - StoreID:N/A - DEBUG - Obtenidos 20 valores únicos para tipo_pieza en 0.000s
2025-08-22 11:32:35 - src.core.utils.logging_config - StoreID:N/A - DEBUG - Valores para tipo_pieza: ['Bata', 'Boina', 'Calceta', 'Camisa', 'Chaleco', 'Chamarra', 'Corbata', 'Corbatín', 'Falda', 'Guante', 'Jumper', 'Malla', 'Mascada', 'Mońo', 'Pantalón', 'Pants 2pz', 'Pants 3pz', 'Pants Suelto', 'Playera', 'Suéter']
2025-08-22 11:32:35 - src.core.utils.logging_config - StoreID:N/A - DEBUG - Obtenidos 23 valores únicos para atributo en 0.000s
2025-08-22 11:32:35 - src.core.utils.logging_config - StoreID:N/A - DEBUG - Valores para atributo: ['Algodón', 'Botones', 'Chazarilla', 'Conalep', 'Conjunto', 'Cuatro tablas', 'Cuello Olan', 'Cuello V', 'Cuello olan', 'Deportiva', 'Deportivo', 'Escolar', 'Escolta', 'Gabardina', 'Infantil', 'Liso', 'Manga Corta', 'Manga Larga', 'Oferta', 'Polo', 'Punto', 'Tortuga', 'Vestir']
2025-08-22 11:32:35 - src.core.utils.logging_config - StoreID:N/A - DEBUG - Obtenidos 55 valores únicos para escuela en 0.000s
2025-08-22 11:32:35 - src.core.utils.logging_config - StoreID:N/A - DEBUG - Valores para escuela: ['16 de Septiembre', 'Adolfo Lopez Mareo', 'Adolfo Lopez Mateo', 'Albino García Ramos', 'Alvaro Obregon', 'Benito Juárez', 'Bicentenario', 'Blanca Verónica Soto Martínez Príncipes', 'CBTIS 148', 'CECYTE', 'Club Rotario', 'Colegio Motolinea', 'Conalep', 'Emiliano Zapata', 'Erasmo Castellano', 'EsTv 154', 'Francisco González Bocanegra', 'Francisco Villa', 'Frida Kahlo', 'Guillermo Prieto', 'Himno Nacional', 'Huizache', 'Ignacio Allende', 'Ignacio Ramirez Lopez', 'Ignacio Zaragoza', 'J. Guadalupe Victoria', 'Jean Piaget', 'Jorge Cantor', 'Josefa Ortiz de Domínguez', 'José María Morelos', 'José María Morelos y Pavón', 'Justo Sierra', 'Manuel Gutiérrez Nájera', 'Margarita Paz Paredes', 'Miguel Campuzano', 'Miguel Hidalgo', 'Narciso Mendoza', 'Nińos Héroes', 'Omecalli', 'Palacio', 'Paolo Fraire', 'Patria', 'Práxedis Guerrero', 'Rafael Ramírez', 'SABES', 'Santa Rosa 238', 'Sor Juana Inés de la Cruz', 'Telesecundaria 454', 'Telesecundaria 512', 'Telesecundaria 600', 'Técnica de San Bartolo', 'UVEG', 'Vicente Guerrero', 'Vidal Acolcer', 'Álvaro Obregón']
2025-08-22 11:32:35 - src.core.utils.logging_config - StoreID:N/A - DEBUG - Obtenidos 4 valores únicos para nivel_educativo en 0.000s
2025-08-22 11:32:35 - src.core.utils.logging_config - StoreID:N/A - DEBUG - Valores para nivel_educativo: ['Bachillerato', 'Preescolar', 'Primaria', 'Secundaria']
2025-08-22 11:32:35 - src.core.utils.logging_config - StoreID:N/A - DEBUG - Obtenidos 3 valores únicos para genero en 0.000s
2025-08-22 11:32:35 - src.core.utils.logging_config - StoreID:N/A - DEBUG - Valores para genero: ['Hombre', 'Mujer', 'Unisex']
2025-08-22 11:32:35 - src.core.utils.logging_config - StoreID:N/A - DEBUG - Obtenidos 4 valores únicos para marca en 0.000s
2025-08-22 11:32:35 - src.core.utils.logging_config - StoreID:N/A - DEBUG - Valores para marca: ['Claudia', 'MarcaX', 'MarcaY', 'Prowear']
2025-08-22 11:32:36 - src.core.utils.logging_config - StoreID:N/A - DEBUG - Obtenidos 43 valores únicos para talla en 0.000s
2025-08-22 11:32:36 - src.core.utils.logging_config - StoreID:N/A - DEBUG - Valores para talla: ['2', '3', '4', '5', '6', '7', '8', '9', '10', '11', '12', '13', '14', '16', '18', '20', '28', '30', '32', '34', '36', '38', '40', '42', '44', '46', 'M', 'L', 'CH', 'MD', 'GD', 'EXG', 'Uni', 'ESP', '0-0', '0-2', '3-5', '6-8', '9-12', '13-18', 'CH-MD', 'GD-EXG', 'Dama']
2025-08-22 11:32:36 - src.core.utils.logging_config - StoreID:N/A - INFO - Comboboxes inicializados correctamente
2025-08-22 11:32:36 - src.core.utils.logging_config - StoreID:N/A - DEBUG - Label de filtros actualizado: Sin filtros activos
2025-08-22 11:32:36 - src.core.utils.logging_config - StoreID:N/A - DEBUG - Lock interface called with lock=True, tree exists=1
2025-08-22 11:32:36 - src.core.utils.logging_config - StoreID:N/A - DEBUG - Cargando productos para página 1, batch_size=30
2025-08-22 11:32:36 - src.core.utils.logging_config - StoreID:N/A - DEBUG - Actualizando paginación: total_items=3990, current_page=0, total_pages=133
2025-08-22 11:32:36 - src.core.utils.logging_config - StoreID:N/A - DEBUG - Texto de paginación actualizado: Página 1 de 133
2025-08-22 11:32:36 - src.core.utils.logging_config - StoreID:N/A - DEBUG - Conteo de selección actualizado: 0/30
2025-08-22 11:32:36 - src.core.utils.logging_config - StoreID:N/A - INFO - Cargados 30 productos, página 1, total páginas: 133, tiempo: 0.119s
2025-08-22 11:32:36 - src.core.utils.logging_config - StoreID:N/A - DEBUG - Lock interface called with lock=False, tree exists=1
2025-08-22 11:32:40 - src.core.utils.logging_config - StoreID:N/A - DEBUG - Menú desplegable creado y mostrado
2025-08-22 11:32:42 - src.core.utils.logging_config - StoreID:N/A - DEBUG - Ejecutando comando con selecciones: ['Suéter'], column=tipo_pieza
2025-08-22 11:32:42 - src.core.utils.logging_config - StoreID:N/A - DEBUG - Lock interface called with lock=True, tree exists=1
2025-08-22 11:32:42 - src.core.utils.logging_config - StoreID:N/A - DEBUG - Cargando productos para página 1, batch_size=30
2025-08-22 11:32:42 - src.core.utils.logging_config - StoreID:N/A - DEBUG - Actualizando paginación: total_items=707, current_page=0, total_pages=24
2025-08-22 11:32:42 - src.core.utils.logging_config - StoreID:N/A - DEBUG - Texto de paginación actualizado: Página 1 de 24
2025-08-22 11:32:42 - src.core.utils.logging_config - StoreID:N/A - DEBUG - Conteo de selección actualizado: 0/30
2025-08-22 11:32:42 - src.core.utils.logging_config - StoreID:N/A - INFO - Cargados 30 productos, página 1, total páginas: 24, tiempo: 0.128s
2025-08-22 11:32:42 - src.core.utils.logging_config - StoreID:N/A - DEBUG - Lock interface called with lock=False, tree exists=1
2025-08-22 11:32:42 - src.core.utils.logging_config - StoreID:N/A - DEBUG - Label de filtros actualizado: Filtros: Tipo Pieza: Suéter
2025-08-22 11:32:43 - src.core.utils.logging_config - StoreID:N/A - DEBUG - Menú desplegable cerrado
2025-08-22 11:32:43 - src.core.utils.logging_config - StoreID:N/A - DEBUG - Menú desplegable creado y mostrado
2025-08-22 11:33:50 - src.core.utils.logging_config - StoreID:N/A - DEBUG - Ejecutando comando con selecciones: ['Azul Marino'], column=color
2025-08-22 11:33:50 - src.core.utils.logging_config - StoreID:N/A - DEBUG - Lock interface called with lock=True, tree exists=1
2025-08-22 11:33:50 - src.core.utils.logging_config - StoreID:N/A - DEBUG - Cargando productos para página 1, batch_size=30
2025-08-22 11:33:50 - src.core.utils.logging_config - StoreID:N/A - DEBUG - Actualizando paginación: total_items=196, current_page=0, total_pages=7
2025-08-22 11:33:50 - src.core.utils.logging_config - StoreID:N/A - DEBUG - Texto de paginación actualizado: Página 1 de 7
2025-08-22 11:33:50 - src.core.utils.logging_config - StoreID:N/A - DEBUG - Conteo de selección actualizado: 0/30
2025-08-22 11:33:50 - src.core.utils.logging_config - StoreID:N/A - INFO - Cargados 30 productos, página 1, total páginas: 7, tiempo: 0.121s
2025-08-22 11:33:50 - src.core.utils.logging_config - StoreID:N/A - DEBUG - Lock interface called with lock=False, tree exists=1
2025-08-22 11:33:50 - src.core.utils.logging_config - StoreID:N/A - DEBUG - Label de filtros actualizado: Filtros: Color: Azul Marino; Tipo Pieza: Suéter
2025-08-22 11:33:53 - src.core.utils.logging_config - StoreID:N/A - DEBUG - Menú desplegable cerrado
2025-08-22 11:33:55 - src.core.utils.logging_config - StoreID:N/A - DEBUG - Conteo de selección actualizado: 1/30
2025-08-22 11:33:55 - src.core.utils.logging_config - StoreID:N/A - DEBUG - Mostrando detalles para SKU: SKU001826
2025-08-22 11:33:55 - src.core.utils.logging_config - StoreID:N/A - DEBUG - Intentando cargar imagen desde: None
2025-08-22 11:33:55 - src.core.utils.logging_config - StoreID:N/A - DEBUG - Carpeta creada o existente: c:\Users\dafab\OneDrive\Documentos\Gestor\Gestor_de_Inventarios\Mis codigos\Suéter Claudia Cuello V H Azul Marino Talla_Básico_Suéter\8
2025-08-22 11:33:55 - src.core.utils.logging_config - StoreID:N/A - WARNING - qr_path existente no encontrado: c:\Users\dafab\OneDrive\Documentos\Gestor\Gestor_de_Inventarios\Mis codigos\Suéter Claudia Cuello V H Azul Marino Talla_Básico_Suéter\8\SKU001826_Suéter Claudia Cuello V H Azul Marino Talla_8_label.png. Generando nueva etiqueta.
2025-08-22 11:33:55 - src.core.utils.logging_config - StoreID:N/A - DEBUG - QR generado en: c:\Users\dafab\OneDrive\Documentos\Gestor\Gestor_de_Inventarios\Mis codigos\Suéter Claudia Cuello V H Azul Marino Talla_Básico_Suéter\8\SKU001826.png
2025-08-22 11:33:55 - src.core.utils.logging_config - StoreID:N/A - DEBUG - Etiqueta estándar generada y guardada en: c:\Users\dafab\OneDrive\Documentos\Gestor\Gestor_de_Inventarios\Mis codigos\Suéter Claudia Cuello V H Azul Marino Talla_Básico_Suéter\8\label_SKU001826.png, qr_path actualizado: Mis codigos\Suéter Claudia Cuello V H Azul Marino Talla_Básico_Suéter\8\label_SKU001826.png
2025-08-22 11:33:55 - src.core.utils.logging_config - StoreID:N/A - DEBUG - Etiqueta dividida generada y guardada en: c:\Users\dafab\OneDrive\Documentos\Gestor\Gestor_de_Inventarios\Mis codigos\Suéter Claudia Cuello V H Azul Marino Talla_Básico_Suéter\8\label_split_SKU001826.png, label_split_path actualizado: Mis codigos\Suéter Claudia Cuello V H Azul Marino Talla_Básico_Suéter\8\label_split_SKU001826.png
2025-08-22 11:33:55 - src.core.utils.logging_config - StoreID:N/A - DEBUG - Etiqueta cargada exitosamente: c:\Users\dafab\OneDrive\Documentos\Gestor\Gestor_de_Inventarios\Mis codigos\Suéter Claudia Cuello V H Azul Marino Talla_Básico_Suéter\8\label_SKU001826.png
2025-08-22 11:33:56 - src.core.utils.logging_config - StoreID:N/A - DEBUG - Abriendo vista previa de impresión con label_path: c:\Users\dafab\OneDrive\Documentos\Gestor\Gestor_de_Inventarios\Mis codigos\Suéter Claudia Cuello V H Azul Marino Talla_Básico_Suéter\8\label_SKU001826.png
2025-08-22 11:33:56 - src.core.utils.logging_config - StoreID:N/A - DEBUG - SKU seleccionado al abrir PrintPreviewWindow: SKU001826
2025-08-22 11:33:56 - src.core.utils.logging_config - StoreID:N/A - DEBUG - Etiqueta cargada para SKU SKU001826: c:\Users\dafab\OneDrive\Documentos\Gestor\Gestor_de_Inventarios\Mis codigos\Suéter Claudia Cuello V H Azul Marino Talla_Básico_Suéter\8\label_SKU001826.png
2025-08-22 11:33:59 - src.core.utils.logging_config - StoreID:N/A - DEBUG - Conteo de selección actualizado: 1/30
2025-08-22 11:33:59 - src.core.utils.logging_config - StoreID:N/A - DEBUG - Mostrando detalles para SKU: SKU001826
2025-08-22 11:33:59 - src.core.utils.logging_config - StoreID:N/A - DEBUG - Intentando cargar imagen desde: None
2025-08-22 11:33:59 - src.core.utils.logging_config - StoreID:N/A - DEBUG - Carpeta creada o existente: c:\Users\dafab\OneDrive\Documentos\Gestor\Gestor_de_Inventarios\Mis codigos\Suéter Claudia Cuello V H Azul Marino Talla_Básico_Suéter\8
2025-08-22 11:33:59 - src.core.utils.logging_config - StoreID:N/A - DEBUG - Etiqueta cargada exitosamente: c:\Users\dafab\OneDrive\Documentos\Gestor\Gestor_de_Inventarios\Mis codigos\Suéter Claudia Cuello V H Azul Marino Talla_Básico_Suéter\8\label_SKU001826.png
2025-08-22 11:33:59 - src.core.utils.logging_config - StoreID:N/A - DEBUG - Selección del Treeview actualizada al item I06C (SKU: SKU001826, índice: 17)
2025-08-22 11:33:59 - src.core.utils.logging_config - StoreID:N/A - DEBUG - Conteo de selección actualizado: 1/30
2025-08-22 11:33:59 - src.core.utils.logging_config - StoreID:N/A - DEBUG - Mostrando detalles para SKU: SKU001826
2025-08-22 11:33:59 - src.core.utils.logging_config - StoreID:N/A - DEBUG - Intentando cargar imagen desde: None
2025-08-22 11:33:59 - src.core.utils.logging_config - StoreID:N/A - DEBUG - Carpeta creada o existente: c:\Users\dafab\OneDrive\Documentos\Gestor\Gestor_de_Inventarios\Mis codigos\Suéter Claudia Cuello V H Azul Marino Talla_Básico_Suéter\8
2025-08-22 11:33:59 - src.core.utils.logging_config - StoreID:N/A - DEBUG - Etiqueta cargada exitosamente: c:\Users\dafab\OneDrive\Documentos\Gestor\Gestor_de_Inventarios\Mis codigos\Suéter Claudia Cuello V H Azul Marino Talla_Básico_Suéter\8\label_SKU001826.png
2025-08-22 11:33:59 - src.core.utils.logging_config - StoreID:N/A - DEBUG - Conteo de selección actualizado: 1/30
2025-08-22 11:33:59 - src.core.utils.logging_config - StoreID:N/A - DEBUG - Mostrando detalles para SKU: SKU001826
2025-08-22 11:33:59 - src.core.utils.logging_config - StoreID:N/A - DEBUG - Intentando cargar imagen desde: None
2025-08-22 11:33:59 - src.core.utils.logging_config - StoreID:N/A - DEBUG - Carpeta creada o existente: c:\Users\dafab\OneDrive\Documentos\Gestor\Gestor_de_Inventarios\Mis codigos\Suéter Claudia Cuello V H Azul Marino Talla_Básico_Suéter\8
2025-08-22 11:33:59 - src.core.utils.logging_config - StoreID:N/A - DEBUG - Etiqueta cargada exitosamente: c:\Users\dafab\OneDrive\Documentos\Gestor\Gestor_de_Inventarios\Mis codigos\Suéter Claudia Cuello V H Azul Marino Talla_Básico_Suéter\8\label_SKU001826.png
2025-08-22 15:18:47 - src.core.utils.logging_config - StoreID:N/A - DEBUG - Manteniendo selección para SKU: SKU001826 al cerrar PrintPreviewWindow
2025-08-22 15:18:47 - src.core.utils.logging_config - StoreID:N/A - DEBUG - Conteo de selección actualizado: 1/30
2025-08-22 15:18:47 - src.core.utils.logging_config - StoreID:N/A - DEBUG - Mostrando detalles para SKU: SKU001826
2025-08-22 15:18:47 - src.core.utils.logging_config - StoreID:N/A - DEBUG - Intentando cargar imagen desde: None
2025-08-22 15:18:47 - src.core.utils.logging_config - StoreID:N/A - DEBUG - Carpeta creada o existente: c:\Users\dafab\OneDrive\Documentos\Gestor\Gestor_de_Inventarios\Mis codigos\Suéter Claudia Cuello V H Azul Marino Talla_Básico_Suéter\8
2025-08-22 15:18:47 - src.core.utils.logging_config - StoreID:N/A - DEBUG - Etiqueta cargada exitosamente: c:\Users\dafab\OneDrive\Documentos\Gestor\Gestor_de_Inventarios\Mis codigos\Suéter Claudia Cuello V H Azul Marino Talla_Básico_Suéter\8\label_SKU001826.png
2025-08-22 15:18:47 - src.core.utils.logging_config - StoreID:N/A - DEBUG - Conteo de selección actualizado: 1/30
2025-08-22 15:18:47 - src.core.utils.logging_config - StoreID:N/A - DEBUG - Mostrando detalles para SKU: SKU001826
2025-08-22 15:18:47 - src.core.utils.logging_config - StoreID:N/A - DEBUG - Intentando cargar imagen desde: None
2025-08-22 15:18:47 - src.core.utils.logging_config - StoreID:N/A - DEBUG - Carpeta creada o existente: c:\Users\dafab\OneDrive\Documentos\Gestor\Gestor_de_Inventarios\Mis codigos\Suéter Claudia Cuello V H Azul Marino Talla_Básico_Suéter\8
2025-08-22 15:18:47 - src.core.utils.logging_config - StoreID:N/A - DEBUG - Etiqueta cargada exitosamente: c:\Users\dafab\OneDrive\Documentos\Gestor\Gestor_de_Inventarios\Mis codigos\Suéter Claudia Cuello V H Azul Marino Talla_Básico_Suéter\8\label_SKU001826.png
2025-08-22 15:19:03 - src.core.utils.logging_config - StoreID:N/A - DEBUG - Selección restaurada para SKU: SKU001826 después de cerrar PrintPreviewWindow
2025-08-22 15:19:03 - src.core.utils.logging_config - StoreID:N/A - DEBUG - Conteo de selección actualizado: 1/30
2025-08-22 15:19:03 - src.core.utils.logging_config - StoreID:N/A - DEBUG - Mostrando detalles para SKU: SKU001826
2025-08-22 15:19:03 - src.core.utils.logging_config - StoreID:N/A - DEBUG - Intentando cargar imagen desde: None
2025-08-22 15:19:03 - src.core.utils.logging_config - StoreID:N/A - DEBUG - Carpeta creada o existente: c:\Users\dafab\OneDrive\Documentos\Gestor\Gestor_de_Inventarios\Mis codigos\Suéter Claudia Cuello V H Azul Marino Talla_Básico_Suéter\8
2025-08-22 15:19:03 - src.core.utils.logging_config - StoreID:N/A - DEBUG - Etiqueta cargada exitosamente: c:\Users\dafab\OneDrive\Documentos\Gestor\Gestor_de_Inventarios\Mis codigos\Suéter Claudia Cuello V H Azul Marino Talla_Básico_Suéter\8\label_SKU001826.png
2025-08-22 15:19:03 - src.core.utils.logging_config - StoreID:N/A - DEBUG - Conteo de selección actualizado: 1/30
2025-08-22 15:19:03 - src.core.utils.logging_config - StoreID:N/A - DEBUG - Mostrando detalles para SKU: SKU001826
2025-08-22 15:19:03 - src.core.utils.logging_config - StoreID:N/A - DEBUG - Intentando cargar imagen desde: None
2025-08-22 15:19:03 - src.core.utils.logging_config - StoreID:N/A - DEBUG - Carpeta creada o existente: c:\Users\dafab\OneDrive\Documentos\Gestor\Gestor_de_Inventarios\Mis codigos\Suéter Claudia Cuello V H Azul Marino Talla_Básico_Suéter\8
2025-08-22 15:19:03 - src.core.utils.logging_config - StoreID:N/A - DEBUG - Etiqueta cargada exitosamente: c:\Users\dafab\OneDrive\Documentos\Gestor\Gestor_de_Inventarios\Mis codigos\Suéter Claudia Cuello V H Azul Marino Talla_Básico_Suéter\8\label_SKU001826.png
2025-08-22 15:19:05 - src.core.utils.logging_config - StoreID:N/A - INFO - Filtros limpiados para columnas: color, tipo_prenda, tipo_pieza, atributo, escuela, nivel_educativo, genero, marca, talla
2025-08-22 15:19:05 - src.core.utils.logging_config - StoreID:N/A - DEBUG - Lock interface called with lock=True, tree exists=1
2025-08-22 15:19:05 - src.core.utils.logging_config - StoreID:N/A - DEBUG - Cargando productos para página 1, batch_size=30
2025-08-22 15:19:05 - src.core.utils.logging_config - StoreID:N/A - DEBUG - Actualizando paginación: total_items=3990, current_page=0, total_pages=133
2025-08-22 15:19:05 - src.core.utils.logging_config - StoreID:N/A - DEBUG - Texto de paginación actualizado: Página 1 de 133
2025-08-22 15:19:05 - src.core.utils.logging_config - StoreID:N/A - DEBUG - Conteo de selección actualizado: 0/30
2025-08-22 15:19:05 - src.core.utils.logging_config - StoreID:N/A - INFO - Cargados 30 productos, página 1, total páginas: 133, tiempo: 0.138s
2025-08-22 15:19:05 - src.core.utils.logging_config - StoreID:N/A - DEBUG - Lock interface called with lock=False, tree exists=1
2025-08-22 15:19:05 - src.core.utils.logging_config - StoreID:N/A - INFO - Filtros limpiados y productos recargados
2025-08-22 15:19:05 - src.core.utils.logging_config - StoreID:N/A - DEBUG - Label de filtros actualizado: Sin filtros activos
2025-08-22 15:19:05 - src.core.utils.logging_config - StoreID:N/A - DEBUG - Lock interface called with lock=True, tree exists=1
2025-08-22 15:19:05 - src.core.utils.logging_config - StoreID:N/A - DEBUG - Cargando productos para página 1, batch_size=30
2025-08-22 15:19:05 - src.core.utils.logging_config - StoreID:N/A - DEBUG - Actualizando paginación: total_items=3990, current_page=0, total_pages=133
2025-08-22 15:19:05 - src.core.utils.logging_config - StoreID:N/A - DEBUG - Texto de paginación actualizado: Página 1 de 133
2025-08-22 15:19:05 - src.core.utils.logging_config - StoreID:N/A - DEBUG - Conteo de selección actualizado: 0/30
2025-08-22 15:19:05 - src.core.utils.logging_config - StoreID:N/A - INFO - Cargados 30 productos, página 1, total páginas: 133, tiempo: 0.131s
2025-08-22 15:19:05 - src.core.utils.logging_config - StoreID:N/A - DEBUG - Lock interface called with lock=False, tree exists=1
2025-08-22 15:19:05 - src.core.utils.logging_config - StoreID:N/A - DEBUG - Conteo de selección actualizado: 0/30
2025-08-22 15:19:07 - src.core.utils.logging_config - StoreID:N/A - DEBUG - Menú desplegable creado y mostrado
2025-08-22 15:19:12 - src.core.utils.logging_config - StoreID:N/A - DEBUG - Ejecutando comando con selecciones: ['SABES'], column=escuela
2025-08-22 15:19:12 - src.core.utils.logging_config - StoreID:N/A - DEBUG - Lock interface called with lock=True, tree exists=1
2025-08-22 15:19:12 - src.core.utils.logging_config - StoreID:N/A - DEBUG - Cargando productos para página 1, batch_size=30
2025-08-22 15:19:12 - src.core.utils.logging_config - StoreID:N/A - DEBUG - Actualizando paginación: total_items=73, current_page=0, total_pages=3
2025-08-22 15:19:12 - src.core.utils.logging_config - StoreID:N/A - DEBUG - Texto de paginación actualizado: Página 1 de 3
2025-08-22 15:19:12 - src.core.utils.logging_config - StoreID:N/A - DEBUG - Conteo de selección actualizado: 0/30
2025-08-22 15:19:12 - src.core.utils.logging_config - StoreID:N/A - INFO - Cargados 30 productos, página 1, total páginas: 3, tiempo: 0.131s
2025-08-22 15:19:12 - src.core.utils.logging_config - StoreID:N/A - DEBUG - Lock interface called with lock=False, tree exists=1
2025-08-22 15:19:12 - src.core.utils.logging_config - StoreID:N/A - DEBUG - Label de filtros actualizado: Filtros: Escuela: SABES
2025-08-22 15:19:19 - src.core.utils.logging_config - StoreID:N/A - DEBUG - Menú desplegable cerrado
2025-08-22 15:19:24 - src.core.utils.logging_config - StoreID:N/A - DEBUG - Conteo de selección actualizado: 1/30
2025-08-22 15:19:24 - src.core.utils.logging_config - StoreID:N/A - DEBUG - Mostrando detalles para SKU: SKU002664
2025-08-22 15:19:24 - src.core.utils.logging_config - StoreID:N/A - DEBUG - Intentando cargar imagen desde: None
2025-08-22 15:19:24 - src.core.utils.logging_config - StoreID:N/A - DEBUG - Carpeta creada o existente: c:\Users\dafab\OneDrive\Documentos\Gestor\Gestor_de_Inventarios\Mis codigos\Pants 2pz Deportivo SABES Talla_Deportivo_Pants 2pz\CH
2025-08-22 15:19:24 - src.core.utils.logging_config - StoreID:N/A - DEBUG - Etiqueta cargada exitosamente: c:\Users\dafab\OneDrive\Documentos\Gestor\Gestor_de_Inventarios\Mis codigos\Pants 2pz Deportivo SABES Talla_Deportivo_Pants 2pz\CH\label_SKU002664.png
2025-08-22 15:19:24 - src.core.utils.logging_config - StoreID:N/A - DEBUG - Conteo de selección actualizado: 1/30
2025-08-22 15:19:24 - src.core.utils.logging_config - StoreID:N/A - DEBUG - Mostrando detalles para SKU: SKU002666
2025-08-22 15:19:24 - src.core.utils.logging_config - StoreID:N/A - DEBUG - Intentando cargar imagen desde: None
2025-08-22 15:19:24 - src.core.utils.logging_config - StoreID:N/A - DEBUG - Carpeta creada o existente: c:\Users\dafab\OneDrive\Documentos\Gestor\Gestor_de_Inventarios\Mis codigos\Pants 2pz Deportivo SABES Talla_Deportivo_Pants 2pz\MD
2025-08-22 15:19:24 - src.core.utils.logging_config - StoreID:N/A - DEBUG - Etiqueta cargada exitosamente: c:\Users\dafab\OneDrive\Documentos\Gestor\Gestor_de_Inventarios\Mis codigos\Pants 2pz Deportivo SABES Talla_Deportivo_Pants 2pz\MD\label_SKU002666.png
2025-08-22 15:19:27 - src.core.utils.logging_config - StoreID:N/A - DEBUG - Abriendo vista previa de impresión con label_path: c:\Users\dafab\OneDrive\Documentos\Gestor\Gestor_de_Inventarios\Mis codigos\Pants 2pz Deportivo SABES Talla_Deportivo_Pants 2pz\MD\label_SKU002666.png
2025-08-22 15:19:27 - src.core.utils.logging_config - StoreID:N/A - DEBUG - SKU seleccionado al abrir PrintPreviewWindow: SKU002666
2025-08-22 15:19:27 - src.core.utils.logging_config - StoreID:N/A - DEBUG - Etiqueta cargada para SKU SKU002666: c:\Users\dafab\OneDrive\Documentos\Gestor\Gestor_de_Inventarios\Mis codigos\Pants 2pz Deportivo SABES Talla_Deportivo_Pants 2pz\MD\label_SKU002666.png
2025-08-22 15:19:31 - src.core.utils.logging_config - StoreID:N/A - DEBUG - Conteo de selección actualizado: 1/30
2025-08-22 15:19:31 - src.core.utils.logging_config - StoreID:N/A - DEBUG - Mostrando detalles para SKU: SKU002666
2025-08-22 15:19:31 - src.core.utils.logging_config - StoreID:N/A - DEBUG - Intentando cargar imagen desde: None
2025-08-22 15:19:31 - src.core.utils.logging_config - StoreID:N/A - DEBUG - Carpeta creada o existente: c:\Users\dafab\OneDrive\Documentos\Gestor\Gestor_de_Inventarios\Mis codigos\Pants 2pz Deportivo SABES Talla_Deportivo_Pants 2pz\MD
2025-08-22 15:19:31 - src.core.utils.logging_config - StoreID:N/A - DEBUG - Etiqueta cargada exitosamente: c:\Users\dafab\OneDrive\Documentos\Gestor\Gestor_de_Inventarios\Mis codigos\Pants 2pz Deportivo SABES Talla_Deportivo_Pants 2pz\MD\label_SKU002666.png
2025-08-22 15:19:31 - src.core.utils.logging_config - StoreID:N/A - DEBUG - Selección del Treeview actualizada al item I0BC (SKU: SKU002666, índice: 7)
2025-08-22 15:19:31 - src.core.utils.logging_config - StoreID:N/A - DEBUG - Conteo de selección actualizado: 1/30
2025-08-22 15:19:31 - src.core.utils.logging_config - StoreID:N/A - DEBUG - Mostrando detalles para SKU: SKU002666
2025-08-22 15:19:31 - src.core.utils.logging_config - StoreID:N/A - DEBUG - Intentando cargar imagen desde: None
2025-08-22 15:19:31 - src.core.utils.logging_config - StoreID:N/A - DEBUG - Carpeta creada o existente: c:\Users\dafab\OneDrive\Documentos\Gestor\Gestor_de_Inventarios\Mis codigos\Pants 2pz Deportivo SABES Talla_Deportivo_Pants 2pz\MD
2025-08-22 15:19:31 - src.core.utils.logging_config - StoreID:N/A - DEBUG - Etiqueta cargada exitosamente: c:\Users\dafab\OneDrive\Documentos\Gestor\Gestor_de_Inventarios\Mis codigos\Pants 2pz Deportivo SABES Talla_Deportivo_Pants 2pz\MD\label_SKU002666.png
2025-08-22 15:19:31 - src.core.utils.logging_config - StoreID:N/A - DEBUG - Conteo de selección actualizado: 1/30
2025-08-22 15:19:31 - src.core.utils.logging_config - StoreID:N/A - DEBUG - Mostrando detalles para SKU: SKU002666
2025-08-22 15:19:31 - src.core.utils.logging_config - StoreID:N/A - DEBUG - Intentando cargar imagen desde: None
2025-08-22 15:19:31 - src.core.utils.logging_config - StoreID:N/A - DEBUG - Carpeta creada o existente: c:\Users\dafab\OneDrive\Documentos\Gestor\Gestor_de_Inventarios\Mis codigos\Pants 2pz Deportivo SABES Talla_Deportivo_Pants 2pz\MD
2025-08-22 15:19:31 - src.core.utils.logging_config - StoreID:N/A - DEBUG - Etiqueta cargada exitosamente: c:\Users\dafab\OneDrive\Documentos\Gestor\Gestor_de_Inventarios\Mis codigos\Pants 2pz Deportivo SABES Talla_Deportivo_Pants 2pz\MD\label_SKU002666.png
2025-08-22 15:24:14 - src.core.utils.logging_config - StoreID:N/A - DEBUG - Conteo de selección actualizado: 1/30
2025-08-22 15:24:14 - src.core.utils.logging_config - StoreID:N/A - DEBUG - Mostrando detalles para SKU: SKU002666
2025-08-22 15:24:14 - src.core.utils.logging_config - StoreID:N/A - DEBUG - Intentando cargar imagen desde: None
2025-08-22 15:24:14 - src.core.utils.logging_config - StoreID:N/A - DEBUG - Carpeta creada o existente: c:\Users\dafab\OneDrive\Documentos\Gestor\Gestor_de_Inventarios\Mis codigos\Pants 2pz Deportivo SABES Talla_Deportivo_Pants 2pz\MD
2025-08-22 15:24:14 - src.core.utils.logging_config - StoreID:N/A - DEBUG - Etiqueta cargada exitosamente: c:\Users\dafab\OneDrive\Documentos\Gestor\Gestor_de_Inventarios\Mis codigos\Pants 2pz Deportivo SABES Talla_Deportivo_Pants 2pz\MD\label_SKU002666.png
2025-08-22 15:24:14 - src.core.utils.logging_config - StoreID:N/A - DEBUG - Selección del Treeview actualizada al item I0BC (SKU: SKU002666, índice: 7)
2025-08-22 15:24:14 - src.core.utils.logging_config - StoreID:N/A - DEBUG - Conteo de selección actualizado: 1/30
2025-08-22 15:24:14 - src.core.utils.logging_config - StoreID:N/A - DEBUG - Mostrando detalles para SKU: SKU002666
2025-08-22 15:24:14 - src.core.utils.logging_config - StoreID:N/A - DEBUG - Intentando cargar imagen desde: None
2025-08-22 15:24:14 - src.core.utils.logging_config - StoreID:N/A - DEBUG - Carpeta creada o existente: c:\Users\dafab\OneDrive\Documentos\Gestor\Gestor_de_Inventarios\Mis codigos\Pants 2pz Deportivo SABES Talla_Deportivo_Pants 2pz\MD
2025-08-22 15:24:14 - src.core.utils.logging_config - StoreID:N/A - DEBUG - Etiqueta cargada exitosamente: c:\Users\dafab\OneDrive\Documentos\Gestor\Gestor_de_Inventarios\Mis codigos\Pants 2pz Deportivo SABES Talla_Deportivo_Pants 2pz\MD\label_SKU002666.png
2025-08-22 15:24:14 - src.core.utils.logging_config - StoreID:N/A - DEBUG - Conteo de selección actualizado: 1/30
2025-08-22 15:24:14 - src.core.utils.logging_config - StoreID:N/A - DEBUG - Mostrando detalles para SKU: SKU002666
2025-08-22 15:24:14 - src.core.utils.logging_config - StoreID:N/A - DEBUG - Intentando cargar imagen desde: None
2025-08-22 15:24:14 - src.core.utils.logging_config - StoreID:N/A - DEBUG - Carpeta creada o existente: c:\Users\dafab\OneDrive\Documentos\Gestor\Gestor_de_Inventarios\Mis codigos\Pants 2pz Deportivo SABES Talla_Deportivo_Pants 2pz\MD
2025-08-22 15:24:14 - src.core.utils.logging_config - StoreID:N/A - DEBUG - Etiqueta cargada exitosamente: c:\Users\dafab\OneDrive\Documentos\Gestor\Gestor_de_Inventarios\Mis codigos\Pants 2pz Deportivo SABES Talla_Deportivo_Pants 2pz\MD\label_SKU002666.png
2025-08-22 15:24:17 - src.core.utils.logging_config - StoreID:N/A - DEBUG - Conteo de selección actualizado: 1/30
2025-08-22 15:24:17 - src.core.utils.logging_config - StoreID:N/A - DEBUG - Mostrando detalles para SKU: SKU002666
2025-08-22 15:24:17 - src.core.utils.logging_config - StoreID:N/A - DEBUG - Intentando cargar imagen desde: None
2025-08-22 15:24:17 - src.core.utils.logging_config - StoreID:N/A - DEBUG - Carpeta creada o existente: c:\Users\dafab\OneDrive\Documentos\Gestor\Gestor_de_Inventarios\Mis codigos\Pants 2pz Deportivo SABES Talla_Deportivo_Pants 2pz\MD
2025-08-22 15:24:17 - src.core.utils.logging_config - StoreID:N/A - DEBUG - Etiqueta cargada exitosamente: c:\Users\dafab\OneDrive\Documentos\Gestor\Gestor_de_Inventarios\Mis codigos\Pants 2pz Deportivo SABES Talla_Deportivo_Pants 2pz\MD\label_SKU002666.png
2025-08-22 15:24:17 - src.core.utils.logging_config - StoreID:N/A - DEBUG - Selección del Treeview actualizada al item I0BC (SKU: SKU002666, índice: 7)
2025-08-22 15:24:17 - src.core.utils.logging_config - StoreID:N/A - DEBUG - Conteo de selección actualizado: 1/30
2025-08-22 15:24:17 - src.core.utils.logging_config - StoreID:N/A - DEBUG - Mostrando detalles para SKU: SKU002666
2025-08-22 15:24:17 - src.core.utils.logging_config - StoreID:N/A - DEBUG - Intentando cargar imagen desde: None
2025-08-22 15:24:17 - src.core.utils.logging_config - StoreID:N/A - DEBUG - Carpeta creada o existente: c:\Users\dafab\OneDrive\Documentos\Gestor\Gestor_de_Inventarios\Mis codigos\Pants 2pz Deportivo SABES Talla_Deportivo_Pants 2pz\MD
2025-08-22 15:24:17 - src.core.utils.logging_config - StoreID:N/A - DEBUG - Etiqueta cargada exitosamente: c:\Users\dafab\OneDrive\Documentos\Gestor\Gestor_de_Inventarios\Mis codigos\Pants 2pz Deportivo SABES Talla_Deportivo_Pants 2pz\MD\label_SKU002666.png
2025-08-22 15:24:17 - src.core.utils.logging_config - StoreID:N/A - DEBUG - Conteo de selección actualizado: 1/30
2025-08-22 15:24:17 - src.core.utils.logging_config - StoreID:N/A - DEBUG - Mostrando detalles para SKU: SKU002666
2025-08-22 15:24:17 - src.core.utils.logging_config - StoreID:N/A - DEBUG - Intentando cargar imagen desde: None
2025-08-22 15:24:17 - src.core.utils.logging_config - StoreID:N/A - DEBUG - Carpeta creada o existente: c:\Users\dafab\OneDrive\Documentos\Gestor\Gestor_de_Inventarios\Mis codigos\Pants 2pz Deportivo SABES Talla_Deportivo_Pants 2pz\MD
2025-08-22 15:24:17 - src.core.utils.logging_config - StoreID:N/A - DEBUG - Etiqueta cargada exitosamente: c:\Users\dafab\OneDrive\Documentos\Gestor\Gestor_de_Inventarios\Mis codigos\Pants 2pz Deportivo SABES Talla_Deportivo_Pants 2pz\MD\label_SKU002666.png
2025-08-22 15:32:09 - src.core.utils.logging_config - StoreID:N/A - DEBUG - Etiqueta cargada para SKU SKU002664: c:\Users\dafab\OneDrive\Documentos\Gestor\Gestor_de_Inventarios\Mis codigos\Pants 2pz Deportivo SABES Talla_Deportivo_Pants 2pz\CH\label_SKU002664.png
2025-08-22 15:32:10 - src.core.utils.logging_config - StoreID:N/A - DEBUG - Conteo de selección actualizado: 1/30
2025-08-22 15:32:10 - src.core.utils.logging_config - StoreID:N/A - DEBUG - Mostrando detalles para SKU: SKU002664
2025-08-22 15:32:10 - src.core.utils.logging_config - StoreID:N/A - DEBUG - Intentando cargar imagen desde: None
2025-08-22 15:32:10 - src.core.utils.logging_config - StoreID:N/A - DEBUG - Carpeta creada o existente: c:\Users\dafab\OneDrive\Documentos\Gestor\Gestor_de_Inventarios\Mis codigos\Pants 2pz Deportivo SABES Talla_Deportivo_Pants 2pz\CH
2025-08-22 15:32:10 - src.core.utils.logging_config - StoreID:N/A - DEBUG - Etiqueta cargada exitosamente: c:\Users\dafab\OneDrive\Documentos\Gestor\Gestor_de_Inventarios\Mis codigos\Pants 2pz Deportivo SABES Talla_Deportivo_Pants 2pz\CH\label_SKU002664.png
2025-08-22 15:32:10 - src.core.utils.logging_config - StoreID:N/A - DEBUG - Selección del Treeview actualizada al item I0BB (SKU: SKU002664, índice: 6)
2025-08-22 15:32:10 - src.core.utils.logging_config - StoreID:N/A - DEBUG - Conteo de selección actualizado: 1/30
2025-08-22 15:32:10 - src.core.utils.logging_config - StoreID:N/A - DEBUG - Mostrando detalles para SKU: SKU002664
2025-08-22 15:32:10 - src.core.utils.logging_config - StoreID:N/A - DEBUG - Intentando cargar imagen desde: None
2025-08-22 15:32:10 - src.core.utils.logging_config - StoreID:N/A - DEBUG - Carpeta creada o existente: c:\Users\dafab\OneDrive\Documentos\Gestor\Gestor_de_Inventarios\Mis codigos\Pants 2pz Deportivo SABES Talla_Deportivo_Pants 2pz\CH
2025-08-22 15:32:10 - src.core.utils.logging_config - StoreID:N/A - DEBUG - Etiqueta cargada exitosamente: c:\Users\dafab\OneDrive\Documentos\Gestor\Gestor_de_Inventarios\Mis codigos\Pants 2pz Deportivo SABES Talla_Deportivo_Pants 2pz\CH\label_SKU002664.png
2025-08-22 15:32:10 - src.core.utils.logging_config - StoreID:N/A - DEBUG - Conteo de selección actualizado: 1/30
2025-08-22 15:32:10 - src.core.utils.logging_config - StoreID:N/A - DEBUG - Mostrando detalles para SKU: SKU002664
2025-08-22 15:32:10 - src.core.utils.logging_config - StoreID:N/A - DEBUG - Intentando cargar imagen desde: None
2025-08-22 15:32:10 - src.core.utils.logging_config - StoreID:N/A - DEBUG - Carpeta creada o existente: c:\Users\dafab\OneDrive\Documentos\Gestor\Gestor_de_Inventarios\Mis codigos\Pants 2pz Deportivo SABES Talla_Deportivo_Pants 2pz\CH
2025-08-22 15:32:10 - src.core.utils.logging_config - StoreID:N/A - DEBUG - Etiqueta cargada exitosamente: c:\Users\dafab\OneDrive\Documentos\Gestor\Gestor_de_Inventarios\Mis codigos\Pants 2pz Deportivo SABES Talla_Deportivo_Pants 2pz\CH\label_SKU002664.png
2025-08-22 15:32:13 - src.core.utils.logging_config - StoreID:N/A - DEBUG - Conteo de selección actualizado: 1/30
2025-08-22 15:32:13 - src.core.utils.logging_config - StoreID:N/A - DEBUG - Mostrando detalles para SKU: SKU002664
2025-08-22 15:32:13 - src.core.utils.logging_config - StoreID:N/A - DEBUG - Intentando cargar imagen desde: None
2025-08-22 15:32:13 - src.core.utils.logging_config - StoreID:N/A - DEBUG - Carpeta creada o existente: c:\Users\dafab\OneDrive\Documentos\Gestor\Gestor_de_Inventarios\Mis codigos\Pants 2pz Deportivo SABES Talla_Deportivo_Pants 2pz\CH
2025-08-22 15:32:13 - src.core.utils.logging_config - StoreID:N/A - DEBUG - Etiqueta cargada exitosamente: c:\Users\dafab\OneDrive\Documentos\Gestor\Gestor_de_Inventarios\Mis codigos\Pants 2pz Deportivo SABES Talla_Deportivo_Pants 2pz\CH\label_SKU002664.png
2025-08-22 15:32:13 - src.core.utils.logging_config - StoreID:N/A - DEBUG - Selección del Treeview actualizada al item I0BB (SKU: SKU002664, índice: 6)
2025-08-22 15:32:13 - src.core.utils.logging_config - StoreID:N/A - DEBUG - Conteo de selección actualizado: 1/30
2025-08-22 15:32:13 - src.core.utils.logging_config - StoreID:N/A - DEBUG - Mostrando detalles para SKU: SKU002664
2025-08-22 15:32:13 - src.core.utils.logging_config - StoreID:N/A - DEBUG - Intentando cargar imagen desde: None
2025-08-22 15:32:13 - src.core.utils.logging_config - StoreID:N/A - DEBUG - Carpeta creada o existente: c:\Users\dafab\OneDrive\Documentos\Gestor\Gestor_de_Inventarios\Mis codigos\Pants 2pz Deportivo SABES Talla_Deportivo_Pants 2pz\CH
2025-08-22 15:32:13 - src.core.utils.logging_config - StoreID:N/A - DEBUG - Etiqueta cargada exitosamente: c:\Users\dafab\OneDrive\Documentos\Gestor\Gestor_de_Inventarios\Mis codigos\Pants 2pz Deportivo SABES Talla_Deportivo_Pants 2pz\CH\label_SKU002664.png
2025-08-22 15:32:13 - src.core.utils.logging_config - StoreID:N/A - DEBUG - Conteo de selección actualizado: 1/30
2025-08-22 15:32:13 - src.core.utils.logging_config - StoreID:N/A - DEBUG - Mostrando detalles para SKU: SKU002664
2025-08-22 15:32:13 - src.core.utils.logging_config - StoreID:N/A - DEBUG - Intentando cargar imagen desde: None
2025-08-22 15:32:13 - src.core.utils.logging_config - StoreID:N/A - DEBUG - Carpeta creada o existente: c:\Users\dafab\OneDrive\Documentos\Gestor\Gestor_de_Inventarios\Mis codigos\Pants 2pz Deportivo SABES Talla_Deportivo_Pants 2pz\CH
2025-08-22 15:32:13 - src.core.utils.logging_config - StoreID:N/A - DEBUG - Etiqueta cargada exitosamente: c:\Users\dafab\OneDrive\Documentos\Gestor\Gestor_de_Inventarios\Mis codigos\Pants 2pz Deportivo SABES Talla_Deportivo_Pants 2pz\CH\label_SKU002664.png
