2025-07-24 10:40:15 - src.core.utils.logging_config - StoreID:N/A - INFO - Inicializando ProductManagerLogic para tienda 1
2025-07-24 10:40:15 - src.core.utils.logging_config - StoreID:N/A - DEBUG - ProductEditForm inicializado para tienda 1
2025-07-24 10:40:15 - src.core.utils.logging_config - StoreID:N/A - INFO - Inicializando ProductManagerUI para tienda 1
2025-07-24 10:40:15 - src.core.utils.logging_config - StoreID:N/A - DEBUG - Ícono cargado: edit
2025-07-24 10:40:15 - src.core.utils.logging_config - StoreID:N/A - DEBUG - Ícono cargado: copy
2025-07-24 10:40:15 - src.core.utils.logging_config - StoreID:N/A - DEBUG - Ícono cargado: delete
2025-07-24 10:40:15 - src.core.utils.logging_config - StoreID:N/A - DEBUG - Ícono cargado: duplicate
2025-07-24 10:40:15 - src.core.utils.logging_config - StoreID:N/A - DEBUG - Ícono cargado: price
2025-07-24 10:40:15 - src.core.utils.logging_config - StoreID:N/A - DEBUG - Ícono cargado: print
2025-07-24 10:40:15 - src.core.utils.logging_config - StoreID:N/A - DEBUG - Ícono cargado: inventory
2025-07-24 10:40:16 - src.core.utils.logging_config - StoreID:N/A - DEBUG - Inicializando CheckComboBox con column=color
2025-07-24 10:40:16 - src.core.utils.logging_config - StoreID:N/A - DEBUG - CheckComboBox creado con label=Color, column=color
2025-07-24 10:40:16 - src.core.utils.logging_config - StoreID:N/A - DEBUG - Inicializando CheckComboBox con column=tipo_prenda
2025-07-24 10:40:16 - src.core.utils.logging_config - StoreID:N/A - DEBUG - CheckComboBox creado con label=Tipo Prenda, column=tipo_prenda
2025-07-24 10:40:16 - src.core.utils.logging_config - StoreID:N/A - DEBUG - Inicializando CheckComboBox con column=tipo_pieza
2025-07-24 10:40:16 - src.core.utils.logging_config - StoreID:N/A - DEBUG - CheckComboBox creado con label=Tipo Pieza, column=tipo_pieza
2025-07-24 10:40:16 - src.core.utils.logging_config - StoreID:N/A - DEBUG - Inicializando CheckComboBox con column=atributo
2025-07-24 10:40:16 - src.core.utils.logging_config - StoreID:N/A - DEBUG - CheckComboBox creado con label=Atributo, column=atributo
2025-07-24 10:40:16 - src.core.utils.logging_config - StoreID:N/A - DEBUG - Inicializando CheckComboBox con column=escuela
2025-07-24 10:40:16 - src.core.utils.logging_config - StoreID:N/A - DEBUG - CheckComboBox creado con label=Escuela, column=escuela
2025-07-24 10:40:17 - src.core.utils.logging_config - StoreID:N/A - DEBUG - Inicializando CheckComboBox con column=nivel_educativo
2025-07-24 10:40:17 - src.core.utils.logging_config - StoreID:N/A - DEBUG - CheckComboBox creado con label=Nivel Educativo, column=nivel_educativo
2025-07-24 10:40:17 - src.core.utils.logging_config - StoreID:N/A - DEBUG - Inicializando CheckComboBox con column=genero
2025-07-24 10:40:17 - src.core.utils.logging_config - StoreID:N/A - DEBUG - CheckComboBox creado con label=Género, column=genero
2025-07-24 10:40:17 - src.core.utils.logging_config - StoreID:N/A - DEBUG - Inicializando CheckComboBox con column=marca
2025-07-24 10:40:17 - src.core.utils.logging_config - StoreID:N/A - DEBUG - CheckComboBox creado con label=Marca, column=marca
2025-07-24 10:40:17 - src.core.utils.logging_config - StoreID:N/A - DEBUG - Inicializando CheckComboBox con column=talla
2025-07-24 10:40:17 - src.core.utils.logging_config - StoreID:N/A - DEBUG - CheckComboBox creado con label=Talla, column=talla
2025-07-24 10:40:17 - src.core.utils.logging_config - StoreID:N/A - DEBUG - Inicializando comboboxes para filtros
2025-07-24 10:40:17 - src.core.utils.logging_config - StoreID:N/A - DEBUG - Obtenidos 32 valores únicos para color en 0.053s
2025-07-24 10:40:17 - src.core.utils.logging_config - StoreID:N/A - DEBUG - Valores para color: ['Ad hoc', 'Amarillo', 'Azul', 'Azul Marino', 'Azul Rey', 'Azul cielo', 'Beige', 'Bicolor', 'Blanca', 'Blanco', 'Café', 'Camuflaje', 'Caqui', 'Doble raya', 'Escoces', 'Gales azul', 'Gales rojo', 'Gales verde', 'Gris', 'Gris claro', 'Gris obscuro', 'Negro', 'Pata de gallo', 'Pgallo cafe', 'Raya roja', 'Rojo', 'Rosa', 'SABES', 'Verde', 'Verde limon', 'Verde olivo', 'Vino']
2025-07-24 10:40:17 - src.core.utils.logging_config - StoreID:N/A - DEBUG - Obtenidos 5 valores únicos para tipo_prenda en 0.003s
2025-07-24 10:40:17 - src.core.utils.logging_config - StoreID:N/A - DEBUG - Valores para tipo_prenda: ['Accesorio', 'Básico', 'Deportivo', 'Escolta', 'Oficial']
2025-07-24 10:40:17 - src.core.utils.logging_config - StoreID:N/A - DEBUG - Obtenidos 20 valores únicos para tipo_pieza en 0.003s
2025-07-24 10:40:17 - src.core.utils.logging_config - StoreID:N/A - DEBUG - Valores para tipo_pieza: ['Bata', 'Boina', 'Calceta', 'Camisa', 'Chaleco', 'Chamarra', 'Corbata', 'Corbatín', 'Falda', 'Guante', 'Jumper', 'Malla', 'Mascada', 'Mońo', 'Pantalón', 'Pants 2pz', 'Pants 3pz', 'Pants Suelto', 'Playera', 'Suéter']
2025-07-24 10:40:17 - src.core.utils.logging_config - StoreID:N/A - DEBUG - Obtenidos 24 valores únicos para atributo en 0.003s
2025-07-24 10:40:17 - src.core.utils.logging_config - StoreID:N/A - DEBUG - Valores para atributo: ['Algodón', 'Botones', 'Chazarilla', 'Conalep', 'Conjunto', 'Cuatro tablas', 'Cuello Olan', 'Cuello V', 'Cuello olan', 'Deportiva', 'Deportivo', 'Escolar', 'Escolta', 'Gabardina', 'Infantil', 'Liso', 'Manga Corta', 'Manga Larga', 'Oferta', 'Polo', 'Punto', 'Tableada', 'Tortuga', 'Vestir']
2025-07-24 10:40:17 - src.core.utils.logging_config - StoreID:N/A - DEBUG - Obtenidos 47 valores únicos para escuela en 0.001s
2025-07-24 10:40:17 - src.core.utils.logging_config - StoreID:N/A - DEBUG - Valores para escuela: ['16 de Septiembre', 'Albino García Ramos', 'Benito Juárez', 'Bicentenario', 'Blanca Verónica Soto Martínez Príncipes', 'CBTIS 148', 'CECYTE', 'Club Rotario', 'Colegio Motolinea', 'Conalep', 'Emiliano Zapata', 'Erasmo Castellano', 'EsTv 154', 'Francisco González Bocanegra', 'Francisco Villa', 'Frida Kahlo', 'Guillermo Prieto', 'Himno Nacional', 'Ignacio Allende', 'Ignacio Ramirez Lopez', 'Ignacio Zaragoza', 'J. Guadalupe Victoria', 'Jean Piaget', 'Jorge Cantor', 'Josefa Ortiz de Domínguez', 'José María Morelos', 'José María Morelos y Pavón', 'Justo Sierra', 'Manuel Gutiérrez Nájera', 'Margarita Paz Paredes', 'Miguel Campuzano', 'Miguel Hidalgo', 'Narciso Mendoza', 'Nińos Héroes', 'Omecalli', 'Paolo Fraire', 'Patria', 'Práxedis Guerrero', 'Rafael Ramírez', 'SABES', 'Sor Juana Inés de la Cruz', 'Telesecundaria 454', 'Telesecundaria 512', 'Técnica de San Bartolo', 'UVEG', 'Vicente Guerrero', 'Álvaro Obregón']
2025-07-24 10:40:17 - src.core.utils.logging_config - StoreID:N/A - DEBUG - Obtenidos 4 valores únicos para nivel_educativo en 0.003s
2025-07-24 10:40:17 - src.core.utils.logging_config - StoreID:N/A - DEBUG - Valores para nivel_educativo: ['Bachillerato', 'Preescolar', 'Primaria', 'Secundaria']
2025-07-24 10:40:17 - src.core.utils.logging_config - StoreID:N/A - DEBUG - Obtenidos 3 valores únicos para genero en 0.002s
2025-07-24 10:40:17 - src.core.utils.logging_config - StoreID:N/A - DEBUG - Valores para genero: ['Hombre', 'Mujer', 'Unisex']
2025-07-24 10:40:17 - src.core.utils.logging_config - StoreID:N/A - DEBUG - Obtenidos 2 valores únicos para marca en 0.008s
2025-07-24 10:40:17 - src.core.utils.logging_config - StoreID:N/A - DEBUG - Valores para marca: ['Claudia', 'Prowear']
2025-07-24 10:40:17 - src.core.utils.logging_config - StoreID:N/A - DEBUG - Obtenidos 41 valores únicos para talla en 0.005s
2025-07-24 10:40:17 - src.core.utils.logging_config - StoreID:N/A - DEBUG - Valores para talla: ['2', '3', '4', '5', '6', '7', '8', '9', '10', '11', '12', '13', '14', '16', '18', '20', '28', '30', '32', '34', '36', '38', '40', '42', '44', '46', 'CH', 'MD', 'GD', 'EXG', 'Uni', 'ESP', '0-0', '0-2', '3-5', '6-8', '9-12', '13-18', 'CH-MD', 'GD-EXG', 'Dama']
2025-07-24 10:40:18 - src.core.utils.logging_config - StoreID:N/A - INFO - Comboboxes inicializados correctamente
2025-07-24 10:40:18 - src.core.utils.logging_config - StoreID:N/A - DEBUG - Label de filtros actualizado: Sin filtros activos
2025-07-24 10:40:18 - src.core.utils.logging_config - StoreID:N/A - DEBUG - Lock interface called with lock=True, tree exists=1
2025-07-24 10:40:18 - src.core.utils.logging_config - StoreID:N/A - DEBUG - Cargando productos para página 1, batch_size=30
2025-07-24 10:40:18 - src.core.utils.logging_config - StoreID:N/A - DEBUG - Actualizando paginación: total_items=3744, current_page=0, total_pages=125
2025-07-24 10:40:18 - src.core.utils.logging_config - StoreID:N/A - DEBUG - Texto de paginación actualizado: Página 1 de 125
2025-07-24 10:40:18 - src.core.utils.logging_config - StoreID:N/A - DEBUG - Conteo de selección actualizado: 0/30
2025-07-24 10:40:18 - src.core.utils.logging_config - StoreID:N/A - INFO - Cargados 30 productos, página 1, total páginas: 125, tiempo: 0.323s
2025-07-24 10:40:18 - src.core.utils.logging_config - StoreID:N/A - DEBUG - Lock interface called with lock=False, tree exists=1
2025-07-24 10:40:18 - src.core.utils.logging_config - StoreID:N/A - DEBUG - Inicializando comboboxes para filtros
2025-07-24 10:40:18 - src.core.utils.logging_config - StoreID:N/A - DEBUG - Obtenidos 32 valores únicos para color en 0.000s
2025-07-24 10:40:18 - src.core.utils.logging_config - StoreID:N/A - DEBUG - Valores para color: ['Ad hoc', 'Amarillo', 'Azul', 'Azul Marino', 'Azul Rey', 'Azul cielo', 'Beige', 'Bicolor', 'Blanca', 'Blanco', 'Café', 'Camuflaje', 'Caqui', 'Doble raya', 'Escoces', 'Gales azul', 'Gales rojo', 'Gales verde', 'Gris', 'Gris claro', 'Gris obscuro', 'Negro', 'Pata de gallo', 'Pgallo cafe', 'Raya roja', 'Rojo', 'Rosa', 'SABES', 'Verde', 'Verde limon', 'Verde olivo', 'Vino']
2025-07-24 10:40:18 - src.core.utils.logging_config - StoreID:N/A - DEBUG - Obtenidos 5 valores únicos para tipo_prenda en 0.000s
2025-07-24 10:40:18 - src.core.utils.logging_config - StoreID:N/A - DEBUG - Valores para tipo_prenda: ['Accesorio', 'Básico', 'Deportivo', 'Escolta', 'Oficial']
2025-07-24 10:40:18 - src.core.utils.logging_config - StoreID:N/A - DEBUG - Obtenidos 20 valores únicos para tipo_pieza en 0.000s
2025-07-24 10:40:18 - src.core.utils.logging_config - StoreID:N/A - DEBUG - Valores para tipo_pieza: ['Bata', 'Boina', 'Calceta', 'Camisa', 'Chaleco', 'Chamarra', 'Corbata', 'Corbatín', 'Falda', 'Guante', 'Jumper', 'Malla', 'Mascada', 'Mońo', 'Pantalón', 'Pants 2pz', 'Pants 3pz', 'Pants Suelto', 'Playera', 'Suéter']
2025-07-24 10:40:18 - src.core.utils.logging_config - StoreID:N/A - DEBUG - Obtenidos 24 valores únicos para atributo en 0.000s
2025-07-24 10:40:18 - src.core.utils.logging_config - StoreID:N/A - DEBUG - Valores para atributo: ['Algodón', 'Botones', 'Chazarilla', 'Conalep', 'Conjunto', 'Cuatro tablas', 'Cuello Olan', 'Cuello V', 'Cuello olan', 'Deportiva', 'Deportivo', 'Escolar', 'Escolta', 'Gabardina', 'Infantil', 'Liso', 'Manga Corta', 'Manga Larga', 'Oferta', 'Polo', 'Punto', 'Tableada', 'Tortuga', 'Vestir']
2025-07-24 10:40:18 - src.core.utils.logging_config - StoreID:N/A - DEBUG - Obtenidos 47 valores únicos para escuela en 0.000s
2025-07-24 10:40:18 - src.core.utils.logging_config - StoreID:N/A - DEBUG - Valores para escuela: ['16 de Septiembre', 'Albino García Ramos', 'Benito Juárez', 'Bicentenario', 'Blanca Verónica Soto Martínez Príncipes', 'CBTIS 148', 'CECYTE', 'Club Rotario', 'Colegio Motolinea', 'Conalep', 'Emiliano Zapata', 'Erasmo Castellano', 'EsTv 154', 'Francisco González Bocanegra', 'Francisco Villa', 'Frida Kahlo', 'Guillermo Prieto', 'Himno Nacional', 'Ignacio Allende', 'Ignacio Ramirez Lopez', 'Ignacio Zaragoza', 'J. Guadalupe Victoria', 'Jean Piaget', 'Jorge Cantor', 'Josefa Ortiz de Domínguez', 'José María Morelos', 'José María Morelos y Pavón', 'Justo Sierra', 'Manuel Gutiérrez Nájera', 'Margarita Paz Paredes', 'Miguel Campuzano', 'Miguel Hidalgo', 'Narciso Mendoza', 'Nińos Héroes', 'Omecalli', 'Paolo Fraire', 'Patria', 'Práxedis Guerrero', 'Rafael Ramírez', 'SABES', 'Sor Juana Inés de la Cruz', 'Telesecundaria 454', 'Telesecundaria 512', 'Técnica de San Bartolo', 'UVEG', 'Vicente Guerrero', 'Álvaro Obregón']
2025-07-24 10:40:18 - src.core.utils.logging_config - StoreID:N/A - DEBUG - Obtenidos 4 valores únicos para nivel_educativo en 0.000s
2025-07-24 10:40:18 - src.core.utils.logging_config - StoreID:N/A - DEBUG - Valores para nivel_educativo: ['Bachillerato', 'Preescolar', 'Primaria', 'Secundaria']
2025-07-24 10:40:18 - src.core.utils.logging_config - StoreID:N/A - DEBUG - Obtenidos 3 valores únicos para genero en 0.000s
2025-07-24 10:40:18 - src.core.utils.logging_config - StoreID:N/A - DEBUG - Valores para genero: ['Hombre', 'Mujer', 'Unisex']
2025-07-24 10:40:18 - src.core.utils.logging_config - StoreID:N/A - DEBUG - Obtenidos 2 valores únicos para marca en 0.000s
2025-07-24 10:40:18 - src.core.utils.logging_config - StoreID:N/A - DEBUG - Valores para marca: ['Claudia', 'Prowear']
2025-07-24 10:40:18 - src.core.utils.logging_config - StoreID:N/A - DEBUG - Obtenidos 41 valores únicos para talla en 0.000s
2025-07-24 10:40:18 - src.core.utils.logging_config - StoreID:N/A - DEBUG - Valores para talla: ['2', '3', '4', '5', '6', '7', '8', '9', '10', '11', '12', '13', '14', '16', '18', '20', '28', '30', '32', '34', '36', '38', '40', '42', '44', '46', 'CH', 'MD', 'GD', 'EXG', 'Uni', 'ESP', '0-0', '0-2', '3-5', '6-8', '9-12', '13-18', 'CH-MD', 'GD-EXG', 'Dama']
2025-07-24 10:40:18 - src.core.utils.logging_config - StoreID:N/A - INFO - Comboboxes inicializados correctamente
2025-07-24 10:40:18 - src.core.utils.logging_config - StoreID:N/A - DEBUG - Label de filtros actualizado: Sin filtros activos
2025-07-24 10:40:18 - src.core.utils.logging_config - StoreID:N/A - DEBUG - Lock interface called with lock=True, tree exists=1
2025-07-24 10:40:19 - src.core.utils.logging_config - StoreID:N/A - DEBUG - Cargando productos para página 1, batch_size=30
2025-07-24 10:40:19 - src.core.utils.logging_config - StoreID:N/A - DEBUG - Actualizando paginación: total_items=3744, current_page=0, total_pages=125
2025-07-24 10:40:19 - src.core.utils.logging_config - StoreID:N/A - DEBUG - Texto de paginación actualizado: Página 1 de 125
2025-07-24 10:40:19 - src.core.utils.logging_config - StoreID:N/A - DEBUG - Conteo de selección actualizado: 0/30
2025-07-24 10:40:19 - src.core.utils.logging_config - StoreID:N/A - INFO - Cargados 30 productos, página 1, total páginas: 125, tiempo: 0.224s
2025-07-24 10:40:19 - src.core.utils.logging_config - StoreID:N/A - DEBUG - Lock interface called with lock=False, tree exists=1
2025-07-24 10:40:20 - src.core.utils.logging_config - StoreID:N/A - DEBUG - Inicializando CheckComboBox con column=None
2025-07-24 10:40:20 - src.core.utils.logging_config - StoreID:N/A - DEBUG - CheckComboBox creado con label=Escuelas, column=None
2025-07-24 10:40:23 - src.core.utils.logging_config - StoreID:N/A - INFO - Inicializando ProductManagerLogic para tienda 1
2025-07-24 10:40:23 - src.core.utils.logging_config - StoreID:N/A - DEBUG - ProductEditForm inicializado para tienda 1
2025-07-24 10:40:23 - src.core.utils.logging_config - StoreID:N/A - INFO - Inicializando ProductManagerUI para tienda 1
2025-07-24 10:40:23 - src.core.utils.logging_config - StoreID:N/A - DEBUG - Ícono cargado: edit
2025-07-24 10:40:23 - src.core.utils.logging_config - StoreID:N/A - DEBUG - Ícono cargado: copy
2025-07-24 10:40:23 - src.core.utils.logging_config - StoreID:N/A - DEBUG - Ícono cargado: delete
2025-07-24 10:40:23 - src.core.utils.logging_config - StoreID:N/A - DEBUG - Ícono cargado: duplicate
2025-07-24 10:40:23 - src.core.utils.logging_config - StoreID:N/A - DEBUG - Ícono cargado: price
2025-07-24 10:40:23 - src.core.utils.logging_config - StoreID:N/A - DEBUG - Ícono cargado: print
2025-07-24 10:40:23 - src.core.utils.logging_config - StoreID:N/A - DEBUG - Ícono cargado: inventory
2025-07-24 10:40:23 - src.core.utils.logging_config - StoreID:N/A - DEBUG - Inicializando CheckComboBox con column=color
2025-07-24 10:40:23 - src.core.utils.logging_config - StoreID:N/A - DEBUG - CheckComboBox creado con label=Color, column=color
2025-07-24 10:40:23 - src.core.utils.logging_config - StoreID:N/A - DEBUG - Inicializando CheckComboBox con column=tipo_prenda
2025-07-24 10:40:23 - src.core.utils.logging_config - StoreID:N/A - DEBUG - CheckComboBox creado con label=Tipo Prenda, column=tipo_prenda
2025-07-24 10:40:23 - src.core.utils.logging_config - StoreID:N/A - DEBUG - Inicializando CheckComboBox con column=tipo_pieza
2025-07-24 10:40:23 - src.core.utils.logging_config - StoreID:N/A - DEBUG - CheckComboBox creado con label=Tipo Pieza, column=tipo_pieza
2025-07-24 10:40:23 - src.core.utils.logging_config - StoreID:N/A - DEBUG - Inicializando CheckComboBox con column=atributo
2025-07-24 10:40:23 - src.core.utils.logging_config - StoreID:N/A - DEBUG - CheckComboBox creado con label=Atributo, column=atributo
2025-07-24 10:40:23 - src.core.utils.logging_config - StoreID:N/A - DEBUG - Inicializando CheckComboBox con column=escuela
2025-07-24 10:40:23 - src.core.utils.logging_config - StoreID:N/A - DEBUG - CheckComboBox creado con label=Escuela, column=escuela
2025-07-24 10:40:23 - src.core.utils.logging_config - StoreID:N/A - DEBUG - Inicializando CheckComboBox con column=nivel_educativo
2025-07-24 10:40:23 - src.core.utils.logging_config - StoreID:N/A - DEBUG - CheckComboBox creado con label=Nivel Educativo, column=nivel_educativo
2025-07-24 10:40:23 - src.core.utils.logging_config - StoreID:N/A - DEBUG - Inicializando CheckComboBox con column=genero
2025-07-24 10:40:23 - src.core.utils.logging_config - StoreID:N/A - DEBUG - CheckComboBox creado con label=Género, column=genero
2025-07-24 10:40:23 - src.core.utils.logging_config - StoreID:N/A - DEBUG - Inicializando CheckComboBox con column=marca
2025-07-24 10:40:23 - src.core.utils.logging_config - StoreID:N/A - DEBUG - CheckComboBox creado con label=Marca, column=marca
2025-07-24 10:40:23 - src.core.utils.logging_config - StoreID:N/A - DEBUG - Inicializando CheckComboBox con column=talla
2025-07-24 10:40:23 - src.core.utils.logging_config - StoreID:N/A - DEBUG - CheckComboBox creado con label=Talla, column=talla
2025-07-24 10:40:25 - src.core.utils.logging_config - StoreID:N/A - DEBUG - Inicializando comboboxes para filtros
2025-07-24 10:40:25 - src.core.utils.logging_config - StoreID:N/A - DEBUG - Obtenidos 32 valores únicos para color en 0.005s
2025-07-24 10:40:25 - src.core.utils.logging_config - StoreID:N/A - DEBUG - Valores para color: ['Ad hoc', 'Amarillo', 'Azul', 'Azul Marino', 'Azul Rey', 'Azul cielo', 'Beige', 'Bicolor', 'Blanca', 'Blanco', 'Café', 'Camuflaje', 'Caqui', 'Doble raya', 'Escoces', 'Gales azul', 'Gales rojo', 'Gales verde', 'Gris', 'Gris claro', 'Gris obscuro', 'Negro', 'Pata de gallo', 'Pgallo cafe', 'Raya roja', 'Rojo', 'Rosa', 'SABES', 'Verde', 'Verde limon', 'Verde olivo', 'Vino']
2025-07-24 10:40:25 - src.core.utils.logging_config - StoreID:N/A - DEBUG - Obtenidos 5 valores únicos para tipo_prenda en 0.004s
2025-07-24 10:40:25 - src.core.utils.logging_config - StoreID:N/A - DEBUG - Valores para tipo_prenda: ['Accesorio', 'Básico', 'Deportivo', 'Escolta', 'Oficial']
2025-07-24 10:40:25 - src.core.utils.logging_config - StoreID:N/A - DEBUG - Obtenidos 20 valores únicos para tipo_pieza en 0.005s
2025-07-24 10:40:25 - src.core.utils.logging_config - StoreID:N/A - DEBUG - Valores para tipo_pieza: ['Bata', 'Boina', 'Calceta', 'Camisa', 'Chaleco', 'Chamarra', 'Corbata', 'Corbatín', 'Falda', 'Guante', 'Jumper', 'Malla', 'Mascada', 'Mońo', 'Pantalón', 'Pants 2pz', 'Pants 3pz', 'Pants Suelto', 'Playera', 'Suéter']
2025-07-24 10:40:25 - src.core.utils.logging_config - StoreID:N/A - DEBUG - Obtenidos 24 valores únicos para atributo en 0.005s
2025-07-24 10:40:25 - src.core.utils.logging_config - StoreID:N/A - DEBUG - Valores para atributo: ['Algodón', 'Botones', 'Chazarilla', 'Conalep', 'Conjunto', 'Cuatro tablas', 'Cuello Olan', 'Cuello V', 'Cuello olan', 'Deportiva', 'Deportivo', 'Escolar', 'Escolta', 'Gabardina', 'Infantil', 'Liso', 'Manga Corta', 'Manga Larga', 'Oferta', 'Polo', 'Punto', 'Tableada', 'Tortuga', 'Vestir']
2025-07-24 10:40:25 - src.core.utils.logging_config - StoreID:N/A - DEBUG - Obtenidos 47 valores únicos para escuela en 0.000s
2025-07-24 10:40:25 - src.core.utils.logging_config - StoreID:N/A - DEBUG - Valores para escuela: ['16 de Septiembre', 'Albino García Ramos', 'Benito Juárez', 'Bicentenario', 'Blanca Verónica Soto Martínez Príncipes', 'CBTIS 148', 'CECYTE', 'Club Rotario', 'Colegio Motolinea', 'Conalep', 'Emiliano Zapata', 'Erasmo Castellano', 'EsTv 154', 'Francisco González Bocanegra', 'Francisco Villa', 'Frida Kahlo', 'Guillermo Prieto', 'Himno Nacional', 'Ignacio Allende', 'Ignacio Ramirez Lopez', 'Ignacio Zaragoza', 'J. Guadalupe Victoria', 'Jean Piaget', 'Jorge Cantor', 'Josefa Ortiz de Domínguez', 'José María Morelos', 'José María Morelos y Pavón', 'Justo Sierra', 'Manuel Gutiérrez Nájera', 'Margarita Paz Paredes', 'Miguel Campuzano', 'Miguel Hidalgo', 'Narciso Mendoza', 'Nińos Héroes', 'Omecalli', 'Paolo Fraire', 'Patria', 'Práxedis Guerrero', 'Rafael Ramírez', 'SABES', 'Sor Juana Inés de la Cruz', 'Telesecundaria 454', 'Telesecundaria 512', 'Técnica de San Bartolo', 'UVEG', 'Vicente Guerrero', 'Álvaro Obregón']
2025-07-24 10:40:25 - src.core.utils.logging_config - StoreID:N/A - DEBUG - Obtenidos 4 valores únicos para nivel_educativo en 0.003s
2025-07-24 10:40:25 - src.core.utils.logging_config - StoreID:N/A - DEBUG - Valores para nivel_educativo: ['Bachillerato', 'Preescolar', 'Primaria', 'Secundaria']
2025-07-24 10:40:25 - src.core.utils.logging_config - StoreID:N/A - DEBUG - Obtenidos 3 valores únicos para genero en 0.002s
2025-07-24 10:40:25 - src.core.utils.logging_config - StoreID:N/A - DEBUG - Valores para genero: ['Hombre', 'Mujer', 'Unisex']
2025-07-24 10:40:25 - src.core.utils.logging_config - StoreID:N/A - DEBUG - Obtenidos 2 valores únicos para marca en 0.002s
2025-07-24 10:40:25 - src.core.utils.logging_config - StoreID:N/A - DEBUG - Valores para marca: ['Claudia', 'Prowear']
2025-07-24 10:40:25 - src.core.utils.logging_config - StoreID:N/A - DEBUG - Obtenidos 41 valores únicos para talla en 0.005s
2025-07-24 10:40:25 - src.core.utils.logging_config - StoreID:N/A - DEBUG - Valores para talla: ['2', '3', '4', '5', '6', '7', '8', '9', '10', '11', '12', '13', '14', '16', '18', '20', '28', '30', '32', '34', '36', '38', '40', '42', '44', '46', 'CH', 'MD', 'GD', 'EXG', 'Uni', 'ESP', '0-0', '0-2', '3-5', '6-8', '9-12', '13-18', 'CH-MD', 'GD-EXG', 'Dama']
2025-07-24 10:40:25 - src.core.utils.logging_config - StoreID:N/A - INFO - Comboboxes inicializados correctamente
2025-07-24 10:40:25 - src.core.utils.logging_config - StoreID:N/A - DEBUG - Label de filtros actualizado: Sin filtros activos
2025-07-24 10:40:25 - src.core.utils.logging_config - StoreID:N/A - DEBUG - Lock interface called with lock=True, tree exists=1
2025-07-24 10:40:25 - src.core.utils.logging_config - StoreID:N/A - DEBUG - Cargando productos para página 1, batch_size=30
2025-07-24 10:40:25 - src.core.utils.logging_config - StoreID:N/A - DEBUG - Actualizando paginación: total_items=3744, current_page=0, total_pages=125
2025-07-24 10:40:25 - src.core.utils.logging_config - StoreID:N/A - DEBUG - Texto de paginación actualizado: Página 1 de 125
2025-07-24 10:40:25 - src.core.utils.logging_config - StoreID:N/A - DEBUG - Conteo de selección actualizado: 0/30
2025-07-24 10:40:25 - src.core.utils.logging_config - StoreID:N/A - INFO - Cargados 30 productos, página 1, total páginas: 125, tiempo: 0.147s
2025-07-24 10:40:25 - src.core.utils.logging_config - StoreID:N/A - DEBUG - Lock interface called with lock=False, tree exists=1
2025-07-24 10:40:25 - src.core.utils.logging_config - StoreID:N/A - DEBUG - Inicializando comboboxes para filtros
2025-07-24 10:40:25 - src.core.utils.logging_config - StoreID:N/A - DEBUG - Obtenidos 32 valores únicos para color en 0.000s
2025-07-24 10:40:25 - src.core.utils.logging_config - StoreID:N/A - DEBUG - Valores para color: ['Ad hoc', 'Amarillo', 'Azul', 'Azul Marino', 'Azul Rey', 'Azul cielo', 'Beige', 'Bicolor', 'Blanca', 'Blanco', 'Café', 'Camuflaje', 'Caqui', 'Doble raya', 'Escoces', 'Gales azul', 'Gales rojo', 'Gales verde', 'Gris', 'Gris claro', 'Gris obscuro', 'Negro', 'Pata de gallo', 'Pgallo cafe', 'Raya roja', 'Rojo', 'Rosa', 'SABES', 'Verde', 'Verde limon', 'Verde olivo', 'Vino']
2025-07-24 10:40:25 - src.core.utils.logging_config - StoreID:N/A - DEBUG - Obtenidos 5 valores únicos para tipo_prenda en 0.000s
2025-07-24 10:40:25 - src.core.utils.logging_config - StoreID:N/A - DEBUG - Valores para tipo_prenda: ['Accesorio', 'Básico', 'Deportivo', 'Escolta', 'Oficial']
2025-07-24 10:40:25 - src.core.utils.logging_config - StoreID:N/A - DEBUG - Obtenidos 20 valores únicos para tipo_pieza en 0.000s
2025-07-24 10:40:25 - src.core.utils.logging_config - StoreID:N/A - DEBUG - Valores para tipo_pieza: ['Bata', 'Boina', 'Calceta', 'Camisa', 'Chaleco', 'Chamarra', 'Corbata', 'Corbatín', 'Falda', 'Guante', 'Jumper', 'Malla', 'Mascada', 'Mońo', 'Pantalón', 'Pants 2pz', 'Pants 3pz', 'Pants Suelto', 'Playera', 'Suéter']
2025-07-24 10:40:25 - src.core.utils.logging_config - StoreID:N/A - DEBUG - Obtenidos 24 valores únicos para atributo en 0.000s
2025-07-24 10:40:26 - src.core.utils.logging_config - StoreID:N/A - DEBUG - Valores para atributo: ['Algodón', 'Botones', 'Chazarilla', 'Conalep', 'Conjunto', 'Cuatro tablas', 'Cuello Olan', 'Cuello V', 'Cuello olan', 'Deportiva', 'Deportivo', 'Escolar', 'Escolta', 'Gabardina', 'Infantil', 'Liso', 'Manga Corta', 'Manga Larga', 'Oferta', 'Polo', 'Punto', 'Tableada', 'Tortuga', 'Vestir']
2025-07-24 10:40:26 - src.core.utils.logging_config - StoreID:N/A - DEBUG - Obtenidos 47 valores únicos para escuela en 0.000s
2025-07-24 10:40:26 - src.core.utils.logging_config - StoreID:N/A - DEBUG - Valores para escuela: ['16 de Septiembre', 'Albino García Ramos', 'Benito Juárez', 'Bicentenario', 'Blanca Verónica Soto Martínez Príncipes', 'CBTIS 148', 'CECYTE', 'Club Rotario', 'Colegio Motolinea', 'Conalep', 'Emiliano Zapata', 'Erasmo Castellano', 'EsTv 154', 'Francisco González Bocanegra', 'Francisco Villa', 'Frida Kahlo', 'Guillermo Prieto', 'Himno Nacional', 'Ignacio Allende', 'Ignacio Ramirez Lopez', 'Ignacio Zaragoza', 'J. Guadalupe Victoria', 'Jean Piaget', 'Jorge Cantor', 'Josefa Ortiz de Domínguez', 'José María Morelos', 'José María Morelos y Pavón', 'Justo Sierra', 'Manuel Gutiérrez Nájera', 'Margarita Paz Paredes', 'Miguel Campuzano', 'Miguel Hidalgo', 'Narciso Mendoza', 'Nińos Héroes', 'Omecalli', 'Paolo Fraire', 'Patria', 'Práxedis Guerrero', 'Rafael Ramírez', 'SABES', 'Sor Juana Inés de la Cruz', 'Telesecundaria 454', 'Telesecundaria 512', 'Técnica de San Bartolo', 'UVEG', 'Vicente Guerrero', 'Álvaro Obregón']
2025-07-24 10:40:26 - src.core.utils.logging_config - StoreID:N/A - DEBUG - Obtenidos 4 valores únicos para nivel_educativo en 0.000s
2025-07-24 10:40:26 - src.core.utils.logging_config - StoreID:N/A - DEBUG - Valores para nivel_educativo: ['Bachillerato', 'Preescolar', 'Primaria', 'Secundaria']
2025-07-24 10:40:26 - src.core.utils.logging_config - StoreID:N/A - DEBUG - Obtenidos 3 valores únicos para genero en 0.000s
2025-07-24 10:40:26 - src.core.utils.logging_config - StoreID:N/A - DEBUG - Valores para genero: ['Hombre', 'Mujer', 'Unisex']
2025-07-24 10:40:26 - src.core.utils.logging_config - StoreID:N/A - DEBUG - Obtenidos 2 valores únicos para marca en 0.000s
2025-07-24 10:40:26 - src.core.utils.logging_config - StoreID:N/A - DEBUG - Valores para marca: ['Claudia', 'Prowear']
2025-07-24 10:40:26 - src.core.utils.logging_config - StoreID:N/A - DEBUG - Obtenidos 41 valores únicos para talla en 0.000s
2025-07-24 10:40:26 - src.core.utils.logging_config - StoreID:N/A - DEBUG - Valores para talla: ['2', '3', '4', '5', '6', '7', '8', '9', '10', '11', '12', '13', '14', '16', '18', '20', '28', '30', '32', '34', '36', '38', '40', '42', '44', '46', 'CH', 'MD', 'GD', 'EXG', 'Uni', 'ESP', '0-0', '0-2', '3-5', '6-8', '9-12', '13-18', 'CH-MD', 'GD-EXG', 'Dama']
2025-07-24 10:40:26 - src.core.utils.logging_config - StoreID:N/A - INFO - Comboboxes inicializados correctamente
2025-07-24 10:40:26 - src.core.utils.logging_config - StoreID:N/A - DEBUG - Label de filtros actualizado: Sin filtros activos
2025-07-24 10:40:26 - src.core.utils.logging_config - StoreID:N/A - DEBUG - Lock interface called with lock=True, tree exists=1
2025-07-24 10:40:26 - src.core.utils.logging_config - StoreID:N/A - DEBUG - Cargando productos para página 1, batch_size=30
2025-07-24 10:40:26 - src.core.utils.logging_config - StoreID:N/A - DEBUG - Actualizando paginación: total_items=3744, current_page=0, total_pages=125
2025-07-24 10:40:26 - src.core.utils.logging_config - StoreID:N/A - DEBUG - Texto de paginación actualizado: Página 1 de 125
2025-07-24 10:40:26 - src.core.utils.logging_config - StoreID:N/A - DEBUG - Conteo de selección actualizado: 0/30
2025-07-24 10:40:26 - src.core.utils.logging_config - StoreID:N/A - INFO - Cargados 30 productos, página 1, total páginas: 125, tiempo: 0.132s
2025-07-24 10:40:26 - src.core.utils.logging_config - StoreID:N/A - DEBUG - Lock interface called with lock=False, tree exists=1
