2025-08-05 13:53:44 - src.core.utils.logging_config - StoreID:N/A - INFO - Inicializando ProductManagerLogic para tienda 1
2025-08-05 13:53:44 - src.core.utils.logging_config - StoreID:N/A - DEBUG - ProductEditForm inicializado para tienda 1
2025-08-05 13:53:44 - src.core.utils.logging_config - StoreID:N/A - INFO - Inicializando ProductManagerUI para tienda 1
2025-08-05 13:53:44 - src.core.utils.logging_config - StoreID:N/A - DEBUG - ëcono cargado: edit
2025-08-05 13:53:44 - src.core.utils.logging_config - StoreID:N/A - DEBUG - ëcono cargado: copy
2025-08-05 13:53:44 - src.core.utils.logging_config - StoreID:N/A - DEBUG - ëcono cargado: delete
2025-08-05 13:53:44 - src.core.utils.logging_config - StoreID:N/A - DEBUG - ëcono cargado: duplicate
2025-08-05 13:53:44 - src.core.utils.logging_config - StoreID:N/A - DEBUG - ëcono cargado: price
2025-08-05 13:53:44 - src.core.utils.logging_config - StoreID:N/A - DEBUG - ëcono cargado: print
2025-08-05 13:53:44 - src.core.utils.logging_config - StoreID:N/A - DEBUG - ëcono cargado: inventory
2025-08-05 13:53:45 - src.core.utils.logging_config - StoreID:N/A - DEBUG - Inicializando CheckComboBox con column=color
2025-08-05 13:53:45 - src.core.utils.logging_config - StoreID:N/A - DEBUG - CheckComboBox creado con label=Color, column=color
2025-08-05 13:53:45 - src.core.utils.logging_config - StoreID:N/A - DEBUG - Inicializando CheckComboBox con column=tipo_prenda
2025-08-05 13:53:45 - src.core.utils.logging_config - StoreID:N/A - DEBUG - CheckComboBox creado con label=Tipo Prenda, column=tipo_prenda
2025-08-05 13:53:45 - src.core.utils.logging_config - StoreID:N/A - DEBUG - Inicializando CheckComboBox con column=tipo_pieza
2025-08-05 13:53:45 - src.core.utils.logging_config - StoreID:N/A - DEBUG - CheckComboBox creado con label=Tipo Pieza, column=tipo_pieza
2025-08-05 13:53:45 - src.core.utils.logging_config - StoreID:N/A - DEBUG - Inicializando CheckComboBox con column=atributo
2025-08-05 13:53:45 - src.core.utils.logging_config - StoreID:N/A - DEBUG - CheckComboBox creado con label=Atributo, column=atributo
2025-08-05 13:53:45 - src.core.utils.logging_config - StoreID:N/A - DEBUG - Inicializando CheckComboBox con column=escuela
2025-08-05 13:53:45 - src.core.utils.logging_config - StoreID:N/A - DEBUG - CheckComboBox creado con label=Escuela, column=escuela
2025-08-05 13:53:45 - src.core.utils.logging_config - StoreID:N/A - DEBUG - Inicializando CheckComboBox con column=nivel_educativo
2025-08-05 13:53:45 - src.core.utils.logging_config - StoreID:N/A - DEBUG - CheckComboBox creado con label=Nivel Educativo, column=nivel_educativo
2025-08-05 13:53:45 - src.core.utils.logging_config - StoreID:N/A - DEBUG - Inicializando CheckComboBox con column=genero
2025-08-05 13:53:45 - src.core.utils.logging_config - StoreID:N/A - DEBUG - CheckComboBox creado con label=GÕnero, column=genero
2025-08-05 13:53:45 - src.core.utils.logging_config - StoreID:N/A - DEBUG - Inicializando CheckComboBox con column=marca
2025-08-05 13:53:45 - src.core.utils.logging_config - StoreID:N/A - DEBUG - CheckComboBox creado con label=Marca, column=marca
2025-08-05 13:53:45 - src.core.utils.logging_config - StoreID:N/A - DEBUG - Inicializando CheckComboBox con column=talla
2025-08-05 13:53:45 - src.core.utils.logging_config - StoreID:N/A - DEBUG - CheckComboBox creado con label=Talla, column=talla
2025-08-05 13:53:46 - src.core.utils.logging_config - StoreID:N/A - DEBUG - Inicializando comboboxes para filtros
2025-08-05 13:53:46 - src.core.utils.logging_config - StoreID:N/A - DEBUG - Obtenidos 32 valores ºnicos para color en 0.065s
2025-08-05 13:53:46 - src.core.utils.logging_config - StoreID:N/A - DEBUG - Valores para color: ['Ad hoc', 'Amarillo', 'Azul', 'Azul Marino', 'Azul Rey', 'Azul cielo', 'Beige', 'Bicolor', 'Blanca', 'Blanco', 'CafÕ', 'Camuflaje', 'Caqui', 'Doble raya', 'Escoces', 'Gales azul', 'Gales rojo', 'Gales verde', 'Gris', 'Gris claro', 'Gris obscuro', 'Negro', 'Pata de gallo', 'Pgallo cafe', 'Raya roja', 'Rojo', 'Rosa', 'SABES', 'Verde', 'Verde limon', 'Verde olivo', 'Vino']
2025-08-05 13:53:46 - src.core.utils.logging_config - StoreID:N/A - DEBUG - Obtenidos 6 valores ºnicos para tipo_prenda en 0.003s
2025-08-05 13:53:46 - src.core.utils.logging_config - StoreID:N/A - DEBUG - Valores para tipo_prenda: ['Accesorio', 'BÃsico', 'Deportivo', 'Escolta', 'Oficial', 'Uniforme']
2025-08-05 13:53:46 - src.core.utils.logging_config - StoreID:N/A - DEBUG - Obtenidos 20 valores ºnicos para tipo_pieza en 0.003s
2025-08-05 13:53:46 - src.core.utils.logging_config - StoreID:N/A - DEBUG - Valores para tipo_pieza: ['Bata', 'Boina', 'Calceta', 'Camisa', 'Chaleco', 'Chamarra', 'Corbata', 'CorbatÚn', 'Falda', 'Guante', 'Jumper', 'Malla', 'Mascada', 'Moþo', 'Pantalµn', 'Pants 2pz', 'Pants 3pz', 'Pants Suelto', 'Playera', 'SuÕter']
2025-08-05 13:53:46 - src.core.utils.logging_config - StoreID:N/A - DEBUG - Obtenidos 23 valores ºnicos para atributo en 0.003s
2025-08-05 13:53:46 - src.core.utils.logging_config - StoreID:N/A - DEBUG - Valores para atributo: ['Algodµn', 'Botones', 'Chazarilla', 'Conalep', 'Conjunto', 'Cuatro tablas', 'Cuello Olan', 'Cuello V', 'Cuello olan', 'Deportiva', 'Deportivo', 'Escolar', 'Escolta', 'Gabardina', 'Infantil', 'Liso', 'Manga Corta', 'Manga Larga', 'Oferta', 'Polo', 'Punto', 'Tortuga', 'Vestir']
2025-08-05 13:53:46 - src.core.utils.logging_config - StoreID:N/A - DEBUG - Obtenidos 55 valores ºnicos para escuela en 0.001s
2025-08-05 13:53:46 - src.core.utils.logging_config - StoreID:N/A - DEBUG - Valores para escuela: ['16 de Septiembre', 'Adolfo Lopez Mareo', 'Adolfo Lopez Mateo', 'Albino GarcÚa Ramos', 'Alvaro Obregon', 'Benito JuÃrez', 'Bicentenario', 'Blanca Verµnica Soto MartÚnez PrÚncipes', 'CBTIS 148', 'CECYTE', 'Club Rotario', 'Colegio Motolinea', 'Conalep', 'Emiliano Zapata', 'Erasmo Castellano', 'EsTv 154', 'Francisco GonzÃlez Bocanegra', 'Francisco Villa', 'Frida Kahlo', 'Guillermo Prieto', 'Himno Nacional', 'Huizache', 'Ignacio Allende', 'Ignacio Ramirez Lopez', 'Ignacio Zaragoza', 'J. Guadalupe Victoria', 'Jean Piaget', 'Jorge Cantor', 'Josefa Ortiz de DomÚnguez', 'JosÕ MarÚa Morelos', 'JosÕ MarÚa Morelos y Pavµn', 'Justo Sierra', 'Manuel GutiÕrrez NÃjera', 'Margarita Paz Paredes', 'Miguel Campuzano', 'Miguel Hidalgo', 'Narciso Mendoza', 'Niþos HÕroes', 'Omecalli', 'Palacio', 'Paolo Fraire', 'Patria', 'PrÃxedis Guerrero', 'Rafael RamÚrez', 'SABES', 'Santa Rosa 238', 'Sor Juana InÕs de la Cruz', 'Telesecundaria 454', 'Telesecundaria 512', 'Telesecundaria 600', 'TÕcnica de San Bartolo', 'UVEG', 'Vicente Guerrero', 'Vidal Acolcer', 'êlvaro Obregµn']
2025-08-05 13:53:46 - src.core.utils.logging_config - StoreID:N/A - DEBUG - Obtenidos 4 valores ºnicos para nivel_educativo en 0.003s
2025-08-05 13:53:46 - src.core.utils.logging_config - StoreID:N/A - DEBUG - Valores para nivel_educativo: ['Bachillerato', 'Preescolar', 'Primaria', 'Secundaria']
2025-08-05 13:53:46 - src.core.utils.logging_config - StoreID:N/A - DEBUG - Obtenidos 3 valores ºnicos para genero en 0.002s
2025-08-05 13:53:46 - src.core.utils.logging_config - StoreID:N/A - DEBUG - Valores para genero: ['Hombre', 'Mujer', 'Unisex']
2025-08-05 13:53:46 - src.core.utils.logging_config - StoreID:N/A - DEBUG - Obtenidos 4 valores ºnicos para marca en 0.002s
2025-08-05 13:53:46 - src.core.utils.logging_config - StoreID:N/A - DEBUG - Valores para marca: ['Claudia', 'MarcaX', 'MarcaY', 'Prowear']
2025-08-05 13:53:46 - src.core.utils.logging_config - StoreID:N/A - DEBUG - Obtenidos 43 valores ºnicos para talla en 0.005s
2025-08-05 13:53:46 - src.core.utils.logging_config - StoreID:N/A - DEBUG - Valores para talla: ['2', '3', '4', '5', '6', '7', '8', '9', '10', '11', '12', '13', '14', '16', '18', '20', '28', '30', '32', '34', '36', '38', '40', '42', '44', '46', 'M', 'L', 'CH', 'MD', 'GD', 'EXG', 'Uni', 'ESP', '0-0', '0-2', '3-5', '6-8', '9-12', '13-18', 'CH-MD', 'GD-EXG', 'Dama']
2025-08-05 13:53:46 - src.core.utils.logging_config - StoreID:N/A - INFO - Comboboxes inicializados correctamente
2025-08-05 13:53:46 - src.core.utils.logging_config - StoreID:N/A - DEBUG - Label de filtros actualizado: Sin filtros activos
2025-08-05 13:53:46 - src.core.utils.logging_config - StoreID:N/A - DEBUG - Lock interface called with lock=True, tree exists=1
2025-08-05 13:53:46 - src.core.utils.logging_config - StoreID:N/A - DEBUG - Cargando productos para pÃgina 1, batch_size=30
2025-08-05 13:53:46 - src.core.utils.logging_config - StoreID:N/A - DEBUG - Actualizando paginaciµn: total_items=3983, current_page=0, total_pages=133
2025-08-05 13:53:46 - src.core.utils.logging_config - StoreID:N/A - DEBUG - Texto de paginaciµn actualizado: PÃgina 1 de 133
2025-08-05 13:53:46 - src.core.utils.logging_config - StoreID:N/A - DEBUG - Conteo de selecciµn actualizado: 0/30
2025-08-05 13:53:46 - src.core.utils.logging_config - StoreID:N/A - INFO - Cargados 30 productos, pÃgina 1, total pÃginas: 133, tiempo: 0.117s
2025-08-05 13:53:46 - src.core.utils.logging_config - StoreID:N/A - DEBUG - Lock interface called with lock=False, tree exists=1
2025-08-05 13:53:46 - src.core.utils.logging_config - StoreID:N/A - DEBUG - Inicializando comboboxes para filtros
2025-08-05 13:53:46 - src.core.utils.logging_config - StoreID:N/A - DEBUG - Obtenidos 32 valores ºnicos para color en 0.000s
2025-08-05 13:53:46 - src.core.utils.logging_config - StoreID:N/A - DEBUG - Valores para color: ['Ad hoc', 'Amarillo', 'Azul', 'Azul Marino', 'Azul Rey', 'Azul cielo', 'Beige', 'Bicolor', 'Blanca', 'Blanco', 'CafÕ', 'Camuflaje', 'Caqui', 'Doble raya', 'Escoces', 'Gales azul', 'Gales rojo', 'Gales verde', 'Gris', 'Gris claro', 'Gris obscuro', 'Negro', 'Pata de gallo', 'Pgallo cafe', 'Raya roja', 'Rojo', 'Rosa', 'SABES', 'Verde', 'Verde limon', 'Verde olivo', 'Vino']
2025-08-05 13:53:46 - src.core.utils.logging_config - StoreID:N/A - DEBUG - Obtenidos 6 valores ºnicos para tipo_prenda en 0.000s
2025-08-05 13:53:46 - src.core.utils.logging_config - StoreID:N/A - DEBUG - Valores para tipo_prenda: ['Accesorio', 'BÃsico', 'Deportivo', 'Escolta', 'Oficial', 'Uniforme']
2025-08-05 13:53:46 - src.core.utils.logging_config - StoreID:N/A - DEBUG - Obtenidos 20 valores ºnicos para tipo_pieza en 0.000s
2025-08-05 13:53:46 - src.core.utils.logging_config - StoreID:N/A - DEBUG - Valores para tipo_pieza: ['Bata', 'Boina', 'Calceta', 'Camisa', 'Chaleco', 'Chamarra', 'Corbata', 'CorbatÚn', 'Falda', 'Guante', 'Jumper', 'Malla', 'Mascada', 'Moþo', 'Pantalµn', 'Pants 2pz', 'Pants 3pz', 'Pants Suelto', 'Playera', 'SuÕter']
2025-08-05 13:53:46 - src.core.utils.logging_config - StoreID:N/A - DEBUG - Obtenidos 23 valores ºnicos para atributo en 0.000s
2025-08-05 13:53:46 - src.core.utils.logging_config - StoreID:N/A - DEBUG - Valores para atributo: ['Algodµn', 'Botones', 'Chazarilla', 'Conalep', 'Conjunto', 'Cuatro tablas', 'Cuello Olan', 'Cuello V', 'Cuello olan', 'Deportiva', 'Deportivo', 'Escolar', 'Escolta', 'Gabardina', 'Infantil', 'Liso', 'Manga Corta', 'Manga Larga', 'Oferta', 'Polo', 'Punto', 'Tortuga', 'Vestir']
2025-08-05 13:53:46 - src.core.utils.logging_config - StoreID:N/A - DEBUG - Obtenidos 55 valores ºnicos para escuela en 0.000s
2025-08-05 13:53:46 - src.core.utils.logging_config - StoreID:N/A - DEBUG - Valores para escuela: ['16 de Septiembre', 'Adolfo Lopez Mareo', 'Adolfo Lopez Mateo', 'Albino GarcÚa Ramos', 'Alvaro Obregon', 'Benito JuÃrez', 'Bicentenario', 'Blanca Verµnica Soto MartÚnez PrÚncipes', 'CBTIS 148', 'CECYTE', 'Club Rotario', 'Colegio Motolinea', 'Conalep', 'Emiliano Zapata', 'Erasmo Castellano', 'EsTv 154', 'Francisco GonzÃlez Bocanegra', 'Francisco Villa', 'Frida Kahlo', 'Guillermo Prieto', 'Himno Nacional', 'Huizache', 'Ignacio Allende', 'Ignacio Ramirez Lopez', 'Ignacio Zaragoza', 'J. Guadalupe Victoria', 'Jean Piaget', 'Jorge Cantor', 'Josefa Ortiz de DomÚnguez', 'JosÕ MarÚa Morelos', 'JosÕ MarÚa Morelos y Pavµn', 'Justo Sierra', 'Manuel GutiÕrrez NÃjera', 'Margarita Paz Paredes', 'Miguel Campuzano', 'Miguel Hidalgo', 'Narciso Mendoza', 'Niþos HÕroes', 'Omecalli', 'Palacio', 'Paolo Fraire', 'Patria', 'PrÃxedis Guerrero', 'Rafael RamÚrez', 'SABES', 'Santa Rosa 238', 'Sor Juana InÕs de la Cruz', 'Telesecundaria 454', 'Telesecundaria 512', 'Telesecundaria 600', 'TÕcnica de San Bartolo', 'UVEG', 'Vicente Guerrero', 'Vidal Acolcer', 'êlvaro Obregµn']
2025-08-05 13:53:46 - src.core.utils.logging_config - StoreID:N/A - DEBUG - Obtenidos 4 valores ºnicos para nivel_educativo en 0.000s
2025-08-05 13:53:46 - src.core.utils.logging_config - StoreID:N/A - DEBUG - Valores para nivel_educativo: ['Bachillerato', 'Preescolar', 'Primaria', 'Secundaria']
2025-08-05 13:53:46 - src.core.utils.logging_config - StoreID:N/A - DEBUG - Obtenidos 3 valores ºnicos para genero en 0.000s
2025-08-05 13:53:46 - src.core.utils.logging_config - StoreID:N/A - DEBUG - Valores para genero: ['Hombre', 'Mujer', 'Unisex']
2025-08-05 13:53:46 - src.core.utils.logging_config - StoreID:N/A - DEBUG - Obtenidos 4 valores ºnicos para marca en 0.000s
2025-08-05 13:53:46 - src.core.utils.logging_config - StoreID:N/A - DEBUG - Valores para marca: ['Claudia', 'MarcaX', 'MarcaY', 'Prowear']
2025-08-05 13:53:46 - src.core.utils.logging_config - StoreID:N/A - DEBUG - Obtenidos 43 valores ºnicos para talla en 0.000s
2025-08-05 13:53:46 - src.core.utils.logging_config - StoreID:N/A - DEBUG - Valores para talla: ['2', '3', '4', '5', '6', '7', '8', '9', '10', '11', '12', '13', '14', '16', '18', '20', '28', '30', '32', '34', '36', '38', '40', '42', '44', '46', 'M', 'L', 'CH', 'MD', 'GD', 'EXG', 'Uni', 'ESP', '0-0', '0-2', '3-5', '6-8', '9-12', '13-18', 'CH-MD', 'GD-EXG', 'Dama']
2025-08-05 13:53:46 - src.core.utils.logging_config - StoreID:N/A - INFO - Comboboxes inicializados correctamente
2025-08-05 13:53:46 - src.core.utils.logging_config - StoreID:N/A - DEBUG - Label de filtros actualizado: Sin filtros activos
2025-08-05 13:53:46 - src.core.utils.logging_config - StoreID:N/A - DEBUG - Lock interface called with lock=True, tree exists=1
2025-08-05 13:53:46 - src.core.utils.logging_config - StoreID:N/A - DEBUG - Cargando productos para pÃgina 1, batch_size=30
2025-08-05 13:53:46 - src.core.utils.logging_config - StoreID:N/A - DEBUG - Actualizando paginaciµn: total_items=3983, current_page=0, total_pages=133
2025-08-05 13:53:46 - src.core.utils.logging_config - StoreID:N/A - DEBUG - Texto de paginaciµn actualizado: PÃgina 1 de 133
2025-08-05 13:53:46 - src.core.utils.logging_config - StoreID:N/A - DEBUG - Conteo de selecciµn actualizado: 0/30
2025-08-05 13:53:46 - src.core.utils.logging_config - StoreID:N/A - INFO - Cargados 30 productos, pÃgina 1, total pÃginas: 133, tiempo: 0.113s
2025-08-05 13:53:46 - src.core.utils.logging_config - StoreID:N/A - DEBUG - Lock interface called with lock=False, tree exists=1
2025-08-05 13:53:47 - src.core.utils.logging_config - StoreID:N/A - DEBUG - Inicializando CheckComboBox con column=None
2025-08-05 13:53:47 - src.core.utils.logging_config - StoreID:N/A - DEBUG - CheckComboBox creado con label=Escuelas, column=None
2025-08-05 13:53:49 - src.core.utils.logging_config - StoreID:N/A - INFO - Inicializando ProductManagerLogic para tienda 1
2025-08-05 13:53:49 - src.core.utils.logging_config - StoreID:N/A - DEBUG - ProductEditForm inicializado para tienda 1
2025-08-05 13:53:49 - src.core.utils.logging_config - StoreID:N/A - INFO - Inicializando ProductManagerUI para tienda 1
2025-08-05 13:53:49 - src.core.utils.logging_config - StoreID:N/A - DEBUG - ëcono cargado: edit
2025-08-05 13:53:49 - src.core.utils.logging_config - StoreID:N/A - DEBUG - ëcono cargado: copy
2025-08-05 13:53:49 - src.core.utils.logging_config - StoreID:N/A - DEBUG - ëcono cargado: delete
2025-08-05 13:53:49 - src.core.utils.logging_config - StoreID:N/A - DEBUG - ëcono cargado: duplicate
2025-08-05 13:53:49 - src.core.utils.logging_config - StoreID:N/A - DEBUG - ëcono cargado: price
2025-08-05 13:53:49 - src.core.utils.logging_config - StoreID:N/A - DEBUG - ëcono cargado: print
2025-08-05 13:53:49 - src.core.utils.logging_config - StoreID:N/A - DEBUG - ëcono cargado: inventory
2025-08-05 13:53:50 - src.core.utils.logging_config - StoreID:N/A - DEBUG - Inicializando CheckComboBox con column=color
2025-08-05 13:53:50 - src.core.utils.logging_config - StoreID:N/A - DEBUG - CheckComboBox creado con label=Color, column=color
2025-08-05 13:53:50 - src.core.utils.logging_config - StoreID:N/A - DEBUG - Inicializando CheckComboBox con column=tipo_prenda
2025-08-05 13:53:50 - src.core.utils.logging_config - StoreID:N/A - DEBUG - CheckComboBox creado con label=Tipo Prenda, column=tipo_prenda
2025-08-05 13:53:50 - src.core.utils.logging_config - StoreID:N/A - DEBUG - Inicializando CheckComboBox con column=tipo_pieza
2025-08-05 13:53:50 - src.core.utils.logging_config - StoreID:N/A - DEBUG - CheckComboBox creado con label=Tipo Pieza, column=tipo_pieza
2025-08-05 13:53:50 - src.core.utils.logging_config - StoreID:N/A - DEBUG - Inicializando CheckComboBox con column=atributo
2025-08-05 13:53:50 - src.core.utils.logging_config - StoreID:N/A - DEBUG - CheckComboBox creado con label=Atributo, column=atributo
2025-08-05 13:53:50 - src.core.utils.logging_config - StoreID:N/A - DEBUG - Inicializando CheckComboBox con column=escuela
2025-08-05 13:53:50 - src.core.utils.logging_config - StoreID:N/A - DEBUG - CheckComboBox creado con label=Escuela, column=escuela
2025-08-05 13:53:50 - src.core.utils.logging_config - StoreID:N/A - DEBUG - Inicializando CheckComboBox con column=nivel_educativo
2025-08-05 13:53:50 - src.core.utils.logging_config - StoreID:N/A - DEBUG - CheckComboBox creado con label=Nivel Educativo, column=nivel_educativo
2025-08-05 13:53:50 - src.core.utils.logging_config - StoreID:N/A - DEBUG - Inicializando CheckComboBox con column=genero
2025-08-05 13:53:50 - src.core.utils.logging_config - StoreID:N/A - DEBUG - CheckComboBox creado con label=GÕnero, column=genero
2025-08-05 13:53:50 - src.core.utils.logging_config - StoreID:N/A - DEBUG - Inicializando CheckComboBox con column=marca
2025-08-05 13:53:50 - src.core.utils.logging_config - StoreID:N/A - DEBUG - CheckComboBox creado con label=Marca, column=marca
2025-08-05 13:53:50 - src.core.utils.logging_config - StoreID:N/A - DEBUG - Inicializando CheckComboBox con column=talla
2025-08-05 13:53:50 - src.core.utils.logging_config - StoreID:N/A - DEBUG - CheckComboBox creado con label=Talla, column=talla
2025-08-05 13:53:51 - src.core.utils.logging_config - StoreID:N/A - DEBUG - Inicializando comboboxes para filtros
2025-08-05 13:53:51 - src.core.utils.logging_config - StoreID:N/A - DEBUG - Obtenidos 32 valores ºnicos para color en 0.005s
2025-08-05 13:53:51 - src.core.utils.logging_config - StoreID:N/A - DEBUG - Valores para color: ['Ad hoc', 'Amarillo', 'Azul', 'Azul Marino', 'Azul Rey', 'Azul cielo', 'Beige', 'Bicolor', 'Blanca', 'Blanco', 'CafÕ', 'Camuflaje', 'Caqui', 'Doble raya', 'Escoces', 'Gales azul', 'Gales rojo', 'Gales verde', 'Gris', 'Gris claro', 'Gris obscuro', 'Negro', 'Pata de gallo', 'Pgallo cafe', 'Raya roja', 'Rojo', 'Rosa', 'SABES', 'Verde', 'Verde limon', 'Verde olivo', 'Vino']
2025-08-05 13:53:51 - src.core.utils.logging_config - StoreID:N/A - DEBUG - Obtenidos 6 valores ºnicos para tipo_prenda en 0.004s
2025-08-05 13:53:51 - src.core.utils.logging_config - StoreID:N/A - DEBUG - Valores para tipo_prenda: ['Accesorio', 'BÃsico', 'Deportivo', 'Escolta', 'Oficial', 'Uniforme']
2025-08-05 13:53:51 - src.core.utils.logging_config - StoreID:N/A - DEBUG - Obtenidos 20 valores ºnicos para tipo_pieza en 0.004s
2025-08-05 13:53:51 - src.core.utils.logging_config - StoreID:N/A - DEBUG - Valores para tipo_pieza: ['Bata', 'Boina', 'Calceta', 'Camisa', 'Chaleco', 'Chamarra', 'Corbata', 'CorbatÚn', 'Falda', 'Guante', 'Jumper', 'Malla', 'Mascada', 'Moþo', 'Pantalµn', 'Pants 2pz', 'Pants 3pz', 'Pants Suelto', 'Playera', 'SuÕter']
2025-08-05 13:53:51 - src.core.utils.logging_config - StoreID:N/A - DEBUG - Obtenidos 23 valores ºnicos para atributo en 0.005s
2025-08-05 13:53:51 - src.core.utils.logging_config - StoreID:N/A - DEBUG - Valores para atributo: ['Algodµn', 'Botones', 'Chazarilla', 'Conalep', 'Conjunto', 'Cuatro tablas', 'Cuello Olan', 'Cuello V', 'Cuello olan', 'Deportiva', 'Deportivo', 'Escolar', 'Escolta', 'Gabardina', 'Infantil', 'Liso', 'Manga Corta', 'Manga Larga', 'Oferta', 'Polo', 'Punto', 'Tortuga', 'Vestir']
2025-08-05 13:53:51 - src.core.utils.logging_config - StoreID:N/A - DEBUG - Obtenidos 55 valores ºnicos para escuela en 0.001s
2025-08-05 13:53:51 - src.core.utils.logging_config - StoreID:N/A - DEBUG - Valores para escuela: ['16 de Septiembre', 'Adolfo Lopez Mareo', 'Adolfo Lopez Mateo', 'Albino GarcÚa Ramos', 'Alvaro Obregon', 'Benito JuÃrez', 'Bicentenario', 'Blanca Verµnica Soto MartÚnez PrÚncipes', 'CBTIS 148', 'CECYTE', 'Club Rotario', 'Colegio Motolinea', 'Conalep', 'Emiliano Zapata', 'Erasmo Castellano', 'EsTv 154', 'Francisco GonzÃlez Bocanegra', 'Francisco Villa', 'Frida Kahlo', 'Guillermo Prieto', 'Himno Nacional', 'Huizache', 'Ignacio Allende', 'Ignacio Ramirez Lopez', 'Ignacio Zaragoza', 'J. Guadalupe Victoria', 'Jean Piaget', 'Jorge Cantor', 'Josefa Ortiz de DomÚnguez', 'JosÕ MarÚa Morelos', 'JosÕ MarÚa Morelos y Pavµn', 'Justo Sierra', 'Manuel GutiÕrrez NÃjera', 'Margarita Paz Paredes', 'Miguel Campuzano', 'Miguel Hidalgo', 'Narciso Mendoza', 'Niþos HÕroes', 'Omecalli', 'Palacio', 'Paolo Fraire', 'Patria', 'PrÃxedis Guerrero', 'Rafael RamÚrez', 'SABES', 'Santa Rosa 238', 'Sor Juana InÕs de la Cruz', 'Telesecundaria 454', 'Telesecundaria 512', 'Telesecundaria 600', 'TÕcnica de San Bartolo', 'UVEG', 'Vicente Guerrero', 'Vidal Acolcer', 'êlvaro Obregµn']
2025-08-05 13:53:51 - src.core.utils.logging_config - StoreID:N/A - DEBUG - Obtenidos 4 valores ºnicos para nivel_educativo en 0.003s
2025-08-05 13:53:51 - src.core.utils.logging_config - StoreID:N/A - DEBUG - Valores para nivel_educativo: ['Bachillerato', 'Preescolar', 'Primaria', 'Secundaria']
2025-08-05 13:53:51 - src.core.utils.logging_config - StoreID:N/A - DEBUG - Obtenidos 3 valores ºnicos para genero en 0.002s
2025-08-05 13:53:51 - src.core.utils.logging_config - StoreID:N/A - DEBUG - Valores para genero: ['Hombre', 'Mujer', 'Unisex']
2025-08-05 13:53:51 - src.core.utils.logging_config - StoreID:N/A - DEBUG - Obtenidos 4 valores ºnicos para marca en 0.002s
2025-08-05 13:53:51 - src.core.utils.logging_config - StoreID:N/A - DEBUG - Valores para marca: ['Claudia', 'MarcaX', 'MarcaY', 'Prowear']
2025-08-05 13:53:51 - src.core.utils.logging_config - StoreID:N/A - DEBUG - Obtenidos 43 valores ºnicos para talla en 0.005s
2025-08-05 13:53:51 - src.core.utils.logging_config - StoreID:N/A - DEBUG - Valores para talla: ['2', '3', '4', '5', '6', '7', '8', '9', '10', '11', '12', '13', '14', '16', '18', '20', '28', '30', '32', '34', '36', '38', '40', '42', '44', '46', 'M', 'L', 'CH', 'MD', 'GD', 'EXG', 'Uni', 'ESP', '0-0', '0-2', '3-5', '6-8', '9-12', '13-18', 'CH-MD', 'GD-EXG', 'Dama']
2025-08-05 13:53:51 - src.core.utils.logging_config - StoreID:N/A - INFO - Comboboxes inicializados correctamente
2025-08-05 13:53:51 - src.core.utils.logging_config - StoreID:N/A - DEBUG - Label de filtros actualizado: Sin filtros activos
2025-08-05 13:53:51 - src.core.utils.logging_config - StoreID:N/A - DEBUG - Lock interface called with lock=True, tree exists=1
2025-08-05 13:53:51 - src.core.utils.logging_config - StoreID:N/A - DEBUG - Cargando productos para pÃgina 1, batch_size=30
2025-08-05 13:53:51 - src.core.utils.logging_config - StoreID:N/A - DEBUG - Actualizando paginaciµn: total_items=3983, current_page=0, total_pages=133
2025-08-05 13:53:51 - src.core.utils.logging_config - StoreID:N/A - DEBUG - Texto de paginaciµn actualizado: PÃgina 1 de 133
2025-08-05 13:53:51 - src.core.utils.logging_config - StoreID:N/A - DEBUG - Conteo de selecciµn actualizado: 0/30
2025-08-05 13:53:51 - src.core.utils.logging_config - StoreID:N/A - INFO - Cargados 30 productos, pÃgina 1, total pÃginas: 133, tiempo: 0.113s
2025-08-05 13:53:51 - src.core.utils.logging_config - StoreID:N/A - DEBUG - Lock interface called with lock=False, tree exists=1
2025-08-05 13:53:51 - src.core.utils.logging_config - StoreID:N/A - DEBUG - Inicializando comboboxes para filtros
2025-08-05 13:53:51 - src.core.utils.logging_config - StoreID:N/A - DEBUG - Obtenidos 32 valores ºnicos para color en 0.000s
2025-08-05 13:53:51 - src.core.utils.logging_config - StoreID:N/A - DEBUG - Valores para color: ['Ad hoc', 'Amarillo', 'Azul', 'Azul Marino', 'Azul Rey', 'Azul cielo', 'Beige', 'Bicolor', 'Blanca', 'Blanco', 'CafÕ', 'Camuflaje', 'Caqui', 'Doble raya', 'Escoces', 'Gales azul', 'Gales rojo', 'Gales verde', 'Gris', 'Gris claro', 'Gris obscuro', 'Negro', 'Pata de gallo', 'Pgallo cafe', 'Raya roja', 'Rojo', 'Rosa', 'SABES', 'Verde', 'Verde limon', 'Verde olivo', 'Vino']
2025-08-05 13:53:51 - src.core.utils.logging_config - StoreID:N/A - DEBUG - Obtenidos 6 valores ºnicos para tipo_prenda en 0.000s
2025-08-05 13:53:51 - src.core.utils.logging_config - StoreID:N/A - DEBUG - Valores para tipo_prenda: ['Accesorio', 'BÃsico', 'Deportivo', 'Escolta', 'Oficial', 'Uniforme']
2025-08-05 13:53:51 - src.core.utils.logging_config - StoreID:N/A - DEBUG - Obtenidos 20 valores ºnicos para tipo_pieza en 0.000s
2025-08-05 13:53:51 - src.core.utils.logging_config - StoreID:N/A - DEBUG - Valores para tipo_pieza: ['Bata', 'Boina', 'Calceta', 'Camisa', 'Chaleco', 'Chamarra', 'Corbata', 'CorbatÚn', 'Falda', 'Guante', 'Jumper', 'Malla', 'Mascada', 'Moþo', 'Pantalµn', 'Pants 2pz', 'Pants 3pz', 'Pants Suelto', 'Playera', 'SuÕter']
2025-08-05 13:53:51 - src.core.utils.logging_config - StoreID:N/A - DEBUG - Obtenidos 23 valores ºnicos para atributo en 0.000s
2025-08-05 13:53:51 - src.core.utils.logging_config - StoreID:N/A - DEBUG - Valores para atributo: ['Algodµn', 'Botones', 'Chazarilla', 'Conalep', 'Conjunto', 'Cuatro tablas', 'Cuello Olan', 'Cuello V', 'Cuello olan', 'Deportiva', 'Deportivo', 'Escolar', 'Escolta', 'Gabardina', 'Infantil', 'Liso', 'Manga Corta', 'Manga Larga', 'Oferta', 'Polo', 'Punto', 'Tortuga', 'Vestir']
2025-08-05 13:53:51 - src.core.utils.logging_config - StoreID:N/A - DEBUG - Obtenidos 55 valores ºnicos para escuela en 0.000s
2025-08-05 13:53:51 - src.core.utils.logging_config - StoreID:N/A - DEBUG - Valores para escuela: ['16 de Septiembre', 'Adolfo Lopez Mareo', 'Adolfo Lopez Mateo', 'Albino GarcÚa Ramos', 'Alvaro Obregon', 'Benito JuÃrez', 'Bicentenario', 'Blanca Verµnica Soto MartÚnez PrÚncipes', 'CBTIS 148', 'CECYTE', 'Club Rotario', 'Colegio Motolinea', 'Conalep', 'Emiliano Zapata', 'Erasmo Castellano', 'EsTv 154', 'Francisco GonzÃlez Bocanegra', 'Francisco Villa', 'Frida Kahlo', 'Guillermo Prieto', 'Himno Nacional', 'Huizache', 'Ignacio Allende', 'Ignacio Ramirez Lopez', 'Ignacio Zaragoza', 'J. Guadalupe Victoria', 'Jean Piaget', 'Jorge Cantor', 'Josefa Ortiz de DomÚnguez', 'JosÕ MarÚa Morelos', 'JosÕ MarÚa Morelos y Pavµn', 'Justo Sierra', 'Manuel GutiÕrrez NÃjera', 'Margarita Paz Paredes', 'Miguel Campuzano', 'Miguel Hidalgo', 'Narciso Mendoza', 'Niþos HÕroes', 'Omecalli', 'Palacio', 'Paolo Fraire', 'Patria', 'PrÃxedis Guerrero', 'Rafael RamÚrez', 'SABES', 'Santa Rosa 238', 'Sor Juana InÕs de la Cruz', 'Telesecundaria 454', 'Telesecundaria 512', 'Telesecundaria 600', 'TÕcnica de San Bartolo', 'UVEG', 'Vicente Guerrero', 'Vidal Acolcer', 'êlvaro Obregµn']
2025-08-05 13:53:51 - src.core.utils.logging_config - StoreID:N/A - DEBUG - Obtenidos 4 valores ºnicos para nivel_educativo en 0.000s
2025-08-05 13:53:51 - src.core.utils.logging_config - StoreID:N/A - DEBUG - Valores para nivel_educativo: ['Bachillerato', 'Preescolar', 'Primaria', 'Secundaria']
2025-08-05 13:53:51 - src.core.utils.logging_config - StoreID:N/A - DEBUG - Obtenidos 3 valores ºnicos para genero en 0.000s
2025-08-05 13:53:51 - src.core.utils.logging_config - StoreID:N/A - DEBUG - Valores para genero: ['Hombre', 'Mujer', 'Unisex']
2025-08-05 13:53:51 - src.core.utils.logging_config - StoreID:N/A - DEBUG - Obtenidos 4 valores ºnicos para marca en 0.000s
2025-08-05 13:53:51 - src.core.utils.logging_config - StoreID:N/A - DEBUG - Valores para marca: ['Claudia', 'MarcaX', 'MarcaY', 'Prowear']
2025-08-05 13:53:51 - src.core.utils.logging_config - StoreID:N/A - DEBUG - Obtenidos 43 valores ºnicos para talla en 0.000s
2025-08-05 13:53:51 - src.core.utils.logging_config - StoreID:N/A - DEBUG - Valores para talla: ['2', '3', '4', '5', '6', '7', '8', '9', '10', '11', '12', '13', '14', '16', '18', '20', '28', '30', '32', '34', '36', '38', '40', '42', '44', '46', 'M', 'L', 'CH', 'MD', 'GD', 'EXG', 'Uni', 'ESP', '0-0', '0-2', '3-5', '6-8', '9-12', '13-18', 'CH-MD', 'GD-EXG', 'Dama']
2025-08-05 13:53:51 - src.core.utils.logging_config - StoreID:N/A - INFO - Comboboxes inicializados correctamente
2025-08-05 13:53:51 - src.core.utils.logging_config - StoreID:N/A - DEBUG - Label de filtros actualizado: Sin filtros activos
2025-08-05 13:53:51 - src.core.utils.logging_config - StoreID:N/A - DEBUG - Lock interface called with lock=True, tree exists=1
2025-08-05 13:53:51 - src.core.utils.logging_config - StoreID:N/A - DEBUG - Cargando productos para pÃgina 1, batch_size=30
2025-08-05 13:53:51 - src.core.utils.logging_config - StoreID:N/A - DEBUG - Actualizando paginaciµn: total_items=3983, current_page=0, total_pages=133
2025-08-05 13:53:51 - src.core.utils.logging_config - StoreID:N/A - DEBUG - Texto de paginaciµn actualizado: PÃgina 1 de 133
2025-08-05 13:53:51 - src.core.utils.logging_config - StoreID:N/A - DEBUG - Conteo de selecciµn actualizado: 0/30
2025-08-05 13:53:51 - src.core.utils.logging_config - StoreID:N/A - INFO - Cargados 30 productos, pÃgina 1, total pÃginas: 133, tiempo: 0.115s
2025-08-05 13:53:51 - src.core.utils.logging_config - StoreID:N/A - DEBUG - Lock interface called with lock=False, tree exists=1
2025-08-05 13:53:59 - src.core.utils.logging_config - StoreID:N/A - DEBUG - Menº desplegable creado y mostrado
2025-08-05 13:54:04 - src.core.utils.logging_config - StoreID:N/A - DEBUG - Ejecutando comando con selecciones: ['Pantalµn'], column=tipo_pieza
2025-08-05 13:54:04 - src.core.utils.logging_config - StoreID:N/A - DEBUG - Lock interface called with lock=True, tree exists=1
2025-08-05 13:54:04 - src.core.utils.logging_config - StoreID:N/A - DEBUG - Cargando productos para pÃgina 1, batch_size=30
2025-08-05 13:54:04 - src.core.utils.logging_config - StoreID:N/A - DEBUG - Actualizando paginaciµn: total_items=309, current_page=0, total_pages=11
2025-08-05 13:54:04 - src.core.utils.logging_config - StoreID:N/A - DEBUG - Texto de paginaciµn actualizado: PÃgina 1 de 11
2025-08-05 13:54:04 - src.core.utils.logging_config - StoreID:N/A - DEBUG - Conteo de selecciµn actualizado: 0/30
2025-08-05 13:54:04 - src.core.utils.logging_config - StoreID:N/A - INFO - Cargados 30 productos, pÃgina 1, total pÃginas: 11, tiempo: 0.123s
2025-08-05 13:54:04 - src.core.utils.logging_config - StoreID:N/A - DEBUG - Lock interface called with lock=False, tree exists=1
2025-08-05 13:54:04 - src.core.utils.logging_config - StoreID:N/A - DEBUG - Label de filtros actualizado: Filtros: Tipo Pieza: Pantalµn
2025-08-05 13:54:05 - src.core.utils.logging_config - StoreID:N/A - DEBUG - Menº desplegable cerrado
2025-08-05 13:54:06 - src.core.utils.logging_config - StoreID:N/A - DEBUG - Menº desplegable creado y mostrado
2025-08-05 13:54:08 - src.core.utils.logging_config - StoreID:N/A - DEBUG - Ejecutando comando con selecciones: ['Azul Marino'], column=color
2025-08-05 13:54:08 - src.core.utils.logging_config - StoreID:N/A - DEBUG - Lock interface called with lock=True, tree exists=1
2025-08-05 13:54:08 - src.core.utils.logging_config - StoreID:N/A - DEBUG - Cargando productos para pÃgina 1, batch_size=30
2025-08-05 13:54:08 - src.core.utils.logging_config - StoreID:N/A - DEBUG - Actualizando paginaciµn: total_items=19, current_page=0, total_pages=1
2025-08-05 13:54:08 - src.core.utils.logging_config - StoreID:N/A - DEBUG - Texto de paginaciµn actualizado: PÃgina 1 de 1
2025-08-05 13:54:08 - src.core.utils.logging_config - StoreID:N/A - DEBUG - Conteo de selecciµn actualizado: 0/19
2025-08-05 13:54:08 - src.core.utils.logging_config - StoreID:N/A - INFO - Cargados 19 productos, pÃgina 1, total pÃginas: 1, tiempo: 0.120s
2025-08-05 13:54:08 - src.core.utils.logging_config - StoreID:N/A - DEBUG - Lock interface called with lock=False, tree exists=1
2025-08-05 13:54:08 - src.core.utils.logging_config - StoreID:N/A - DEBUG - Label de filtros actualizado: Filtros: Color: Azul Marino; Tipo Pieza: Pantalµn
2025-08-05 13:54:09 - src.core.utils.logging_config - StoreID:N/A - DEBUG - Menº desplegable cerrado
2025-08-05 13:54:11 - src.core.utils.logging_config - StoreID:N/A - DEBUG - Conteo de selecciµn actualizado: 1/19
2025-08-05 13:54:11 - src.core.utils.logging_config - StoreID:N/A - DEBUG - Mostrando detalles para SKU: SKU003275
2025-08-05 13:54:11 - src.core.utils.logging_config - StoreID:N/A - DEBUG - Intentando cargar imagen desde: None
2025-08-05 13:54:11 - src.core.utils.logging_config - StoreID:N/A - DEBUG - Carpeta creada o existente: c:\Users\dafab\OneDrive\Documentos\Gestor\Gestor_de_Inventarios\Mis codigos\Pantalµn Vestir Azul Marino Talla_BÃsico_Pantalµn\34
2025-08-05 13:54:11 - src.core.utils.logging_config - StoreID:N/A - DEBUG - Etiqueta cargada exitosamente: c:\Users\dafab\OneDrive\Documentos\Gestor\Gestor_de_Inventarios\Mis codigos\Pantalµn Vestir Azul Marino Talla_BÃsico_Pantalµn\34\label_SKU003275.png
2025-08-05 13:54:13 - src.core.utils.logging_config - StoreID:N/A - DEBUG - Abriendo vista previa de impresiµn con label_path: c:\Users\dafab\OneDrive\Documentos\Gestor\Gestor_de_Inventarios\Mis codigos\Pantalµn Vestir Azul Marino Talla_BÃsico_Pantalµn\34\label_SKU003275.png
2025-08-05 13:54:13 - src.core.utils.logging_config - StoreID:N/A - DEBUG - SKU seleccionado al abrir PrintPreviewWindow: SKU003275
2025-08-05 13:54:13 - src.core.utils.logging_config - StoreID:N/A - DEBUG - Etiqueta cargada para SKU SKU003275: c:\Users\dafab\OneDrive\Documentos\Gestor\Gestor_de_Inventarios\Mis codigos\Pantalµn Vestir Azul Marino Talla_BÃsico_Pantalµn\34\label_SKU003275.png
2025-08-05 13:54:19 - src.core.utils.logging_config - StoreID:N/A - DEBUG - Conteo de selecciµn actualizado: 1/19
2025-08-05 13:54:19 - src.core.utils.logging_config - StoreID:N/A - DEBUG - Mostrando detalles para SKU: SKU003275
2025-08-05 13:54:19 - src.core.utils.logging_config - StoreID:N/A - DEBUG - Intentando cargar imagen desde: None
2025-08-05 13:54:19 - src.core.utils.logging_config - StoreID:N/A - DEBUG - Carpeta creada o existente: c:\Users\dafab\OneDrive\Documentos\Gestor\Gestor_de_Inventarios\Mis codigos\Pantalµn Vestir Azul Marino Talla_BÃsico_Pantalµn\34
2025-08-05 13:54:19 - src.core.utils.logging_config - StoreID:N/A - DEBUG - Etiqueta cargada exitosamente: c:\Users\dafab\OneDrive\Documentos\Gestor\Gestor_de_Inventarios\Mis codigos\Pantalµn Vestir Azul Marino Talla_BÃsico_Pantalµn\34\label_SKU003275.png
2025-08-05 13:54:19 - src.core.utils.logging_config - StoreID:N/A - DEBUG - Selecciµn del Treeview actualizada al item I068 (SKU: SKU003275, Úndice: 13)
2025-08-05 13:54:19 - src.core.utils.logging_config - StoreID:N/A - DEBUG - Conteo de selecciµn actualizado: 1/19
2025-08-05 13:54:19 - src.core.utils.logging_config - StoreID:N/A - DEBUG - Mostrando detalles para SKU: SKU003275
2025-08-05 13:54:19 - src.core.utils.logging_config - StoreID:N/A - DEBUG - Intentando cargar imagen desde: None
2025-08-05 13:54:19 - src.core.utils.logging_config - StoreID:N/A - DEBUG - Carpeta creada o existente: c:\Users\dafab\OneDrive\Documentos\Gestor\Gestor_de_Inventarios\Mis codigos\Pantalµn Vestir Azul Marino Talla_BÃsico_Pantalµn\34
2025-08-05 13:54:19 - src.core.utils.logging_config - StoreID:N/A - DEBUG - Etiqueta cargada exitosamente: c:\Users\dafab\OneDrive\Documentos\Gestor\Gestor_de_Inventarios\Mis codigos\Pantalµn Vestir Azul Marino Talla_BÃsico_Pantalµn\34\label_SKU003275.png
2025-08-05 13:54:19 - src.core.utils.logging_config - StoreID:N/A - DEBUG - Conteo de selecciµn actualizado: 1/19
2025-08-05 13:54:19 - src.core.utils.logging_config - StoreID:N/A - DEBUG - Mostrando detalles para SKU: SKU003275
2025-08-05 13:54:19 - src.core.utils.logging_config - StoreID:N/A - DEBUG - Intentando cargar imagen desde: None
2025-08-05 13:54:19 - src.core.utils.logging_config - StoreID:N/A - DEBUG - Carpeta creada o existente: c:\Users\dafab\OneDrive\Documentos\Gestor\Gestor_de_Inventarios\Mis codigos\Pantalµn Vestir Azul Marino Talla_BÃsico_Pantalµn\34
2025-08-05 13:54:19 - src.core.utils.logging_config - StoreID:N/A - DEBUG - Etiqueta cargada exitosamente: c:\Users\dafab\OneDrive\Documentos\Gestor\Gestor_de_Inventarios\Mis codigos\Pantalµn Vestir Azul Marino Talla_BÃsico_Pantalµn\34\label_SKU003275.png
2025-08-05 13:54:19 - src.core.utils.logging_config - StoreID:N/A - DEBUG - Conteo de selecciµn actualizado: 1/19
2025-08-05 13:54:19 - src.core.utils.logging_config - StoreID:N/A - DEBUG - Mostrando detalles para SKU: SKU003275
2025-08-05 13:54:19 - src.core.utils.logging_config - StoreID:N/A - DEBUG - Intentando cargar imagen desde: None
2025-08-05 13:54:19 - src.core.utils.logging_config - StoreID:N/A - DEBUG - Carpeta creada o existente: c:\Users\dafab\OneDrive\Documentos\Gestor\Gestor_de_Inventarios\Mis codigos\Pantalµn Vestir Azul Marino Talla_BÃsico_Pantalµn\34
2025-08-05 13:54:19 - src.core.utils.logging_config - StoreID:N/A - DEBUG - Etiqueta cargada exitosamente: c:\Users\dafab\OneDrive\Documentos\Gestor\Gestor_de_Inventarios\Mis codigos\Pantalµn Vestir Azul Marino Talla_BÃsico_Pantalµn\34\label_SKU003275.png
2025-08-05 13:54:19 - src.core.utils.logging_config - StoreID:N/A - DEBUG - Conteo de selecciµn actualizado: 1/19
2025-08-05 13:54:19 - src.core.utils.logging_config - StoreID:N/A - DEBUG - Mostrando detalles para SKU: SKU003275
2025-08-05 13:54:19 - src.core.utils.logging_config - StoreID:N/A - DEBUG - Intentando cargar imagen desde: None
2025-08-05 13:54:19 - src.core.utils.logging_config - StoreID:N/A - DEBUG - Carpeta creada o existente: c:\Users\dafab\OneDrive\Documentos\Gestor\Gestor_de_Inventarios\Mis codigos\Pantalµn Vestir Azul Marino Talla_BÃsico_Pantalµn\34
2025-08-05 13:54:19 - src.core.utils.logging_config - StoreID:N/A - DEBUG - Etiqueta cargada exitosamente: c:\Users\dafab\OneDrive\Documentos\Gestor\Gestor_de_Inventarios\Mis codigos\Pantalµn Vestir Azul Marino Talla_BÃsico_Pantalµn\34\label_SKU003275.png
2025-08-05 13:54:22 - src.core.utils.logging_config - StoreID:N/A - DEBUG - Etiqueta cargada para SKU SKU003285: c:\Users\dafab\OneDrive\Documentos\Gestor\Gestor_de_Inventarios\Mis codigos\Pantalµn Vestir Azul Marino Talla_BÃsico_Pantalµn\36\label_SKU003285.png
2025-08-05 13:54:22 - src.core.utils.logging_config - StoreID:N/A - DEBUG - Conteo de selecciµn actualizado: 1/19
2025-08-05 13:54:22 - src.core.utils.logging_config - StoreID:N/A - DEBUG - Mostrando detalles para SKU: SKU003285
2025-08-05 13:54:22 - src.core.utils.logging_config - StoreID:N/A - DEBUG - Intentando cargar imagen desde: None
2025-08-05 13:54:22 - src.core.utils.logging_config - StoreID:N/A - DEBUG - Carpeta creada o existente: c:\Users\dafab\OneDrive\Documentos\Gestor\Gestor_de_Inventarios\Mis codigos\Pantalµn Vestir Azul Marino Talla_BÃsico_Pantalµn\36
2025-08-05 13:54:22 - src.core.utils.logging_config - StoreID:N/A - DEBUG - Etiqueta cargada exitosamente: c:\Users\dafab\OneDrive\Documentos\Gestor\Gestor_de_Inventarios\Mis codigos\Pantalµn Vestir Azul Marino Talla_BÃsico_Pantalµn\36\label_SKU003285.png
2025-08-05 13:54:22 - src.core.utils.logging_config - StoreID:N/A - DEBUG - Selecciµn del Treeview actualizada al item I069 (SKU: SKU003285, Úndice: 14)
2025-08-05 13:54:22 - src.core.utils.logging_config - StoreID:N/A - DEBUG - Conteo de selecciµn actualizado: 1/19
2025-08-05 13:54:22 - src.core.utils.logging_config - StoreID:N/A - DEBUG - Mostrando detalles para SKU: SKU003285
2025-08-05 13:54:22 - src.core.utils.logging_config - StoreID:N/A - DEBUG - Intentando cargar imagen desde: None
2025-08-05 13:54:22 - src.core.utils.logging_config - StoreID:N/A - DEBUG - Carpeta creada o existente: c:\Users\dafab\OneDrive\Documentos\Gestor\Gestor_de_Inventarios\Mis codigos\Pantalµn Vestir Azul Marino Talla_BÃsico_Pantalµn\36
2025-08-05 13:54:22 - src.core.utils.logging_config - StoreID:N/A - DEBUG - Etiqueta cargada exitosamente: c:\Users\dafab\OneDrive\Documentos\Gestor\Gestor_de_Inventarios\Mis codigos\Pantalµn Vestir Azul Marino Talla_BÃsico_Pantalµn\36\label_SKU003285.png
2025-08-05 13:54:22 - src.core.utils.logging_config - StoreID:N/A - DEBUG - Conteo de selecciµn actualizado: 1/19
2025-08-05 13:54:22 - src.core.utils.logging_config - StoreID:N/A - DEBUG - Mostrando detalles para SKU: SKU003285
2025-08-05 13:54:22 - src.core.utils.logging_config - StoreID:N/A - DEBUG - Intentando cargar imagen desde: None
2025-08-05 13:54:22 - src.core.utils.logging_config - StoreID:N/A - DEBUG - Carpeta creada o existente: c:\Users\dafab\OneDrive\Documentos\Gestor\Gestor_de_Inventarios\Mis codigos\Pantalµn Vestir Azul Marino Talla_BÃsico_Pantalµn\36
2025-08-05 13:54:22 - src.core.utils.logging_config - StoreID:N/A - DEBUG - Etiqueta cargada exitosamente: c:\Users\dafab\OneDrive\Documentos\Gestor\Gestor_de_Inventarios\Mis codigos\Pantalµn Vestir Azul Marino Talla_BÃsico_Pantalµn\36\label_SKU003285.png
2025-08-05 13:54:49 - src.core.utils.logging_config - StoreID:N/A - DEBUG - Etiqueta cargada para SKU SKU003285: c:\Users\dafab\OneDrive\Documentos\Gestor\Gestor_de_Inventarios\Mis codigos\Pantalµn Vestir Azul Marino Talla_BÃsico_Pantalµn\36\label_split_SKU003285.png
2025-08-05 13:54:50 - src.core.utils.logging_config - StoreID:N/A - DEBUG - Etiqueta cargada para SKU SKU003275: c:\Users\dafab\OneDrive\Documentos\Gestor\Gestor_de_Inventarios\Mis codigos\Pantalµn Vestir Azul Marino Talla_BÃsico_Pantalµn\34\label_split_SKU003275.png
2025-08-05 13:54:50 - src.core.utils.logging_config - StoreID:N/A - DEBUG - Conteo de selecciµn actualizado: 1/19
2025-08-05 13:54:50 - src.core.utils.logging_config - StoreID:N/A - DEBUG - Mostrando detalles para SKU: SKU003275
2025-08-05 13:54:50 - src.core.utils.logging_config - StoreID:N/A - DEBUG - Intentando cargar imagen desde: None
2025-08-05 13:54:50 - src.core.utils.logging_config - StoreID:N/A - DEBUG - Carpeta creada o existente: c:\Users\dafab\OneDrive\Documentos\Gestor\Gestor_de_Inventarios\Mis codigos\Pantalµn Vestir Azul Marino Talla_BÃsico_Pantalµn\34
2025-08-05 13:54:50 - src.core.utils.logging_config - StoreID:N/A - DEBUG - Etiqueta cargada exitosamente: c:\Users\dafab\OneDrive\Documentos\Gestor\Gestor_de_Inventarios\Mis codigos\Pantalµn Vestir Azul Marino Talla_BÃsico_Pantalµn\34\label_split_SKU003275.png
2025-08-05 13:54:50 - src.core.utils.logging_config - StoreID:N/A - DEBUG - Selecciµn del Treeview actualizada al item I068 (SKU: SKU003275, Úndice: 13)
2025-08-05 13:54:50 - src.core.utils.logging_config - StoreID:N/A - DEBUG - Conteo de selecciµn actualizado: 1/19
2025-08-05 13:54:50 - src.core.utils.logging_config - StoreID:N/A - DEBUG - Mostrando detalles para SKU: SKU003275
2025-08-05 13:54:50 - src.core.utils.logging_config - StoreID:N/A - DEBUG - Intentando cargar imagen desde: None
2025-08-05 13:54:50 - src.core.utils.logging_config - StoreID:N/A - DEBUG - Carpeta creada o existente: c:\Users\dafab\OneDrive\Documentos\Gestor\Gestor_de_Inventarios\Mis codigos\Pantalµn Vestir Azul Marino Talla_BÃsico_Pantalµn\34
2025-08-05 13:54:50 - src.core.utils.logging_config - StoreID:N/A - DEBUG - Etiqueta cargada exitosamente: c:\Users\dafab\OneDrive\Documentos\Gestor\Gestor_de_Inventarios\Mis codigos\Pantalµn Vestir Azul Marino Talla_BÃsico_Pantalµn\34\label_split_SKU003275.png
2025-08-05 13:54:50 - src.core.utils.logging_config - StoreID:N/A - DEBUG - Conteo de selecciµn actualizado: 1/19
2025-08-05 13:54:50 - src.core.utils.logging_config - StoreID:N/A - DEBUG - Mostrando detalles para SKU: SKU003275
2025-08-05 13:54:50 - src.core.utils.logging_config - StoreID:N/A - DEBUG - Intentando cargar imagen desde: None
2025-08-05 13:54:50 - src.core.utils.logging_config - StoreID:N/A - DEBUG - Carpeta creada o existente: c:\Users\dafab\OneDrive\Documentos\Gestor\Gestor_de_Inventarios\Mis codigos\Pantalµn Vestir Azul Marino Talla_BÃsico_Pantalµn\34
2025-08-05 13:54:50 - src.core.utils.logging_config - StoreID:N/A - DEBUG - Etiqueta cargada exitosamente: c:\Users\dafab\OneDrive\Documentos\Gestor\Gestor_de_Inventarios\Mis codigos\Pantalµn Vestir Azul Marino Talla_BÃsico_Pantalµn\34\label_split_SKU003275.png
2025-08-05 13:54:57 - src.core.utils.logging_config - StoreID:N/A - DEBUG - Conteo de selecciµn actualizado: 1/19
2025-08-05 13:54:57 - src.core.utils.logging_config - StoreID:N/A - DEBUG - Mostrando detalles para SKU: SKU003275
2025-08-05 13:54:57 - src.core.utils.logging_config - StoreID:N/A - DEBUG - Intentando cargar imagen desde: None
2025-08-05 13:54:57 - src.core.utils.logging_config - StoreID:N/A - DEBUG - Carpeta creada o existente: c:\Users\dafab\OneDrive\Documentos\Gestor\Gestor_de_Inventarios\Mis codigos\Pantalµn Vestir Azul Marino Talla_BÃsico_Pantalµn\34
2025-08-05 13:54:57 - src.core.utils.logging_config - StoreID:N/A - DEBUG - Etiqueta cargada exitosamente: c:\Users\dafab\OneDrive\Documentos\Gestor\Gestor_de_Inventarios\Mis codigos\Pantalµn Vestir Azul Marino Talla_BÃsico_Pantalµn\34\label_split_SKU003275.png
2025-08-05 13:54:57 - src.core.utils.logging_config - StoreID:N/A - DEBUG - Selecciµn del Treeview actualizada al item I068 (SKU: SKU003275, Úndice: 13)
2025-08-05 13:54:57 - src.core.utils.logging_config - StoreID:N/A - DEBUG - Conteo de selecciµn actualizado: 1/19
2025-08-05 13:54:57 - src.core.utils.logging_config - StoreID:N/A - DEBUG - Mostrando detalles para SKU: SKU003275
2025-08-05 13:54:57 - src.core.utils.logging_config - StoreID:N/A - DEBUG - Intentando cargar imagen desde: None
2025-08-05 13:54:57 - src.core.utils.logging_config - StoreID:N/A - DEBUG - Carpeta creada o existente: c:\Users\dafab\OneDrive\Documentos\Gestor\Gestor_de_Inventarios\Mis codigos\Pantalµn Vestir Azul Marino Talla_BÃsico_Pantalµn\34
2025-08-05 13:54:57 - src.core.utils.logging_config - StoreID:N/A - DEBUG - Etiqueta cargada exitosamente: c:\Users\dafab\OneDrive\Documentos\Gestor\Gestor_de_Inventarios\Mis codigos\Pantalµn Vestir Azul Marino Talla_BÃsico_Pantalµn\34\label_split_SKU003275.png
2025-08-05 13:54:57 - src.core.utils.logging_config - StoreID:N/A - DEBUG - Conteo de selecciµn actualizado: 1/19
2025-08-05 13:54:57 - src.core.utils.logging_config - StoreID:N/A - DEBUG - Mostrando detalles para SKU: SKU003275
2025-08-05 13:54:57 - src.core.utils.logging_config - StoreID:N/A - DEBUG - Intentando cargar imagen desde: None
2025-08-05 13:54:57 - src.core.utils.logging_config - StoreID:N/A - DEBUG - Carpeta creada o existente: c:\Users\dafab\OneDrive\Documentos\Gestor\Gestor_de_Inventarios\Mis codigos\Pantalµn Vestir Azul Marino Talla_BÃsico_Pantalµn\34
2025-08-05 13:54:57 - src.core.utils.logging_config - StoreID:N/A - DEBUG - Etiqueta cargada exitosamente: c:\Users\dafab\OneDrive\Documentos\Gestor\Gestor_de_Inventarios\Mis codigos\Pantalµn Vestir Azul Marino Talla_BÃsico_Pantalµn\34\label_split_SKU003275.png
2025-08-05 13:56:10 - src.core.utils.logging_config - StoreID:N/A - DEBUG - Etiqueta cargada para SKU SKU003285: c:\Users\dafab\OneDrive\Documentos\Gestor\Gestor_de_Inventarios\Mis codigos\Pantalµn Vestir Azul Marino Talla_BÃsico_Pantalµn\36\label_split_SKU003285.png
2025-08-05 13:56:10 - src.core.utils.logging_config - StoreID:N/A - DEBUG - Conteo de selecciµn actualizado: 1/19
2025-08-05 13:56:10 - src.core.utils.logging_config - StoreID:N/A - DEBUG - Mostrando detalles para SKU: SKU003285
2025-08-05 13:56:10 - src.core.utils.logging_config - StoreID:N/A - DEBUG - Intentando cargar imagen desde: None
2025-08-05 13:56:10 - src.core.utils.logging_config - StoreID:N/A - DEBUG - Carpeta creada o existente: c:\Users\dafab\OneDrive\Documentos\Gestor\Gestor_de_Inventarios\Mis codigos\Pantalµn Vestir Azul Marino Talla_BÃsico_Pantalµn\36
2025-08-05 13:56:10 - src.core.utils.logging_config - StoreID:N/A - DEBUG - Etiqueta cargada exitosamente: c:\Users\dafab\OneDrive\Documentos\Gestor\Gestor_de_Inventarios\Mis codigos\Pantalµn Vestir Azul Marino Talla_BÃsico_Pantalµn\36\label_split_SKU003285.png
2025-08-05 13:56:10 - src.core.utils.logging_config - StoreID:N/A - DEBUG - Selecciµn del Treeview actualizada al item I069 (SKU: SKU003285, Úndice: 14)
2025-08-05 13:56:10 - src.core.utils.logging_config - StoreID:N/A - DEBUG - Conteo de selecciµn actualizado: 1/19
2025-08-05 13:56:10 - src.core.utils.logging_config - StoreID:N/A - DEBUG - Mostrando detalles para SKU: SKU003285
2025-08-05 13:56:10 - src.core.utils.logging_config - StoreID:N/A - DEBUG - Intentando cargar imagen desde: None
2025-08-05 13:56:10 - src.core.utils.logging_config - StoreID:N/A - DEBUG - Carpeta creada o existente: c:\Users\dafab\OneDrive\Documentos\Gestor\Gestor_de_Inventarios\Mis codigos\Pantalµn Vestir Azul Marino Talla_BÃsico_Pantalµn\36
2025-08-05 13:56:10 - src.core.utils.logging_config - StoreID:N/A - DEBUG - Etiqueta cargada exitosamente: c:\Users\dafab\OneDrive\Documentos\Gestor\Gestor_de_Inventarios\Mis codigos\Pantalµn Vestir Azul Marino Talla_BÃsico_Pantalµn\36\label_split_SKU003285.png
2025-08-05 13:56:10 - src.core.utils.logging_config - StoreID:N/A - DEBUG - Conteo de selecciµn actualizado: 1/19
2025-08-05 13:56:10 - src.core.utils.logging_config - StoreID:N/A - DEBUG - Mostrando detalles para SKU: SKU003285
2025-08-05 13:56:10 - src.core.utils.logging_config - StoreID:N/A - DEBUG - Intentando cargar imagen desde: None
2025-08-05 13:56:10 - src.core.utils.logging_config - StoreID:N/A - DEBUG - Carpeta creada o existente: c:\Users\dafab\OneDrive\Documentos\Gestor\Gestor_de_Inventarios\Mis codigos\Pantalµn Vestir Azul Marino Talla_BÃsico_Pantalµn\36
2025-08-05 13:56:10 - src.core.utils.logging_config - StoreID:N/A - DEBUG - Etiqueta cargada exitosamente: c:\Users\dafab\OneDrive\Documentos\Gestor\Gestor_de_Inventarios\Mis codigos\Pantalµn Vestir Azul Marino Talla_BÃsico_Pantalµn\36\label_split_SKU003285.png
2025-08-05 13:56:13 - src.core.utils.logging_config - StoreID:N/A - DEBUG - Conteo de selecciµn actualizado: 1/19
2025-08-05 13:56:13 - src.core.utils.logging_config - StoreID:N/A - DEBUG - Mostrando detalles para SKU: SKU003285
2025-08-05 13:56:13 - src.core.utils.logging_config - StoreID:N/A - DEBUG - Intentando cargar imagen desde: None
2025-08-05 13:56:13 - src.core.utils.logging_config - StoreID:N/A - DEBUG - Carpeta creada o existente: c:\Users\dafab\OneDrive\Documentos\Gestor\Gestor_de_Inventarios\Mis codigos\Pantalµn Vestir Azul Marino Talla_BÃsico_Pantalµn\36
2025-08-05 13:56:13 - src.core.utils.logging_config - StoreID:N/A - DEBUG - Etiqueta cargada exitosamente: c:\Users\dafab\OneDrive\Documentos\Gestor\Gestor_de_Inventarios\Mis codigos\Pantalµn Vestir Azul Marino Talla_BÃsico_Pantalµn\36\label_split_SKU003285.png
2025-08-05 13:56:13 - src.core.utils.logging_config - StoreID:N/A - DEBUG - Selecciµn del Treeview actualizada al item I069 (SKU: SKU003285, Úndice: 14)
2025-08-05 13:56:13 - src.core.utils.logging_config - StoreID:N/A - DEBUG - Conteo de selecciµn actualizado: 1/19
2025-08-05 13:56:13 - src.core.utils.logging_config - StoreID:N/A - DEBUG - Mostrando detalles para SKU: SKU003285
2025-08-05 13:56:13 - src.core.utils.logging_config - StoreID:N/A - DEBUG - Intentando cargar imagen desde: None
2025-08-05 13:56:13 - src.core.utils.logging_config - StoreID:N/A - DEBUG - Carpeta creada o existente: c:\Users\dafab\OneDrive\Documentos\Gestor\Gestor_de_Inventarios\Mis codigos\Pantalµn Vestir Azul Marino Talla_BÃsico_Pantalµn\36
2025-08-05 13:56:13 - src.core.utils.logging_config - StoreID:N/A - DEBUG - Etiqueta cargada exitosamente: c:\Users\dafab\OneDrive\Documentos\Gestor\Gestor_de_Inventarios\Mis codigos\Pantalµn Vestir Azul Marino Talla_BÃsico_Pantalµn\36\label_split_SKU003285.png
2025-08-05 13:56:13 - src.core.utils.logging_config - StoreID:N/A - DEBUG - Conteo de selecciµn actualizado: 1/19
2025-08-05 13:56:13 - src.core.utils.logging_config - StoreID:N/A - DEBUG - Mostrando detalles para SKU: SKU003285
2025-08-05 13:56:13 - src.core.utils.logging_config - StoreID:N/A - DEBUG - Intentando cargar imagen desde: None
2025-08-05 13:56:13 - src.core.utils.logging_config - StoreID:N/A - DEBUG - Carpeta creada o existente: c:\Users\dafab\OneDrive\Documentos\Gestor\Gestor_de_Inventarios\Mis codigos\Pantalµn Vestir Azul Marino Talla_BÃsico_Pantalµn\36
2025-08-05 13:56:13 - src.core.utils.logging_config - StoreID:N/A - DEBUG - Etiqueta cargada exitosamente: c:\Users\dafab\OneDrive\Documentos\Gestor\Gestor_de_Inventarios\Mis codigos\Pantalµn Vestir Azul Marino Talla_BÃsico_Pantalµn\36\label_split_SKU003285.png
2025-08-05 13:56:15 - src.core.utils.logging_config - StoreID:N/A - DEBUG - Etiqueta cargada para SKU SKU003295: c:\Users\dafab\OneDrive\Documentos\Gestor\Gestor_de_Inventarios\Mis codigos\Pantalµn Vestir Azul Marino Talla_BÃsico_Pantalµn\38\label_split_SKU003295.png
2025-08-05 13:56:15 - src.core.utils.logging_config - StoreID:N/A - DEBUG - Conteo de selecciµn actualizado: 1/19
2025-08-05 13:56:15 - src.core.utils.logging_config - StoreID:N/A - DEBUG - Mostrando detalles para SKU: SKU003295
2025-08-05 13:56:15 - src.core.utils.logging_config - StoreID:N/A - DEBUG - Intentando cargar imagen desde: None
2025-08-05 13:56:15 - src.core.utils.logging_config - StoreID:N/A - DEBUG - Carpeta creada o existente: c:\Users\dafab\OneDrive\Documentos\Gestor\Gestor_de_Inventarios\Mis codigos\Pantalµn Vestir Azul Marino Talla_BÃsico_Pantalµn\38
2025-08-05 13:56:15 - src.core.utils.logging_config - StoreID:N/A - DEBUG - Etiqueta cargada exitosamente: c:\Users\dafab\OneDrive\Documentos\Gestor\Gestor_de_Inventarios\Mis codigos\Pantalµn Vestir Azul Marino Talla_BÃsico_Pantalµn\38\label_split_SKU003295.png
2025-08-05 13:56:15 - src.core.utils.logging_config - StoreID:N/A - DEBUG - Selecciµn del Treeview actualizada al item I06A (SKU: SKU003295, Úndice: 15)
2025-08-05 13:56:15 - src.core.utils.logging_config - StoreID:N/A - DEBUG - Conteo de selecciµn actualizado: 1/19
2025-08-05 13:56:15 - src.core.utils.logging_config - StoreID:N/A - DEBUG - Mostrando detalles para SKU: SKU003295
2025-08-05 13:56:15 - src.core.utils.logging_config - StoreID:N/A - DEBUG - Intentando cargar imagen desde: None
2025-08-05 13:56:15 - src.core.utils.logging_config - StoreID:N/A - DEBUG - Carpeta creada o existente: c:\Users\dafab\OneDrive\Documentos\Gestor\Gestor_de_Inventarios\Mis codigos\Pantalµn Vestir Azul Marino Talla_BÃsico_Pantalµn\38
2025-08-05 13:56:15 - src.core.utils.logging_config - StoreID:N/A - DEBUG - Etiqueta cargada exitosamente: c:\Users\dafab\OneDrive\Documentos\Gestor\Gestor_de_Inventarios\Mis codigos\Pantalµn Vestir Azul Marino Talla_BÃsico_Pantalµn\38\label_split_SKU003295.png
2025-08-05 13:56:15 - src.core.utils.logging_config - StoreID:N/A - DEBUG - Conteo de selecciµn actualizado: 1/19
2025-08-05 13:56:15 - src.core.utils.logging_config - StoreID:N/A - DEBUG - Mostrando detalles para SKU: SKU003295
2025-08-05 13:56:15 - src.core.utils.logging_config - StoreID:N/A - DEBUG - Intentando cargar imagen desde: None
2025-08-05 13:56:15 - src.core.utils.logging_config - StoreID:N/A - DEBUG - Carpeta creada o existente: c:\Users\dafab\OneDrive\Documentos\Gestor\Gestor_de_Inventarios\Mis codigos\Pantalµn Vestir Azul Marino Talla_BÃsico_Pantalµn\38
2025-08-05 13:56:15 - src.core.utils.logging_config - StoreID:N/A - DEBUG - Etiqueta cargada exitosamente: c:\Users\dafab\OneDrive\Documentos\Gestor\Gestor_de_Inventarios\Mis codigos\Pantalµn Vestir Azul Marino Talla_BÃsico_Pantalµn\38\label_split_SKU003295.png
2025-08-05 13:56:28 - src.core.utils.logging_config - StoreID:N/A - DEBUG - Conteo de selecciµn actualizado: 1/19
2025-08-05 13:56:28 - src.core.utils.logging_config - StoreID:N/A - DEBUG - Mostrando detalles para SKU: SKU003295
2025-08-05 13:56:28 - src.core.utils.logging_config - StoreID:N/A - DEBUG - Intentando cargar imagen desde: None
2025-08-05 13:56:28 - src.core.utils.logging_config - StoreID:N/A - DEBUG - Carpeta creada o existente: c:\Users\dafab\OneDrive\Documentos\Gestor\Gestor_de_Inventarios\Mis codigos\Pantalµn Vestir Azul Marino Talla_BÃsico_Pantalµn\38
2025-08-05 13:56:28 - src.core.utils.logging_config - StoreID:N/A - DEBUG - Etiqueta cargada exitosamente: c:\Users\dafab\OneDrive\Documentos\Gestor\Gestor_de_Inventarios\Mis codigos\Pantalµn Vestir Azul Marino Talla_BÃsico_Pantalµn\38\label_split_SKU003295.png
2025-08-05 13:56:28 - src.core.utils.logging_config - StoreID:N/A - DEBUG - Selecciµn del Treeview actualizada al item I06A (SKU: SKU003295, Úndice: 15)
2025-08-05 13:56:28 - src.core.utils.logging_config - StoreID:N/A - DEBUG - Conteo de selecciµn actualizado: 1/19
2025-08-05 13:56:28 - src.core.utils.logging_config - StoreID:N/A - DEBUG - Mostrando detalles para SKU: SKU003295
2025-08-05 13:56:28 - src.core.utils.logging_config - StoreID:N/A - DEBUG - Intentando cargar imagen desde: None
2025-08-05 13:56:28 - src.core.utils.logging_config - StoreID:N/A - DEBUG - Carpeta creada o existente: c:\Users\dafab\OneDrive\Documentos\Gestor\Gestor_de_Inventarios\Mis codigos\Pantalµn Vestir Azul Marino Talla_BÃsico_Pantalµn\38
2025-08-05 13:56:28 - src.core.utils.logging_config - StoreID:N/A - DEBUG - Etiqueta cargada exitosamente: c:\Users\dafab\OneDrive\Documentos\Gestor\Gestor_de_Inventarios\Mis codigos\Pantalµn Vestir Azul Marino Talla_BÃsico_Pantalµn\38\label_split_SKU003295.png
2025-08-05 13:56:28 - src.core.utils.logging_config - StoreID:N/A - DEBUG - Conteo de selecciµn actualizado: 1/19
2025-08-05 13:56:28 - src.core.utils.logging_config - StoreID:N/A - DEBUG - Mostrando detalles para SKU: SKU003295
2025-08-05 13:56:28 - src.core.utils.logging_config - StoreID:N/A - DEBUG - Intentando cargar imagen desde: None
2025-08-05 13:56:28 - src.core.utils.logging_config - StoreID:N/A - DEBUG - Carpeta creada o existente: c:\Users\dafab\OneDrive\Documentos\Gestor\Gestor_de_Inventarios\Mis codigos\Pantalµn Vestir Azul Marino Talla_BÃsico_Pantalµn\38
2025-08-05 13:56:28 - src.core.utils.logging_config - StoreID:N/A - DEBUG - Etiqueta cargada exitosamente: c:\Users\dafab\OneDrive\Documentos\Gestor\Gestor_de_Inventarios\Mis codigos\Pantalµn Vestir Azul Marino Talla_BÃsico_Pantalµn\38\label_split_SKU003295.png
2025-08-05 14:01:16 - src.core.utils.logging_config - StoreID:N/A - DEBUG - Manteniendo selecciµn para SKU: SKU003295 al cerrar PrintPreviewWindow
2025-08-05 14:01:16 - src.core.utils.logging_config - StoreID:N/A - DEBUG - Selecciµn restaurada para SKU: SKU003295 despuÕs de cerrar PrintPreviewWindow
2025-08-05 14:01:16 - src.core.utils.logging_config - StoreID:N/A - DEBUG - Conteo de selecciµn actualizado: 1/19
2025-08-05 14:01:16 - src.core.utils.logging_config - StoreID:N/A - DEBUG - Mostrando detalles para SKU: SKU003295
2025-08-05 14:01:16 - src.core.utils.logging_config - StoreID:N/A - DEBUG - Intentando cargar imagen desde: None
2025-08-05 14:01:16 - src.core.utils.logging_config - StoreID:N/A - DEBUG - Carpeta creada o existente: c:\Users\dafab\OneDrive\Documentos\Gestor\Gestor_de_Inventarios\Mis codigos\Pantalµn Vestir Azul Marino Talla_BÃsico_Pantalµn\38
2025-08-05 14:01:16 - src.core.utils.logging_config - StoreID:N/A - DEBUG - Etiqueta cargada exitosamente: c:\Users\dafab\OneDrive\Documentos\Gestor\Gestor_de_Inventarios\Mis codigos\Pantalµn Vestir Azul Marino Talla_BÃsico_Pantalµn\38\label_split_SKU003295.png
2025-08-05 14:01:16 - src.core.utils.logging_config - StoreID:N/A - DEBUG - Conteo de selecciµn actualizado: 1/19
2025-08-05 14:01:16 - src.core.utils.logging_config - StoreID:N/A - DEBUG - Mostrando detalles para SKU: SKU003295
2025-08-05 14:01:16 - src.core.utils.logging_config - StoreID:N/A - DEBUG - Intentando cargar imagen desde: None
2025-08-05 14:01:16 - src.core.utils.logging_config - StoreID:N/A - DEBUG - Carpeta creada o existente: c:\Users\dafab\OneDrive\Documentos\Gestor\Gestor_de_Inventarios\Mis codigos\Pantalµn Vestir Azul Marino Talla_BÃsico_Pantalµn\38
2025-08-05 14:01:16 - src.core.utils.logging_config - StoreID:N/A - DEBUG - Etiqueta cargada exitosamente: c:\Users\dafab\OneDrive\Documentos\Gestor\Gestor_de_Inventarios\Mis codigos\Pantalµn Vestir Azul Marino Talla_BÃsico_Pantalµn\38\label_split_SKU003295.png
2025-08-05 14:01:16 - src.core.utils.logging_config - StoreID:N/A - DEBUG - Conteo de selecciµn actualizado: 1/19
2025-08-05 14:01:16 - src.core.utils.logging_config - StoreID:N/A - DEBUG - Mostrando detalles para SKU: SKU003295
2025-08-05 14:01:16 - src.core.utils.logging_config - StoreID:N/A - DEBUG - Intentando cargar imagen desde: None
2025-08-05 14:01:16 - src.core.utils.logging_config - StoreID:N/A - DEBUG - Carpeta creada o existente: c:\Users\dafab\OneDrive\Documentos\Gestor\Gestor_de_Inventarios\Mis codigos\Pantalµn Vestir Azul Marino Talla_BÃsico_Pantalµn\38
2025-08-05 14:01:16 - src.core.utils.logging_config - StoreID:N/A - DEBUG - Etiqueta cargada exitosamente: c:\Users\dafab\OneDrive\Documentos\Gestor\Gestor_de_Inventarios\Mis codigos\Pantalµn Vestir Azul Marino Talla_BÃsico_Pantalµn\38\label_split_SKU003295.png
2025-08-05 14:01:16 - src.core.utils.logging_config - StoreID:N/A - DEBUG - Conteo de selecciµn actualizado: 1/19
2025-08-05 14:01:16 - src.core.utils.logging_config - StoreID:N/A - DEBUG - Mostrando detalles para SKU: SKU003295
2025-08-05 14:01:16 - src.core.utils.logging_config - StoreID:N/A - DEBUG - Intentando cargar imagen desde: None
2025-08-05 14:01:16 - src.core.utils.logging_config - StoreID:N/A - DEBUG - Carpeta creada o existente: c:\Users\dafab\OneDrive\Documentos\Gestor\Gestor_de_Inventarios\Mis codigos\Pantalµn Vestir Azul Marino Talla_BÃsico_Pantalµn\38
2025-08-05 14:01:16 - src.core.utils.logging_config - StoreID:N/A - DEBUG - Etiqueta cargada exitosamente: c:\Users\dafab\OneDrive\Documentos\Gestor\Gestor_de_Inventarios\Mis codigos\Pantalµn Vestir Azul Marino Talla_BÃsico_Pantalµn\38\label_split_SKU003295.png
2025-08-05 14:01:56 - src.core.utils.logging_config - StoreID:N/A - INFO - Inicializando ProductManagerLogic para tienda 1
2025-08-05 14:01:56 - src.core.utils.logging_config - StoreID:N/A - DEBUG - ProductEditForm inicializado para tienda 1
2025-08-05 14:01:56 - src.core.utils.logging_config - StoreID:N/A - INFO - Inicializando ProductManagerUI para tienda 1
2025-08-05 14:01:56 - src.core.utils.logging_config - StoreID:N/A - DEBUG - ëcono cargado: edit
2025-08-05 14:01:57 - src.core.utils.logging_config - StoreID:N/A - DEBUG - ëcono cargado: copy
2025-08-05 14:01:57 - src.core.utils.logging_config - StoreID:N/A - DEBUG - ëcono cargado: delete
2025-08-05 14:01:57 - src.core.utils.logging_config - StoreID:N/A - DEBUG - ëcono cargado: duplicate
2025-08-05 14:01:57 - src.core.utils.logging_config - StoreID:N/A - DEBUG - ëcono cargado: price
2025-08-05 14:01:57 - src.core.utils.logging_config - StoreID:N/A - DEBUG - ëcono cargado: print
2025-08-05 14:01:57 - src.core.utils.logging_config - StoreID:N/A - DEBUG - ëcono cargado: inventory
2025-08-05 14:01:57 - src.core.utils.logging_config - StoreID:N/A - DEBUG - Inicializando CheckComboBox con column=color
2025-08-05 14:01:57 - src.core.utils.logging_config - StoreID:N/A - DEBUG - CheckComboBox creado con label=Color, column=color
2025-08-05 14:01:57 - src.core.utils.logging_config - StoreID:N/A - DEBUG - Inicializando CheckComboBox con column=tipo_prenda
2025-08-05 14:01:57 - src.core.utils.logging_config - StoreID:N/A - DEBUG - CheckComboBox creado con label=Tipo Prenda, column=tipo_prenda
2025-08-05 14:01:57 - src.core.utils.logging_config - StoreID:N/A - DEBUG - Inicializando CheckComboBox con column=tipo_pieza
2025-08-05 14:01:57 - src.core.utils.logging_config - StoreID:N/A - DEBUG - CheckComboBox creado con label=Tipo Pieza, column=tipo_pieza
2025-08-05 14:01:57 - src.core.utils.logging_config - StoreID:N/A - DEBUG - Inicializando CheckComboBox con column=atributo
2025-08-05 14:01:57 - src.core.utils.logging_config - StoreID:N/A - DEBUG - CheckComboBox creado con label=Atributo, column=atributo
2025-08-05 14:01:57 - src.core.utils.logging_config - StoreID:N/A - DEBUG - Inicializando CheckComboBox con column=escuela
2025-08-05 14:01:57 - src.core.utils.logging_config - StoreID:N/A - DEBUG - CheckComboBox creado con label=Escuela, column=escuela
2025-08-05 14:01:57 - src.core.utils.logging_config - StoreID:N/A - DEBUG - Inicializando CheckComboBox con column=nivel_educativo
2025-08-05 14:01:57 - src.core.utils.logging_config - StoreID:N/A - DEBUG - CheckComboBox creado con label=Nivel Educativo, column=nivel_educativo
2025-08-05 14:01:57 - src.core.utils.logging_config - StoreID:N/A - DEBUG - Inicializando CheckComboBox con column=genero
2025-08-05 14:01:57 - src.core.utils.logging_config - StoreID:N/A - DEBUG - CheckComboBox creado con label=GÕnero, column=genero
2025-08-05 14:01:57 - src.core.utils.logging_config - StoreID:N/A - DEBUG - Inicializando CheckComboBox con column=marca
2025-08-05 14:01:57 - src.core.utils.logging_config - StoreID:N/A - DEBUG - CheckComboBox creado con label=Marca, column=marca
2025-08-05 14:01:57 - src.core.utils.logging_config - StoreID:N/A - DEBUG - Inicializando CheckComboBox con column=talla
2025-08-05 14:01:57 - src.core.utils.logging_config - StoreID:N/A - DEBUG - CheckComboBox creado con label=Talla, column=talla
2025-08-05 14:01:58 - src.core.utils.logging_config - StoreID:N/A - DEBUG - Inicializando comboboxes para filtros
2025-08-05 14:01:58 - src.core.utils.logging_config - StoreID:N/A - DEBUG - Obtenidos 32 valores ºnicos para color en 0.006s
2025-08-05 14:01:58 - src.core.utils.logging_config - StoreID:N/A - DEBUG - Valores para color: ['Ad hoc', 'Amarillo', 'Azul', 'Azul Marino', 'Azul Rey', 'Azul cielo', 'Beige', 'Bicolor', 'Blanca', 'Blanco', 'CafÕ', 'Camuflaje', 'Caqui', 'Doble raya', 'Escoces', 'Gales azul', 'Gales rojo', 'Gales verde', 'Gris', 'Gris claro', 'Gris obscuro', 'Negro', 'Pata de gallo', 'Pgallo cafe', 'Raya roja', 'Rojo', 'Rosa', 'SABES', 'Verde', 'Verde limon', 'Verde olivo', 'Vino']
2025-08-05 14:01:58 - src.core.utils.logging_config - StoreID:N/A - DEBUG - Obtenidos 6 valores ºnicos para tipo_prenda en 0.003s
2025-08-05 14:01:58 - src.core.utils.logging_config - StoreID:N/A - DEBUG - Valores para tipo_prenda: ['Accesorio', 'BÃsico', 'Deportivo', 'Escolta', 'Oficial', 'Uniforme']
2025-08-05 14:01:58 - src.core.utils.logging_config - StoreID:N/A - DEBUG - Obtenidos 20 valores ºnicos para tipo_pieza en 0.003s
2025-08-05 14:01:58 - src.core.utils.logging_config - StoreID:N/A - DEBUG - Valores para tipo_pieza: ['Bata', 'Boina', 'Calceta', 'Camisa', 'Chaleco', 'Chamarra', 'Corbata', 'CorbatÚn', 'Falda', 'Guante', 'Jumper', 'Malla', 'Mascada', 'Moþo', 'Pantalµn', 'Pants 2pz', 'Pants 3pz', 'Pants Suelto', 'Playera', 'SuÕter']
2025-08-05 14:01:58 - src.core.utils.logging_config - StoreID:N/A - DEBUG - Obtenidos 23 valores ºnicos para atributo en 0.003s
2025-08-05 14:01:58 - src.core.utils.logging_config - StoreID:N/A - DEBUG - Valores para atributo: ['Algodµn', 'Botones', 'Chazarilla', 'Conalep', 'Conjunto', 'Cuatro tablas', 'Cuello Olan', 'Cuello V', 'Cuello olan', 'Deportiva', 'Deportivo', 'Escolar', 'Escolta', 'Gabardina', 'Infantil', 'Liso', 'Manga Corta', 'Manga Larga', 'Oferta', 'Polo', 'Punto', 'Tortuga', 'Vestir']
2025-08-05 14:01:58 - src.core.utils.logging_config - StoreID:N/A - DEBUG - Obtenidos 55 valores ºnicos para escuela en 0.001s
2025-08-05 14:01:58 - src.core.utils.logging_config - StoreID:N/A - DEBUG - Valores para escuela: ['16 de Septiembre', 'Adolfo Lopez Mareo', 'Adolfo Lopez Mateo', 'Albino GarcÚa Ramos', 'Alvaro Obregon', 'Benito JuÃrez', 'Bicentenario', 'Blanca Verµnica Soto MartÚnez PrÚncipes', 'CBTIS 148', 'CECYTE', 'Club Rotario', 'Colegio Motolinea', 'Conalep', 'Emiliano Zapata', 'Erasmo Castellano', 'EsTv 154', 'Francisco GonzÃlez Bocanegra', 'Francisco Villa', 'Frida Kahlo', 'Guillermo Prieto', 'Himno Nacional', 'Huizache', 'Ignacio Allende', 'Ignacio Ramirez Lopez', 'Ignacio Zaragoza', 'J. Guadalupe Victoria', 'Jean Piaget', 'Jorge Cantor', 'Josefa Ortiz de DomÚnguez', 'JosÕ MarÚa Morelos', 'JosÕ MarÚa Morelos y Pavµn', 'Justo Sierra', 'Manuel GutiÕrrez NÃjera', 'Margarita Paz Paredes', 'Miguel Campuzano', 'Miguel Hidalgo', 'Narciso Mendoza', 'Niþos HÕroes', 'Omecalli', 'Palacio', 'Paolo Fraire', 'Patria', 'PrÃxedis Guerrero', 'Rafael RamÚrez', 'SABES', 'Santa Rosa 238', 'Sor Juana InÕs de la Cruz', 'Telesecundaria 454', 'Telesecundaria 512', 'Telesecundaria 600', 'TÕcnica de San Bartolo', 'UVEG', 'Vicente Guerrero', 'Vidal Acolcer', 'êlvaro Obregµn']
2025-08-05 14:01:58 - src.core.utils.logging_config - StoreID:N/A - DEBUG - Obtenidos 4 valores ºnicos para nivel_educativo en 0.003s
2025-08-05 14:01:58 - src.core.utils.logging_config - StoreID:N/A - DEBUG - Valores para nivel_educativo: ['Bachillerato', 'Preescolar', 'Primaria', 'Secundaria']
2025-08-05 14:01:58 - src.core.utils.logging_config - StoreID:N/A - DEBUG - Obtenidos 3 valores ºnicos para genero en 0.002s
2025-08-05 14:01:58 - src.core.utils.logging_config - StoreID:N/A - DEBUG - Valores para genero: ['Hombre', 'Mujer', 'Unisex']
2025-08-05 14:01:58 - src.core.utils.logging_config - StoreID:N/A - DEBUG - Obtenidos 4 valores ºnicos para marca en 0.002s
2025-08-05 14:01:58 - src.core.utils.logging_config - StoreID:N/A - DEBUG - Valores para marca: ['Claudia', 'MarcaX', 'MarcaY', 'Prowear']
2025-08-05 14:01:58 - src.core.utils.logging_config - StoreID:N/A - DEBUG - Obtenidos 43 valores ºnicos para talla en 0.005s
2025-08-05 14:01:58 - src.core.utils.logging_config - StoreID:N/A - DEBUG - Valores para talla: ['2', '3', '4', '5', '6', '7', '8', '9', '10', '11', '12', '13', '14', '16', '18', '20', '28', '30', '32', '34', '36', '38', '40', '42', '44', '46', 'M', 'L', 'CH', 'MD', 'GD', 'EXG', 'Uni', 'ESP', '0-0', '0-2', '3-5', '6-8', '9-12', '13-18', 'CH-MD', 'GD-EXG', 'Dama']
2025-08-05 14:01:58 - src.core.utils.logging_config - StoreID:N/A - INFO - Comboboxes inicializados correctamente
2025-08-05 14:01:58 - src.core.utils.logging_config - StoreID:N/A - DEBUG - Label de filtros actualizado: Sin filtros activos
2025-08-05 14:01:58 - src.core.utils.logging_config - StoreID:N/A - DEBUG - Lock interface called with lock=True, tree exists=1
2025-08-05 14:01:58 - src.core.utils.logging_config - StoreID:N/A - DEBUG - Cargando productos para pÃgina 1, batch_size=30
2025-08-05 14:01:58 - src.core.utils.logging_config - StoreID:N/A - DEBUG - Actualizando paginaciµn: total_items=3983, current_page=0, total_pages=133
2025-08-05 14:01:58 - src.core.utils.logging_config - StoreID:N/A - DEBUG - Texto de paginaciµn actualizado: PÃgina 1 de 133
2025-08-05 14:01:58 - src.core.utils.logging_config - StoreID:N/A - DEBUG - Conteo de selecciµn actualizado: 0/30
2025-08-05 14:01:58 - src.core.utils.logging_config - StoreID:N/A - INFO - Cargados 30 productos, pÃgina 1, total pÃginas: 133, tiempo: 0.114s
2025-08-05 14:01:58 - src.core.utils.logging_config - StoreID:N/A - DEBUG - Lock interface called with lock=False, tree exists=1
2025-08-05 14:01:58 - src.core.utils.logging_config - StoreID:N/A - DEBUG - Inicializando comboboxes para filtros
2025-08-05 14:01:58 - src.core.utils.logging_config - StoreID:N/A - DEBUG - Obtenidos 32 valores ºnicos para color en 0.000s
2025-08-05 14:01:58 - src.core.utils.logging_config - StoreID:N/A - DEBUG - Valores para color: ['Ad hoc', 'Amarillo', 'Azul', 'Azul Marino', 'Azul Rey', 'Azul cielo', 'Beige', 'Bicolor', 'Blanca', 'Blanco', 'CafÕ', 'Camuflaje', 'Caqui', 'Doble raya', 'Escoces', 'Gales azul', 'Gales rojo', 'Gales verde', 'Gris', 'Gris claro', 'Gris obscuro', 'Negro', 'Pata de gallo', 'Pgallo cafe', 'Raya roja', 'Rojo', 'Rosa', 'SABES', 'Verde', 'Verde limon', 'Verde olivo', 'Vino']
2025-08-05 14:01:58 - src.core.utils.logging_config - StoreID:N/A - DEBUG - Obtenidos 6 valores ºnicos para tipo_prenda en 0.000s
2025-08-05 14:01:58 - src.core.utils.logging_config - StoreID:N/A - DEBUG - Valores para tipo_prenda: ['Accesorio', 'BÃsico', 'Deportivo', 'Escolta', 'Oficial', 'Uniforme']
2025-08-05 14:01:58 - src.core.utils.logging_config - StoreID:N/A - DEBUG - Obtenidos 20 valores ºnicos para tipo_pieza en 0.000s
2025-08-05 14:01:58 - src.core.utils.logging_config - StoreID:N/A - DEBUG - Valores para tipo_pieza: ['Bata', 'Boina', 'Calceta', 'Camisa', 'Chaleco', 'Chamarra', 'Corbata', 'CorbatÚn', 'Falda', 'Guante', 'Jumper', 'Malla', 'Mascada', 'Moþo', 'Pantalµn', 'Pants 2pz', 'Pants 3pz', 'Pants Suelto', 'Playera', 'SuÕter']
2025-08-05 14:01:58 - src.core.utils.logging_config - StoreID:N/A - DEBUG - Obtenidos 23 valores ºnicos para atributo en 0.000s
2025-08-05 14:01:58 - src.core.utils.logging_config - StoreID:N/A - DEBUG - Valores para atributo: ['Algodµn', 'Botones', 'Chazarilla', 'Conalep', 'Conjunto', 'Cuatro tablas', 'Cuello Olan', 'Cuello V', 'Cuello olan', 'Deportiva', 'Deportivo', 'Escolar', 'Escolta', 'Gabardina', 'Infantil', 'Liso', 'Manga Corta', 'Manga Larga', 'Oferta', 'Polo', 'Punto', 'Tortuga', 'Vestir']
2025-08-05 14:01:58 - src.core.utils.logging_config - StoreID:N/A - DEBUG - Obtenidos 55 valores ºnicos para escuela en 0.000s
2025-08-05 14:01:58 - src.core.utils.logging_config - StoreID:N/A - DEBUG - Valores para escuela: ['16 de Septiembre', 'Adolfo Lopez Mareo', 'Adolfo Lopez Mateo', 'Albino GarcÚa Ramos', 'Alvaro Obregon', 'Benito JuÃrez', 'Bicentenario', 'Blanca Verµnica Soto MartÚnez PrÚncipes', 'CBTIS 148', 'CECYTE', 'Club Rotario', 'Colegio Motolinea', 'Conalep', 'Emiliano Zapata', 'Erasmo Castellano', 'EsTv 154', 'Francisco GonzÃlez Bocanegra', 'Francisco Villa', 'Frida Kahlo', 'Guillermo Prieto', 'Himno Nacional', 'Huizache', 'Ignacio Allende', 'Ignacio Ramirez Lopez', 'Ignacio Zaragoza', 'J. Guadalupe Victoria', 'Jean Piaget', 'Jorge Cantor', 'Josefa Ortiz de DomÚnguez', 'JosÕ MarÚa Morelos', 'JosÕ MarÚa Morelos y Pavµn', 'Justo Sierra', 'Manuel GutiÕrrez NÃjera', 'Margarita Paz Paredes', 'Miguel Campuzano', 'Miguel Hidalgo', 'Narciso Mendoza', 'Niþos HÕroes', 'Omecalli', 'Palacio', 'Paolo Fraire', 'Patria', 'PrÃxedis Guerrero', 'Rafael RamÚrez', 'SABES', 'Santa Rosa 238', 'Sor Juana InÕs de la Cruz', 'Telesecundaria 454', 'Telesecundaria 512', 'Telesecundaria 600', 'TÕcnica de San Bartolo', 'UVEG', 'Vicente Guerrero', 'Vidal Acolcer', 'êlvaro Obregµn']
2025-08-05 14:01:58 - src.core.utils.logging_config - StoreID:N/A - DEBUG - Obtenidos 4 valores ºnicos para nivel_educativo en 0.000s
2025-08-05 14:01:58 - src.core.utils.logging_config - StoreID:N/A - DEBUG - Valores para nivel_educativo: ['Bachillerato', 'Preescolar', 'Primaria', 'Secundaria']
2025-08-05 14:01:58 - src.core.utils.logging_config - StoreID:N/A - DEBUG - Obtenidos 3 valores ºnicos para genero en 0.000s
2025-08-05 14:01:58 - src.core.utils.logging_config - StoreID:N/A - DEBUG - Valores para genero: ['Hombre', 'Mujer', 'Unisex']
2025-08-05 14:01:58 - src.core.utils.logging_config - StoreID:N/A - DEBUG - Obtenidos 4 valores ºnicos para marca en 0.000s
2025-08-05 14:01:58 - src.core.utils.logging_config - StoreID:N/A - DEBUG - Valores para marca: ['Claudia', 'MarcaX', 'MarcaY', 'Prowear']
2025-08-05 14:01:58 - src.core.utils.logging_config - StoreID:N/A - DEBUG - Obtenidos 43 valores ºnicos para talla en 0.000s
2025-08-05 14:01:58 - src.core.utils.logging_config - StoreID:N/A - DEBUG - Valores para talla: ['2', '3', '4', '5', '6', '7', '8', '9', '10', '11', '12', '13', '14', '16', '18', '20', '28', '30', '32', '34', '36', '38', '40', '42', '44', '46', 'M', 'L', 'CH', 'MD', 'GD', 'EXG', 'Uni', 'ESP', '0-0', '0-2', '3-5', '6-8', '9-12', '13-18', 'CH-MD', 'GD-EXG', 'Dama']
2025-08-05 14:01:58 - src.core.utils.logging_config - StoreID:N/A - INFO - Comboboxes inicializados correctamente
2025-08-05 14:01:58 - src.core.utils.logging_config - StoreID:N/A - DEBUG - Label de filtros actualizado: Sin filtros activos
2025-08-05 14:01:58 - src.core.utils.logging_config - StoreID:N/A - DEBUG - Lock interface called with lock=True, tree exists=1
2025-08-05 14:01:58 - src.core.utils.logging_config - StoreID:N/A - DEBUG - Cargando productos para pÃgina 1, batch_size=30
2025-08-05 14:01:58 - src.core.utils.logging_config - StoreID:N/A - DEBUG - Actualizando paginaciµn: total_items=3983, current_page=0, total_pages=133
2025-08-05 14:01:58 - src.core.utils.logging_config - StoreID:N/A - DEBUG - Texto de paginaciµn actualizado: PÃgina 1 de 133
2025-08-05 14:01:58 - src.core.utils.logging_config - StoreID:N/A - DEBUG - Conteo de selecciµn actualizado: 0/30
2025-08-05 14:01:58 - src.core.utils.logging_config - StoreID:N/A - INFO - Cargados 30 productos, pÃgina 1, total pÃginas: 133, tiempo: 0.115s
2025-08-05 14:01:58 - src.core.utils.logging_config - StoreID:N/A - DEBUG - Lock interface called with lock=False, tree exists=1
2025-08-05 14:01:59 - src.core.utils.logging_config - StoreID:N/A - DEBUG - Inicializando CheckComboBox con column=None
2025-08-05 14:01:59 - src.core.utils.logging_config - StoreID:N/A - DEBUG - CheckComboBox creado con label=Escuelas, column=None
2025-08-05 14:02:01 - src.core.utils.logging_config - StoreID:N/A - INFO - Inicializando ProductManagerLogic para tienda 1
2025-08-05 14:02:01 - src.core.utils.logging_config - StoreID:N/A - DEBUG - ProductEditForm inicializado para tienda 1
2025-08-05 14:02:01 - src.core.utils.logging_config - StoreID:N/A - INFO - Inicializando ProductManagerUI para tienda 1
2025-08-05 14:02:01 - src.core.utils.logging_config - StoreID:N/A - DEBUG - ëcono cargado: edit
2025-08-05 14:02:01 - src.core.utils.logging_config - StoreID:N/A - DEBUG - ëcono cargado: copy
2025-08-05 14:02:01 - src.core.utils.logging_config - StoreID:N/A - DEBUG - ëcono cargado: delete
2025-08-05 14:02:01 - src.core.utils.logging_config - StoreID:N/A - DEBUG - ëcono cargado: duplicate
2025-08-05 14:02:01 - src.core.utils.logging_config - StoreID:N/A - DEBUG - ëcono cargado: price
2025-08-05 14:02:01 - src.core.utils.logging_config - StoreID:N/A - DEBUG - ëcono cargado: print
2025-08-05 14:02:01 - src.core.utils.logging_config - StoreID:N/A - DEBUG - ëcono cargado: inventory
2025-08-05 14:02:01 - src.core.utils.logging_config - StoreID:N/A - DEBUG - Inicializando CheckComboBox con column=color
2025-08-05 14:02:01 - src.core.utils.logging_config - StoreID:N/A - DEBUG - CheckComboBox creado con label=Color, column=color
2025-08-05 14:02:02 - src.core.utils.logging_config - StoreID:N/A - DEBUG - Inicializando CheckComboBox con column=tipo_prenda
2025-08-05 14:02:02 - src.core.utils.logging_config - StoreID:N/A - DEBUG - CheckComboBox creado con label=Tipo Prenda, column=tipo_prenda
2025-08-05 14:02:02 - src.core.utils.logging_config - StoreID:N/A - DEBUG - Inicializando CheckComboBox con column=tipo_pieza
2025-08-05 14:02:02 - src.core.utils.logging_config - StoreID:N/A - DEBUG - CheckComboBox creado con label=Tipo Pieza, column=tipo_pieza
2025-08-05 14:02:02 - src.core.utils.logging_config - StoreID:N/A - DEBUG - Inicializando CheckComboBox con column=atributo
2025-08-05 14:02:02 - src.core.utils.logging_config - StoreID:N/A - DEBUG - CheckComboBox creado con label=Atributo, column=atributo
2025-08-05 14:02:02 - src.core.utils.logging_config - StoreID:N/A - DEBUG - Inicializando CheckComboBox con column=escuela
2025-08-05 14:02:02 - src.core.utils.logging_config - StoreID:N/A - DEBUG - CheckComboBox creado con label=Escuela, column=escuela
2025-08-05 14:02:02 - src.core.utils.logging_config - StoreID:N/A - DEBUG - Inicializando CheckComboBox con column=nivel_educativo
2025-08-05 14:02:02 - src.core.utils.logging_config - StoreID:N/A - DEBUG - CheckComboBox creado con label=Nivel Educativo, column=nivel_educativo
2025-08-05 14:02:02 - src.core.utils.logging_config - StoreID:N/A - DEBUG - Inicializando CheckComboBox con column=genero
2025-08-05 14:02:02 - src.core.utils.logging_config - StoreID:N/A - DEBUG - CheckComboBox creado con label=GÕnero, column=genero
2025-08-05 14:02:02 - src.core.utils.logging_config - StoreID:N/A - DEBUG - Inicializando CheckComboBox con column=marca
2025-08-05 14:02:02 - src.core.utils.logging_config - StoreID:N/A - DEBUG - CheckComboBox creado con label=Marca, column=marca
2025-08-05 14:02:02 - src.core.utils.logging_config - StoreID:N/A - DEBUG - Inicializando CheckComboBox con column=talla
2025-08-05 14:02:02 - src.core.utils.logging_config - StoreID:N/A - DEBUG - CheckComboBox creado con label=Talla, column=talla
2025-08-05 14:02:03 - src.core.utils.logging_config - StoreID:N/A - DEBUG - Inicializando comboboxes para filtros
2025-08-05 14:02:03 - src.core.utils.logging_config - StoreID:N/A - DEBUG - Obtenidos 32 valores ºnicos para color en 0.005s
2025-08-05 14:02:03 - src.core.utils.logging_config - StoreID:N/A - DEBUG - Valores para color: ['Ad hoc', 'Amarillo', 'Azul', 'Azul Marino', 'Azul Rey', 'Azul cielo', 'Beige', 'Bicolor', 'Blanca', 'Blanco', 'CafÕ', 'Camuflaje', 'Caqui', 'Doble raya', 'Escoces', 'Gales azul', 'Gales rojo', 'Gales verde', 'Gris', 'Gris claro', 'Gris obscuro', 'Negro', 'Pata de gallo', 'Pgallo cafe', 'Raya roja', 'Rojo', 'Rosa', 'SABES', 'Verde', 'Verde limon', 'Verde olivo', 'Vino']
2025-08-05 14:02:03 - src.core.utils.logging_config - StoreID:N/A - DEBUG - Obtenidos 6 valores ºnicos para tipo_prenda en 0.004s
2025-08-05 14:02:03 - src.core.utils.logging_config - StoreID:N/A - DEBUG - Valores para tipo_prenda: ['Accesorio', 'BÃsico', 'Deportivo', 'Escolta', 'Oficial', 'Uniforme']
2025-08-05 14:02:03 - src.core.utils.logging_config - StoreID:N/A - DEBUG - Obtenidos 20 valores ºnicos para tipo_pieza en 0.005s
2025-08-05 14:02:03 - src.core.utils.logging_config - StoreID:N/A - DEBUG - Valores para tipo_pieza: ['Bata', 'Boina', 'Calceta', 'Camisa', 'Chaleco', 'Chamarra', 'Corbata', 'CorbatÚn', 'Falda', 'Guante', 'Jumper', 'Malla', 'Mascada', 'Moþo', 'Pantalµn', 'Pants 2pz', 'Pants 3pz', 'Pants Suelto', 'Playera', 'SuÕter']
2025-08-05 14:02:03 - src.core.utils.logging_config - StoreID:N/A - DEBUG - Obtenidos 23 valores ºnicos para atributo en 0.004s
2025-08-05 14:02:03 - src.core.utils.logging_config - StoreID:N/A - DEBUG - Valores para atributo: ['Algodµn', 'Botones', 'Chazarilla', 'Conalep', 'Conjunto', 'Cuatro tablas', 'Cuello Olan', 'Cuello V', 'Cuello olan', 'Deportiva', 'Deportivo', 'Escolar', 'Escolta', 'Gabardina', 'Infantil', 'Liso', 'Manga Corta', 'Manga Larga', 'Oferta', 'Polo', 'Punto', 'Tortuga', 'Vestir']
2025-08-05 14:02:03 - src.core.utils.logging_config - StoreID:N/A - DEBUG - Obtenidos 55 valores ºnicos para escuela en 0.001s
2025-08-05 14:02:03 - src.core.utils.logging_config - StoreID:N/A - DEBUG - Valores para escuela: ['16 de Septiembre', 'Adolfo Lopez Mareo', 'Adolfo Lopez Mateo', 'Albino GarcÚa Ramos', 'Alvaro Obregon', 'Benito JuÃrez', 'Bicentenario', 'Blanca Verµnica Soto MartÚnez PrÚncipes', 'CBTIS 148', 'CECYTE', 'Club Rotario', 'Colegio Motolinea', 'Conalep', 'Emiliano Zapata', 'Erasmo Castellano', 'EsTv 154', 'Francisco GonzÃlez Bocanegra', 'Francisco Villa', 'Frida Kahlo', 'Guillermo Prieto', 'Himno Nacional', 'Huizache', 'Ignacio Allende', 'Ignacio Ramirez Lopez', 'Ignacio Zaragoza', 'J. Guadalupe Victoria', 'Jean Piaget', 'Jorge Cantor', 'Josefa Ortiz de DomÚnguez', 'JosÕ MarÚa Morelos', 'JosÕ MarÚa Morelos y Pavµn', 'Justo Sierra', 'Manuel GutiÕrrez NÃjera', 'Margarita Paz Paredes', 'Miguel Campuzano', 'Miguel Hidalgo', 'Narciso Mendoza', 'Niþos HÕroes', 'Omecalli', 'Palacio', 'Paolo Fraire', 'Patria', 'PrÃxedis Guerrero', 'Rafael RamÚrez', 'SABES', 'Santa Rosa 238', 'Sor Juana InÕs de la Cruz', 'Telesecundaria 454', 'Telesecundaria 512', 'Telesecundaria 600', 'TÕcnica de San Bartolo', 'UVEG', 'Vicente Guerrero', 'Vidal Acolcer', 'êlvaro Obregµn']
2025-08-05 14:02:03 - src.core.utils.logging_config - StoreID:N/A - DEBUG - Obtenidos 4 valores ºnicos para nivel_educativo en 0.003s
2025-08-05 14:02:03 - src.core.utils.logging_config - StoreID:N/A - DEBUG - Valores para nivel_educativo: ['Bachillerato', 'Preescolar', 'Primaria', 'Secundaria']
2025-08-05 14:02:03 - src.core.utils.logging_config - StoreID:N/A - DEBUG - Obtenidos 3 valores ºnicos para genero en 0.002s
2025-08-05 14:02:03 - src.core.utils.logging_config - StoreID:N/A - DEBUG - Valores para genero: ['Hombre', 'Mujer', 'Unisex']
2025-08-05 14:02:03 - src.core.utils.logging_config - StoreID:N/A - DEBUG - Obtenidos 4 valores ºnicos para marca en 0.002s
2025-08-05 14:02:03 - src.core.utils.logging_config - StoreID:N/A - DEBUG - Valores para marca: ['Claudia', 'MarcaX', 'MarcaY', 'Prowear']
2025-08-05 14:02:03 - src.core.utils.logging_config - StoreID:N/A - DEBUG - Obtenidos 43 valores ºnicos para talla en 0.005s
2025-08-05 14:02:03 - src.core.utils.logging_config - StoreID:N/A - DEBUG - Valores para talla: ['2', '3', '4', '5', '6', '7', '8', '9', '10', '11', '12', '13', '14', '16', '18', '20', '28', '30', '32', '34', '36', '38', '40', '42', '44', '46', 'M', 'L', 'CH', 'MD', 'GD', 'EXG', 'Uni', 'ESP', '0-0', '0-2', '3-5', '6-8', '9-12', '13-18', 'CH-MD', 'GD-EXG', 'Dama']
2025-08-05 14:02:03 - src.core.utils.logging_config - StoreID:N/A - INFO - Comboboxes inicializados correctamente
2025-08-05 14:02:03 - src.core.utils.logging_config - StoreID:N/A - DEBUG - Label de filtros actualizado: Sin filtros activos
2025-08-05 14:02:03 - src.core.utils.logging_config - StoreID:N/A - DEBUG - Lock interface called with lock=True, tree exists=1
2025-08-05 14:02:03 - src.core.utils.logging_config - StoreID:N/A - DEBUG - Cargando productos para pÃgina 1, batch_size=30
2025-08-05 14:02:03 - src.core.utils.logging_config - StoreID:N/A - DEBUG - Actualizando paginaciµn: total_items=3983, current_page=0, total_pages=133
2025-08-05 14:02:03 - src.core.utils.logging_config - StoreID:N/A - DEBUG - Texto de paginaciµn actualizado: PÃgina 1 de 133
2025-08-05 14:02:03 - src.core.utils.logging_config - StoreID:N/A - DEBUG - Conteo de selecciµn actualizado: 0/30
2025-08-05 14:02:03 - src.core.utils.logging_config - StoreID:N/A - INFO - Cargados 30 productos, pÃgina 1, total pÃginas: 133, tiempo: 0.114s
2025-08-05 14:02:03 - src.core.utils.logging_config - StoreID:N/A - DEBUG - Lock interface called with lock=False, tree exists=1
2025-08-05 14:02:03 - src.core.utils.logging_config - StoreID:N/A - DEBUG - Inicializando comboboxes para filtros
2025-08-05 14:02:03 - src.core.utils.logging_config - StoreID:N/A - DEBUG - Obtenidos 32 valores ºnicos para color en 0.000s
2025-08-05 14:02:03 - src.core.utils.logging_config - StoreID:N/A - DEBUG - Valores para color: ['Ad hoc', 'Amarillo', 'Azul', 'Azul Marino', 'Azul Rey', 'Azul cielo', 'Beige', 'Bicolor', 'Blanca', 'Blanco', 'CafÕ', 'Camuflaje', 'Caqui', 'Doble raya', 'Escoces', 'Gales azul', 'Gales rojo', 'Gales verde', 'Gris', 'Gris claro', 'Gris obscuro', 'Negro', 'Pata de gallo', 'Pgallo cafe', 'Raya roja', 'Rojo', 'Rosa', 'SABES', 'Verde', 'Verde limon', 'Verde olivo', 'Vino']
2025-08-05 14:02:03 - src.core.utils.logging_config - StoreID:N/A - DEBUG - Obtenidos 6 valores ºnicos para tipo_prenda en 0.000s
2025-08-05 14:02:03 - src.core.utils.logging_config - StoreID:N/A - DEBUG - Valores para tipo_prenda: ['Accesorio', 'BÃsico', 'Deportivo', 'Escolta', 'Oficial', 'Uniforme']
2025-08-05 14:02:03 - src.core.utils.logging_config - StoreID:N/A - DEBUG - Obtenidos 20 valores ºnicos para tipo_pieza en 0.000s
2025-08-05 14:02:03 - src.core.utils.logging_config - StoreID:N/A - DEBUG - Valores para tipo_pieza: ['Bata', 'Boina', 'Calceta', 'Camisa', 'Chaleco', 'Chamarra', 'Corbata', 'CorbatÚn', 'Falda', 'Guante', 'Jumper', 'Malla', 'Mascada', 'Moþo', 'Pantalµn', 'Pants 2pz', 'Pants 3pz', 'Pants Suelto', 'Playera', 'SuÕter']
2025-08-05 14:02:03 - src.core.utils.logging_config - StoreID:N/A - DEBUG - Obtenidos 23 valores ºnicos para atributo en 0.000s
2025-08-05 14:02:03 - src.core.utils.logging_config - StoreID:N/A - DEBUG - Valores para atributo: ['Algodµn', 'Botones', 'Chazarilla', 'Conalep', 'Conjunto', 'Cuatro tablas', 'Cuello Olan', 'Cuello V', 'Cuello olan', 'Deportiva', 'Deportivo', 'Escolar', 'Escolta', 'Gabardina', 'Infantil', 'Liso', 'Manga Corta', 'Manga Larga', 'Oferta', 'Polo', 'Punto', 'Tortuga', 'Vestir']
2025-08-05 14:02:03 - src.core.utils.logging_config - StoreID:N/A - DEBUG - Obtenidos 55 valores ºnicos para escuela en 0.000s
2025-08-05 14:02:03 - src.core.utils.logging_config - StoreID:N/A - DEBUG - Valores para escuela: ['16 de Septiembre', 'Adolfo Lopez Mareo', 'Adolfo Lopez Mateo', 'Albino GarcÚa Ramos', 'Alvaro Obregon', 'Benito JuÃrez', 'Bicentenario', 'Blanca Verµnica Soto MartÚnez PrÚncipes', 'CBTIS 148', 'CECYTE', 'Club Rotario', 'Colegio Motolinea', 'Conalep', 'Emiliano Zapata', 'Erasmo Castellano', 'EsTv 154', 'Francisco GonzÃlez Bocanegra', 'Francisco Villa', 'Frida Kahlo', 'Guillermo Prieto', 'Himno Nacional', 'Huizache', 'Ignacio Allende', 'Ignacio Ramirez Lopez', 'Ignacio Zaragoza', 'J. Guadalupe Victoria', 'Jean Piaget', 'Jorge Cantor', 'Josefa Ortiz de DomÚnguez', 'JosÕ MarÚa Morelos', 'JosÕ MarÚa Morelos y Pavµn', 'Justo Sierra', 'Manuel GutiÕrrez NÃjera', 'Margarita Paz Paredes', 'Miguel Campuzano', 'Miguel Hidalgo', 'Narciso Mendoza', 'Niþos HÕroes', 'Omecalli', 'Palacio', 'Paolo Fraire', 'Patria', 'PrÃxedis Guerrero', 'Rafael RamÚrez', 'SABES', 'Santa Rosa 238', 'Sor Juana InÕs de la Cruz', 'Telesecundaria 454', 'Telesecundaria 512', 'Telesecundaria 600', 'TÕcnica de San Bartolo', 'UVEG', 'Vicente Guerrero', 'Vidal Acolcer', 'êlvaro Obregµn']
2025-08-05 14:02:03 - src.core.utils.logging_config - StoreID:N/A - DEBUG - Obtenidos 4 valores ºnicos para nivel_educativo en 0.000s
2025-08-05 14:02:03 - src.core.utils.logging_config - StoreID:N/A - DEBUG - Valores para nivel_educativo: ['Bachillerato', 'Preescolar', 'Primaria', 'Secundaria']
2025-08-05 14:02:03 - src.core.utils.logging_config - StoreID:N/A - DEBUG - Obtenidos 3 valores ºnicos para genero en 0.000s
2025-08-05 14:02:03 - src.core.utils.logging_config - StoreID:N/A - DEBUG - Valores para genero: ['Hombre', 'Mujer', 'Unisex']
2025-08-05 14:02:03 - src.core.utils.logging_config - StoreID:N/A - DEBUG - Obtenidos 4 valores ºnicos para marca en 0.000s
2025-08-05 14:02:03 - src.core.utils.logging_config - StoreID:N/A - DEBUG - Valores para marca: ['Claudia', 'MarcaX', 'MarcaY', 'Prowear']
2025-08-05 14:02:03 - src.core.utils.logging_config - StoreID:N/A - DEBUG - Obtenidos 43 valores ºnicos para talla en 0.000s
2025-08-05 14:02:03 - src.core.utils.logging_config - StoreID:N/A - DEBUG - Valores para talla: ['2', '3', '4', '5', '6', '7', '8', '9', '10', '11', '12', '13', '14', '16', '18', '20', '28', '30', '32', '34', '36', '38', '40', '42', '44', '46', 'M', 'L', 'CH', 'MD', 'GD', 'EXG', 'Uni', 'ESP', '0-0', '0-2', '3-5', '6-8', '9-12', '13-18', 'CH-MD', 'GD-EXG', 'Dama']
2025-08-05 14:02:03 - src.core.utils.logging_config - StoreID:N/A - INFO - Comboboxes inicializados correctamente
2025-08-05 14:02:03 - src.core.utils.logging_config - StoreID:N/A - DEBUG - Label de filtros actualizado: Sin filtros activos
2025-08-05 14:02:03 - src.core.utils.logging_config - StoreID:N/A - DEBUG - Lock interface called with lock=True, tree exists=1
2025-08-05 14:02:03 - src.core.utils.logging_config - StoreID:N/A - DEBUG - Cargando productos para pÃgina 1, batch_size=30
2025-08-05 14:02:03 - src.core.utils.logging_config - StoreID:N/A - DEBUG - Actualizando paginaciµn: total_items=3983, current_page=0, total_pages=133
2025-08-05 14:02:03 - src.core.utils.logging_config - StoreID:N/A - DEBUG - Texto de paginaciµn actualizado: PÃgina 1 de 133
2025-08-05 14:02:03 - src.core.utils.logging_config - StoreID:N/A - DEBUG - Conteo de selecciµn actualizado: 0/30
2025-08-05 14:02:03 - src.core.utils.logging_config - StoreID:N/A - INFO - Cargados 30 productos, pÃgina 1, total pÃginas: 133, tiempo: 0.115s
2025-08-05 14:02:03 - src.core.utils.logging_config - StoreID:N/A - DEBUG - Lock interface called with lock=False, tree exists=1
2025-08-05 14:03:58 - src.core.utils.logging_config - StoreID:N/A - DEBUG - Menº desplegable creado y mostrado
2025-08-05 14:03:59 - src.core.utils.logging_config - StoreID:N/A - DEBUG - Menº desplegable cerrado
2025-08-05 14:03:59 - src.core.utils.logging_config - StoreID:N/A - DEBUG - Menº desplegable creado y mostrado
2025-08-05 14:04:01 - src.core.utils.logging_config - StoreID:N/A - DEBUG - Ejecutando comando con selecciones: ['Azul Marino'], column=color
2025-08-05 14:04:01 - src.core.utils.logging_config - StoreID:N/A - DEBUG - Lock interface called with lock=True, tree exists=1
2025-08-05 14:04:01 - src.core.utils.logging_config - StoreID:N/A - DEBUG - Cargando productos para pÃgina 1, batch_size=30
2025-08-05 14:04:01 - src.core.utils.logging_config - StoreID:N/A - DEBUG - Actualizando paginaciµn: total_items=464, current_page=0, total_pages=16
2025-08-05 14:04:01 - src.core.utils.logging_config - StoreID:N/A - DEBUG - Texto de paginaciµn actualizado: PÃgina 1 de 16
2025-08-05 14:04:01 - src.core.utils.logging_config - StoreID:N/A - DEBUG - Conteo de selecciµn actualizado: 0/30
2025-08-05 14:04:01 - src.core.utils.logging_config - StoreID:N/A - INFO - Cargados 30 productos, pÃgina 1, total pÃginas: 16, tiempo: 0.114s
2025-08-05 14:04:01 - src.core.utils.logging_config - StoreID:N/A - DEBUG - Lock interface called with lock=False, tree exists=1
2025-08-05 14:04:01 - src.core.utils.logging_config - StoreID:N/A - DEBUG - Label de filtros actualizado: Filtros: Color: Azul Marino
2025-08-05 14:04:02 - src.core.utils.logging_config - StoreID:N/A - DEBUG - Menº desplegable cerrado
2025-08-05 14:04:03 - src.core.utils.logging_config - StoreID:N/A - DEBUG - Menº desplegable creado y mostrado
2025-08-05 14:04:06 - src.core.utils.logging_config - StoreID:N/A - DEBUG - Ejecutando comando con selecciones: ['Pantalµn'], column=tipo_pieza
2025-08-05 14:04:06 - src.core.utils.logging_config - StoreID:N/A - DEBUG - Lock interface called with lock=True, tree exists=1
2025-08-05 14:04:06 - src.core.utils.logging_config - StoreID:N/A - DEBUG - Cargando productos para pÃgina 1, batch_size=30
2025-08-05 14:04:06 - src.core.utils.logging_config - StoreID:N/A - DEBUG - Actualizando paginaciµn: total_items=19, current_page=0, total_pages=1
2025-08-05 14:04:06 - src.core.utils.logging_config - StoreID:N/A - DEBUG - Texto de paginaciµn actualizado: PÃgina 1 de 1
2025-08-05 14:04:06 - src.core.utils.logging_config - StoreID:N/A - DEBUG - Conteo de selecciµn actualizado: 0/19
2025-08-05 14:04:06 - src.core.utils.logging_config - StoreID:N/A - INFO - Cargados 19 productos, pÃgina 1, total pÃginas: 1, tiempo: 0.121s
2025-08-05 14:04:06 - src.core.utils.logging_config - StoreID:N/A - DEBUG - Lock interface called with lock=False, tree exists=1
2025-08-05 14:04:07 - src.core.utils.logging_config - StoreID:N/A - DEBUG - Label de filtros actualizado: Filtros: Color: Azul Marino; Tipo Pieza: Pantalµn
2025-08-05 14:04:07 - src.core.utils.logging_config - StoreID:N/A - DEBUG - Menº desplegable cerrado
2025-08-05 14:04:09 - src.core.utils.logging_config - StoreID:N/A - DEBUG - Conteo de selecciµn actualizado: 1/19
2025-08-05 14:04:09 - src.core.utils.logging_config - StoreID:N/A - DEBUG - Mostrando detalles para SKU: SKU003295
2025-08-05 14:04:09 - src.core.utils.logging_config - StoreID:N/A - DEBUG - Intentando cargar imagen desde: None
2025-08-05 14:04:09 - src.core.utils.logging_config - StoreID:N/A - DEBUG - Carpeta creada o existente: c:\Users\dafab\OneDrive\Documentos\Gestor\Gestor_de_Inventarios\Mis codigos\Pantalµn Vestir Azul Marino Talla_BÃsico_Pantalµn\38
2025-08-05 14:04:09 - src.core.utils.logging_config - StoreID:N/A - DEBUG - Etiqueta cargada exitosamente: c:\Users\dafab\OneDrive\Documentos\Gestor\Gestor_de_Inventarios\Mis codigos\Pantalµn Vestir Azul Marino Talla_BÃsico_Pantalµn\38\label_SKU003295.png
2025-08-05 14:04:12 - src.core.utils.logging_config - StoreID:N/A - DEBUG - Abriendo vista previa de impresiµn con label_path: c:\Users\dafab\OneDrive\Documentos\Gestor\Gestor_de_Inventarios\Mis codigos\Pantalµn Vestir Azul Marino Talla_BÃsico_Pantalµn\38\label_SKU003295.png
2025-08-05 14:04:12 - src.core.utils.logging_config - StoreID:N/A - DEBUG - SKU seleccionado al abrir PrintPreviewWindow: SKU003295
2025-08-05 14:04:12 - src.core.utils.logging_config - StoreID:N/A - DEBUG - Etiqueta cargada para SKU SKU003295: c:\Users\dafab\OneDrive\Documentos\Gestor\Gestor_de_Inventarios\Mis codigos\Pantalµn Vestir Azul Marino Talla_BÃsico_Pantalµn\38\label_SKU003295.png
2025-08-05 14:04:14 - src.core.utils.logging_config - StoreID:N/A - DEBUG - Etiqueta cargada para SKU SKU003295: c:\Users\dafab\OneDrive\Documentos\Gestor\Gestor_de_Inventarios\Mis codigos\Pantalµn Vestir Azul Marino Talla_BÃsico_Pantalµn\38\label_split_SKU003295.png
2025-08-05 14:04:17 - src.core.utils.logging_config - StoreID:N/A - DEBUG - Conteo de selecciµn actualizado: 1/19
2025-08-05 14:04:17 - src.core.utils.logging_config - StoreID:N/A - DEBUG - Mostrando detalles para SKU: SKU003295
2025-08-05 14:04:17 - src.core.utils.logging_config - StoreID:N/A - DEBUG - Intentando cargar imagen desde: None
2025-08-05 14:04:17 - src.core.utils.logging_config - StoreID:N/A - DEBUG - Carpeta creada o existente: c:\Users\dafab\OneDrive\Documentos\Gestor\Gestor_de_Inventarios\Mis codigos\Pantalµn Vestir Azul Marino Talla_BÃsico_Pantalµn\38
2025-08-05 14:04:17 - src.core.utils.logging_config - StoreID:N/A - DEBUG - Etiqueta cargada exitosamente: c:\Users\dafab\OneDrive\Documentos\Gestor\Gestor_de_Inventarios\Mis codigos\Pantalµn Vestir Azul Marino Talla_BÃsico_Pantalµn\38\label_split_SKU003295.png
2025-08-05 14:04:17 - src.core.utils.logging_config - StoreID:N/A - DEBUG - Selecciµn del Treeview actualizada al item I06A (SKU: SKU003295, Úndice: 15)
2025-08-05 14:04:17 - src.core.utils.logging_config - StoreID:N/A - DEBUG - Conteo de selecciµn actualizado: 1/19
2025-08-05 14:04:17 - src.core.utils.logging_config - StoreID:N/A - DEBUG - Mostrando detalles para SKU: SKU003295
2025-08-05 14:04:17 - src.core.utils.logging_config - StoreID:N/A - DEBUG - Intentando cargar imagen desde: None
2025-08-05 14:04:17 - src.core.utils.logging_config - StoreID:N/A - DEBUG - Carpeta creada o existente: c:\Users\dafab\OneDrive\Documentos\Gestor\Gestor_de_Inventarios\Mis codigos\Pantalµn Vestir Azul Marino Talla_BÃsico_Pantalµn\38
2025-08-05 14:04:17 - src.core.utils.logging_config - StoreID:N/A - DEBUG - Etiqueta cargada exitosamente: c:\Users\dafab\OneDrive\Documentos\Gestor\Gestor_de_Inventarios\Mis codigos\Pantalµn Vestir Azul Marino Talla_BÃsico_Pantalµn\38\label_split_SKU003295.png
2025-08-05 14:04:17 - src.core.utils.logging_config - StoreID:N/A - DEBUG - Conteo de selecciµn actualizado: 1/19
2025-08-05 14:04:17 - src.core.utils.logging_config - StoreID:N/A - DEBUG - Mostrando detalles para SKU: SKU003295
2025-08-05 14:04:17 - src.core.utils.logging_config - StoreID:N/A - DEBUG - Intentando cargar imagen desde: None
2025-08-05 14:04:17 - src.core.utils.logging_config - StoreID:N/A - DEBUG - Carpeta creada o existente: c:\Users\dafab\OneDrive\Documentos\Gestor\Gestor_de_Inventarios\Mis codigos\Pantalµn Vestir Azul Marino Talla_BÃsico_Pantalµn\38
2025-08-05 14:04:17 - src.core.utils.logging_config - StoreID:N/A - DEBUG - Etiqueta cargada exitosamente: c:\Users\dafab\OneDrive\Documentos\Gestor\Gestor_de_Inventarios\Mis codigos\Pantalµn Vestir Azul Marino Talla_BÃsico_Pantalµn\38\label_split_SKU003295.png
