2025-12-12 12:59:03 - src.core.utils.logging_config - StoreID:N/A - INFO - Inicializando ProductManagerLogic para tienda 1
2025-12-12 12:59:03 - src.core.utils.logging_config - StoreID:N/A - DEBUG - ProductEditForm inicializado para tienda 1
2025-12-12 12:59:03 - src.core.utils.logging_config - StoreID:N/A - INFO - Inicializando ProductManagerUI para tienda 1
2025-12-12 12:59:03 - src.core.utils.logging_config - StoreID:N/A - DEBUG - Ícono cargado: edit
2025-12-12 12:59:03 - src.core.utils.logging_config - StoreID:N/A - DEBUG - Ícono cargado: copy
2025-12-12 12:59:03 - src.core.utils.logging_config - StoreID:N/A - DEBUG - Ícono cargado: delete
2025-12-12 12:59:03 - src.core.utils.logging_config - StoreID:N/A - DEBUG - Ícono cargado: duplicate
2025-12-12 12:59:03 - src.core.utils.logging_config - StoreID:N/A - DEBUG - Ícono cargado: price
2025-12-12 12:59:03 - src.core.utils.logging_config - StoreID:N/A - DEBUG - Ícono cargado: print
2025-12-12 12:59:03 - src.core.utils.logging_config - StoreID:N/A - DEBUG - Ícono cargado: inventory
2025-12-12 12:59:05 - src.core.utils.logging_config - StoreID:N/A - DEBUG - Inicializando CheckComboBox con column=color
2025-12-12 12:59:05 - src.core.utils.logging_config - StoreID:N/A - DEBUG - CheckComboBox creado con label=Color, column=color
2025-12-12 12:59:05 - src.core.utils.logging_config - StoreID:N/A - DEBUG - Inicializando CheckComboBox con column=tipo_prenda
2025-12-12 12:59:05 - src.core.utils.logging_config - StoreID:N/A - DEBUG - CheckComboBox creado con label=Tipo Prenda, column=tipo_prenda
2025-12-12 12:59:05 - src.core.utils.logging_config - StoreID:N/A - DEBUG - Inicializando CheckComboBox con column=tipo_pieza
2025-12-12 12:59:05 - src.core.utils.logging_config - StoreID:N/A - DEBUG - CheckComboBox creado con label=Tipo Pieza, column=tipo_pieza
2025-12-12 12:59:05 - src.core.utils.logging_config - StoreID:N/A - DEBUG - Inicializando CheckComboBox con column=atributo
2025-12-12 12:59:05 - src.core.utils.logging_config - StoreID:N/A - DEBUG - CheckComboBox creado con label=Atributo, column=atributo
2025-12-12 12:59:05 - src.core.utils.logging_config - StoreID:N/A - DEBUG - Inicializando CheckComboBox con column=escuela
2025-12-12 12:59:05 - src.core.utils.logging_config - StoreID:N/A - DEBUG - CheckComboBox creado con label=Escuela, column=escuela
2025-12-12 12:59:05 - src.core.utils.logging_config - StoreID:N/A - DEBUG - Inicializando CheckComboBox con column=nivel_educativo
2025-12-12 12:59:05 - src.core.utils.logging_config - StoreID:N/A - DEBUG - CheckComboBox creado con label=Nivel Educativo, column=nivel_educativo
2025-12-12 12:59:05 - src.core.utils.logging_config - StoreID:N/A - DEBUG - Inicializando CheckComboBox con column=genero
2025-12-12 12:59:05 - src.core.utils.logging_config - StoreID:N/A - DEBUG - CheckComboBox creado con label=Género, column=genero
2025-12-12 12:59:05 - src.core.utils.logging_config - StoreID:N/A - DEBUG - Inicializando CheckComboBox con column=marca
2025-12-12 12:59:05 - src.core.utils.logging_config - StoreID:N/A - DEBUG - CheckComboBox creado con label=Marca, column=marca
2025-12-12 12:59:05 - src.core.utils.logging_config - StoreID:N/A - DEBUG - Inicializando CheckComboBox con column=talla
2025-12-12 12:59:05 - src.core.utils.logging_config - StoreID:N/A - DEBUG - CheckComboBox creado con label=Talla, column=talla
2025-12-12 12:59:06 - src.core.utils.logging_config - StoreID:N/A - DEBUG - Inicializando comboboxes para filtros
2025-12-12 12:59:06 - src.core.utils.logging_config - StoreID:N/A - DEBUG - Obtenidos 32 valores únicos para color en 0.102s
2025-12-12 12:59:06 - src.core.utils.logging_config - StoreID:N/A - DEBUG - Valores para color: ['Ad hoc', 'Amarillo', 'Azul', 'Azul Marino', 'Azul Rey', 'Azul cielo', 'Beige', 'Bicolor', 'Blanca', 'Blanco', 'Café', 'Camuflaje', 'Caqui', 'Doble raya', 'Escoces', 'Gales azul', 'Gales rojo', 'Gales verde', 'Gris', 'Gris claro', 'Gris obscuro', 'Negro', 'Pata de gallo', 'Pgallo cafe', 'Raya roja', 'Rojo', 'Rosa', 'SABES', 'Verde', 'Verde limon', 'Verde olivo', 'Vino']
2025-12-12 12:59:06 - src.core.utils.logging_config - StoreID:N/A - DEBUG - Obtenidos 6 valores únicos para tipo_prenda en 0.003s
2025-12-12 12:59:06 - src.core.utils.logging_config - StoreID:N/A - DEBUG - Valores para tipo_prenda: ['Accesorio', 'Básico', 'Deportivo', 'Escolta', 'Oficial', 'Uniforme']
2025-12-12 12:59:06 - src.core.utils.logging_config - StoreID:N/A - DEBUG - Obtenidos 20 valores únicos para tipo_pieza en 0.003s
2025-12-12 12:59:06 - src.core.utils.logging_config - StoreID:N/A - DEBUG - Valores para tipo_pieza: ['Bata', 'Boina', 'Calceta', 'Camisa', 'Chaleco', 'Chamarra', 'Corbata', 'Corbatín', 'Falda', 'Guante', 'Jumper', 'Malla', 'Mascada', 'Mońo', 'Pantalón', 'Pants 2pz', 'Pants 3pz', 'Pants Suelto', 'Playera', 'Suéter']
2025-12-12 12:59:06 - src.core.utils.logging_config - StoreID:N/A - DEBUG - Obtenidos 23 valores únicos para atributo en 0.003s
2025-12-12 12:59:06 - src.core.utils.logging_config - StoreID:N/A - DEBUG - Valores para atributo: ['Algodón', 'Botones', 'Chazarilla', 'Conalep', 'Conjunto', 'Cuatro tablas', 'Cuello Olan', 'Cuello V', 'Cuello olan', 'Deportiva', 'Deportivo', 'Escolar', 'Escolta', 'Gabardina', 'Infantil', 'Liso', 'Manga Corta', 'Manga Larga', 'Oferta', 'Polo', 'Punto', 'Tortuga', 'Vestir']
2025-12-12 12:59:06 - src.core.utils.logging_config - StoreID:N/A - DEBUG - Obtenidos 55 valores únicos para escuela en 0.001s
2025-12-12 12:59:06 - src.core.utils.logging_config - StoreID:N/A - DEBUG - Valores para escuela: ['16 de Septiembre', 'Adolfo Lopez Mareo', 'Adolfo Lopez Mateo', 'Albino García Ramos', 'Alvaro Obregon', 'Benito Juárez', 'Bicentenario', 'Blanca Verónica Soto Martínez Príncipes', 'CBTIS 148', 'CECYTE', 'Club Rotario', 'Colegio Motolinea', 'Conalep', 'Emiliano Zapata', 'Erasmo Castellano', 'EsTv 154', 'Francisco González Bocanegra', 'Francisco Villa', 'Frida Kahlo', 'Guillermo Prieto', 'Himno Nacional', 'Huizache', 'Ignacio Allende', 'Ignacio Ramirez Lopez', 'Ignacio Zaragoza', 'J. Guadalupe Victoria', 'Jean Piaget', 'Jorge Cantor', 'Josefa Ortiz de Domínguez', 'José María Morelos', 'José María Morelos y Pavón', 'Justo Sierra', 'Manuel Gutiérrez Nájera', 'Margarita Paz Paredes', 'Miguel Campuzano', 'Miguel Hidalgo', 'Narciso Mendoza', 'Nińos Héroes', 'Omecalli', 'Palacio', 'Paolo Fraire', 'Patria', 'Práxedis Guerrero', 'Rafael Ramírez', 'SABES', 'Santa Rosa 238', 'Sor Juana Inés de la Cruz', 'Telesecundaria 454', 'Telesecundaria 512', 'Telesecundaria 600', 'Técnica de San Bartolo', 'UVEG', 'Vicente Guerrero', 'Vidal Acolcer', 'Álvaro Obregón']
2025-12-12 12:59:06 - src.core.utils.logging_config - StoreID:N/A - DEBUG - Obtenidos 4 valores únicos para nivel_educativo en 0.003s
2025-12-12 12:59:06 - src.core.utils.logging_config - StoreID:N/A - DEBUG - Valores para nivel_educativo: ['Bachillerato', 'Preescolar', 'Primaria', 'Secundaria']
2025-12-12 12:59:06 - src.core.utils.logging_config - StoreID:N/A - DEBUG - Obtenidos 3 valores únicos para genero en 0.002s
2025-12-12 12:59:06 - src.core.utils.logging_config - StoreID:N/A - DEBUG - Valores para genero: ['Hombre', 'Mujer', 'Unisex']
2025-12-12 12:59:06 - src.core.utils.logging_config - StoreID:N/A - DEBUG - Obtenidos 4 valores únicos para marca en 0.005s
2025-12-12 12:59:06 - src.core.utils.logging_config - StoreID:N/A - DEBUG - Valores para marca: ['Claudia', 'MarcaX', 'MarcaY', 'Prowear']
2025-12-12 12:59:06 - src.core.utils.logging_config - StoreID:N/A - DEBUG - Obtenidos 43 valores únicos para talla en 0.006s
2025-12-12 12:59:06 - src.core.utils.logging_config - StoreID:N/A - DEBUG - Valores para talla: ['2', '3', '4', '5', '6', '7', '8', '9', '10', '11', '12', '13', '14', '16', '18', '20', '28', '30', '32', '34', '36', '38', '40', '42', '44', '46', 'M', 'L', 'CH', 'MD', 'GD', 'EXG', 'Uni', 'ESP', '0-0', '0-2', '3-5', '6-8', '9-12', '13-18', 'CH-MD', 'GD-EXG', 'Dama']
2025-12-12 12:59:06 - src.core.utils.logging_config - StoreID:N/A - INFO - Comboboxes inicializados correctamente
2025-12-12 12:59:06 - src.core.utils.logging_config - StoreID:N/A - DEBUG - Label de filtros actualizado: Sin filtros activos
2025-12-12 12:59:06 - src.core.utils.logging_config - StoreID:N/A - DEBUG - Lock interface called with lock=True, tree exists=1
2025-12-12 12:59:07 - src.core.utils.logging_config - StoreID:N/A - DEBUG - Cargando productos para página 1, batch_size=30
2025-12-12 12:59:07 - src.core.utils.logging_config - StoreID:N/A - DEBUG - Actualizando paginación: total_items=4005, current_page=0, total_pages=134
2025-12-12 12:59:07 - src.core.utils.logging_config - StoreID:N/A - DEBUG - Texto de paginación actualizado: Página 1 de 134
2025-12-12 12:59:07 - src.core.utils.logging_config - StoreID:N/A - DEBUG - Conteo de selección actualizado: 0/30
2025-12-12 12:59:07 - src.core.utils.logging_config - StoreID:N/A - INFO - Cargados 30 productos, página 1, total páginas: 134, tiempo: 0.157s
2025-12-12 12:59:07 - src.core.utils.logging_config - StoreID:N/A - DEBUG - Lock interface called with lock=False, tree exists=1
2025-12-12 12:59:07 - src.core.utils.logging_config - StoreID:N/A - DEBUG - Inicializando comboboxes para filtros
2025-12-12 12:59:07 - src.core.utils.logging_config - StoreID:N/A - DEBUG - Obtenidos 32 valores únicos para color en 0.000s
2025-12-12 12:59:07 - src.core.utils.logging_config - StoreID:N/A - DEBUG - Valores para color: ['Ad hoc', 'Amarillo', 'Azul', 'Azul Marino', 'Azul Rey', 'Azul cielo', 'Beige', 'Bicolor', 'Blanca', 'Blanco', 'Café', 'Camuflaje', 'Caqui', 'Doble raya', 'Escoces', 'Gales azul', 'Gales rojo', 'Gales verde', 'Gris', 'Gris claro', 'Gris obscuro', 'Negro', 'Pata de gallo', 'Pgallo cafe', 'Raya roja', 'Rojo', 'Rosa', 'SABES', 'Verde', 'Verde limon', 'Verde olivo', 'Vino']
2025-12-12 12:59:07 - src.core.utils.logging_config - StoreID:N/A - DEBUG - Obtenidos 6 valores únicos para tipo_prenda en 0.000s
2025-12-12 12:59:07 - src.core.utils.logging_config - StoreID:N/A - DEBUG - Valores para tipo_prenda: ['Accesorio', 'Básico', 'Deportivo', 'Escolta', 'Oficial', 'Uniforme']
2025-12-12 12:59:07 - src.core.utils.logging_config - StoreID:N/A - DEBUG - Obtenidos 20 valores únicos para tipo_pieza en 0.000s
2025-12-12 12:59:07 - src.core.utils.logging_config - StoreID:N/A - DEBUG - Valores para tipo_pieza: ['Bata', 'Boina', 'Calceta', 'Camisa', 'Chaleco', 'Chamarra', 'Corbata', 'Corbatín', 'Falda', 'Guante', 'Jumper', 'Malla', 'Mascada', 'Mońo', 'Pantalón', 'Pants 2pz', 'Pants 3pz', 'Pants Suelto', 'Playera', 'Suéter']
2025-12-12 12:59:07 - src.core.utils.logging_config - StoreID:N/A - DEBUG - Obtenidos 23 valores únicos para atributo en 0.000s
2025-12-12 12:59:07 - src.core.utils.logging_config - StoreID:N/A - DEBUG - Valores para atributo: ['Algodón', 'Botones', 'Chazarilla', 'Conalep', 'Conjunto', 'Cuatro tablas', 'Cuello Olan', 'Cuello V', 'Cuello olan', 'Deportiva', 'Deportivo', 'Escolar', 'Escolta', 'Gabardina', 'Infantil', 'Liso', 'Manga Corta', 'Manga Larga', 'Oferta', 'Polo', 'Punto', 'Tortuga', 'Vestir']
2025-12-12 12:59:07 - src.core.utils.logging_config - StoreID:N/A - DEBUG - Obtenidos 55 valores únicos para escuela en 0.000s
2025-12-12 12:59:07 - src.core.utils.logging_config - StoreID:N/A - DEBUG - Valores para escuela: ['16 de Septiembre', 'Adolfo Lopez Mareo', 'Adolfo Lopez Mateo', 'Albino García Ramos', 'Alvaro Obregon', 'Benito Juárez', 'Bicentenario', 'Blanca Verónica Soto Martínez Príncipes', 'CBTIS 148', 'CECYTE', 'Club Rotario', 'Colegio Motolinea', 'Conalep', 'Emiliano Zapata', 'Erasmo Castellano', 'EsTv 154', 'Francisco González Bocanegra', 'Francisco Villa', 'Frida Kahlo', 'Guillermo Prieto', 'Himno Nacional', 'Huizache', 'Ignacio Allende', 'Ignacio Ramirez Lopez', 'Ignacio Zaragoza', 'J. Guadalupe Victoria', 'Jean Piaget', 'Jorge Cantor', 'Josefa Ortiz de Domínguez', 'José María Morelos', 'José María Morelos y Pavón', 'Justo Sierra', 'Manuel Gutiérrez Nájera', 'Margarita Paz Paredes', 'Miguel Campuzano', 'Miguel Hidalgo', 'Narciso Mendoza', 'Nińos Héroes', 'Omecalli', 'Palacio', 'Paolo Fraire', 'Patria', 'Práxedis Guerrero', 'Rafael Ramírez', 'SABES', 'Santa Rosa 238', 'Sor Juana Inés de la Cruz', 'Telesecundaria 454', 'Telesecundaria 512', 'Telesecundaria 600', 'Técnica de San Bartolo', 'UVEG', 'Vicente Guerrero', 'Vidal Acolcer', 'Álvaro Obregón']
2025-12-12 12:59:07 - src.core.utils.logging_config - StoreID:N/A - DEBUG - Obtenidos 4 valores únicos para nivel_educativo en 0.000s
2025-12-12 12:59:07 - src.core.utils.logging_config - StoreID:N/A - DEBUG - Valores para nivel_educativo: ['Bachillerato', 'Preescolar', 'Primaria', 'Secundaria']
2025-12-12 12:59:07 - src.core.utils.logging_config - StoreID:N/A - DEBUG - Obtenidos 3 valores únicos para genero en 0.000s
2025-12-12 12:59:07 - src.core.utils.logging_config - StoreID:N/A - DEBUG - Valores para genero: ['Hombre', 'Mujer', 'Unisex']
2025-12-12 12:59:07 - src.core.utils.logging_config - StoreID:N/A - DEBUG - Obtenidos 4 valores únicos para marca en 0.000s
2025-12-12 12:59:07 - src.core.utils.logging_config - StoreID:N/A - DEBUG - Valores para marca: ['Claudia', 'MarcaX', 'MarcaY', 'Prowear']
2025-12-12 12:59:07 - src.core.utils.logging_config - StoreID:N/A - DEBUG - Obtenidos 43 valores únicos para talla en 0.000s
2025-12-12 12:59:07 - src.core.utils.logging_config - StoreID:N/A - DEBUG - Valores para talla: ['2', '3', '4', '5', '6', '7', '8', '9', '10', '11', '12', '13', '14', '16', '18', '20', '28', '30', '32', '34', '36', '38', '40', '42', '44', '46', 'M', 'L', 'CH', 'MD', 'GD', 'EXG', 'Uni', 'ESP', '0-0', '0-2', '3-5', '6-8', '9-12', '13-18', 'CH-MD', 'GD-EXG', 'Dama']
2025-12-12 12:59:07 - src.core.utils.logging_config - StoreID:N/A - INFO - Comboboxes inicializados correctamente
2025-12-12 12:59:07 - src.core.utils.logging_config - StoreID:N/A - DEBUG - Label de filtros actualizado: Sin filtros activos
2025-12-12 12:59:07 - src.core.utils.logging_config - StoreID:N/A - DEBUG - Lock interface called with lock=True, tree exists=1
2025-12-12 12:59:07 - src.core.utils.logging_config - StoreID:N/A - DEBUG - Cargando productos para página 1, batch_size=30
2025-12-12 12:59:07 - src.core.utils.logging_config - StoreID:N/A - DEBUG - Actualizando paginación: total_items=4005, current_page=0, total_pages=134
2025-12-12 12:59:07 - src.core.utils.logging_config - StoreID:N/A - DEBUG - Texto de paginación actualizado: Página 1 de 134
2025-12-12 12:59:07 - src.core.utils.logging_config - StoreID:N/A - DEBUG - Conteo de selección actualizado: 0/30
2025-12-12 12:59:07 - src.core.utils.logging_config - StoreID:N/A - INFO - Cargados 30 productos, página 1, total páginas: 134, tiempo: 0.163s
2025-12-12 12:59:07 - src.core.utils.logging_config - StoreID:N/A - DEBUG - Lock interface called with lock=False, tree exists=1
2025-12-12 12:59:08 - src.core.utils.logging_config - StoreID:N/A - INFO - Inicializando ProductManagerLogic para tienda 1
2025-12-12 12:59:08 - src.core.utils.logging_config - StoreID:N/A - DEBUG - ProductEditForm inicializado para tienda 1
2025-12-12 12:59:08 - src.core.utils.logging_config - StoreID:N/A - INFO - Inicializando ProductManagerUI para tienda 1
2025-12-12 12:59:08 - src.core.utils.logging_config - StoreID:N/A - DEBUG - Ícono cargado: edit
2025-12-12 12:59:08 - src.core.utils.logging_config - StoreID:N/A - DEBUG - Ícono cargado: copy
2025-12-12 12:59:08 - src.core.utils.logging_config - StoreID:N/A - DEBUG - Ícono cargado: delete
2025-12-12 12:59:08 - src.core.utils.logging_config - StoreID:N/A - DEBUG - Ícono cargado: duplicate
2025-12-12 12:59:08 - src.core.utils.logging_config - StoreID:N/A - DEBUG - Ícono cargado: price
2025-12-12 12:59:08 - src.core.utils.logging_config - StoreID:N/A - DEBUG - Ícono cargado: print
2025-12-12 12:59:08 - src.core.utils.logging_config - StoreID:N/A - DEBUG - Ícono cargado: inventory
2025-12-12 12:59:09 - src.core.utils.logging_config - StoreID:N/A - DEBUG - Inicializando CheckComboBox con column=None
2025-12-12 12:59:09 - src.core.utils.logging_config - StoreID:N/A - DEBUG - CheckComboBox creado con label=Escuelas, column=None
2025-12-12 12:59:10 - src.core.utils.logging_config - StoreID:N/A - DEBUG - Inicializando CheckComboBox con column=color
2025-12-12 12:59:10 - src.core.utils.logging_config - StoreID:N/A - DEBUG - CheckComboBox creado con label=Color, column=color
2025-12-12 12:59:10 - src.core.utils.logging_config - StoreID:N/A - DEBUG - Inicializando CheckComboBox con column=tipo_prenda
2025-12-12 12:59:10 - src.core.utils.logging_config - StoreID:N/A - DEBUG - CheckComboBox creado con label=Tipo Prenda, column=tipo_prenda
2025-12-12 12:59:11 - src.core.utils.logging_config - StoreID:N/A - DEBUG - Inicializando CheckComboBox con column=tipo_pieza
2025-12-12 12:59:11 - src.core.utils.logging_config - StoreID:N/A - DEBUG - CheckComboBox creado con label=Tipo Pieza, column=tipo_pieza
2025-12-12 12:59:11 - src.core.utils.logging_config - StoreID:N/A - DEBUG - Inicializando CheckComboBox con column=atributo
2025-12-12 12:59:11 - src.core.utils.logging_config - StoreID:N/A - DEBUG - CheckComboBox creado con label=Atributo, column=atributo
2025-12-12 12:59:11 - src.core.utils.logging_config - StoreID:N/A - DEBUG - Inicializando CheckComboBox con column=escuela
2025-12-12 12:59:11 - src.core.utils.logging_config - StoreID:N/A - DEBUG - CheckComboBox creado con label=Escuela, column=escuela
2025-12-12 12:59:11 - src.core.utils.logging_config - StoreID:N/A - DEBUG - Inicializando CheckComboBox con column=nivel_educativo
2025-12-12 12:59:11 - src.core.utils.logging_config - StoreID:N/A - DEBUG - CheckComboBox creado con label=Nivel Educativo, column=nivel_educativo
2025-12-12 12:59:11 - src.core.utils.logging_config - StoreID:N/A - DEBUG - Inicializando CheckComboBox con column=genero
2025-12-12 12:59:11 - src.core.utils.logging_config - StoreID:N/A - DEBUG - CheckComboBox creado con label=Género, column=genero
2025-12-12 12:59:11 - src.core.utils.logging_config - StoreID:N/A - DEBUG - Inicializando CheckComboBox con column=marca
2025-12-12 12:59:11 - src.core.utils.logging_config - StoreID:N/A - DEBUG - CheckComboBox creado con label=Marca, column=marca
2025-12-12 12:59:11 - src.core.utils.logging_config - StoreID:N/A - DEBUG - Inicializando CheckComboBox con column=talla
2025-12-12 12:59:11 - src.core.utils.logging_config - StoreID:N/A - DEBUG - CheckComboBox creado con label=Talla, column=talla
2025-12-12 12:59:14 - src.core.utils.logging_config - StoreID:N/A - INFO - Inicializando ProductManagerLogic para tienda 1
2025-12-12 12:59:14 - src.core.utils.logging_config - StoreID:N/A - DEBUG - ProductEditForm inicializado para tienda 1
2025-12-12 12:59:14 - src.core.utils.logging_config - StoreID:N/A - INFO - Inicializando ProductManagerUI para tienda 1
2025-12-12 12:59:14 - src.core.utils.logging_config - StoreID:N/A - DEBUG - Ícono cargado: edit
2025-12-12 12:59:14 - src.core.utils.logging_config - StoreID:N/A - DEBUG - Ícono cargado: copy
2025-12-12 12:59:14 - src.core.utils.logging_config - StoreID:N/A - DEBUG - Ícono cargado: delete
2025-12-12 12:59:14 - src.core.utils.logging_config - StoreID:N/A - DEBUG - Ícono cargado: duplicate
2025-12-12 12:59:14 - src.core.utils.logging_config - StoreID:N/A - DEBUG - Ícono cargado: price
2025-12-12 12:59:14 - src.core.utils.logging_config - StoreID:N/A - DEBUG - Ícono cargado: print
2025-12-12 12:59:14 - src.core.utils.logging_config - StoreID:N/A - DEBUG - Ícono cargado: inventory
2025-12-12 12:59:14 - src.core.utils.logging_config - StoreID:N/A - DEBUG - Inicializando CheckComboBox con column=color
2025-12-12 12:59:14 - src.core.utils.logging_config - StoreID:N/A - DEBUG - CheckComboBox creado con label=Color, column=color
2025-12-12 12:59:14 - src.core.utils.logging_config - StoreID:N/A - DEBUG - Inicializando CheckComboBox con column=tipo_prenda
2025-12-12 12:59:14 - src.core.utils.logging_config - StoreID:N/A - DEBUG - CheckComboBox creado con label=Tipo Prenda, column=tipo_prenda
2025-12-12 12:59:14 - src.core.utils.logging_config - StoreID:N/A - DEBUG - Inicializando CheckComboBox con column=tipo_pieza
2025-12-12 12:59:15 - src.core.utils.logging_config - StoreID:N/A - DEBUG - CheckComboBox creado con label=Tipo Pieza, column=tipo_pieza
2025-12-12 12:59:15 - src.core.utils.logging_config - StoreID:N/A - DEBUG - Inicializando CheckComboBox con column=atributo
2025-12-12 12:59:15 - src.core.utils.logging_config - StoreID:N/A - DEBUG - CheckComboBox creado con label=Atributo, column=atributo
2025-12-12 12:59:15 - src.core.utils.logging_config - StoreID:N/A - DEBUG - Inicializando CheckComboBox con column=escuela
2025-12-12 12:59:15 - src.core.utils.logging_config - StoreID:N/A - DEBUG - CheckComboBox creado con label=Escuela, column=escuela
2025-12-12 12:59:15 - src.core.utils.logging_config - StoreID:N/A - DEBUG - Inicializando CheckComboBox con column=nivel_educativo
2025-12-12 12:59:15 - src.core.utils.logging_config - StoreID:N/A - DEBUG - CheckComboBox creado con label=Nivel Educativo, column=nivel_educativo
2025-12-12 12:59:15 - src.core.utils.logging_config - StoreID:N/A - DEBUG - Inicializando CheckComboBox con column=genero
2025-12-12 12:59:15 - src.core.utils.logging_config - StoreID:N/A - DEBUG - CheckComboBox creado con label=Género, column=genero
2025-12-12 12:59:15 - src.core.utils.logging_config - StoreID:N/A - DEBUG - Inicializando CheckComboBox con column=marca
2025-12-12 12:59:15 - src.core.utils.logging_config - StoreID:N/A - DEBUG - CheckComboBox creado con label=Marca, column=marca
2025-12-12 12:59:15 - src.core.utils.logging_config - StoreID:N/A - DEBUG - Inicializando CheckComboBox con column=talla
2025-12-12 12:59:15 - src.core.utils.logging_config - StoreID:N/A - DEBUG - CheckComboBox creado con label=Talla, column=talla
2025-12-12 12:59:16 - src.core.utils.logging_config - StoreID:N/A - DEBUG - Inicializando comboboxes para filtros
2025-12-12 12:59:16 - src.core.utils.logging_config - StoreID:N/A - DEBUG - Obtenidos 32 valores únicos para color en 0.004s
2025-12-12 12:59:16 - src.core.utils.logging_config - StoreID:N/A - DEBUG - Valores para color: ['Ad hoc', 'Amarillo', 'Azul', 'Azul Marino', 'Azul Rey', 'Azul cielo', 'Beige', 'Bicolor', 'Blanca', 'Blanco', 'Café', 'Camuflaje', 'Caqui', 'Doble raya', 'Escoces', 'Gales azul', 'Gales rojo', 'Gales verde', 'Gris', 'Gris claro', 'Gris obscuro', 'Negro', 'Pata de gallo', 'Pgallo cafe', 'Raya roja', 'Rojo', 'Rosa', 'SABES', 'Verde', 'Verde limon', 'Verde olivo', 'Vino']
2025-12-12 12:59:16 - src.core.utils.logging_config - StoreID:N/A - DEBUG - Obtenidos 6 valores únicos para tipo_prenda en 0.004s
2025-12-12 12:59:16 - src.core.utils.logging_config - StoreID:N/A - DEBUG - Valores para tipo_prenda: ['Accesorio', 'Básico', 'Deportivo', 'Escolta', 'Oficial', 'Uniforme']
2025-12-12 12:59:16 - src.core.utils.logging_config - StoreID:N/A - DEBUG - Obtenidos 20 valores únicos para tipo_pieza en 0.005s
2025-12-12 12:59:16 - src.core.utils.logging_config - StoreID:N/A - DEBUG - Valores para tipo_pieza: ['Bata', 'Boina', 'Calceta', 'Camisa', 'Chaleco', 'Chamarra', 'Corbata', 'Corbatín', 'Falda', 'Guante', 'Jumper', 'Malla', 'Mascada', 'Mońo', 'Pantalón', 'Pants 2pz', 'Pants 3pz', 'Pants Suelto', 'Playera', 'Suéter']
2025-12-12 12:59:16 - src.core.utils.logging_config - StoreID:N/A - DEBUG - Obtenidos 23 valores únicos para atributo en 0.004s
2025-12-12 12:59:16 - src.core.utils.logging_config - StoreID:N/A - DEBUG - Valores para atributo: ['Algodón', 'Botones', 'Chazarilla', 'Conalep', 'Conjunto', 'Cuatro tablas', 'Cuello Olan', 'Cuello V', 'Cuello olan', 'Deportiva', 'Deportivo', 'Escolar', 'Escolta', 'Gabardina', 'Infantil', 'Liso', 'Manga Corta', 'Manga Larga', 'Oferta', 'Polo', 'Punto', 'Tortuga', 'Vestir']
2025-12-12 12:59:16 - src.core.utils.logging_config - StoreID:N/A - DEBUG - Obtenidos 55 valores únicos para escuela en 0.000s
2025-12-12 12:59:16 - src.core.utils.logging_config - StoreID:N/A - DEBUG - Valores para escuela: ['16 de Septiembre', 'Adolfo Lopez Mareo', 'Adolfo Lopez Mateo', 'Albino García Ramos', 'Alvaro Obregon', 'Benito Juárez', 'Bicentenario', 'Blanca Verónica Soto Martínez Príncipes', 'CBTIS 148', 'CECYTE', 'Club Rotario', 'Colegio Motolinea', 'Conalep', 'Emiliano Zapata', 'Erasmo Castellano', 'EsTv 154', 'Francisco González Bocanegra', 'Francisco Villa', 'Frida Kahlo', 'Guillermo Prieto', 'Himno Nacional', 'Huizache', 'Ignacio Allende', 'Ignacio Ramirez Lopez', 'Ignacio Zaragoza', 'J. Guadalupe Victoria', 'Jean Piaget', 'Jorge Cantor', 'Josefa Ortiz de Domínguez', 'José María Morelos', 'José María Morelos y Pavón', 'Justo Sierra', 'Manuel Gutiérrez Nájera', 'Margarita Paz Paredes', 'Miguel Campuzano', 'Miguel Hidalgo', 'Narciso Mendoza', 'Nińos Héroes', 'Omecalli', 'Palacio', 'Paolo Fraire', 'Patria', 'Práxedis Guerrero', 'Rafael Ramírez', 'SABES', 'Santa Rosa 238', 'Sor Juana Inés de la Cruz', 'Telesecundaria 454', 'Telesecundaria 512', 'Telesecundaria 600', 'Técnica de San Bartolo', 'UVEG', 'Vicente Guerrero', 'Vidal Acolcer', 'Álvaro Obregón']
2025-12-12 12:59:16 - src.core.utils.logging_config - StoreID:N/A - DEBUG - Obtenidos 4 valores únicos para nivel_educativo en 0.003s
2025-12-12 12:59:16 - src.core.utils.logging_config - StoreID:N/A - DEBUG - Valores para nivel_educativo: ['Bachillerato', 'Preescolar', 'Primaria', 'Secundaria']
2025-12-12 12:59:16 - src.core.utils.logging_config - StoreID:N/A - DEBUG - Obtenidos 3 valores únicos para genero en 0.002s
2025-12-12 12:59:16 - src.core.utils.logging_config - StoreID:N/A - DEBUG - Valores para genero: ['Hombre', 'Mujer', 'Unisex']
2025-12-12 12:59:16 - src.core.utils.logging_config - StoreID:N/A - DEBUG - Obtenidos 4 valores únicos para marca en 0.002s
2025-12-12 12:59:16 - src.core.utils.logging_config - StoreID:N/A - DEBUG - Valores para marca: ['Claudia', 'MarcaX', 'MarcaY', 'Prowear']
2025-12-12 12:59:16 - src.core.utils.logging_config - StoreID:N/A - DEBUG - Obtenidos 43 valores únicos para talla en 0.005s
2025-12-12 12:59:16 - src.core.utils.logging_config - StoreID:N/A - DEBUG - Valores para talla: ['2', '3', '4', '5', '6', '7', '8', '9', '10', '11', '12', '13', '14', '16', '18', '20', '28', '30', '32', '34', '36', '38', '40', '42', '44', '46', 'M', 'L', 'CH', 'MD', 'GD', 'EXG', 'Uni', 'ESP', '0-0', '0-2', '3-5', '6-8', '9-12', '13-18', 'CH-MD', 'GD-EXG', 'Dama']
2025-12-12 12:59:16 - src.core.utils.logging_config - StoreID:N/A - INFO - Comboboxes inicializados correctamente
2025-12-12 12:59:16 - src.core.utils.logging_config - StoreID:N/A - DEBUG - Label de filtros actualizado: Sin filtros activos
2025-12-12 12:59:16 - src.core.utils.logging_config - StoreID:N/A - DEBUG - Lock interface called with lock=True, tree exists=1
2025-12-12 12:59:16 - src.core.utils.logging_config - StoreID:N/A - DEBUG - Cargando productos para página 1, batch_size=30
2025-12-12 12:59:16 - src.core.utils.logging_config - StoreID:N/A - DEBUG - Actualizando paginación: total_items=4005, current_page=0, total_pages=134
2025-12-12 12:59:16 - src.core.utils.logging_config - StoreID:N/A - DEBUG - Texto de paginación actualizado: Página 1 de 134
2025-12-12 12:59:16 - src.core.utils.logging_config - StoreID:N/A - DEBUG - Conteo de selección actualizado: 0/30
2025-12-12 12:59:17 - src.core.utils.logging_config - StoreID:N/A - INFO - Cargados 30 productos, página 1, total páginas: 134, tiempo: 0.180s
2025-12-12 12:59:17 - src.core.utils.logging_config - StoreID:N/A - DEBUG - Lock interface called with lock=False, tree exists=1
2025-12-12 12:59:17 - src.core.utils.logging_config - StoreID:N/A - DEBUG - Inicializando comboboxes para filtros
2025-12-12 12:59:17 - src.core.utils.logging_config - StoreID:N/A - DEBUG - Obtenidos 32 valores únicos para color en 0.000s
2025-12-12 12:59:17 - src.core.utils.logging_config - StoreID:N/A - DEBUG - Valores para color: ['Ad hoc', 'Amarillo', 'Azul', 'Azul Marino', 'Azul Rey', 'Azul cielo', 'Beige', 'Bicolor', 'Blanca', 'Blanco', 'Café', 'Camuflaje', 'Caqui', 'Doble raya', 'Escoces', 'Gales azul', 'Gales rojo', 'Gales verde', 'Gris', 'Gris claro', 'Gris obscuro', 'Negro', 'Pata de gallo', 'Pgallo cafe', 'Raya roja', 'Rojo', 'Rosa', 'SABES', 'Verde', 'Verde limon', 'Verde olivo', 'Vino']
2025-12-12 12:59:17 - src.core.utils.logging_config - StoreID:N/A - DEBUG - Obtenidos 6 valores únicos para tipo_prenda en 0.000s
2025-12-12 12:59:17 - src.core.utils.logging_config - StoreID:N/A - DEBUG - Valores para tipo_prenda: ['Accesorio', 'Básico', 'Deportivo', 'Escolta', 'Oficial', 'Uniforme']
2025-12-12 12:59:17 - src.core.utils.logging_config - StoreID:N/A - DEBUG - Obtenidos 20 valores únicos para tipo_pieza en 0.000s
2025-12-12 12:59:17 - src.core.utils.logging_config - StoreID:N/A - DEBUG - Valores para tipo_pieza: ['Bata', 'Boina', 'Calceta', 'Camisa', 'Chaleco', 'Chamarra', 'Corbata', 'Corbatín', 'Falda', 'Guante', 'Jumper', 'Malla', 'Mascada', 'Mońo', 'Pantalón', 'Pants 2pz', 'Pants 3pz', 'Pants Suelto', 'Playera', 'Suéter']
2025-12-12 12:59:17 - src.core.utils.logging_config - StoreID:N/A - DEBUG - Obtenidos 23 valores únicos para atributo en 0.000s
2025-12-12 12:59:17 - src.core.utils.logging_config - StoreID:N/A - DEBUG - Valores para atributo: ['Algodón', 'Botones', 'Chazarilla', 'Conalep', 'Conjunto', 'Cuatro tablas', 'Cuello Olan', 'Cuello V', 'Cuello olan', 'Deportiva', 'Deportivo', 'Escolar', 'Escolta', 'Gabardina', 'Infantil', 'Liso', 'Manga Corta', 'Manga Larga', 'Oferta', 'Polo', 'Punto', 'Tortuga', 'Vestir']
2025-12-12 12:59:17 - src.core.utils.logging_config - StoreID:N/A - DEBUG - Obtenidos 55 valores únicos para escuela en 0.000s
2025-12-12 12:59:17 - src.core.utils.logging_config - StoreID:N/A - DEBUG - Valores para escuela: ['16 de Septiembre', 'Adolfo Lopez Mareo', 'Adolfo Lopez Mateo', 'Albino García Ramos', 'Alvaro Obregon', 'Benito Juárez', 'Bicentenario', 'Blanca Verónica Soto Martínez Príncipes', 'CBTIS 148', 'CECYTE', 'Club Rotario', 'Colegio Motolinea', 'Conalep', 'Emiliano Zapata', 'Erasmo Castellano', 'EsTv 154', 'Francisco González Bocanegra', 'Francisco Villa', 'Frida Kahlo', 'Guillermo Prieto', 'Himno Nacional', 'Huizache', 'Ignacio Allende', 'Ignacio Ramirez Lopez', 'Ignacio Zaragoza', 'J. Guadalupe Victoria', 'Jean Piaget', 'Jorge Cantor', 'Josefa Ortiz de Domínguez', 'José María Morelos', 'José María Morelos y Pavón', 'Justo Sierra', 'Manuel Gutiérrez Nájera', 'Margarita Paz Paredes', 'Miguel Campuzano', 'Miguel Hidalgo', 'Narciso Mendoza', 'Nińos Héroes', 'Omecalli', 'Palacio', 'Paolo Fraire', 'Patria', 'Práxedis Guerrero', 'Rafael Ramírez', 'SABES', 'Santa Rosa 238', 'Sor Juana Inés de la Cruz', 'Telesecundaria 454', 'Telesecundaria 512', 'Telesecundaria 600', 'Técnica de San Bartolo', 'UVEG', 'Vicente Guerrero', 'Vidal Acolcer', 'Álvaro Obregón']
2025-12-12 12:59:17 - src.core.utils.logging_config - StoreID:N/A - DEBUG - Obtenidos 4 valores únicos para nivel_educativo en 0.000s
2025-12-12 12:59:17 - src.core.utils.logging_config - StoreID:N/A - DEBUG - Valores para nivel_educativo: ['Bachillerato', 'Preescolar', 'Primaria', 'Secundaria']
2025-12-12 12:59:17 - src.core.utils.logging_config - StoreID:N/A - DEBUG - Obtenidos 3 valores únicos para genero en 0.000s
2025-12-12 12:59:17 - src.core.utils.logging_config - StoreID:N/A - DEBUG - Valores para genero: ['Hombre', 'Mujer', 'Unisex']
2025-12-12 12:59:17 - src.core.utils.logging_config - StoreID:N/A - DEBUG - Obtenidos 4 valores únicos para marca en 0.000s
2025-12-12 12:59:17 - src.core.utils.logging_config - StoreID:N/A - DEBUG - Valores para marca: ['Claudia', 'MarcaX', 'MarcaY', 'Prowear']
2025-12-12 12:59:17 - src.core.utils.logging_config - StoreID:N/A - DEBUG - Obtenidos 43 valores únicos para talla en 0.000s
2025-12-12 12:59:17 - src.core.utils.logging_config - StoreID:N/A - DEBUG - Valores para talla: ['2', '3', '4', '5', '6', '7', '8', '9', '10', '11', '12', '13', '14', '16', '18', '20', '28', '30', '32', '34', '36', '38', '40', '42', '44', '46', 'M', 'L', 'CH', 'MD', 'GD', 'EXG', 'Uni', 'ESP', '0-0', '0-2', '3-5', '6-8', '9-12', '13-18', 'CH-MD', 'GD-EXG', 'Dama']
2025-12-12 12:59:17 - src.core.utils.logging_config - StoreID:N/A - INFO - Comboboxes inicializados correctamente
2025-12-12 12:59:17 - src.core.utils.logging_config - StoreID:N/A - DEBUG - Label de filtros actualizado: Sin filtros activos
2025-12-12 12:59:17 - src.core.utils.logging_config - StoreID:N/A - DEBUG - Lock interface called with lock=True, tree exists=1
2025-12-12 12:59:17 - src.core.utils.logging_config - StoreID:N/A - DEBUG - Cargando productos para página 1, batch_size=30
2025-12-12 12:59:17 - src.core.utils.logging_config - StoreID:N/A - DEBUG - Actualizando paginación: total_items=4005, current_page=0, total_pages=134
2025-12-12 12:59:17 - src.core.utils.logging_config - StoreID:N/A - DEBUG - Texto de paginación actualizado: Página 1 de 134
2025-12-12 12:59:17 - src.core.utils.logging_config - StoreID:N/A - DEBUG - Conteo de selección actualizado: 0/30
2025-12-12 12:59:17 - src.core.utils.logging_config - StoreID:N/A - INFO - Cargados 30 productos, página 1, total páginas: 134, tiempo: 0.166s
2025-12-12 12:59:17 - src.core.utils.logging_config - StoreID:N/A - DEBUG - Lock interface called with lock=False, tree exists=1
2025-12-12 12:59:47 - src.core.utils.logging_config - StoreID:N/A - DEBUG - Menú desplegable creado y mostrado
2025-12-12 12:59:52 - src.core.utils.logging_config - StoreID:N/A - DEBUG - Ejecutando comando con selecciones: ['José María Morelos y Pavón'], column=escuela
2025-12-12 12:59:52 - src.core.utils.logging_config - StoreID:N/A - DEBUG - Lock interface called with lock=True, tree exists=1
2025-12-12 12:59:52 - src.core.utils.logging_config - StoreID:N/A - DEBUG - Cargando productos para página 1, batch_size=30
2025-12-12 12:59:52 - src.core.utils.logging_config - StoreID:N/A - DEBUG - Actualizando paginación: total_items=66, current_page=0, total_pages=3
2025-12-12 12:59:52 - src.core.utils.logging_config - StoreID:N/A - DEBUG - Texto de paginación actualizado: Página 1 de 3
2025-12-12 12:59:52 - src.core.utils.logging_config - StoreID:N/A - DEBUG - Conteo de selección actualizado: 0/30
2025-12-12 12:59:52 - src.core.utils.logging_config - StoreID:N/A - INFO - Cargados 30 productos, página 1, total páginas: 3, tiempo: 0.126s
2025-12-12 12:59:52 - src.core.utils.logging_config - StoreID:N/A - DEBUG - Lock interface called with lock=False, tree exists=1
2025-12-12 12:59:52 - src.core.utils.logging_config - StoreID:N/A - DEBUG - Label de filtros actualizado: Filtros: Escuela: José María Morelos y Pavón
2025-12-12 12:59:55 - src.core.utils.logging_config - StoreID:N/A - DEBUG - Conteo de selección actualizado: 1/30
2025-12-12 12:59:55 - src.core.utils.logging_config - StoreID:N/A - DEBUG - Mostrando detalles para SKU: SKU002412
2025-12-12 12:59:55 - src.core.utils.logging_config - StoreID:N/A - DEBUG - Intentando cargar imagen desde: None
2025-12-12 12:59:55 - src.core.utils.logging_config - StoreID:N/A - DEBUG - Carpeta creada o existente: c:\Users\dafab\OneDrive\Documentos\Gestor\Gestor_de_Inventarios\Mis codigos\Playera Deportiva Ad hoc Talla_Deportivo_Playera\10
2025-12-12 12:59:55 - src.core.utils.logging_config - StoreID:N/A - DEBUG - Etiqueta cargada exitosamente: c:\Users\dafab\OneDrive\Documentos\Gestor\Gestor_de_Inventarios\Mis codigos\Playera Deportiva Ad hoc Talla_Deportivo_Playera\10\label_SKU002412.png
2025-12-12 12:59:56 - src.core.utils.logging_config - StoreID:N/A - DEBUG - Conteo de selección actualizado: 1/30
2025-12-12 12:59:56 - src.core.utils.logging_config - StoreID:N/A - DEBUG - Mostrando detalles para SKU: SKU002427
2025-12-12 12:59:56 - src.core.utils.logging_config - StoreID:N/A - DEBUG - Intentando cargar imagen desde: None
2025-12-12 12:59:56 - src.core.utils.logging_config - StoreID:N/A - DEBUG - Carpeta creada o existente: c:\Users\dafab\OneDrive\Documentos\Gestor\Gestor_de_Inventarios\Mis codigos\Playera Deportiva Ad hoc Talla_Deportivo_Playera\12
2025-12-12 12:59:56 - src.core.utils.logging_config - StoreID:N/A - DEBUG - Etiqueta cargada exitosamente: c:\Users\dafab\OneDrive\Documentos\Gestor\Gestor_de_Inventarios\Mis codigos\Playera Deportiva Ad hoc Talla_Deportivo_Playera\12\label_SKU002427.png
2025-12-12 12:59:58 - src.core.utils.logging_config - StoreID:N/A - DEBUG - Conteo de selección actualizado: 1/30
2025-12-12 12:59:58 - src.core.utils.logging_config - StoreID:N/A - DEBUG - Mostrando detalles para SKU: SKU002412
2025-12-12 12:59:58 - src.core.utils.logging_config - StoreID:N/A - DEBUG - Intentando cargar imagen desde: None
2025-12-12 12:59:58 - src.core.utils.logging_config - StoreID:N/A - DEBUG - Carpeta creada o existente: c:\Users\dafab\OneDrive\Documentos\Gestor\Gestor_de_Inventarios\Mis codigos\Playera Deportiva Ad hoc Talla_Deportivo_Playera\10
2025-12-12 12:59:58 - src.core.utils.logging_config - StoreID:N/A - DEBUG - Etiqueta cargada exitosamente: c:\Users\dafab\OneDrive\Documentos\Gestor\Gestor_de_Inventarios\Mis codigos\Playera Deportiva Ad hoc Talla_Deportivo_Playera\10\label_SKU002412.png
2025-12-12 13:00:00 - src.core.utils.logging_config - StoreID:N/A - DEBUG - Abriendo vista previa de impresión con label_path: c:\Users\dafab\OneDrive\Documentos\Gestor\Gestor_de_Inventarios\Mis codigos\Playera Deportiva Ad hoc Talla_Deportivo_Playera\10\label_SKU002412.png
2025-12-12 13:00:00 - src.core.utils.logging_config - StoreID:N/A - DEBUG - SKU seleccionado al abrir PrintPreviewWindow: SKU002412
2025-12-12 13:00:00 - src.core.utils.logging_config - StoreID:N/A - DEBUG - Etiqueta cargada para SKU SKU002412: c:\Users\dafab\OneDrive\Documentos\Gestor\Gestor_de_Inventarios\Mis codigos\Playera Deportiva Ad hoc Talla_Deportivo_Playera\10\label_SKU002412.png
2025-12-12 13:00:05 - src.core.utils.logging_config - StoreID:N/A - DEBUG - Conteo de selección actualizado: 1/30
2025-12-12 13:00:05 - src.core.utils.logging_config - StoreID:N/A - DEBUG - Mostrando detalles para SKU: SKU002412
2025-12-12 13:00:05 - src.core.utils.logging_config - StoreID:N/A - DEBUG - Intentando cargar imagen desde: None
2025-12-12 13:00:05 - src.core.utils.logging_config - StoreID:N/A - DEBUG - Carpeta creada o existente: c:\Users\dafab\OneDrive\Documentos\Gestor\Gestor_de_Inventarios\Mis codigos\Playera Deportiva Ad hoc Talla_Deportivo_Playera\10
2025-12-12 13:00:05 - src.core.utils.logging_config - StoreID:N/A - DEBUG - Etiqueta cargada exitosamente: c:\Users\dafab\OneDrive\Documentos\Gestor\Gestor_de_Inventarios\Mis codigos\Playera Deportiva Ad hoc Talla_Deportivo_Playera\10\label_SKU002412.png
2025-12-12 13:00:05 - src.core.utils.logging_config - StoreID:N/A - DEBUG - Selección del Treeview actualizada al item I054 (SKU: SKU002412, índice: 23)
2025-12-12 13:00:05 - src.core.utils.logging_config - StoreID:N/A - DEBUG - Conteo de selección actualizado: 1/30
2025-12-12 13:00:05 - src.core.utils.logging_config - StoreID:N/A - DEBUG - Mostrando detalles para SKU: SKU002412
2025-12-12 13:00:05 - src.core.utils.logging_config - StoreID:N/A - DEBUG - Intentando cargar imagen desde: None
2025-12-12 13:00:05 - src.core.utils.logging_config - StoreID:N/A - DEBUG - Carpeta creada o existente: c:\Users\dafab\OneDrive\Documentos\Gestor\Gestor_de_Inventarios\Mis codigos\Playera Deportiva Ad hoc Talla_Deportivo_Playera\10
2025-12-12 13:00:05 - src.core.utils.logging_config - StoreID:N/A - DEBUG - Etiqueta cargada exitosamente: c:\Users\dafab\OneDrive\Documentos\Gestor\Gestor_de_Inventarios\Mis codigos\Playera Deportiva Ad hoc Talla_Deportivo_Playera\10\label_SKU002412.png
2025-12-12 13:00:05 - src.core.utils.logging_config - StoreID:N/A - DEBUG - Conteo de selección actualizado: 1/30
2025-12-12 13:00:05 - src.core.utils.logging_config - StoreID:N/A - DEBUG - Mostrando detalles para SKU: SKU002412
2025-12-12 13:00:05 - src.core.utils.logging_config - StoreID:N/A - DEBUG - Intentando cargar imagen desde: None
2025-12-12 13:00:05 - src.core.utils.logging_config - StoreID:N/A - DEBUG - Carpeta creada o existente: c:\Users\dafab\OneDrive\Documentos\Gestor\Gestor_de_Inventarios\Mis codigos\Playera Deportiva Ad hoc Talla_Deportivo_Playera\10
2025-12-12 13:00:05 - src.core.utils.logging_config - StoreID:N/A - DEBUG - Etiqueta cargada exitosamente: c:\Users\dafab\OneDrive\Documentos\Gestor\Gestor_de_Inventarios\Mis codigos\Playera Deportiva Ad hoc Talla_Deportivo_Playera\10\label_SKU002412.png
2025-12-12 13:00:05 - src.core.utils.logging_config - StoreID:N/A - DEBUG - Conteo de selección actualizado: 1/30
2025-12-12 13:00:05 - src.core.utils.logging_config - StoreID:N/A - DEBUG - Mostrando detalles para SKU: SKU002412
2025-12-12 13:00:05 - src.core.utils.logging_config - StoreID:N/A - DEBUG - Intentando cargar imagen desde: None
2025-12-12 13:00:05 - src.core.utils.logging_config - StoreID:N/A - DEBUG - Carpeta creada o existente: c:\Users\dafab\OneDrive\Documentos\Gestor\Gestor_de_Inventarios\Mis codigos\Playera Deportiva Ad hoc Talla_Deportivo_Playera\10
2025-12-12 13:00:05 - src.core.utils.logging_config - StoreID:N/A - DEBUG - Etiqueta cargada exitosamente: c:\Users\dafab\OneDrive\Documentos\Gestor\Gestor_de_Inventarios\Mis codigos\Playera Deportiva Ad hoc Talla_Deportivo_Playera\10\label_SKU002412.png
2025-12-12 13:00:05 - src.core.utils.logging_config - StoreID:N/A - DEBUG - Conteo de selección actualizado: 1/30
2025-12-12 13:00:05 - src.core.utils.logging_config - StoreID:N/A - DEBUG - Mostrando detalles para SKU: SKU002412
2025-12-12 13:00:05 - src.core.utils.logging_config - StoreID:N/A - DEBUG - Intentando cargar imagen desde: None
2025-12-12 13:00:05 - src.core.utils.logging_config - StoreID:N/A - DEBUG - Carpeta creada o existente: c:\Users\dafab\OneDrive\Documentos\Gestor\Gestor_de_Inventarios\Mis codigos\Playera Deportiva Ad hoc Talla_Deportivo_Playera\10
2025-12-12 13:00:05 - src.core.utils.logging_config - StoreID:N/A - DEBUG - Etiqueta cargada exitosamente: c:\Users\dafab\OneDrive\Documentos\Gestor\Gestor_de_Inventarios\Mis codigos\Playera Deportiva Ad hoc Talla_Deportivo_Playera\10\label_SKU002412.png
2025-12-12 13:00:07 - src.core.utils.logging_config - StoreID:N/A - DEBUG - Etiqueta cargada para SKU SKU002427: c:\Users\dafab\OneDrive\Documentos\Gestor\Gestor_de_Inventarios\Mis codigos\Playera Deportiva Ad hoc Talla_Deportivo_Playera\12\label_SKU002427.png
2025-12-12 13:00:07 - src.core.utils.logging_config - StoreID:N/A - DEBUG - Conteo de selección actualizado: 1/30
2025-12-12 13:00:07 - src.core.utils.logging_config - StoreID:N/A - DEBUG - Mostrando detalles para SKU: SKU002427
2025-12-12 13:00:07 - src.core.utils.logging_config - StoreID:N/A - DEBUG - Intentando cargar imagen desde: None
2025-12-12 13:00:07 - src.core.utils.logging_config - StoreID:N/A - DEBUG - Carpeta creada o existente: c:\Users\dafab\OneDrive\Documentos\Gestor\Gestor_de_Inventarios\Mis codigos\Playera Deportiva Ad hoc Talla_Deportivo_Playera\12
2025-12-12 13:00:07 - src.core.utils.logging_config - StoreID:N/A - DEBUG - Etiqueta cargada exitosamente: c:\Users\dafab\OneDrive\Documentos\Gestor\Gestor_de_Inventarios\Mis codigos\Playera Deportiva Ad hoc Talla_Deportivo_Playera\12\label_SKU002427.png
2025-12-12 13:00:07 - src.core.utils.logging_config - StoreID:N/A - DEBUG - Selección del Treeview actualizada al item I055 (SKU: SKU002427, índice: 24)
2025-12-12 13:00:07 - src.core.utils.logging_config - StoreID:N/A - DEBUG - Conteo de selección actualizado: 1/30
2025-12-12 13:00:07 - src.core.utils.logging_config - StoreID:N/A - DEBUG - Mostrando detalles para SKU: SKU002427
2025-12-12 13:00:07 - src.core.utils.logging_config - StoreID:N/A - DEBUG - Intentando cargar imagen desde: None
2025-12-12 13:00:07 - src.core.utils.logging_config - StoreID:N/A - DEBUG - Carpeta creada o existente: c:\Users\dafab\OneDrive\Documentos\Gestor\Gestor_de_Inventarios\Mis codigos\Playera Deportiva Ad hoc Talla_Deportivo_Playera\12
2025-12-12 13:00:07 - src.core.utils.logging_config - StoreID:N/A - DEBUG - Etiqueta cargada exitosamente: c:\Users\dafab\OneDrive\Documentos\Gestor\Gestor_de_Inventarios\Mis codigos\Playera Deportiva Ad hoc Talla_Deportivo_Playera\12\label_SKU002427.png
2025-12-12 13:00:07 - src.core.utils.logging_config - StoreID:N/A - DEBUG - Conteo de selección actualizado: 1/30
2025-12-12 13:00:07 - src.core.utils.logging_config - StoreID:N/A - DEBUG - Mostrando detalles para SKU: SKU002427
2025-12-12 13:00:07 - src.core.utils.logging_config - StoreID:N/A - DEBUG - Intentando cargar imagen desde: None
2025-12-12 13:00:07 - src.core.utils.logging_config - StoreID:N/A - DEBUG - Carpeta creada o existente: c:\Users\dafab\OneDrive\Documentos\Gestor\Gestor_de_Inventarios\Mis codigos\Playera Deportiva Ad hoc Talla_Deportivo_Playera\12
2025-12-12 13:00:07 - src.core.utils.logging_config - StoreID:N/A - DEBUG - Etiqueta cargada exitosamente: c:\Users\dafab\OneDrive\Documentos\Gestor\Gestor_de_Inventarios\Mis codigos\Playera Deportiva Ad hoc Talla_Deportivo_Playera\12\label_SKU002427.png
2025-12-12 13:00:08 - src.core.utils.logging_config - StoreID:N/A - DEBUG - Conteo de selección actualizado: 1/30
2025-12-12 13:00:08 - src.core.utils.logging_config - StoreID:N/A - DEBUG - Mostrando detalles para SKU: SKU002427
2025-12-12 13:00:08 - src.core.utils.logging_config - StoreID:N/A - DEBUG - Intentando cargar imagen desde: None
2025-12-12 13:00:08 - src.core.utils.logging_config - StoreID:N/A - DEBUG - Carpeta creada o existente: c:\Users\dafab\OneDrive\Documentos\Gestor\Gestor_de_Inventarios\Mis codigos\Playera Deportiva Ad hoc Talla_Deportivo_Playera\12
2025-12-12 13:00:08 - src.core.utils.logging_config - StoreID:N/A - DEBUG - Etiqueta cargada exitosamente: c:\Users\dafab\OneDrive\Documentos\Gestor\Gestor_de_Inventarios\Mis codigos\Playera Deportiva Ad hoc Talla_Deportivo_Playera\12\label_SKU002427.png
2025-12-12 13:00:08 - src.core.utils.logging_config - StoreID:N/A - DEBUG - Selección del Treeview actualizada al item I055 (SKU: SKU002427, índice: 24)
2025-12-12 13:00:08 - src.core.utils.logging_config - StoreID:N/A - DEBUG - Conteo de selección actualizado: 1/30
2025-12-12 13:00:08 - src.core.utils.logging_config - StoreID:N/A - DEBUG - Mostrando detalles para SKU: SKU002427
2025-12-12 13:00:08 - src.core.utils.logging_config - StoreID:N/A - DEBUG - Intentando cargar imagen desde: None
2025-12-12 13:00:08 - src.core.utils.logging_config - StoreID:N/A - DEBUG - Carpeta creada o existente: c:\Users\dafab\OneDrive\Documentos\Gestor\Gestor_de_Inventarios\Mis codigos\Playera Deportiva Ad hoc Talla_Deportivo_Playera\12
2025-12-12 13:00:08 - src.core.utils.logging_config - StoreID:N/A - DEBUG - Etiqueta cargada exitosamente: c:\Users\dafab\OneDrive\Documentos\Gestor\Gestor_de_Inventarios\Mis codigos\Playera Deportiva Ad hoc Talla_Deportivo_Playera\12\label_SKU002427.png
2025-12-12 13:00:08 - src.core.utils.logging_config - StoreID:N/A - DEBUG - Conteo de selección actualizado: 1/30
2025-12-12 13:00:08 - src.core.utils.logging_config - StoreID:N/A - DEBUG - Mostrando detalles para SKU: SKU002427
2025-12-12 13:00:08 - src.core.utils.logging_config - StoreID:N/A - DEBUG - Intentando cargar imagen desde: None
2025-12-12 13:00:08 - src.core.utils.logging_config - StoreID:N/A - DEBUG - Carpeta creada o existente: c:\Users\dafab\OneDrive\Documentos\Gestor\Gestor_de_Inventarios\Mis codigos\Playera Deportiva Ad hoc Talla_Deportivo_Playera\12
2025-12-12 13:00:08 - src.core.utils.logging_config - StoreID:N/A - DEBUG - Etiqueta cargada exitosamente: c:\Users\dafab\OneDrive\Documentos\Gestor\Gestor_de_Inventarios\Mis codigos\Playera Deportiva Ad hoc Talla_Deportivo_Playera\12\label_SKU002427.png
2025-12-12 13:00:08 - src.core.utils.logging_config - StoreID:N/A - DEBUG - Conteo de selección actualizado: 1/30
2025-12-12 13:00:08 - src.core.utils.logging_config - StoreID:N/A - DEBUG - Mostrando detalles para SKU: SKU002427
2025-12-12 13:00:08 - src.core.utils.logging_config - StoreID:N/A - DEBUG - Intentando cargar imagen desde: None
2025-12-12 13:00:08 - src.core.utils.logging_config - StoreID:N/A - DEBUG - Carpeta creada o existente: c:\Users\dafab\OneDrive\Documentos\Gestor\Gestor_de_Inventarios\Mis codigos\Playera Deportiva Ad hoc Talla_Deportivo_Playera\12
2025-12-12 13:00:08 - src.core.utils.logging_config - StoreID:N/A - DEBUG - Etiqueta cargada exitosamente: c:\Users\dafab\OneDrive\Documentos\Gestor\Gestor_de_Inventarios\Mis codigos\Playera Deportiva Ad hoc Talla_Deportivo_Playera\12\label_SKU002427.png
2025-12-12 13:00:08 - src.core.utils.logging_config - StoreID:N/A - DEBUG - Conteo de selección actualizado: 1/30
2025-12-12 13:00:08 - src.core.utils.logging_config - StoreID:N/A - DEBUG - Mostrando detalles para SKU: SKU002427
2025-12-12 13:00:08 - src.core.utils.logging_config - StoreID:N/A - DEBUG - Intentando cargar imagen desde: None
2025-12-12 13:00:08 - src.core.utils.logging_config - StoreID:N/A - DEBUG - Carpeta creada o existente: c:\Users\dafab\OneDrive\Documentos\Gestor\Gestor_de_Inventarios\Mis codigos\Playera Deportiva Ad hoc Talla_Deportivo_Playera\12
2025-12-12 13:00:08 - src.core.utils.logging_config - StoreID:N/A - DEBUG - Etiqueta cargada exitosamente: c:\Users\dafab\OneDrive\Documentos\Gestor\Gestor_de_Inventarios\Mis codigos\Playera Deportiva Ad hoc Talla_Deportivo_Playera\12\label_SKU002427.png
2025-12-12 15:27:12 - src.core.utils.logging_config - StoreID:N/A - DEBUG - Manteniendo selección para SKU: SKU002427 al cerrar PrintPreviewWindow
2025-12-12 15:27:13 - src.core.utils.logging_config - StoreID:N/A - DEBUG - Selección restaurada para SKU: SKU002427 después de cerrar PrintPreviewWindow
2025-12-12 15:27:13 - src.core.utils.logging_config - StoreID:N/A - DEBUG - Conteo de selección actualizado: 1/30
2025-12-12 15:27:13 - src.core.utils.logging_config - StoreID:N/A - DEBUG - Mostrando detalles para SKU: SKU002427
2025-12-12 15:27:13 - src.core.utils.logging_config - StoreID:N/A - DEBUG - Intentando cargar imagen desde: None
2025-12-12 15:27:13 - src.core.utils.logging_config - StoreID:N/A - DEBUG - Carpeta creada o existente: c:\Users\dafab\OneDrive\Documentos\Gestor\Gestor_de_Inventarios\Mis codigos\Playera Deportiva Ad hoc Talla_Deportivo_Playera\12
2025-12-12 15:27:13 - src.core.utils.logging_config - StoreID:N/A - DEBUG - Etiqueta cargada exitosamente: c:\Users\dafab\OneDrive\Documentos\Gestor\Gestor_de_Inventarios\Mis codigos\Playera Deportiva Ad hoc Talla_Deportivo_Playera\12\label_SKU002427.png
2025-12-12 15:27:13 - src.core.utils.logging_config - StoreID:N/A - DEBUG - Conteo de selección actualizado: 1/30
2025-12-12 15:27:13 - src.core.utils.logging_config - StoreID:N/A - DEBUG - Mostrando detalles para SKU: SKU002427
2025-12-12 15:27:13 - src.core.utils.logging_config - StoreID:N/A - DEBUG - Intentando cargar imagen desde: None
2025-12-12 15:27:13 - src.core.utils.logging_config - StoreID:N/A - DEBUG - Carpeta creada o existente: c:\Users\dafab\OneDrive\Documentos\Gestor\Gestor_de_Inventarios\Mis codigos\Playera Deportiva Ad hoc Talla_Deportivo_Playera\12
2025-12-12 15:27:13 - src.core.utils.logging_config - StoreID:N/A - DEBUG - Etiqueta cargada exitosamente: c:\Users\dafab\OneDrive\Documentos\Gestor\Gestor_de_Inventarios\Mis codigos\Playera Deportiva Ad hoc Talla_Deportivo_Playera\12\label_SKU002427.png
2025-12-12 15:27:13 - src.core.utils.logging_config - StoreID:N/A - DEBUG - Conteo de selección actualizado: 1/30
2025-12-12 15:27:13 - src.core.utils.logging_config - StoreID:N/A - DEBUG - Mostrando detalles para SKU: SKU002427
2025-12-12 15:27:13 - src.core.utils.logging_config - StoreID:N/A - DEBUG - Intentando cargar imagen desde: None
2025-12-12 15:27:13 - src.core.utils.logging_config - StoreID:N/A - DEBUG - Carpeta creada o existente: c:\Users\dafab\OneDrive\Documentos\Gestor\Gestor_de_Inventarios\Mis codigos\Playera Deportiva Ad hoc Talla_Deportivo_Playera\12
2025-12-12 15:27:13 - src.core.utils.logging_config - StoreID:N/A - DEBUG - Etiqueta cargada exitosamente: c:\Users\dafab\OneDrive\Documentos\Gestor\Gestor_de_Inventarios\Mis codigos\Playera Deportiva Ad hoc Talla_Deportivo_Playera\12\label_SKU002427.png
2025-12-12 15:27:13 - src.core.utils.logging_config - StoreID:N/A - DEBUG - Conteo de selección actualizado: 1/30
2025-12-12 15:27:13 - src.core.utils.logging_config - StoreID:N/A - DEBUG - Mostrando detalles para SKU: SKU002427
2025-12-12 15:27:13 - src.core.utils.logging_config - StoreID:N/A - DEBUG - Intentando cargar imagen desde: None
2025-12-12 15:27:13 - src.core.utils.logging_config - StoreID:N/A - DEBUG - Carpeta creada o existente: c:\Users\dafab\OneDrive\Documentos\Gestor\Gestor_de_Inventarios\Mis codigos\Playera Deportiva Ad hoc Talla_Deportivo_Playera\12
2025-12-12 15:27:13 - src.core.utils.logging_config - StoreID:N/A - DEBUG - Etiqueta cargada exitosamente: c:\Users\dafab\OneDrive\Documentos\Gestor\Gestor_de_Inventarios\Mis codigos\Playera Deportiva Ad hoc Talla_Deportivo_Playera\12\label_SKU002427.png
2025-12-12 15:27:14 - src.core.utils.logging_config - StoreID:N/A - INFO - Filtros limpiados para columnas: color, tipo_prenda, tipo_pieza, atributo, escuela, nivel_educativo, genero, marca, talla
2025-12-12 15:27:14 - src.core.utils.logging_config - StoreID:N/A - DEBUG - Lock interface called with lock=True, tree exists=1
2025-12-12 15:27:14 - src.core.utils.logging_config - StoreID:N/A - DEBUG - Cargando productos para página 1, batch_size=30
2025-12-12 15:27:14 - src.core.utils.logging_config - StoreID:N/A - DEBUG - Actualizando paginación: total_items=4005, current_page=0, total_pages=134
2025-12-12 15:27:14 - src.core.utils.logging_config - StoreID:N/A - DEBUG - Texto de paginación actualizado: Página 1 de 134
2025-12-12 15:27:14 - src.core.utils.logging_config - StoreID:N/A - DEBUG - Conteo de selección actualizado: 0/30
2025-12-12 15:27:14 - src.core.utils.logging_config - StoreID:N/A - INFO - Cargados 30 productos, página 1, total páginas: 134, tiempo: 0.131s
2025-12-12 15:27:14 - src.core.utils.logging_config - StoreID:N/A - DEBUG - Lock interface called with lock=False, tree exists=1
2025-12-12 15:27:14 - src.core.utils.logging_config - StoreID:N/A - INFO - Filtros limpiados y productos recargados
2025-12-12 15:27:14 - src.core.utils.logging_config - StoreID:N/A - DEBUG - Label de filtros actualizado: Sin filtros activos
2025-12-12 15:27:14 - src.core.utils.logging_config - StoreID:N/A - DEBUG - Lock interface called with lock=True, tree exists=1
2025-12-12 15:27:14 - src.core.utils.logging_config - StoreID:N/A - DEBUG - Cargando productos para página 1, batch_size=30
2025-12-12 15:27:14 - src.core.utils.logging_config - StoreID:N/A - DEBUG - Actualizando paginación: total_items=4005, current_page=0, total_pages=134
2025-12-12 15:27:14 - src.core.utils.logging_config - StoreID:N/A - DEBUG - Texto de paginación actualizado: Página 1 de 134
2025-12-12 15:27:14 - src.core.utils.logging_config - StoreID:N/A - DEBUG - Conteo de selección actualizado: 0/30
2025-12-12 15:27:14 - src.core.utils.logging_config - StoreID:N/A - INFO - Cargados 30 productos, página 1, total páginas: 134, tiempo: 0.128s
2025-12-12 15:27:14 - src.core.utils.logging_config - StoreID:N/A - DEBUG - Lock interface called with lock=False, tree exists=1
2025-12-12 15:27:14 - src.core.utils.logging_config - StoreID:N/A - DEBUG - Conteo de selección actualizado: 0/30
2025-12-12 15:27:20 - src.core.utils.logging_config - StoreID:N/A - DEBUG - Ejecutando comando con selecciones: ['Himno Nacional'], column=escuela
2025-12-12 15:27:20 - src.core.utils.logging_config - StoreID:N/A - DEBUG - Lock interface called with lock=True, tree exists=1
2025-12-12 15:27:20 - src.core.utils.logging_config - StoreID:N/A - DEBUG - Cargando productos para página 1, batch_size=30
2025-12-12 15:27:20 - src.core.utils.logging_config - StoreID:N/A - DEBUG - Actualizando paginación: total_items=50, current_page=0, total_pages=2
2025-12-12 15:27:20 - src.core.utils.logging_config - StoreID:N/A - DEBUG - Texto de paginación actualizado: Página 1 de 2
2025-12-12 15:27:20 - src.core.utils.logging_config - StoreID:N/A - DEBUG - Conteo de selección actualizado: 0/30
2025-12-12 15:27:20 - src.core.utils.logging_config - StoreID:N/A - INFO - Cargados 30 productos, página 1, total páginas: 2, tiempo: 0.129s
2025-12-12 15:27:20 - src.core.utils.logging_config - StoreID:N/A - DEBUG - Lock interface called with lock=False, tree exists=1
2025-12-12 15:27:20 - src.core.utils.logging_config - StoreID:N/A - DEBUG - Label de filtros actualizado: Filtros: Escuela: Himno Nacional
2025-12-12 15:27:24 - src.core.utils.logging_config - StoreID:N/A - DEBUG - Lock interface called with lock=True, tree exists=1
2025-12-12 15:27:24 - src.core.utils.logging_config - StoreID:N/A - DEBUG - Cargando productos para página 2, batch_size=30
2025-12-12 15:27:24 - src.core.utils.logging_config - StoreID:N/A - DEBUG - Actualizando paginación: total_items=50, current_page=1, total_pages=2
2025-12-12 15:27:24 - src.core.utils.logging_config - StoreID:N/A - DEBUG - Texto de paginación actualizado: Página 2 de 2
2025-12-12 15:27:24 - src.core.utils.logging_config - StoreID:N/A - DEBUG - Conteo de selección actualizado: 0/20
2025-12-12 15:27:24 - src.core.utils.logging_config - StoreID:N/A - INFO - Cargados 20 productos, página 2, total páginas: 2, tiempo: 0.124s
2025-12-12 15:27:24 - src.core.utils.logging_config - StoreID:N/A - DEBUG - Lock interface called with lock=False, tree exists=1
