2026-01-15 15:59:03 - src.core.utils.logging_config - StoreID:N/A - INFO - Inicializando ProductManagerLogic para tienda 1
2026-01-15 15:59:03 - src.core.utils.logging_config - StoreID:N/A - DEBUG - ProductEditForm inicializado para tienda 1
2026-01-15 15:59:03 - src.core.utils.logging_config - StoreID:N/A - INFO - Inicializando ProductManagerUI para tienda 1
2026-01-15 15:59:03 - src.core.utils.logging_config - StoreID:N/A - DEBUG - Ícono cargado: edit
2026-01-15 15:59:03 - src.core.utils.logging_config - StoreID:N/A - DEBUG - Ícono cargado: copy
2026-01-15 15:59:03 - src.core.utils.logging_config - StoreID:N/A - DEBUG - Ícono cargado: delete
2026-01-15 15:59:03 - src.core.utils.logging_config - StoreID:N/A - DEBUG - Ícono cargado: duplicate
2026-01-15 15:59:03 - src.core.utils.logging_config - StoreID:N/A - DEBUG - Ícono cargado: price
2026-01-15 15:59:03 - src.core.utils.logging_config - StoreID:N/A - DEBUG - Ícono cargado: print
2026-01-15 15:59:03 - src.core.utils.logging_config - StoreID:N/A - DEBUG - Ícono cargado: inventory
2026-01-15 15:59:04 - src.core.utils.logging_config - StoreID:N/A - DEBUG - Inicializando CheckComboBox con column=color
2026-01-15 15:59:04 - src.core.utils.logging_config - StoreID:N/A - DEBUG - CheckComboBox creado con label=Color, column=color
2026-01-15 15:59:04 - src.core.utils.logging_config - StoreID:N/A - DEBUG - Inicializando CheckComboBox con column=tipo_prenda
2026-01-15 15:59:04 - src.core.utils.logging_config - StoreID:N/A - DEBUG - CheckComboBox creado con label=Tipo Prenda, column=tipo_prenda
2026-01-15 15:59:04 - src.core.utils.logging_config - StoreID:N/A - DEBUG - Inicializando CheckComboBox con column=tipo_pieza
2026-01-15 15:59:04 - src.core.utils.logging_config - StoreID:N/A - DEBUG - CheckComboBox creado con label=Tipo Pieza, column=tipo_pieza
2026-01-15 15:59:04 - src.core.utils.logging_config - StoreID:N/A - DEBUG - Inicializando CheckComboBox con column=atributo
2026-01-15 15:59:04 - src.core.utils.logging_config - StoreID:N/A - DEBUG - CheckComboBox creado con label=Atributo, column=atributo
2026-01-15 15:59:05 - src.core.utils.logging_config - StoreID:N/A - DEBUG - Inicializando CheckComboBox con column=escuela
2026-01-15 15:59:05 - src.core.utils.logging_config - StoreID:N/A - DEBUG - CheckComboBox creado con label=Escuela, column=escuela
2026-01-15 15:59:05 - src.core.utils.logging_config - StoreID:N/A - DEBUG - Inicializando CheckComboBox con column=nivel_educativo
2026-01-15 15:59:05 - src.core.utils.logging_config - StoreID:N/A - DEBUG - CheckComboBox creado con label=Nivel Educativo, column=nivel_educativo
2026-01-15 15:59:05 - src.core.utils.logging_config - StoreID:N/A - DEBUG - Inicializando CheckComboBox con column=genero
2026-01-15 15:59:05 - src.core.utils.logging_config - StoreID:N/A - DEBUG - CheckComboBox creado con label=Género, column=genero
2026-01-15 15:59:05 - src.core.utils.logging_config - StoreID:N/A - DEBUG - Inicializando CheckComboBox con column=marca
2026-01-15 15:59:05 - src.core.utils.logging_config - StoreID:N/A - DEBUG - CheckComboBox creado con label=Marca, column=marca
2026-01-15 15:59:05 - src.core.utils.logging_config - StoreID:N/A - DEBUG - Inicializando CheckComboBox con column=talla
2026-01-15 15:59:05 - src.core.utils.logging_config - StoreID:N/A - DEBUG - CheckComboBox creado con label=Talla, column=talla
2026-01-15 15:59:05 - src.core.utils.logging_config - StoreID:N/A - DEBUG - Inicializando comboboxes para filtros
2026-01-15 15:59:05 - src.core.utils.logging_config - StoreID:N/A - DEBUG - Obtenidos 32 valores únicos para color en 0.071s
2026-01-15 15:59:05 - src.core.utils.logging_config - StoreID:N/A - DEBUG - Valores para color: ['Ad hoc', 'Amarillo', 'Azul', 'Azul Marino', 'Azul Rey', 'Azul cielo', 'Beige', 'Bicolor', 'Blanca', 'Blanco', 'Café', 'Camuflaje', 'Caqui', 'Doble raya', 'Escoces', 'Gales azul', 'Gales rojo', 'Gales verde', 'Gris', 'Gris claro', 'Gris obscuro', 'Negro', 'Pata de gallo', 'Pgallo cafe', 'Raya roja', 'Rojo', 'Rosa', 'SABES', 'Verde', 'Verde limon', 'Verde olivo', 'Vino']
2026-01-15 15:59:05 - src.core.utils.logging_config - StoreID:N/A - DEBUG - Obtenidos 6 valores únicos para tipo_prenda en 0.003s
2026-01-15 15:59:05 - src.core.utils.logging_config - StoreID:N/A - DEBUG - Valores para tipo_prenda: ['Accesorio', 'Básico', 'Deportivo', 'Escolta', 'Oficial', 'Uniforme']
2026-01-15 15:59:05 - src.core.utils.logging_config - StoreID:N/A - DEBUG - Obtenidos 20 valores únicos para tipo_pieza en 0.003s
2026-01-15 15:59:05 - src.core.utils.logging_config - StoreID:N/A - DEBUG - Valores para tipo_pieza: ['Bata', 'Boina', 'Calceta', 'Camisa', 'Chaleco', 'Chamarra', 'Corbata', 'Corbatín', 'Falda', 'Guante', 'Jumper', 'Malla', 'Mascada', 'Mońo', 'Pantalón', 'Pants 2pz', 'Pants 3pz', 'Pants Suelto', 'Playera', 'Suéter']
2026-01-15 15:59:05 - src.core.utils.logging_config - StoreID:N/A - DEBUG - Obtenidos 23 valores únicos para atributo en 0.003s
2026-01-15 15:59:05 - src.core.utils.logging_config - StoreID:N/A - DEBUG - Valores para atributo: ['Algodón', 'Botones', 'Chazarilla', 'Conalep', 'Conjunto', 'Cuatro tablas', 'Cuello Olan', 'Cuello V', 'Cuello olan', 'Deportiva', 'Deportivo', 'Escolar', 'Escolta', 'Gabardina', 'Infantil', 'Liso', 'Manga Corta', 'Manga Larga', 'Oferta', 'Polo', 'Punto', 'Tortuga', 'Vestir']
2026-01-15 15:59:05 - src.core.utils.logging_config - StoreID:N/A - DEBUG - Obtenidos 56 valores únicos para escuela en 0.001s
2026-01-15 15:59:05 - src.core.utils.logging_config - StoreID:N/A - DEBUG - Valores para escuela: ['16 de Septiembre', 'Adolfo Lopez Mareo', 'Adolfo Lopez Mateo', 'Albino García Ramos', 'Alvaro Obregon', 'Benito Juárez', 'Bicentenario', 'Blanca Verónica Soto Martínez Príncipes', 'CBTIS 148', 'CECYTE', 'Club Rotario', 'Colegio Motolinea', 'Conalep', 'ESTV 663', 'Emiliano Zapata', 'Erasmo Castellano', 'EsTv 154', 'Francisco González Bocanegra', 'Francisco Villa', 'Frida Kahlo', 'Guillermo Prieto', 'Himno Nacional', 'Huizache', 'Ignacio Allende', 'Ignacio Ramirez Lopez', 'Ignacio Zaragoza', 'J. Guadalupe Victoria', 'Jean Piaget', 'Jorge Cantor', 'Josefa Ortiz de Domínguez', 'José María Morelos', 'José María Morelos y Pavón', 'Justo Sierra', 'Manuel Gutiérrez Nájera', 'Margarita Paz Paredes', 'Miguel Campuzano', 'Miguel Hidalgo', 'Narciso Mendoza', 'Nińos Héroes', 'Omecalli', 'Palacio', 'Paolo Fraire', 'Patria', 'Práxedis Guerrero', 'Rafael Ramírez', 'SABES', 'Santa Rosa 238', 'Sor Juana Inés de la Cruz', 'Telesecundaria 454', 'Telesecundaria 512', 'Telesecundaria 600', 'Técnica de San Bartolo', 'UVEG', 'Vicente Guerrero', 'Vidal Acolcer', 'Álvaro Obregón']
2026-01-15 15:59:05 - src.core.utils.logging_config - StoreID:N/A - DEBUG - Obtenidos 4 valores únicos para nivel_educativo en 0.003s
2026-01-15 15:59:05 - src.core.utils.logging_config - StoreID:N/A - DEBUG - Valores para nivel_educativo: ['Bachillerato', 'Preescolar', 'Primaria', 'Secundaria']
2026-01-15 15:59:05 - src.core.utils.logging_config - StoreID:N/A - DEBUG - Obtenidos 3 valores únicos para genero en 0.002s
2026-01-15 15:59:05 - src.core.utils.logging_config - StoreID:N/A - DEBUG - Valores para genero: ['Hombre', 'Mujer', 'Unisex']
2026-01-15 15:59:05 - src.core.utils.logging_config - StoreID:N/A - DEBUG - Obtenidos 5 valores únicos para marca en 0.002s
2026-01-15 15:59:05 - src.core.utils.logging_config - StoreID:N/A - DEBUG - Valores para marca: ['Claudia', 'Lobito', 'MarcaX', 'MarcaY', 'Prowear']
2026-01-15 15:59:05 - src.core.utils.logging_config - StoreID:N/A - DEBUG - Obtenidos 43 valores únicos para talla en 0.005s
2026-01-15 15:59:05 - src.core.utils.logging_config - StoreID:N/A - DEBUG - Valores para talla: ['2', '3', '4', '5', '6', '7', '8', '9', '10', '11', '12', '13', '14', '16', '18', '20', '28', '30', '32', '34', '36', '38', '40', '42', '44', '46', 'M', 'L', 'CH', 'MD', 'GD', 'EXG', 'Uni', 'ESP', '0-0', '0-2', '3-5', '6-8', '9-12', '13-18', 'CH-MD', 'GD-EXG', 'Dama']
2026-01-15 15:59:05 - src.core.utils.logging_config - StoreID:N/A - INFO - Comboboxes inicializados correctamente
2026-01-15 15:59:05 - src.core.utils.logging_config - StoreID:N/A - DEBUG - Label de filtros actualizado: Sin filtros activos
2026-01-15 15:59:05 - src.core.utils.logging_config - StoreID:N/A - DEBUG - Lock interface called with lock=True, tree exists=1
2026-01-15 15:59:05 - src.core.utils.logging_config - StoreID:N/A - DEBUG - Cargando productos para página 1, batch_size=30
2026-01-15 15:59:05 - src.core.utils.logging_config - StoreID:N/A - DEBUG - Actualizando paginación: total_items=4034, current_page=0, total_pages=135
2026-01-15 15:59:05 - src.core.utils.logging_config - StoreID:N/A - DEBUG - Texto de paginación actualizado: Página 1 de 135
2026-01-15 15:59:05 - src.core.utils.logging_config - StoreID:N/A - DEBUG - Conteo de selección actualizado: 0/30
2026-01-15 15:59:05 - src.core.utils.logging_config - StoreID:N/A - INFO - Cargados 30 productos, página 1, total páginas: 135, tiempo: 0.138s
2026-01-15 15:59:05 - src.core.utils.logging_config - StoreID:N/A - DEBUG - Lock interface called with lock=False, tree exists=1
2026-01-15 15:59:06 - src.core.utils.logging_config - StoreID:N/A - DEBUG - Inicializando comboboxes para filtros
2026-01-15 15:59:06 - src.core.utils.logging_config - StoreID:N/A - DEBUG - Obtenidos 32 valores únicos para color en 0.000s
2026-01-15 15:59:06 - src.core.utils.logging_config - StoreID:N/A - DEBUG - Valores para color: ['Ad hoc', 'Amarillo', 'Azul', 'Azul Marino', 'Azul Rey', 'Azul cielo', 'Beige', 'Bicolor', 'Blanca', 'Blanco', 'Café', 'Camuflaje', 'Caqui', 'Doble raya', 'Escoces', 'Gales azul', 'Gales rojo', 'Gales verde', 'Gris', 'Gris claro', 'Gris obscuro', 'Negro', 'Pata de gallo', 'Pgallo cafe', 'Raya roja', 'Rojo', 'Rosa', 'SABES', 'Verde', 'Verde limon', 'Verde olivo', 'Vino']
2026-01-15 15:59:06 - src.core.utils.logging_config - StoreID:N/A - DEBUG - Obtenidos 6 valores únicos para tipo_prenda en 0.000s
2026-01-15 15:59:06 - src.core.utils.logging_config - StoreID:N/A - DEBUG - Valores para tipo_prenda: ['Accesorio', 'Básico', 'Deportivo', 'Escolta', 'Oficial', 'Uniforme']
2026-01-15 15:59:06 - src.core.utils.logging_config - StoreID:N/A - DEBUG - Obtenidos 20 valores únicos para tipo_pieza en 0.000s
2026-01-15 15:59:06 - src.core.utils.logging_config - StoreID:N/A - DEBUG - Valores para tipo_pieza: ['Bata', 'Boina', 'Calceta', 'Camisa', 'Chaleco', 'Chamarra', 'Corbata', 'Corbatín', 'Falda', 'Guante', 'Jumper', 'Malla', 'Mascada', 'Mońo', 'Pantalón', 'Pants 2pz', 'Pants 3pz', 'Pants Suelto', 'Playera', 'Suéter']
2026-01-15 15:59:06 - src.core.utils.logging_config - StoreID:N/A - DEBUG - Obtenidos 23 valores únicos para atributo en 0.000s
2026-01-15 15:59:06 - src.core.utils.logging_config - StoreID:N/A - DEBUG - Valores para atributo: ['Algodón', 'Botones', 'Chazarilla', 'Conalep', 'Conjunto', 'Cuatro tablas', 'Cuello Olan', 'Cuello V', 'Cuello olan', 'Deportiva', 'Deportivo', 'Escolar', 'Escolta', 'Gabardina', 'Infantil', 'Liso', 'Manga Corta', 'Manga Larga', 'Oferta', 'Polo', 'Punto', 'Tortuga', 'Vestir']
2026-01-15 15:59:06 - src.core.utils.logging_config - StoreID:N/A - DEBUG - Obtenidos 56 valores únicos para escuela en 0.000s
2026-01-15 15:59:06 - src.core.utils.logging_config - StoreID:N/A - DEBUG - Valores para escuela: ['16 de Septiembre', 'Adolfo Lopez Mareo', 'Adolfo Lopez Mateo', 'Albino García Ramos', 'Alvaro Obregon', 'Benito Juárez', 'Bicentenario', 'Blanca Verónica Soto Martínez Príncipes', 'CBTIS 148', 'CECYTE', 'Club Rotario', 'Colegio Motolinea', 'Conalep', 'ESTV 663', 'Emiliano Zapata', 'Erasmo Castellano', 'EsTv 154', 'Francisco González Bocanegra', 'Francisco Villa', 'Frida Kahlo', 'Guillermo Prieto', 'Himno Nacional', 'Huizache', 'Ignacio Allende', 'Ignacio Ramirez Lopez', 'Ignacio Zaragoza', 'J. Guadalupe Victoria', 'Jean Piaget', 'Jorge Cantor', 'Josefa Ortiz de Domínguez', 'José María Morelos', 'José María Morelos y Pavón', 'Justo Sierra', 'Manuel Gutiérrez Nájera', 'Margarita Paz Paredes', 'Miguel Campuzano', 'Miguel Hidalgo', 'Narciso Mendoza', 'Nińos Héroes', 'Omecalli', 'Palacio', 'Paolo Fraire', 'Patria', 'Práxedis Guerrero', 'Rafael Ramírez', 'SABES', 'Santa Rosa 238', 'Sor Juana Inés de la Cruz', 'Telesecundaria 454', 'Telesecundaria 512', 'Telesecundaria 600', 'Técnica de San Bartolo', 'UVEG', 'Vicente Guerrero', 'Vidal Acolcer', 'Álvaro Obregón']
2026-01-15 15:59:06 - src.core.utils.logging_config - StoreID:N/A - DEBUG - Obtenidos 4 valores únicos para nivel_educativo en 0.000s
2026-01-15 15:59:06 - src.core.utils.logging_config - StoreID:N/A - DEBUG - Valores para nivel_educativo: ['Bachillerato', 'Preescolar', 'Primaria', 'Secundaria']
2026-01-15 15:59:06 - src.core.utils.logging_config - StoreID:N/A - DEBUG - Obtenidos 3 valores únicos para genero en 0.000s
2026-01-15 15:59:06 - src.core.utils.logging_config - StoreID:N/A - DEBUG - Valores para genero: ['Hombre', 'Mujer', 'Unisex']
2026-01-15 15:59:06 - src.core.utils.logging_config - StoreID:N/A - DEBUG - Obtenidos 5 valores únicos para marca en 0.000s
2026-01-15 15:59:06 - src.core.utils.logging_config - StoreID:N/A - DEBUG - Valores para marca: ['Claudia', 'Lobito', 'MarcaX', 'MarcaY', 'Prowear']
2026-01-15 15:59:06 - src.core.utils.logging_config - StoreID:N/A - DEBUG - Obtenidos 43 valores únicos para talla en 0.000s
2026-01-15 15:59:06 - src.core.utils.logging_config - StoreID:N/A - DEBUG - Valores para talla: ['2', '3', '4', '5', '6', '7', '8', '9', '10', '11', '12', '13', '14', '16', '18', '20', '28', '30', '32', '34', '36', '38', '40', '42', '44', '46', 'M', 'L', 'CH', 'MD', 'GD', 'EXG', 'Uni', 'ESP', '0-0', '0-2', '3-5', '6-8', '9-12', '13-18', 'CH-MD', 'GD-EXG', 'Dama']
2026-01-15 15:59:06 - src.core.utils.logging_config - StoreID:N/A - INFO - Comboboxes inicializados correctamente
2026-01-15 15:59:06 - src.core.utils.logging_config - StoreID:N/A - DEBUG - Label de filtros actualizado: Sin filtros activos
2026-01-15 15:59:06 - src.core.utils.logging_config - StoreID:N/A - DEBUG - Lock interface called with lock=True, tree exists=1
2026-01-15 15:59:06 - src.core.utils.logging_config - StoreID:N/A - DEBUG - Cargando productos para página 1, batch_size=30
2026-01-15 15:59:06 - src.core.utils.logging_config - StoreID:N/A - DEBUG - Actualizando paginación: total_items=4034, current_page=0, total_pages=135
2026-01-15 15:59:06 - src.core.utils.logging_config - StoreID:N/A - DEBUG - Texto de paginación actualizado: Página 1 de 135
2026-01-15 15:59:06 - src.core.utils.logging_config - StoreID:N/A - DEBUG - Conteo de selección actualizado: 0/30
2026-01-15 15:59:06 - src.core.utils.logging_config - StoreID:N/A - INFO - Cargados 30 productos, página 1, total páginas: 135, tiempo: 0.131s
2026-01-15 15:59:06 - src.core.utils.logging_config - StoreID:N/A - DEBUG - Lock interface called with lock=False, tree exists=1
2026-01-15 15:59:07 - src.core.utils.logging_config - StoreID:N/A - DEBUG - Inicializando CheckComboBox con column=None
2026-01-15 15:59:07 - src.core.utils.logging_config - StoreID:N/A - DEBUG - CheckComboBox creado con label=Escuelas, column=None
2026-01-15 15:59:10 - src.core.utils.logging_config - StoreID:N/A - INFO - Inicializando ProductManagerLogic para tienda 1
2026-01-15 15:59:10 - src.core.utils.logging_config - StoreID:N/A - DEBUG - ProductEditForm inicializado para tienda 1
2026-01-15 15:59:10 - src.core.utils.logging_config - StoreID:N/A - INFO - Inicializando ProductManagerUI para tienda 1
2026-01-15 15:59:10 - src.core.utils.logging_config - StoreID:N/A - DEBUG - Ícono cargado: edit
2026-01-15 15:59:10 - src.core.utils.logging_config - StoreID:N/A - DEBUG - Ícono cargado: copy
2026-01-15 15:59:10 - src.core.utils.logging_config - StoreID:N/A - DEBUG - Ícono cargado: delete
2026-01-15 15:59:10 - src.core.utils.logging_config - StoreID:N/A - DEBUG - Ícono cargado: duplicate
2026-01-15 15:59:10 - src.core.utils.logging_config - StoreID:N/A - DEBUG - Ícono cargado: price
2026-01-15 15:59:10 - src.core.utils.logging_config - StoreID:N/A - DEBUG - Ícono cargado: print
2026-01-15 15:59:10 - src.core.utils.logging_config - StoreID:N/A - DEBUG - Ícono cargado: inventory
2026-01-15 15:59:10 - src.core.utils.logging_config - StoreID:N/A - DEBUG - Inicializando CheckComboBox con column=color
2026-01-15 15:59:10 - src.core.utils.logging_config - StoreID:N/A - DEBUG - CheckComboBox creado con label=Color, column=color
2026-01-15 15:59:10 - src.core.utils.logging_config - StoreID:N/A - DEBUG - Inicializando CheckComboBox con column=tipo_prenda
2026-01-15 15:59:10 - src.core.utils.logging_config - StoreID:N/A - DEBUG - CheckComboBox creado con label=Tipo Prenda, column=tipo_prenda
2026-01-15 15:59:10 - src.core.utils.logging_config - StoreID:N/A - DEBUG - Inicializando CheckComboBox con column=tipo_pieza
2026-01-15 15:59:10 - src.core.utils.logging_config - StoreID:N/A - DEBUG - CheckComboBox creado con label=Tipo Pieza, column=tipo_pieza
2026-01-15 15:59:10 - src.core.utils.logging_config - StoreID:N/A - DEBUG - Inicializando CheckComboBox con column=atributo
2026-01-15 15:59:10 - src.core.utils.logging_config - StoreID:N/A - DEBUG - CheckComboBox creado con label=Atributo, column=atributo
2026-01-15 15:59:10 - src.core.utils.logging_config - StoreID:N/A - DEBUG - Inicializando CheckComboBox con column=escuela
2026-01-15 15:59:11 - src.core.utils.logging_config - StoreID:N/A - DEBUG - CheckComboBox creado con label=Escuela, column=escuela
2026-01-15 15:59:11 - src.core.utils.logging_config - StoreID:N/A - DEBUG - Inicializando CheckComboBox con column=nivel_educativo
2026-01-15 15:59:11 - src.core.utils.logging_config - StoreID:N/A - DEBUG - CheckComboBox creado con label=Nivel Educativo, column=nivel_educativo
2026-01-15 15:59:11 - src.core.utils.logging_config - StoreID:N/A - DEBUG - Inicializando CheckComboBox con column=genero
2026-01-15 15:59:11 - src.core.utils.logging_config - StoreID:N/A - DEBUG - CheckComboBox creado con label=Género, column=genero
2026-01-15 15:59:11 - src.core.utils.logging_config - StoreID:N/A - DEBUG - Inicializando CheckComboBox con column=marca
2026-01-15 15:59:11 - src.core.utils.logging_config - StoreID:N/A - DEBUG - CheckComboBox creado con label=Marca, column=marca
2026-01-15 15:59:11 - src.core.utils.logging_config - StoreID:N/A - DEBUG - Inicializando CheckComboBox con column=talla
2026-01-15 15:59:11 - src.core.utils.logging_config - StoreID:N/A - DEBUG - CheckComboBox creado con label=Talla, column=talla
2026-01-15 15:59:12 - src.core.utils.logging_config - StoreID:N/A - DEBUG - Inicializando comboboxes para filtros
2026-01-15 15:59:12 - src.core.utils.logging_config - StoreID:N/A - DEBUG - Obtenidos 32 valores únicos para color en 0.005s
2026-01-15 15:59:12 - src.core.utils.logging_config - StoreID:N/A - DEBUG - Valores para color: ['Ad hoc', 'Amarillo', 'Azul', 'Azul Marino', 'Azul Rey', 'Azul cielo', 'Beige', 'Bicolor', 'Blanca', 'Blanco', 'Café', 'Camuflaje', 'Caqui', 'Doble raya', 'Escoces', 'Gales azul', 'Gales rojo', 'Gales verde', 'Gris', 'Gris claro', 'Gris obscuro', 'Negro', 'Pata de gallo', 'Pgallo cafe', 'Raya roja', 'Rojo', 'Rosa', 'SABES', 'Verde', 'Verde limon', 'Verde olivo', 'Vino']
2026-01-15 15:59:12 - src.core.utils.logging_config - StoreID:N/A - DEBUG - Obtenidos 6 valores únicos para tipo_prenda en 0.004s
2026-01-15 15:59:12 - src.core.utils.logging_config - StoreID:N/A - DEBUG - Valores para tipo_prenda: ['Accesorio', 'Básico', 'Deportivo', 'Escolta', 'Oficial', 'Uniforme']
2026-01-15 15:59:12 - src.core.utils.logging_config - StoreID:N/A - DEBUG - Obtenidos 20 valores únicos para tipo_pieza en 0.005s
2026-01-15 15:59:12 - src.core.utils.logging_config - StoreID:N/A - DEBUG - Valores para tipo_pieza: ['Bata', 'Boina', 'Calceta', 'Camisa', 'Chaleco', 'Chamarra', 'Corbata', 'Corbatín', 'Falda', 'Guante', 'Jumper', 'Malla', 'Mascada', 'Mońo', 'Pantalón', 'Pants 2pz', 'Pants 3pz', 'Pants Suelto', 'Playera', 'Suéter']
2026-01-15 15:59:12 - src.core.utils.logging_config - StoreID:N/A - DEBUG - Obtenidos 23 valores únicos para atributo en 0.005s
2026-01-15 15:59:12 - src.core.utils.logging_config - StoreID:N/A - DEBUG - Valores para atributo: ['Algodón', 'Botones', 'Chazarilla', 'Conalep', 'Conjunto', 'Cuatro tablas', 'Cuello Olan', 'Cuello V', 'Cuello olan', 'Deportiva', 'Deportivo', 'Escolar', 'Escolta', 'Gabardina', 'Infantil', 'Liso', 'Manga Corta', 'Manga Larga', 'Oferta', 'Polo', 'Punto', 'Tortuga', 'Vestir']
2026-01-15 15:59:12 - src.core.utils.logging_config - StoreID:N/A - DEBUG - Obtenidos 56 valores únicos para escuela en 0.001s
2026-01-15 15:59:12 - src.core.utils.logging_config - StoreID:N/A - DEBUG - Valores para escuela: ['16 de Septiembre', 'Adolfo Lopez Mareo', 'Adolfo Lopez Mateo', 'Albino García Ramos', 'Alvaro Obregon', 'Benito Juárez', 'Bicentenario', 'Blanca Verónica Soto Martínez Príncipes', 'CBTIS 148', 'CECYTE', 'Club Rotario', 'Colegio Motolinea', 'Conalep', 'ESTV 663', 'Emiliano Zapata', 'Erasmo Castellano', 'EsTv 154', 'Francisco González Bocanegra', 'Francisco Villa', 'Frida Kahlo', 'Guillermo Prieto', 'Himno Nacional', 'Huizache', 'Ignacio Allende', 'Ignacio Ramirez Lopez', 'Ignacio Zaragoza', 'J. Guadalupe Victoria', 'Jean Piaget', 'Jorge Cantor', 'Josefa Ortiz de Domínguez', 'José María Morelos', 'José María Morelos y Pavón', 'Justo Sierra', 'Manuel Gutiérrez Nájera', 'Margarita Paz Paredes', 'Miguel Campuzano', 'Miguel Hidalgo', 'Narciso Mendoza', 'Nińos Héroes', 'Omecalli', 'Palacio', 'Paolo Fraire', 'Patria', 'Práxedis Guerrero', 'Rafael Ramírez', 'SABES', 'Santa Rosa 238', 'Sor Juana Inés de la Cruz', 'Telesecundaria 454', 'Telesecundaria 512', 'Telesecundaria 600', 'Técnica de San Bartolo', 'UVEG', 'Vicente Guerrero', 'Vidal Acolcer', 'Álvaro Obregón']
2026-01-15 15:59:12 - src.core.utils.logging_config - StoreID:N/A - DEBUG - Obtenidos 4 valores únicos para nivel_educativo en 0.003s
2026-01-15 15:59:12 - src.core.utils.logging_config - StoreID:N/A - DEBUG - Valores para nivel_educativo: ['Bachillerato', 'Preescolar', 'Primaria', 'Secundaria']
2026-01-15 15:59:12 - src.core.utils.logging_config - StoreID:N/A - DEBUG - Obtenidos 3 valores únicos para genero en 0.002s
2026-01-15 15:59:12 - src.core.utils.logging_config - StoreID:N/A - DEBUG - Valores para genero: ['Hombre', 'Mujer', 'Unisex']
2026-01-15 15:59:12 - src.core.utils.logging_config - StoreID:N/A - DEBUG - Obtenidos 5 valores únicos para marca en 0.003s
2026-01-15 15:59:12 - src.core.utils.logging_config - StoreID:N/A - DEBUG - Valores para marca: ['Claudia', 'Lobito', 'MarcaX', 'MarcaY', 'Prowear']
2026-01-15 15:59:12 - src.core.utils.logging_config - StoreID:N/A - DEBUG - Obtenidos 43 valores únicos para talla en 0.005s
2026-01-15 15:59:12 - src.core.utils.logging_config - StoreID:N/A - DEBUG - Valores para talla: ['2', '3', '4', '5', '6', '7', '8', '9', '10', '11', '12', '13', '14', '16', '18', '20', '28', '30', '32', '34', '36', '38', '40', '42', '44', '46', 'M', 'L', 'CH', 'MD', 'GD', 'EXG', 'Uni', 'ESP', '0-0', '0-2', '3-5', '6-8', '9-12', '13-18', 'CH-MD', 'GD-EXG', 'Dama']
2026-01-15 15:59:12 - src.core.utils.logging_config - StoreID:N/A - INFO - Comboboxes inicializados correctamente
2026-01-15 15:59:12 - src.core.utils.logging_config - StoreID:N/A - DEBUG - Label de filtros actualizado: Sin filtros activos
2026-01-15 15:59:12 - src.core.utils.logging_config - StoreID:N/A - DEBUG - Lock interface called with lock=True, tree exists=1
2026-01-15 15:59:13 - src.core.utils.logging_config - StoreID:N/A - DEBUG - Cargando productos para página 1, batch_size=30
2026-01-15 15:59:13 - src.core.utils.logging_config - StoreID:N/A - DEBUG - Actualizando paginación: total_items=4034, current_page=0, total_pages=135
2026-01-15 15:59:13 - src.core.utils.logging_config - StoreID:N/A - DEBUG - Texto de paginación actualizado: Página 1 de 135
2026-01-15 15:59:13 - src.core.utils.logging_config - StoreID:N/A - DEBUG - Conteo de selección actualizado: 0/30
2026-01-15 15:59:13 - src.core.utils.logging_config - StoreID:N/A - INFO - Cargados 30 productos, página 1, total páginas: 135, tiempo: 0.172s
2026-01-15 15:59:13 - src.core.utils.logging_config - StoreID:N/A - DEBUG - Lock interface called with lock=False, tree exists=1
2026-01-15 15:59:13 - src.core.utils.logging_config - StoreID:N/A - DEBUG - Inicializando comboboxes para filtros
2026-01-15 15:59:13 - src.core.utils.logging_config - StoreID:N/A - DEBUG - Obtenidos 32 valores únicos para color en 0.000s
2026-01-15 15:59:13 - src.core.utils.logging_config - StoreID:N/A - DEBUG - Valores para color: ['Ad hoc', 'Amarillo', 'Azul', 'Azul Marino', 'Azul Rey', 'Azul cielo', 'Beige', 'Bicolor', 'Blanca', 'Blanco', 'Café', 'Camuflaje', 'Caqui', 'Doble raya', 'Escoces', 'Gales azul', 'Gales rojo', 'Gales verde', 'Gris', 'Gris claro', 'Gris obscuro', 'Negro', 'Pata de gallo', 'Pgallo cafe', 'Raya roja', 'Rojo', 'Rosa', 'SABES', 'Verde', 'Verde limon', 'Verde olivo', 'Vino']
2026-01-15 15:59:13 - src.core.utils.logging_config - StoreID:N/A - DEBUG - Obtenidos 6 valores únicos para tipo_prenda en 0.000s
2026-01-15 15:59:13 - src.core.utils.logging_config - StoreID:N/A - DEBUG - Valores para tipo_prenda: ['Accesorio', 'Básico', 'Deportivo', 'Escolta', 'Oficial', 'Uniforme']
2026-01-15 15:59:13 - src.core.utils.logging_config - StoreID:N/A - DEBUG - Obtenidos 20 valores únicos para tipo_pieza en 0.000s
2026-01-15 15:59:13 - src.core.utils.logging_config - StoreID:N/A - DEBUG - Valores para tipo_pieza: ['Bata', 'Boina', 'Calceta', 'Camisa', 'Chaleco', 'Chamarra', 'Corbata', 'Corbatín', 'Falda', 'Guante', 'Jumper', 'Malla', 'Mascada', 'Mońo', 'Pantalón', 'Pants 2pz', 'Pants 3pz', 'Pants Suelto', 'Playera', 'Suéter']
2026-01-15 15:59:13 - src.core.utils.logging_config - StoreID:N/A - DEBUG - Obtenidos 23 valores únicos para atributo en 0.000s
2026-01-15 15:59:13 - src.core.utils.logging_config - StoreID:N/A - DEBUG - Valores para atributo: ['Algodón', 'Botones', 'Chazarilla', 'Conalep', 'Conjunto', 'Cuatro tablas', 'Cuello Olan', 'Cuello V', 'Cuello olan', 'Deportiva', 'Deportivo', 'Escolar', 'Escolta', 'Gabardina', 'Infantil', 'Liso', 'Manga Corta', 'Manga Larga', 'Oferta', 'Polo', 'Punto', 'Tortuga', 'Vestir']
2026-01-15 15:59:13 - src.core.utils.logging_config - StoreID:N/A - DEBUG - Obtenidos 56 valores únicos para escuela en 0.000s
2026-01-15 15:59:13 - src.core.utils.logging_config - StoreID:N/A - DEBUG - Valores para escuela: ['16 de Septiembre', 'Adolfo Lopez Mareo', 'Adolfo Lopez Mateo', 'Albino García Ramos', 'Alvaro Obregon', 'Benito Juárez', 'Bicentenario', 'Blanca Verónica Soto Martínez Príncipes', 'CBTIS 148', 'CECYTE', 'Club Rotario', 'Colegio Motolinea', 'Conalep', 'ESTV 663', 'Emiliano Zapata', 'Erasmo Castellano', 'EsTv 154', 'Francisco González Bocanegra', 'Francisco Villa', 'Frida Kahlo', 'Guillermo Prieto', 'Himno Nacional', 'Huizache', 'Ignacio Allende', 'Ignacio Ramirez Lopez', 'Ignacio Zaragoza', 'J. Guadalupe Victoria', 'Jean Piaget', 'Jorge Cantor', 'Josefa Ortiz de Domínguez', 'José María Morelos', 'José María Morelos y Pavón', 'Justo Sierra', 'Manuel Gutiérrez Nájera', 'Margarita Paz Paredes', 'Miguel Campuzano', 'Miguel Hidalgo', 'Narciso Mendoza', 'Nińos Héroes', 'Omecalli', 'Palacio', 'Paolo Fraire', 'Patria', 'Práxedis Guerrero', 'Rafael Ramírez', 'SABES', 'Santa Rosa 238', 'Sor Juana Inés de la Cruz', 'Telesecundaria 454', 'Telesecundaria 512', 'Telesecundaria 600', 'Técnica de San Bartolo', 'UVEG', 'Vicente Guerrero', 'Vidal Acolcer', 'Álvaro Obregón']
2026-01-15 15:59:13 - src.core.utils.logging_config - StoreID:N/A - DEBUG - Obtenidos 4 valores únicos para nivel_educativo en 0.000s
2026-01-15 15:59:13 - src.core.utils.logging_config - StoreID:N/A - DEBUG - Valores para nivel_educativo: ['Bachillerato', 'Preescolar', 'Primaria', 'Secundaria']
2026-01-15 15:59:13 - src.core.utils.logging_config - StoreID:N/A - DEBUG - Obtenidos 3 valores únicos para genero en 0.000s
2026-01-15 15:59:13 - src.core.utils.logging_config - StoreID:N/A - DEBUG - Valores para genero: ['Hombre', 'Mujer', 'Unisex']
2026-01-15 15:59:13 - src.core.utils.logging_config - StoreID:N/A - DEBUG - Obtenidos 5 valores únicos para marca en 0.000s
2026-01-15 15:59:13 - src.core.utils.logging_config - StoreID:N/A - DEBUG - Valores para marca: ['Claudia', 'Lobito', 'MarcaX', 'MarcaY', 'Prowear']
2026-01-15 15:59:13 - src.core.utils.logging_config - StoreID:N/A - DEBUG - Obtenidos 43 valores únicos para talla en 0.000s
2026-01-15 15:59:13 - src.core.utils.logging_config - StoreID:N/A - DEBUG - Valores para talla: ['2', '3', '4', '5', '6', '7', '8', '9', '10', '11', '12', '13', '14', '16', '18', '20', '28', '30', '32', '34', '36', '38', '40', '42', '44', '46', 'M', 'L', 'CH', 'MD', 'GD', 'EXG', 'Uni', 'ESP', '0-0', '0-2', '3-5', '6-8', '9-12', '13-18', 'CH-MD', 'GD-EXG', 'Dama']
2026-01-15 15:59:13 - src.core.utils.logging_config - StoreID:N/A - INFO - Comboboxes inicializados correctamente
2026-01-15 15:59:13 - src.core.utils.logging_config - StoreID:N/A - DEBUG - Label de filtros actualizado: Sin filtros activos
2026-01-15 15:59:13 - src.core.utils.logging_config - StoreID:N/A - DEBUG - Lock interface called with lock=True, tree exists=1
2026-01-15 15:59:13 - src.core.utils.logging_config - StoreID:N/A - DEBUG - Cargando productos para página 1, batch_size=30
2026-01-15 15:59:13 - src.core.utils.logging_config - StoreID:N/A - DEBUG - Actualizando paginación: total_items=4034, current_page=0, total_pages=135
2026-01-15 15:59:13 - src.core.utils.logging_config - StoreID:N/A - DEBUG - Texto de paginación actualizado: Página 1 de 135
2026-01-15 15:59:13 - src.core.utils.logging_config - StoreID:N/A - DEBUG - Conteo de selección actualizado: 0/30
2026-01-15 15:59:13 - src.core.utils.logging_config - StoreID:N/A - INFO - Cargados 30 productos, página 1, total páginas: 135, tiempo: 0.132s
2026-01-15 15:59:13 - src.core.utils.logging_config - StoreID:N/A - DEBUG - Lock interface called with lock=False, tree exists=1
2026-01-15 15:59:24 - src.core.utils.logging_config - StoreID:N/A - DEBUG - Menú desplegable creado y mostrado
2026-01-15 15:59:25 - src.core.utils.logging_config - StoreID:N/A - DEBUG - Menú desplegable cerrado
2026-01-15 15:59:26 - src.core.utils.logging_config - StoreID:N/A - DEBUG - Menú desplegable creado y mostrado
2026-01-15 15:59:34 - src.core.utils.logging_config - StoreID:N/A - DEBUG - Ejecutando comando con selecciones: ['José María Morelos y Pavón'], column=escuela
2026-01-15 15:59:34 - src.core.utils.logging_config - StoreID:N/A - DEBUG - Lock interface called with lock=True, tree exists=1
2026-01-15 15:59:34 - src.core.utils.logging_config - StoreID:N/A - DEBUG - Cargando productos para página 1, batch_size=30
2026-01-15 15:59:34 - src.core.utils.logging_config - StoreID:N/A - DEBUG - Actualizando paginación: total_items=66, current_page=0, total_pages=3
2026-01-15 15:59:34 - src.core.utils.logging_config - StoreID:N/A - DEBUG - Texto de paginación actualizado: Página 1 de 3
2026-01-15 15:59:34 - src.core.utils.logging_config - StoreID:N/A - DEBUG - Conteo de selección actualizado: 0/30
2026-01-15 15:59:34 - src.core.utils.logging_config - StoreID:N/A - INFO - Cargados 30 productos, página 1, total páginas: 3, tiempo: 0.132s
2026-01-15 15:59:34 - src.core.utils.logging_config - StoreID:N/A - DEBUG - Lock interface called with lock=False, tree exists=1
2026-01-15 15:59:34 - src.core.utils.logging_config - StoreID:N/A - DEBUG - Label de filtros actualizado: Filtros: Escuela: José María Morelos y Pavón
2026-01-15 15:59:37 - src.core.utils.logging_config - StoreID:N/A - DEBUG - Conteo de selección actualizado: 1/30
2026-01-15 15:59:37 - src.core.utils.logging_config - StoreID:N/A - DEBUG - Mostrando detalles para SKU: SKU002382
2026-01-15 15:59:37 - src.core.utils.logging_config - StoreID:N/A - DEBUG - Intentando cargar imagen desde: None
2026-01-15 15:59:37 - src.core.utils.logging_config - StoreID:N/A - DEBUG - Carpeta creada o existente: c:\Users\dafab\OneDrive\Documentos\Gestor\Gestor_de_Inventarios\Mis codigos\Playera Deportiva Ad hoc Talla_Deportivo_Playera\6
2026-01-15 15:59:38 - src.core.utils.logging_config - StoreID:N/A - DEBUG - Etiqueta cargada exitosamente: c:\Users\dafab\OneDrive\Documentos\Gestor\Gestor_de_Inventarios\Mis codigos\Playera Deportiva Ad hoc Talla_Deportivo_Playera\6\label_SKU002382.png
2026-01-15 15:59:38 - src.core.utils.logging_config - StoreID:N/A - DEBUG - Conteo de selección actualizado: 1/30
2026-01-15 15:59:38 - src.core.utils.logging_config - StoreID:N/A - DEBUG - Mostrando detalles para SKU: SKU002382
2026-01-15 15:59:38 - src.core.utils.logging_config - StoreID:N/A - DEBUG - Intentando cargar imagen desde: None
2026-01-15 15:59:39 - src.core.utils.logging_config - StoreID:N/A - DEBUG - Carpeta creada o existente: c:\Users\dafab\OneDrive\Documentos\Gestor\Gestor_de_Inventarios\Mis codigos\Playera Deportiva Ad hoc Talla_Deportivo_Playera\6
2026-01-15 15:59:39 - src.core.utils.logging_config - StoreID:N/A - DEBUG - Etiqueta cargada exitosamente: c:\Users\dafab\OneDrive\Documentos\Gestor\Gestor_de_Inventarios\Mis codigos\Playera Deportiva Ad hoc Talla_Deportivo_Playera\6\label_SKU002382.png
2026-01-15 15:59:40 - src.core.utils.logging_config - StoreID:N/A - DEBUG - Abriendo vista previa de impresión con label_path: c:\Users\dafab\OneDrive\Documentos\Gestor\Gestor_de_Inventarios\Mis codigos\Playera Deportiva Ad hoc Talla_Deportivo_Playera\6\label_SKU002382.png
2026-01-15 15:59:40 - src.core.utils.logging_config - StoreID:N/A - DEBUG - SKU seleccionado al abrir PrintPreviewWindow: SKU002382
2026-01-15 15:59:40 - src.core.utils.logging_config - StoreID:N/A - DEBUG - Etiqueta cargada para SKU SKU002382: c:\Users\dafab\OneDrive\Documentos\Gestor\Gestor_de_Inventarios\Mis codigos\Playera Deportiva Ad hoc Talla_Deportivo_Playera\6\label_SKU002382.png
2026-01-15 15:59:50 - src.core.utils.logging_config - StoreID:N/A - DEBUG - Conteo de selección actualizado: 1/30
2026-01-15 15:59:50 - src.core.utils.logging_config - StoreID:N/A - DEBUG - Mostrando detalles para SKU: SKU002382
2026-01-15 15:59:50 - src.core.utils.logging_config - StoreID:N/A - DEBUG - Intentando cargar imagen desde: None
2026-01-15 15:59:50 - src.core.utils.logging_config - StoreID:N/A - DEBUG - Carpeta creada o existente: c:\Users\dafab\OneDrive\Documentos\Gestor\Gestor_de_Inventarios\Mis codigos\Playera Deportiva Ad hoc Talla_Deportivo_Playera\6
2026-01-15 15:59:50 - src.core.utils.logging_config - StoreID:N/A - DEBUG - Etiqueta cargada exitosamente: c:\Users\dafab\OneDrive\Documentos\Gestor\Gestor_de_Inventarios\Mis codigos\Playera Deportiva Ad hoc Talla_Deportivo_Playera\6\label_SKU002382.png
2026-01-15 15:59:50 - src.core.utils.logging_config - StoreID:N/A - DEBUG - Selección del Treeview actualizada al item I052 (SKU: SKU002382, índice: 21)
2026-01-15 15:59:50 - src.core.utils.logging_config - StoreID:N/A - DEBUG - Conteo de selección actualizado: 1/30
2026-01-15 15:59:50 - src.core.utils.logging_config - StoreID:N/A - DEBUG - Mostrando detalles para SKU: SKU002382
2026-01-15 15:59:50 - src.core.utils.logging_config - StoreID:N/A - DEBUG - Intentando cargar imagen desde: None
2026-01-15 15:59:50 - src.core.utils.logging_config - StoreID:N/A - DEBUG - Carpeta creada o existente: c:\Users\dafab\OneDrive\Documentos\Gestor\Gestor_de_Inventarios\Mis codigos\Playera Deportiva Ad hoc Talla_Deportivo_Playera\6
2026-01-15 15:59:50 - src.core.utils.logging_config - StoreID:N/A - DEBUG - Etiqueta cargada exitosamente: c:\Users\dafab\OneDrive\Documentos\Gestor\Gestor_de_Inventarios\Mis codigos\Playera Deportiva Ad hoc Talla_Deportivo_Playera\6\label_SKU002382.png
2026-01-15 15:59:50 - src.core.utils.logging_config - StoreID:N/A - DEBUG - Conteo de selección actualizado: 1/30
2026-01-15 15:59:50 - src.core.utils.logging_config - StoreID:N/A - DEBUG - Mostrando detalles para SKU: SKU002382
2026-01-15 15:59:50 - src.core.utils.logging_config - StoreID:N/A - DEBUG - Intentando cargar imagen desde: None
2026-01-15 15:59:50 - src.core.utils.logging_config - StoreID:N/A - DEBUG - Carpeta creada o existente: c:\Users\dafab\OneDrive\Documentos\Gestor\Gestor_de_Inventarios\Mis codigos\Playera Deportiva Ad hoc Talla_Deportivo_Playera\6
2026-01-15 15:59:50 - src.core.utils.logging_config - StoreID:N/A - DEBUG - Etiqueta cargada exitosamente: c:\Users\dafab\OneDrive\Documentos\Gestor\Gestor_de_Inventarios\Mis codigos\Playera Deportiva Ad hoc Talla_Deportivo_Playera\6\label_SKU002382.png
2026-01-15 15:59:50 - src.core.utils.logging_config - StoreID:N/A - DEBUG - Etiqueta cargada para SKU SKU002397: c:\Users\dafab\OneDrive\Documentos\Gestor\Gestor_de_Inventarios\Mis codigos\Playera Deportiva Ad hoc Talla_Deportivo_Playera\8\label_SKU002397.png
2026-01-15 15:59:50 - src.core.utils.logging_config - StoreID:N/A - DEBUG - Conteo de selección actualizado: 1/30
2026-01-15 15:59:50 - src.core.utils.logging_config - StoreID:N/A - DEBUG - Mostrando detalles para SKU: SKU002397
2026-01-15 15:59:50 - src.core.utils.logging_config - StoreID:N/A - DEBUG - Intentando cargar imagen desde: None
2026-01-15 15:59:50 - src.core.utils.logging_config - StoreID:N/A - DEBUG - Carpeta creada o existente: c:\Users\dafab\OneDrive\Documentos\Gestor\Gestor_de_Inventarios\Mis codigos\Playera Deportiva Ad hoc Talla_Deportivo_Playera\8
2026-01-15 15:59:50 - src.core.utils.logging_config - StoreID:N/A - DEBUG - Etiqueta cargada exitosamente: c:\Users\dafab\OneDrive\Documentos\Gestor\Gestor_de_Inventarios\Mis codigos\Playera Deportiva Ad hoc Talla_Deportivo_Playera\8\label_SKU002397.png
2026-01-15 15:59:50 - src.core.utils.logging_config - StoreID:N/A - DEBUG - Selección del Treeview actualizada al item I053 (SKU: SKU002397, índice: 22)
2026-01-15 15:59:50 - src.core.utils.logging_config - StoreID:N/A - DEBUG - Conteo de selección actualizado: 1/30
2026-01-15 15:59:50 - src.core.utils.logging_config - StoreID:N/A - DEBUG - Mostrando detalles para SKU: SKU002397
2026-01-15 15:59:50 - src.core.utils.logging_config - StoreID:N/A - DEBUG - Intentando cargar imagen desde: None
2026-01-15 15:59:50 - src.core.utils.logging_config - StoreID:N/A - DEBUG - Carpeta creada o existente: c:\Users\dafab\OneDrive\Documentos\Gestor\Gestor_de_Inventarios\Mis codigos\Playera Deportiva Ad hoc Talla_Deportivo_Playera\8
2026-01-15 15:59:50 - src.core.utils.logging_config - StoreID:N/A - DEBUG - Etiqueta cargada exitosamente: c:\Users\dafab\OneDrive\Documentos\Gestor\Gestor_de_Inventarios\Mis codigos\Playera Deportiva Ad hoc Talla_Deportivo_Playera\8\label_SKU002397.png
2026-01-15 15:59:50 - src.core.utils.logging_config - StoreID:N/A - DEBUG - Conteo de selección actualizado: 1/30
2026-01-15 15:59:50 - src.core.utils.logging_config - StoreID:N/A - DEBUG - Mostrando detalles para SKU: SKU002397
2026-01-15 15:59:50 - src.core.utils.logging_config - StoreID:N/A - DEBUG - Intentando cargar imagen desde: None
2026-01-15 15:59:50 - src.core.utils.logging_config - StoreID:N/A - DEBUG - Carpeta creada o existente: c:\Users\dafab\OneDrive\Documentos\Gestor\Gestor_de_Inventarios\Mis codigos\Playera Deportiva Ad hoc Talla_Deportivo_Playera\8
2026-01-15 15:59:50 - src.core.utils.logging_config - StoreID:N/A - DEBUG - Etiqueta cargada exitosamente: c:\Users\dafab\OneDrive\Documentos\Gestor\Gestor_de_Inventarios\Mis codigos\Playera Deportiva Ad hoc Talla_Deportivo_Playera\8\label_SKU002397.png
2026-01-15 15:59:51 - src.core.utils.logging_config - StoreID:N/A - DEBUG - Conteo de selección actualizado: 1/30
2026-01-15 15:59:51 - src.core.utils.logging_config - StoreID:N/A - DEBUG - Mostrando detalles para SKU: SKU002397
2026-01-15 15:59:51 - src.core.utils.logging_config - StoreID:N/A - DEBUG - Intentando cargar imagen desde: None
2026-01-15 15:59:51 - src.core.utils.logging_config - StoreID:N/A - DEBUG - Carpeta creada o existente: c:\Users\dafab\OneDrive\Documentos\Gestor\Gestor_de_Inventarios\Mis codigos\Playera Deportiva Ad hoc Talla_Deportivo_Playera\8
2026-01-15 15:59:51 - src.core.utils.logging_config - StoreID:N/A - DEBUG - Etiqueta cargada exitosamente: c:\Users\dafab\OneDrive\Documentos\Gestor\Gestor_de_Inventarios\Mis codigos\Playera Deportiva Ad hoc Talla_Deportivo_Playera\8\label_SKU002397.png
2026-01-15 15:59:51 - src.core.utils.logging_config - StoreID:N/A - DEBUG - Selección del Treeview actualizada al item I053 (SKU: SKU002397, índice: 22)
2026-01-15 15:59:51 - src.core.utils.logging_config - StoreID:N/A - DEBUG - Conteo de selección actualizado: 1/30
2026-01-15 15:59:51 - src.core.utils.logging_config - StoreID:N/A - DEBUG - Mostrando detalles para SKU: SKU002397
2026-01-15 15:59:51 - src.core.utils.logging_config - StoreID:N/A - DEBUG - Intentando cargar imagen desde: None
2026-01-15 15:59:51 - src.core.utils.logging_config - StoreID:N/A - DEBUG - Carpeta creada o existente: c:\Users\dafab\OneDrive\Documentos\Gestor\Gestor_de_Inventarios\Mis codigos\Playera Deportiva Ad hoc Talla_Deportivo_Playera\8
2026-01-15 15:59:51 - src.core.utils.logging_config - StoreID:N/A - DEBUG - Etiqueta cargada exitosamente: c:\Users\dafab\OneDrive\Documentos\Gestor\Gestor_de_Inventarios\Mis codigos\Playera Deportiva Ad hoc Talla_Deportivo_Playera\8\label_SKU002397.png
2026-01-15 15:59:51 - src.core.utils.logging_config - StoreID:N/A - DEBUG - Conteo de selección actualizado: 1/30
2026-01-15 15:59:51 - src.core.utils.logging_config - StoreID:N/A - DEBUG - Mostrando detalles para SKU: SKU002397
2026-01-15 15:59:51 - src.core.utils.logging_config - StoreID:N/A - DEBUG - Intentando cargar imagen desde: None
2026-01-15 15:59:51 - src.core.utils.logging_config - StoreID:N/A - DEBUG - Carpeta creada o existente: c:\Users\dafab\OneDrive\Documentos\Gestor\Gestor_de_Inventarios\Mis codigos\Playera Deportiva Ad hoc Talla_Deportivo_Playera\8
2026-01-15 15:59:51 - src.core.utils.logging_config - StoreID:N/A - DEBUG - Etiqueta cargada exitosamente: c:\Users\dafab\OneDrive\Documentos\Gestor\Gestor_de_Inventarios\Mis codigos\Playera Deportiva Ad hoc Talla_Deportivo_Playera\8\label_SKU002397.png
2026-01-15 15:59:52 - src.core.utils.logging_config - StoreID:N/A - DEBUG - Conteo de selección actualizado: 1/30
2026-01-15 15:59:52 - src.core.utils.logging_config - StoreID:N/A - DEBUG - Mostrando detalles para SKU: SKU002397
2026-01-15 15:59:52 - src.core.utils.logging_config - StoreID:N/A - DEBUG - Intentando cargar imagen desde: None
2026-01-15 15:59:52 - src.core.utils.logging_config - StoreID:N/A - DEBUG - Carpeta creada o existente: c:\Users\dafab\OneDrive\Documentos\Gestor\Gestor_de_Inventarios\Mis codigos\Playera Deportiva Ad hoc Talla_Deportivo_Playera\8
2026-01-15 15:59:52 - src.core.utils.logging_config - StoreID:N/A - DEBUG - Etiqueta cargada exitosamente: c:\Users\dafab\OneDrive\Documentos\Gestor\Gestor_de_Inventarios\Mis codigos\Playera Deportiva Ad hoc Talla_Deportivo_Playera\8\label_SKU002397.png
2026-01-15 15:59:52 - src.core.utils.logging_config - StoreID:N/A - DEBUG - Selección del Treeview actualizada al item I053 (SKU: SKU002397, índice: 22)
2026-01-15 15:59:52 - src.core.utils.logging_config - StoreID:N/A - DEBUG - Conteo de selección actualizado: 1/30
2026-01-15 15:59:52 - src.core.utils.logging_config - StoreID:N/A - DEBUG - Mostrando detalles para SKU: SKU002397
2026-01-15 15:59:52 - src.core.utils.logging_config - StoreID:N/A - DEBUG - Intentando cargar imagen desde: None
2026-01-15 15:59:52 - src.core.utils.logging_config - StoreID:N/A - DEBUG - Carpeta creada o existente: c:\Users\dafab\OneDrive\Documentos\Gestor\Gestor_de_Inventarios\Mis codigos\Playera Deportiva Ad hoc Talla_Deportivo_Playera\8
2026-01-15 15:59:52 - src.core.utils.logging_config - StoreID:N/A - DEBUG - Etiqueta cargada exitosamente: c:\Users\dafab\OneDrive\Documentos\Gestor\Gestor_de_Inventarios\Mis codigos\Playera Deportiva Ad hoc Talla_Deportivo_Playera\8\label_SKU002397.png
2026-01-15 15:59:52 - src.core.utils.logging_config - StoreID:N/A - DEBUG - Conteo de selección actualizado: 1/30
2026-01-15 15:59:52 - src.core.utils.logging_config - StoreID:N/A - DEBUG - Mostrando detalles para SKU: SKU002397
2026-01-15 15:59:52 - src.core.utils.logging_config - StoreID:N/A - DEBUG - Intentando cargar imagen desde: None
2026-01-15 15:59:52 - src.core.utils.logging_config - StoreID:N/A - DEBUG - Carpeta creada o existente: c:\Users\dafab\OneDrive\Documentos\Gestor\Gestor_de_Inventarios\Mis codigos\Playera Deportiva Ad hoc Talla_Deportivo_Playera\8
2026-01-15 15:59:52 - src.core.utils.logging_config - StoreID:N/A - DEBUG - Etiqueta cargada exitosamente: c:\Users\dafab\OneDrive\Documentos\Gestor\Gestor_de_Inventarios\Mis codigos\Playera Deportiva Ad hoc Talla_Deportivo_Playera\8\label_SKU002397.png
2026-01-15 15:59:52 - src.core.utils.logging_config - StoreID:N/A - DEBUG - Etiqueta cargada para SKU SKU002412: c:\Users\dafab\OneDrive\Documentos\Gestor\Gestor_de_Inventarios\Mis codigos\Playera Deportiva Ad hoc Talla_Deportivo_Playera\10\label_SKU002412.png
2026-01-15 15:59:52 - src.core.utils.logging_config - StoreID:N/A - DEBUG - Conteo de selección actualizado: 1/30
2026-01-15 15:59:52 - src.core.utils.logging_config - StoreID:N/A - DEBUG - Mostrando detalles para SKU: SKU002412
2026-01-15 15:59:52 - src.core.utils.logging_config - StoreID:N/A - DEBUG - Intentando cargar imagen desde: None
2026-01-15 15:59:52 - src.core.utils.logging_config - StoreID:N/A - DEBUG - Carpeta creada o existente: c:\Users\dafab\OneDrive\Documentos\Gestor\Gestor_de_Inventarios\Mis codigos\Playera Deportiva Ad hoc Talla_Deportivo_Playera\10
2026-01-15 15:59:52 - src.core.utils.logging_config - StoreID:N/A - DEBUG - Etiqueta cargada exitosamente: c:\Users\dafab\OneDrive\Documentos\Gestor\Gestor_de_Inventarios\Mis codigos\Playera Deportiva Ad hoc Talla_Deportivo_Playera\10\label_SKU002412.png
2026-01-15 15:59:52 - src.core.utils.logging_config - StoreID:N/A - DEBUG - Selección del Treeview actualizada al item I054 (SKU: SKU002412, índice: 23)
2026-01-15 15:59:52 - src.core.utils.logging_config - StoreID:N/A - DEBUG - Conteo de selección actualizado: 1/30
2026-01-15 15:59:52 - src.core.utils.logging_config - StoreID:N/A - DEBUG - Mostrando detalles para SKU: SKU002412
2026-01-15 15:59:52 - src.core.utils.logging_config - StoreID:N/A - DEBUG - Intentando cargar imagen desde: None
2026-01-15 15:59:52 - src.core.utils.logging_config - StoreID:N/A - DEBUG - Carpeta creada o existente: c:\Users\dafab\OneDrive\Documentos\Gestor\Gestor_de_Inventarios\Mis codigos\Playera Deportiva Ad hoc Talla_Deportivo_Playera\10
2026-01-15 15:59:52 - src.core.utils.logging_config - StoreID:N/A - DEBUG - Etiqueta cargada exitosamente: c:\Users\dafab\OneDrive\Documentos\Gestor\Gestor_de_Inventarios\Mis codigos\Playera Deportiva Ad hoc Talla_Deportivo_Playera\10\label_SKU002412.png
2026-01-15 15:59:52 - src.core.utils.logging_config - StoreID:N/A - DEBUG - Conteo de selección actualizado: 1/30
2026-01-15 15:59:52 - src.core.utils.logging_config - StoreID:N/A - DEBUG - Mostrando detalles para SKU: SKU002412
2026-01-15 15:59:52 - src.core.utils.logging_config - StoreID:N/A - DEBUG - Intentando cargar imagen desde: None
2026-01-15 15:59:52 - src.core.utils.logging_config - StoreID:N/A - DEBUG - Carpeta creada o existente: c:\Users\dafab\OneDrive\Documentos\Gestor\Gestor_de_Inventarios\Mis codigos\Playera Deportiva Ad hoc Talla_Deportivo_Playera\10
2026-01-15 15:59:52 - src.core.utils.logging_config - StoreID:N/A - DEBUG - Etiqueta cargada exitosamente: c:\Users\dafab\OneDrive\Documentos\Gestor\Gestor_de_Inventarios\Mis codigos\Playera Deportiva Ad hoc Talla_Deportivo_Playera\10\label_SKU002412.png
2026-01-15 15:59:53 - src.core.utils.logging_config - StoreID:N/A - DEBUG - Conteo de selección actualizado: 1/30
2026-01-15 15:59:53 - src.core.utils.logging_config - StoreID:N/A - DEBUG - Mostrando detalles para SKU: SKU002412
2026-01-15 15:59:53 - src.core.utils.logging_config - StoreID:N/A - DEBUG - Intentando cargar imagen desde: None
2026-01-15 15:59:53 - src.core.utils.logging_config - StoreID:N/A - DEBUG - Carpeta creada o existente: c:\Users\dafab\OneDrive\Documentos\Gestor\Gestor_de_Inventarios\Mis codigos\Playera Deportiva Ad hoc Talla_Deportivo_Playera\10
2026-01-15 15:59:53 - src.core.utils.logging_config - StoreID:N/A - DEBUG - Etiqueta cargada exitosamente: c:\Users\dafab\OneDrive\Documentos\Gestor\Gestor_de_Inventarios\Mis codigos\Playera Deportiva Ad hoc Talla_Deportivo_Playera\10\label_SKU002412.png
2026-01-15 15:59:53 - src.core.utils.logging_config - StoreID:N/A - DEBUG - Selección del Treeview actualizada al item I054 (SKU: SKU002412, índice: 23)
2026-01-15 15:59:53 - src.core.utils.logging_config - StoreID:N/A - DEBUG - Conteo de selección actualizado: 1/30
2026-01-15 15:59:53 - src.core.utils.logging_config - StoreID:N/A - DEBUG - Mostrando detalles para SKU: SKU002412
2026-01-15 15:59:53 - src.core.utils.logging_config - StoreID:N/A - DEBUG - Intentando cargar imagen desde: None
2026-01-15 15:59:53 - src.core.utils.logging_config - StoreID:N/A - DEBUG - Carpeta creada o existente: c:\Users\dafab\OneDrive\Documentos\Gestor\Gestor_de_Inventarios\Mis codigos\Playera Deportiva Ad hoc Talla_Deportivo_Playera\10
2026-01-15 15:59:53 - src.core.utils.logging_config - StoreID:N/A - DEBUG - Etiqueta cargada exitosamente: c:\Users\dafab\OneDrive\Documentos\Gestor\Gestor_de_Inventarios\Mis codigos\Playera Deportiva Ad hoc Talla_Deportivo_Playera\10\label_SKU002412.png
2026-01-15 15:59:53 - src.core.utils.logging_config - StoreID:N/A - DEBUG - Conteo de selección actualizado: 1/30
2026-01-15 15:59:53 - src.core.utils.logging_config - StoreID:N/A - DEBUG - Mostrando detalles para SKU: SKU002412
2026-01-15 15:59:53 - src.core.utils.logging_config - StoreID:N/A - DEBUG - Intentando cargar imagen desde: None
2026-01-15 15:59:53 - src.core.utils.logging_config - StoreID:N/A - DEBUG - Carpeta creada o existente: c:\Users\dafab\OneDrive\Documentos\Gestor\Gestor_de_Inventarios\Mis codigos\Playera Deportiva Ad hoc Talla_Deportivo_Playera\10
2026-01-15 15:59:53 - src.core.utils.logging_config - StoreID:N/A - DEBUG - Etiqueta cargada exitosamente: c:\Users\dafab\OneDrive\Documentos\Gestor\Gestor_de_Inventarios\Mis codigos\Playera Deportiva Ad hoc Talla_Deportivo_Playera\10\label_SKU002412.png
2026-01-15 16:00:54 - src.core.utils.logging_config - StoreID:N/A - DEBUG - Etiqueta cargada para SKU SKU002427: c:\Users\dafab\OneDrive\Documentos\Gestor\Gestor_de_Inventarios\Mis codigos\Playera Deportiva Ad hoc Talla_Deportivo_Playera\12\label_SKU002427.png
2026-01-15 16:00:54 - src.core.utils.logging_config - StoreID:N/A - DEBUG - Conteo de selección actualizado: 1/30
2026-01-15 16:00:54 - src.core.utils.logging_config - StoreID:N/A - DEBUG - Mostrando detalles para SKU: SKU002427
2026-01-15 16:00:54 - src.core.utils.logging_config - StoreID:N/A - DEBUG - Intentando cargar imagen desde: None
2026-01-15 16:00:54 - src.core.utils.logging_config - StoreID:N/A - DEBUG - Carpeta creada o existente: c:\Users\dafab\OneDrive\Documentos\Gestor\Gestor_de_Inventarios\Mis codigos\Playera Deportiva Ad hoc Talla_Deportivo_Playera\12
2026-01-15 16:00:54 - src.core.utils.logging_config - StoreID:N/A - DEBUG - Etiqueta cargada exitosamente: c:\Users\dafab\OneDrive\Documentos\Gestor\Gestor_de_Inventarios\Mis codigos\Playera Deportiva Ad hoc Talla_Deportivo_Playera\12\label_SKU002427.png
2026-01-15 16:00:54 - src.core.utils.logging_config - StoreID:N/A - DEBUG - Selección del Treeview actualizada al item I055 (SKU: SKU002427, índice: 24)
2026-01-15 16:00:54 - src.core.utils.logging_config - StoreID:N/A - DEBUG - Conteo de selección actualizado: 1/30
2026-01-15 16:00:54 - src.core.utils.logging_config - StoreID:N/A - DEBUG - Mostrando detalles para SKU: SKU002427
2026-01-15 16:00:54 - src.core.utils.logging_config - StoreID:N/A - DEBUG - Intentando cargar imagen desde: None
2026-01-15 16:00:54 - src.core.utils.logging_config - StoreID:N/A - DEBUG - Carpeta creada o existente: c:\Users\dafab\OneDrive\Documentos\Gestor\Gestor_de_Inventarios\Mis codigos\Playera Deportiva Ad hoc Talla_Deportivo_Playera\12
2026-01-15 16:00:54 - src.core.utils.logging_config - StoreID:N/A - DEBUG - Etiqueta cargada exitosamente: c:\Users\dafab\OneDrive\Documentos\Gestor\Gestor_de_Inventarios\Mis codigos\Playera Deportiva Ad hoc Talla_Deportivo_Playera\12\label_SKU002427.png
2026-01-15 16:00:54 - src.core.utils.logging_config - StoreID:N/A - DEBUG - Conteo de selección actualizado: 1/30
2026-01-15 16:00:54 - src.core.utils.logging_config - StoreID:N/A - DEBUG - Mostrando detalles para SKU: SKU002427
2026-01-15 16:00:54 - src.core.utils.logging_config - StoreID:N/A - DEBUG - Intentando cargar imagen desde: None
2026-01-15 16:00:54 - src.core.utils.logging_config - StoreID:N/A - DEBUG - Carpeta creada o existente: c:\Users\dafab\OneDrive\Documentos\Gestor\Gestor_de_Inventarios\Mis codigos\Playera Deportiva Ad hoc Talla_Deportivo_Playera\12
2026-01-15 16:00:54 - src.core.utils.logging_config - StoreID:N/A - DEBUG - Etiqueta cargada exitosamente: c:\Users\dafab\OneDrive\Documentos\Gestor\Gestor_de_Inventarios\Mis codigos\Playera Deportiva Ad hoc Talla_Deportivo_Playera\12\label_SKU002427.png
2026-01-15 16:00:55 - src.core.utils.logging_config - StoreID:N/A - DEBUG - Conteo de selección actualizado: 1/30
2026-01-15 16:00:55 - src.core.utils.logging_config - StoreID:N/A - DEBUG - Mostrando detalles para SKU: SKU002427
2026-01-15 16:00:55 - src.core.utils.logging_config - StoreID:N/A - DEBUG - Intentando cargar imagen desde: None
2026-01-15 16:00:55 - src.core.utils.logging_config - StoreID:N/A - DEBUG - Carpeta creada o existente: c:\Users\dafab\OneDrive\Documentos\Gestor\Gestor_de_Inventarios\Mis codigos\Playera Deportiva Ad hoc Talla_Deportivo_Playera\12
2026-01-15 16:00:55 - src.core.utils.logging_config - StoreID:N/A - DEBUG - Etiqueta cargada exitosamente: c:\Users\dafab\OneDrive\Documentos\Gestor\Gestor_de_Inventarios\Mis codigos\Playera Deportiva Ad hoc Talla_Deportivo_Playera\12\label_SKU002427.png
2026-01-15 16:00:55 - src.core.utils.logging_config - StoreID:N/A - DEBUG - Selección del Treeview actualizada al item I055 (SKU: SKU002427, índice: 24)
2026-01-15 16:00:55 - src.core.utils.logging_config - StoreID:N/A - DEBUG - Conteo de selección actualizado: 1/30
2026-01-15 16:00:55 - src.core.utils.logging_config - StoreID:N/A - DEBUG - Mostrando detalles para SKU: SKU002427
2026-01-15 16:00:55 - src.core.utils.logging_config - StoreID:N/A - DEBUG - Intentando cargar imagen desde: None
2026-01-15 16:00:55 - src.core.utils.logging_config - StoreID:N/A - DEBUG - Carpeta creada o existente: c:\Users\dafab\OneDrive\Documentos\Gestor\Gestor_de_Inventarios\Mis codigos\Playera Deportiva Ad hoc Talla_Deportivo_Playera\12
2026-01-15 16:00:55 - src.core.utils.logging_config - StoreID:N/A - DEBUG - Etiqueta cargada exitosamente: c:\Users\dafab\OneDrive\Documentos\Gestor\Gestor_de_Inventarios\Mis codigos\Playera Deportiva Ad hoc Talla_Deportivo_Playera\12\label_SKU002427.png
2026-01-15 16:00:55 - src.core.utils.logging_config - StoreID:N/A - DEBUG - Conteo de selección actualizado: 1/30
2026-01-15 16:00:55 - src.core.utils.logging_config - StoreID:N/A - DEBUG - Mostrando detalles para SKU: SKU002427
2026-01-15 16:00:55 - src.core.utils.logging_config - StoreID:N/A - DEBUG - Intentando cargar imagen desde: None
2026-01-15 16:00:55 - src.core.utils.logging_config - StoreID:N/A - DEBUG - Carpeta creada o existente: c:\Users\dafab\OneDrive\Documentos\Gestor\Gestor_de_Inventarios\Mis codigos\Playera Deportiva Ad hoc Talla_Deportivo_Playera\12
2026-01-15 16:00:55 - src.core.utils.logging_config - StoreID:N/A - DEBUG - Etiqueta cargada exitosamente: c:\Users\dafab\OneDrive\Documentos\Gestor\Gestor_de_Inventarios\Mis codigos\Playera Deportiva Ad hoc Talla_Deportivo_Playera\12\label_SKU002427.png
