2025-09-14 09:48:56 - src.core.utils.logging_config - StoreID:N/A - INFO - Inicializando ProductManagerLogic para tienda 1
2025-09-14 09:48:56 - src.core.utils.logging_config - StoreID:N/A - DEBUG - ProductEditForm inicializado para tienda 1
2025-09-14 09:48:56 - src.core.utils.logging_config - StoreID:N/A - INFO - Inicializando ProductManagerUI para tienda 1
2025-09-14 09:48:56 - src.core.utils.logging_config - StoreID:N/A - DEBUG - Ķcono cargado: edit
2025-09-14 09:48:56 - src.core.utils.logging_config - StoreID:N/A - DEBUG - Ķcono cargado: copy
2025-09-14 09:48:56 - src.core.utils.logging_config - StoreID:N/A - DEBUG - Ķcono cargado: delete
2025-09-14 09:48:56 - src.core.utils.logging_config - StoreID:N/A - DEBUG - Ķcono cargado: duplicate
2025-09-14 09:48:56 - src.core.utils.logging_config - StoreID:N/A - DEBUG - Ķcono cargado: price
2025-09-14 09:48:56 - src.core.utils.logging_config - StoreID:N/A - DEBUG - Ķcono cargado: print
2025-09-14 09:48:56 - src.core.utils.logging_config - StoreID:N/A - DEBUG - Ķcono cargado: inventory
2025-09-14 09:48:57 - src.core.utils.logging_config - StoreID:N/A - DEBUG - Inicializando CheckComboBox con column=color
2025-09-14 09:48:57 - src.core.utils.logging_config - StoreID:N/A - DEBUG - CheckComboBox creado con label=Color, column=color
2025-09-14 09:48:57 - src.core.utils.logging_config - StoreID:N/A - DEBUG - Inicializando CheckComboBox con column=tipo_prenda
2025-09-14 09:48:57 - src.core.utils.logging_config - StoreID:N/A - DEBUG - CheckComboBox creado con label=Tipo Prenda, column=tipo_prenda
2025-09-14 09:48:57 - src.core.utils.logging_config - StoreID:N/A - DEBUG - Inicializando CheckComboBox con column=tipo_pieza
2025-09-14 09:48:57 - src.core.utils.logging_config - StoreID:N/A - DEBUG - CheckComboBox creado con label=Tipo Pieza, column=tipo_pieza
2025-09-14 09:48:57 - src.core.utils.logging_config - StoreID:N/A - DEBUG - Inicializando CheckComboBox con column=atributo
2025-09-14 09:48:57 - src.core.utils.logging_config - StoreID:N/A - DEBUG - CheckComboBox creado con label=Atributo, column=atributo
2025-09-14 09:48:57 - src.core.utils.logging_config - StoreID:N/A - DEBUG - Inicializando CheckComboBox con column=escuela
2025-09-14 09:48:57 - src.core.utils.logging_config - StoreID:N/A - DEBUG - CheckComboBox creado con label=Escuela, column=escuela
2025-09-14 09:48:57 - src.core.utils.logging_config - StoreID:N/A - DEBUG - Inicializando CheckComboBox con column=nivel_educativo
2025-09-14 09:48:57 - src.core.utils.logging_config - StoreID:N/A - DEBUG - CheckComboBox creado con label=Nivel Educativo, column=nivel_educativo
2025-09-14 09:48:57 - src.core.utils.logging_config - StoreID:N/A - DEBUG - Inicializando CheckComboBox con column=genero
2025-09-14 09:48:57 - src.core.utils.logging_config - StoreID:N/A - DEBUG - CheckComboBox creado con label=Género, column=genero
2025-09-14 09:48:57 - src.core.utils.logging_config - StoreID:N/A - DEBUG - Inicializando CheckComboBox con column=marca
2025-09-14 09:48:57 - src.core.utils.logging_config - StoreID:N/A - DEBUG - CheckComboBox creado con label=Marca, column=marca
2025-09-14 09:48:57 - src.core.utils.logging_config - StoreID:N/A - DEBUG - Inicializando CheckComboBox con column=talla
2025-09-14 09:48:57 - src.core.utils.logging_config - StoreID:N/A - DEBUG - CheckComboBox creado con label=Talla, column=talla
2025-09-14 09:48:57 - src.core.utils.logging_config - StoreID:N/A - DEBUG - Inicializando comboboxes para filtros
2025-09-14 09:48:58 - src.core.utils.logging_config - StoreID:N/A - DEBUG - Obtenidos 32 valores śnicos para color en 0.062s
2025-09-14 09:48:58 - src.core.utils.logging_config - StoreID:N/A - DEBUG - Valores para color: ['Ad hoc', 'Amarillo', 'Azul', 'Azul Marino', 'Azul Rey', 'Azul cielo', 'Beige', 'Bicolor', 'Blanca', 'Blanco', 'Café', 'Camuflaje', 'Caqui', 'Doble raya', 'Escoces', 'Gales azul', 'Gales rojo', 'Gales verde', 'Gris', 'Gris claro', 'Gris obscuro', 'Negro', 'Pata de gallo', 'Pgallo cafe', 'Raya roja', 'Rojo', 'Rosa', 'SABES', 'Verde', 'Verde limon', 'Verde olivo', 'Vino']
2025-09-14 09:48:58 - src.core.utils.logging_config - StoreID:N/A - DEBUG - Obtenidos 6 valores śnicos para tipo_prenda en 0.002s
2025-09-14 09:48:58 - src.core.utils.logging_config - StoreID:N/A - DEBUG - Valores para tipo_prenda: ['Accesorio', 'Bįsico', 'Deportivo', 'Escolta', 'Oficial', 'Uniforme']
2025-09-14 09:48:58 - src.core.utils.logging_config - StoreID:N/A - DEBUG - Obtenidos 20 valores śnicos para tipo_pieza en 0.003s
2025-09-14 09:48:58 - src.core.utils.logging_config - StoreID:N/A - DEBUG - Valores para tipo_pieza: ['Bata', 'Boina', 'Calceta', 'Camisa', 'Chaleco', 'Chamarra', 'Corbata', 'Corbatķn', 'Falda', 'Guante', 'Jumper', 'Malla', 'Mascada', 'Mońo', 'Pantalón', 'Pants 2pz', 'Pants 3pz', 'Pants Suelto', 'Playera', 'Suéter']
2025-09-14 09:48:58 - src.core.utils.logging_config - StoreID:N/A - DEBUG - Obtenidos 23 valores śnicos para atributo en 0.003s
2025-09-14 09:48:58 - src.core.utils.logging_config - StoreID:N/A - DEBUG - Valores para atributo: ['Algodón', 'Botones', 'Chazarilla', 'Conalep', 'Conjunto', 'Cuatro tablas', 'Cuello Olan', 'Cuello V', 'Cuello olan', 'Deportiva', 'Deportivo', 'Escolar', 'Escolta', 'Gabardina', 'Infantil', 'Liso', 'Manga Corta', 'Manga Larga', 'Oferta', 'Polo', 'Punto', 'Tortuga', 'Vestir']
2025-09-14 09:48:58 - src.core.utils.logging_config - StoreID:N/A - DEBUG - Obtenidos 55 valores śnicos para escuela en 0.001s
2025-09-14 09:48:58 - src.core.utils.logging_config - StoreID:N/A - DEBUG - Valores para escuela: ['16 de Septiembre', 'Adolfo Lopez Mareo', 'Adolfo Lopez Mateo', 'Albino Garcķa Ramos', 'Alvaro Obregon', 'Benito Juįrez', 'Bicentenario', 'Blanca Verónica Soto Martķnez Prķncipes', 'CBTIS 148', 'CECYTE', 'Club Rotario', 'Colegio Motolinea', 'Conalep', 'Emiliano Zapata', 'Erasmo Castellano', 'EsTv 154', 'Francisco Gonzįlez Bocanegra', 'Francisco Villa', 'Frida Kahlo', 'Guillermo Prieto', 'Himno Nacional', 'Huizache', 'Ignacio Allende', 'Ignacio Ramirez Lopez', 'Ignacio Zaragoza', 'J. Guadalupe Victoria', 'Jean Piaget', 'Jorge Cantor', 'Josefa Ortiz de Domķnguez', 'José Marķa Morelos', 'José Marķa Morelos y Pavón', 'Justo Sierra', 'Manuel Gutiérrez Nįjera', 'Margarita Paz Paredes', 'Miguel Campuzano', 'Miguel Hidalgo', 'Narciso Mendoza', 'Nińos Héroes', 'Omecalli', 'Palacio', 'Paolo Fraire', 'Patria', 'Prįxedis Guerrero', 'Rafael Ramķrez', 'SABES', 'Santa Rosa 238', 'Sor Juana Inés de la Cruz', 'Telesecundaria 454', 'Telesecundaria 512', 'Telesecundaria 600', 'Técnica de San Bartolo', 'UVEG', 'Vicente Guerrero', 'Vidal Acolcer', 'Įlvaro Obregón']
2025-09-14 09:48:58 - src.core.utils.logging_config - StoreID:N/A - DEBUG - Obtenidos 4 valores śnicos para nivel_educativo en 0.003s
2025-09-14 09:48:58 - src.core.utils.logging_config - StoreID:N/A - DEBUG - Valores para nivel_educativo: ['Bachillerato', 'Preescolar', 'Primaria', 'Secundaria']
2025-09-14 09:48:58 - src.core.utils.logging_config - StoreID:N/A - DEBUG - Obtenidos 3 valores śnicos para genero en 0.002s
2025-09-14 09:48:58 - src.core.utils.logging_config - StoreID:N/A - DEBUG - Valores para genero: ['Hombre', 'Mujer', 'Unisex']
2025-09-14 09:48:58 - src.core.utils.logging_config - StoreID:N/A - DEBUG - Obtenidos 4 valores śnicos para marca en 0.002s
2025-09-14 09:48:58 - src.core.utils.logging_config - StoreID:N/A - DEBUG - Valores para marca: ['Claudia', 'MarcaX', 'MarcaY', 'Prowear']
2025-09-14 09:48:58 - src.core.utils.logging_config - StoreID:N/A - DEBUG - Obtenidos 43 valores śnicos para talla en 0.005s
2025-09-14 09:48:58 - src.core.utils.logging_config - StoreID:N/A - DEBUG - Valores para talla: ['2', '3', '4', '5', '6', '7', '8', '9', '10', '11', '12', '13', '14', '16', '18', '20', '28', '30', '32', '34', '36', '38', '40', '42', '44', '46', 'M', 'L', 'CH', 'MD', 'GD', 'EXG', 'Uni', 'ESP', '0-0', '0-2', '3-5', '6-8', '9-12', '13-18', 'CH-MD', 'GD-EXG', 'Dama']
2025-09-14 09:48:58 - src.core.utils.logging_config - StoreID:N/A - INFO - Comboboxes inicializados correctamente
2025-09-14 09:48:58 - src.core.utils.logging_config - StoreID:N/A - DEBUG - Label de filtros actualizado: Sin filtros activos
2025-09-14 09:48:58 - src.core.utils.logging_config - StoreID:N/A - DEBUG - Lock interface called with lock=True, tree exists=1
2025-09-14 09:48:58 - src.core.utils.logging_config - StoreID:N/A - DEBUG - Cargando productos para pįgina 1, batch_size=30
2025-09-14 09:48:58 - src.core.utils.logging_config - StoreID:N/A - DEBUG - Actualizando paginación: total_items=3987, current_page=0, total_pages=133
2025-09-14 09:48:58 - src.core.utils.logging_config - StoreID:N/A - DEBUG - Texto de paginación actualizado: Pįgina 1 de 133
2025-09-14 09:48:58 - src.core.utils.logging_config - StoreID:N/A - DEBUG - Conteo de selección actualizado: 0/30
2025-09-14 09:48:58 - src.core.utils.logging_config - StoreID:N/A - INFO - Cargados 30 productos, pįgina 1, total pįginas: 133, tiempo: 0.113s
2025-09-14 09:48:58 - src.core.utils.logging_config - StoreID:N/A - DEBUG - Lock interface called with lock=False, tree exists=1
2025-09-14 09:48:58 - src.core.utils.logging_config - StoreID:N/A - DEBUG - Inicializando comboboxes para filtros
2025-09-14 09:48:58 - src.core.utils.logging_config - StoreID:N/A - DEBUG - Obtenidos 32 valores śnicos para color en 0.000s
2025-09-14 09:48:58 - src.core.utils.logging_config - StoreID:N/A - DEBUG - Valores para color: ['Ad hoc', 'Amarillo', 'Azul', 'Azul Marino', 'Azul Rey', 'Azul cielo', 'Beige', 'Bicolor', 'Blanca', 'Blanco', 'Café', 'Camuflaje', 'Caqui', 'Doble raya', 'Escoces', 'Gales azul', 'Gales rojo', 'Gales verde', 'Gris', 'Gris claro', 'Gris obscuro', 'Negro', 'Pata de gallo', 'Pgallo cafe', 'Raya roja', 'Rojo', 'Rosa', 'SABES', 'Verde', 'Verde limon', 'Verde olivo', 'Vino']
2025-09-14 09:48:58 - src.core.utils.logging_config - StoreID:N/A - DEBUG - Obtenidos 6 valores śnicos para tipo_prenda en 0.000s
2025-09-14 09:48:58 - src.core.utils.logging_config - StoreID:N/A - DEBUG - Valores para tipo_prenda: ['Accesorio', 'Bįsico', 'Deportivo', 'Escolta', 'Oficial', 'Uniforme']
2025-09-14 09:48:58 - src.core.utils.logging_config - StoreID:N/A - DEBUG - Obtenidos 20 valores śnicos para tipo_pieza en 0.000s
2025-09-14 09:48:58 - src.core.utils.logging_config - StoreID:N/A - DEBUG - Valores para tipo_pieza: ['Bata', 'Boina', 'Calceta', 'Camisa', 'Chaleco', 'Chamarra', 'Corbata', 'Corbatķn', 'Falda', 'Guante', 'Jumper', 'Malla', 'Mascada', 'Mońo', 'Pantalón', 'Pants 2pz', 'Pants 3pz', 'Pants Suelto', 'Playera', 'Suéter']
2025-09-14 09:48:58 - src.core.utils.logging_config - StoreID:N/A - DEBUG - Obtenidos 23 valores śnicos para atributo en 0.000s
2025-09-14 09:48:58 - src.core.utils.logging_config - StoreID:N/A - DEBUG - Valores para atributo: ['Algodón', 'Botones', 'Chazarilla', 'Conalep', 'Conjunto', 'Cuatro tablas', 'Cuello Olan', 'Cuello V', 'Cuello olan', 'Deportiva', 'Deportivo', 'Escolar', 'Escolta', 'Gabardina', 'Infantil', 'Liso', 'Manga Corta', 'Manga Larga', 'Oferta', 'Polo', 'Punto', 'Tortuga', 'Vestir']
2025-09-14 09:48:58 - src.core.utils.logging_config - StoreID:N/A - DEBUG - Obtenidos 55 valores śnicos para escuela en 0.000s
2025-09-14 09:48:58 - src.core.utils.logging_config - StoreID:N/A - DEBUG - Valores para escuela: ['16 de Septiembre', 'Adolfo Lopez Mareo', 'Adolfo Lopez Mateo', 'Albino Garcķa Ramos', 'Alvaro Obregon', 'Benito Juįrez', 'Bicentenario', 'Blanca Verónica Soto Martķnez Prķncipes', 'CBTIS 148', 'CECYTE', 'Club Rotario', 'Colegio Motolinea', 'Conalep', 'Emiliano Zapata', 'Erasmo Castellano', 'EsTv 154', 'Francisco Gonzįlez Bocanegra', 'Francisco Villa', 'Frida Kahlo', 'Guillermo Prieto', 'Himno Nacional', 'Huizache', 'Ignacio Allende', 'Ignacio Ramirez Lopez', 'Ignacio Zaragoza', 'J. Guadalupe Victoria', 'Jean Piaget', 'Jorge Cantor', 'Josefa Ortiz de Domķnguez', 'José Marķa Morelos', 'José Marķa Morelos y Pavón', 'Justo Sierra', 'Manuel Gutiérrez Nįjera', 'Margarita Paz Paredes', 'Miguel Campuzano', 'Miguel Hidalgo', 'Narciso Mendoza', 'Nińos Héroes', 'Omecalli', 'Palacio', 'Paolo Fraire', 'Patria', 'Prįxedis Guerrero', 'Rafael Ramķrez', 'SABES', 'Santa Rosa 238', 'Sor Juana Inés de la Cruz', 'Telesecundaria 454', 'Telesecundaria 512', 'Telesecundaria 600', 'Técnica de San Bartolo', 'UVEG', 'Vicente Guerrero', 'Vidal Acolcer', 'Įlvaro Obregón']
2025-09-14 09:48:58 - src.core.utils.logging_config - StoreID:N/A - DEBUG - Obtenidos 4 valores śnicos para nivel_educativo en 0.000s
2025-09-14 09:48:58 - src.core.utils.logging_config - StoreID:N/A - DEBUG - Valores para nivel_educativo: ['Bachillerato', 'Preescolar', 'Primaria', 'Secundaria']
2025-09-14 09:48:58 - src.core.utils.logging_config - StoreID:N/A - DEBUG - Obtenidos 3 valores śnicos para genero en 0.000s
2025-09-14 09:48:58 - src.core.utils.logging_config - StoreID:N/A - DEBUG - Valores para genero: ['Hombre', 'Mujer', 'Unisex']
2025-09-14 09:48:58 - src.core.utils.logging_config - StoreID:N/A - DEBUG - Obtenidos 4 valores śnicos para marca en 0.000s
2025-09-14 09:48:58 - src.core.utils.logging_config - StoreID:N/A - DEBUG - Valores para marca: ['Claudia', 'MarcaX', 'MarcaY', 'Prowear']
2025-09-14 09:48:58 - src.core.utils.logging_config - StoreID:N/A - DEBUG - Obtenidos 43 valores śnicos para talla en 0.000s
2025-09-14 09:48:58 - src.core.utils.logging_config - StoreID:N/A - DEBUG - Valores para talla: ['2', '3', '4', '5', '6', '7', '8', '9', '10', '11', '12', '13', '14', '16', '18', '20', '28', '30', '32', '34', '36', '38', '40', '42', '44', '46', 'M', 'L', 'CH', 'MD', 'GD', 'EXG', 'Uni', 'ESP', '0-0', '0-2', '3-5', '6-8', '9-12', '13-18', 'CH-MD', 'GD-EXG', 'Dama']
2025-09-14 09:48:58 - src.core.utils.logging_config - StoreID:N/A - INFO - Comboboxes inicializados correctamente
2025-09-14 09:48:58 - src.core.utils.logging_config - StoreID:N/A - DEBUG - Label de filtros actualizado: Sin filtros activos
2025-09-14 09:48:58 - src.core.utils.logging_config - StoreID:N/A - DEBUG - Lock interface called with lock=True, tree exists=1
2025-09-14 09:48:58 - src.core.utils.logging_config - StoreID:N/A - DEBUG - Cargando productos para pįgina 1, batch_size=30
2025-09-14 09:48:58 - src.core.utils.logging_config - StoreID:N/A - DEBUG - Actualizando paginación: total_items=3987, current_page=0, total_pages=133
2025-09-14 09:48:58 - src.core.utils.logging_config - StoreID:N/A - DEBUG - Texto de paginación actualizado: Pįgina 1 de 133
2025-09-14 09:48:58 - src.core.utils.logging_config - StoreID:N/A - DEBUG - Conteo de selección actualizado: 0/30
2025-09-14 09:48:58 - src.core.utils.logging_config - StoreID:N/A - INFO - Cargados 30 productos, pįgina 1, total pįginas: 133, tiempo: 0.112s
2025-09-14 09:48:58 - src.core.utils.logging_config - StoreID:N/A - DEBUG - Lock interface called with lock=False, tree exists=1
2025-09-14 09:48:59 - src.core.utils.logging_config - StoreID:N/A - DEBUG - Inicializando CheckComboBox con column=None
2025-09-14 09:48:59 - src.core.utils.logging_config - StoreID:N/A - DEBUG - CheckComboBox creado con label=Escuelas, column=None
2025-09-14 09:49:01 - src.core.utils.logging_config - StoreID:N/A - INFO - Inicializando ProductManagerLogic para tienda 1
2025-09-14 09:49:01 - src.core.utils.logging_config - StoreID:N/A - DEBUG - ProductEditForm inicializado para tienda 1
2025-09-14 09:49:01 - src.core.utils.logging_config - StoreID:N/A - INFO - Inicializando ProductManagerUI para tienda 1
2025-09-14 09:49:01 - src.core.utils.logging_config - StoreID:N/A - DEBUG - Ķcono cargado: edit
2025-09-14 09:49:01 - src.core.utils.logging_config - StoreID:N/A - DEBUG - Ķcono cargado: copy
2025-09-14 09:49:01 - src.core.utils.logging_config - StoreID:N/A - DEBUG - Ķcono cargado: delete
2025-09-14 09:49:01 - src.core.utils.logging_config - StoreID:N/A - DEBUG - Ķcono cargado: duplicate
2025-09-14 09:49:01 - src.core.utils.logging_config - StoreID:N/A - DEBUG - Ķcono cargado: price
2025-09-14 09:49:01 - src.core.utils.logging_config - StoreID:N/A - DEBUG - Ķcono cargado: print
2025-09-14 09:49:01 - src.core.utils.logging_config - StoreID:N/A - DEBUG - Ķcono cargado: inventory
2025-09-14 09:49:01 - src.core.utils.logging_config - StoreID:N/A - DEBUG - Inicializando CheckComboBox con column=color
2025-09-14 09:49:01 - src.core.utils.logging_config - StoreID:N/A - DEBUG - CheckComboBox creado con label=Color, column=color
2025-09-14 09:49:01 - src.core.utils.logging_config - StoreID:N/A - DEBUG - Inicializando CheckComboBox con column=tipo_prenda
2025-09-14 09:49:01 - src.core.utils.logging_config - StoreID:N/A - DEBUG - CheckComboBox creado con label=Tipo Prenda, column=tipo_prenda
2025-09-14 09:49:01 - src.core.utils.logging_config - StoreID:N/A - DEBUG - Inicializando CheckComboBox con column=tipo_pieza
2025-09-14 09:49:01 - src.core.utils.logging_config - StoreID:N/A - DEBUG - CheckComboBox creado con label=Tipo Pieza, column=tipo_pieza
2025-09-14 09:49:01 - src.core.utils.logging_config - StoreID:N/A - DEBUG - Inicializando CheckComboBox con column=atributo
2025-09-14 09:49:01 - src.core.utils.logging_config - StoreID:N/A - DEBUG - CheckComboBox creado con label=Atributo, column=atributo
2025-09-14 09:49:01 - src.core.utils.logging_config - StoreID:N/A - DEBUG - Inicializando CheckComboBox con column=escuela
2025-09-14 09:49:01 - src.core.utils.logging_config - StoreID:N/A - DEBUG - CheckComboBox creado con label=Escuela, column=escuela
2025-09-14 09:49:01 - src.core.utils.logging_config - StoreID:N/A - DEBUG - Inicializando CheckComboBox con column=nivel_educativo
2025-09-14 09:49:01 - src.core.utils.logging_config - StoreID:N/A - DEBUG - CheckComboBox creado con label=Nivel Educativo, column=nivel_educativo
2025-09-14 09:49:01 - src.core.utils.logging_config - StoreID:N/A - DEBUG - Inicializando CheckComboBox con column=genero
2025-09-14 09:49:01 - src.core.utils.logging_config - StoreID:N/A - DEBUG - CheckComboBox creado con label=Género, column=genero
2025-09-14 09:49:01 - src.core.utils.logging_config - StoreID:N/A - DEBUG - Inicializando CheckComboBox con column=marca
2025-09-14 09:49:02 - src.core.utils.logging_config - StoreID:N/A - DEBUG - CheckComboBox creado con label=Marca, column=marca
2025-09-14 09:49:02 - src.core.utils.logging_config - StoreID:N/A - DEBUG - Inicializando CheckComboBox con column=talla
2025-09-14 09:49:02 - src.core.utils.logging_config - StoreID:N/A - DEBUG - CheckComboBox creado con label=Talla, column=talla
2025-09-14 09:49:03 - src.core.utils.logging_config - StoreID:N/A - DEBUG - Inicializando comboboxes para filtros
2025-09-14 09:49:03 - src.core.utils.logging_config - StoreID:N/A - DEBUG - Obtenidos 32 valores śnicos para color en 0.004s
2025-09-14 09:49:03 - src.core.utils.logging_config - StoreID:N/A - DEBUG - Valores para color: ['Ad hoc', 'Amarillo', 'Azul', 'Azul Marino', 'Azul Rey', 'Azul cielo', 'Beige', 'Bicolor', 'Blanca', 'Blanco', 'Café', 'Camuflaje', 'Caqui', 'Doble raya', 'Escoces', 'Gales azul', 'Gales rojo', 'Gales verde', 'Gris', 'Gris claro', 'Gris obscuro', 'Negro', 'Pata de gallo', 'Pgallo cafe', 'Raya roja', 'Rojo', 'Rosa', 'SABES', 'Verde', 'Verde limon', 'Verde olivo', 'Vino']
2025-09-14 09:49:03 - src.core.utils.logging_config - StoreID:N/A - DEBUG - Obtenidos 6 valores śnicos para tipo_prenda en 0.005s
2025-09-14 09:49:03 - src.core.utils.logging_config - StoreID:N/A - DEBUG - Valores para tipo_prenda: ['Accesorio', 'Bįsico', 'Deportivo', 'Escolta', 'Oficial', 'Uniforme']
2025-09-14 09:49:03 - src.core.utils.logging_config - StoreID:N/A - DEBUG - Obtenidos 20 valores śnicos para tipo_pieza en 0.004s
2025-09-14 09:49:03 - src.core.utils.logging_config - StoreID:N/A - DEBUG - Valores para tipo_pieza: ['Bata', 'Boina', 'Calceta', 'Camisa', 'Chaleco', 'Chamarra', 'Corbata', 'Corbatķn', 'Falda', 'Guante', 'Jumper', 'Malla', 'Mascada', 'Mońo', 'Pantalón', 'Pants 2pz', 'Pants 3pz', 'Pants Suelto', 'Playera', 'Suéter']
2025-09-14 09:49:03 - src.core.utils.logging_config - StoreID:N/A - DEBUG - Obtenidos 23 valores śnicos para atributo en 0.004s
2025-09-14 09:49:03 - src.core.utils.logging_config - StoreID:N/A - DEBUG - Valores para atributo: ['Algodón', 'Botones', 'Chazarilla', 'Conalep', 'Conjunto', 'Cuatro tablas', 'Cuello Olan', 'Cuello V', 'Cuello olan', 'Deportiva', 'Deportivo', 'Escolar', 'Escolta', 'Gabardina', 'Infantil', 'Liso', 'Manga Corta', 'Manga Larga', 'Oferta', 'Polo', 'Punto', 'Tortuga', 'Vestir']
2025-09-14 09:49:03 - src.core.utils.logging_config - StoreID:N/A - DEBUG - Obtenidos 55 valores śnicos para escuela en 0.000s
2025-09-14 09:49:03 - src.core.utils.logging_config - StoreID:N/A - DEBUG - Valores para escuela: ['16 de Septiembre', 'Adolfo Lopez Mareo', 'Adolfo Lopez Mateo', 'Albino Garcķa Ramos', 'Alvaro Obregon', 'Benito Juįrez', 'Bicentenario', 'Blanca Verónica Soto Martķnez Prķncipes', 'CBTIS 148', 'CECYTE', 'Club Rotario', 'Colegio Motolinea', 'Conalep', 'Emiliano Zapata', 'Erasmo Castellano', 'EsTv 154', 'Francisco Gonzįlez Bocanegra', 'Francisco Villa', 'Frida Kahlo', 'Guillermo Prieto', 'Himno Nacional', 'Huizache', 'Ignacio Allende', 'Ignacio Ramirez Lopez', 'Ignacio Zaragoza', 'J. Guadalupe Victoria', 'Jean Piaget', 'Jorge Cantor', 'Josefa Ortiz de Domķnguez', 'José Marķa Morelos', 'José Marķa Morelos y Pavón', 'Justo Sierra', 'Manuel Gutiérrez Nįjera', 'Margarita Paz Paredes', 'Miguel Campuzano', 'Miguel Hidalgo', 'Narciso Mendoza', 'Nińos Héroes', 'Omecalli', 'Palacio', 'Paolo Fraire', 'Patria', 'Prįxedis Guerrero', 'Rafael Ramķrez', 'SABES', 'Santa Rosa 238', 'Sor Juana Inés de la Cruz', 'Telesecundaria 454', 'Telesecundaria 512', 'Telesecundaria 600', 'Técnica de San Bartolo', 'UVEG', 'Vicente Guerrero', 'Vidal Acolcer', 'Įlvaro Obregón']
2025-09-14 09:49:03 - src.core.utils.logging_config - StoreID:N/A - DEBUG - Obtenidos 4 valores śnicos para nivel_educativo en 0.003s
2025-09-14 09:49:03 - src.core.utils.logging_config - StoreID:N/A - DEBUG - Valores para nivel_educativo: ['Bachillerato', 'Preescolar', 'Primaria', 'Secundaria']
2025-09-14 09:49:03 - src.core.utils.logging_config - StoreID:N/A - DEBUG - Obtenidos 3 valores śnicos para genero en 0.002s
2025-09-14 09:49:03 - src.core.utils.logging_config - StoreID:N/A - DEBUG - Valores para genero: ['Hombre', 'Mujer', 'Unisex']
2025-09-14 09:49:03 - src.core.utils.logging_config - StoreID:N/A - DEBUG - Obtenidos 4 valores śnicos para marca en 0.002s
2025-09-14 09:49:03 - src.core.utils.logging_config - StoreID:N/A - DEBUG - Valores para marca: ['Claudia', 'MarcaX', 'MarcaY', 'Prowear']
2025-09-14 09:49:03 - src.core.utils.logging_config - StoreID:N/A - DEBUG - Obtenidos 43 valores śnicos para talla en 0.005s
2025-09-14 09:49:03 - src.core.utils.logging_config - StoreID:N/A - DEBUG - Valores para talla: ['2', '3', '4', '5', '6', '7', '8', '9', '10', '11', '12', '13', '14', '16', '18', '20', '28', '30', '32', '34', '36', '38', '40', '42', '44', '46', 'M', 'L', 'CH', 'MD', 'GD', 'EXG', 'Uni', 'ESP', '0-0', '0-2', '3-5', '6-8', '9-12', '13-18', 'CH-MD', 'GD-EXG', 'Dama']
2025-09-14 09:49:03 - src.core.utils.logging_config - StoreID:N/A - INFO - Comboboxes inicializados correctamente
2025-09-14 09:49:03 - src.core.utils.logging_config - StoreID:N/A - DEBUG - Label de filtros actualizado: Sin filtros activos
2025-09-14 09:49:03 - src.core.utils.logging_config - StoreID:N/A - DEBUG - Lock interface called with lock=True, tree exists=1
2025-09-14 09:49:03 - src.core.utils.logging_config - StoreID:N/A - DEBUG - Cargando productos para pįgina 1, batch_size=30
2025-09-14 09:49:03 - src.core.utils.logging_config - StoreID:N/A - DEBUG - Actualizando paginación: total_items=3987, current_page=0, total_pages=133
2025-09-14 09:49:03 - src.core.utils.logging_config - StoreID:N/A - DEBUG - Texto de paginación actualizado: Pįgina 1 de 133
2025-09-14 09:49:03 - src.core.utils.logging_config - StoreID:N/A - DEBUG - Conteo de selección actualizado: 0/30
2025-09-14 09:49:03 - src.core.utils.logging_config - StoreID:N/A - INFO - Cargados 30 productos, pįgina 1, total pįginas: 133, tiempo: 0.115s
2025-09-14 09:49:03 - src.core.utils.logging_config - StoreID:N/A - DEBUG - Lock interface called with lock=False, tree exists=1
2025-09-14 09:49:03 - src.core.utils.logging_config - StoreID:N/A - DEBUG - Inicializando comboboxes para filtros
2025-09-14 09:49:03 - src.core.utils.logging_config - StoreID:N/A - DEBUG - Obtenidos 32 valores śnicos para color en 0.000s
2025-09-14 09:49:03 - src.core.utils.logging_config - StoreID:N/A - DEBUG - Valores para color: ['Ad hoc', 'Amarillo', 'Azul', 'Azul Marino', 'Azul Rey', 'Azul cielo', 'Beige', 'Bicolor', 'Blanca', 'Blanco', 'Café', 'Camuflaje', 'Caqui', 'Doble raya', 'Escoces', 'Gales azul', 'Gales rojo', 'Gales verde', 'Gris', 'Gris claro', 'Gris obscuro', 'Negro', 'Pata de gallo', 'Pgallo cafe', 'Raya roja', 'Rojo', 'Rosa', 'SABES', 'Verde', 'Verde limon', 'Verde olivo', 'Vino']
2025-09-14 09:49:03 - src.core.utils.logging_config - StoreID:N/A - DEBUG - Obtenidos 6 valores śnicos para tipo_prenda en 0.000s
2025-09-14 09:49:03 - src.core.utils.logging_config - StoreID:N/A - DEBUG - Valores para tipo_prenda: ['Accesorio', 'Bįsico', 'Deportivo', 'Escolta', 'Oficial', 'Uniforme']
2025-09-14 09:49:03 - src.core.utils.logging_config - StoreID:N/A - DEBUG - Obtenidos 20 valores śnicos para tipo_pieza en 0.000s
2025-09-14 09:49:03 - src.core.utils.logging_config - StoreID:N/A - DEBUG - Valores para tipo_pieza: ['Bata', 'Boina', 'Calceta', 'Camisa', 'Chaleco', 'Chamarra', 'Corbata', 'Corbatķn', 'Falda', 'Guante', 'Jumper', 'Malla', 'Mascada', 'Mońo', 'Pantalón', 'Pants 2pz', 'Pants 3pz', 'Pants Suelto', 'Playera', 'Suéter']
2025-09-14 09:49:03 - src.core.utils.logging_config - StoreID:N/A - DEBUG - Obtenidos 23 valores śnicos para atributo en 0.000s
2025-09-14 09:49:03 - src.core.utils.logging_config - StoreID:N/A - DEBUG - Valores para atributo: ['Algodón', 'Botones', 'Chazarilla', 'Conalep', 'Conjunto', 'Cuatro tablas', 'Cuello Olan', 'Cuello V', 'Cuello olan', 'Deportiva', 'Deportivo', 'Escolar', 'Escolta', 'Gabardina', 'Infantil', 'Liso', 'Manga Corta', 'Manga Larga', 'Oferta', 'Polo', 'Punto', 'Tortuga', 'Vestir']
2025-09-14 09:49:03 - src.core.utils.logging_config - StoreID:N/A - DEBUG - Obtenidos 55 valores śnicos para escuela en 0.000s
2025-09-14 09:49:03 - src.core.utils.logging_config - StoreID:N/A - DEBUG - Valores para escuela: ['16 de Septiembre', 'Adolfo Lopez Mareo', 'Adolfo Lopez Mateo', 'Albino Garcķa Ramos', 'Alvaro Obregon', 'Benito Juįrez', 'Bicentenario', 'Blanca Verónica Soto Martķnez Prķncipes', 'CBTIS 148', 'CECYTE', 'Club Rotario', 'Colegio Motolinea', 'Conalep', 'Emiliano Zapata', 'Erasmo Castellano', 'EsTv 154', 'Francisco Gonzįlez Bocanegra', 'Francisco Villa', 'Frida Kahlo', 'Guillermo Prieto', 'Himno Nacional', 'Huizache', 'Ignacio Allende', 'Ignacio Ramirez Lopez', 'Ignacio Zaragoza', 'J. Guadalupe Victoria', 'Jean Piaget', 'Jorge Cantor', 'Josefa Ortiz de Domķnguez', 'José Marķa Morelos', 'José Marķa Morelos y Pavón', 'Justo Sierra', 'Manuel Gutiérrez Nįjera', 'Margarita Paz Paredes', 'Miguel Campuzano', 'Miguel Hidalgo', 'Narciso Mendoza', 'Nińos Héroes', 'Omecalli', 'Palacio', 'Paolo Fraire', 'Patria', 'Prįxedis Guerrero', 'Rafael Ramķrez', 'SABES', 'Santa Rosa 238', 'Sor Juana Inés de la Cruz', 'Telesecundaria 454', 'Telesecundaria 512', 'Telesecundaria 600', 'Técnica de San Bartolo', 'UVEG', 'Vicente Guerrero', 'Vidal Acolcer', 'Įlvaro Obregón']
2025-09-14 09:49:03 - src.core.utils.logging_config - StoreID:N/A - DEBUG - Obtenidos 4 valores śnicos para nivel_educativo en 0.000s
2025-09-14 09:49:03 - src.core.utils.logging_config - StoreID:N/A - DEBUG - Valores para nivel_educativo: ['Bachillerato', 'Preescolar', 'Primaria', 'Secundaria']
2025-09-14 09:49:03 - src.core.utils.logging_config - StoreID:N/A - DEBUG - Obtenidos 3 valores śnicos para genero en 0.000s
2025-09-14 09:49:03 - src.core.utils.logging_config - StoreID:N/A - DEBUG - Valores para genero: ['Hombre', 'Mujer', 'Unisex']
2025-09-14 09:49:03 - src.core.utils.logging_config - StoreID:N/A - DEBUG - Obtenidos 4 valores śnicos para marca en 0.000s
2025-09-14 09:49:03 - src.core.utils.logging_config - StoreID:N/A - DEBUG - Valores para marca: ['Claudia', 'MarcaX', 'MarcaY', 'Prowear']
2025-09-14 09:49:03 - src.core.utils.logging_config - StoreID:N/A - DEBUG - Obtenidos 43 valores śnicos para talla en 0.000s
2025-09-14 09:49:03 - src.core.utils.logging_config - StoreID:N/A - DEBUG - Valores para talla: ['2', '3', '4', '5', '6', '7', '8', '9', '10', '11', '12', '13', '14', '16', '18', '20', '28', '30', '32', '34', '36', '38', '40', '42', '44', '46', 'M', 'L', 'CH', 'MD', 'GD', 'EXG', 'Uni', 'ESP', '0-0', '0-2', '3-5', '6-8', '9-12', '13-18', 'CH-MD', 'GD-EXG', 'Dama']
2025-09-14 09:49:03 - src.core.utils.logging_config - StoreID:N/A - INFO - Comboboxes inicializados correctamente
2025-09-14 09:49:03 - src.core.utils.logging_config - StoreID:N/A - DEBUG - Label de filtros actualizado: Sin filtros activos
2025-09-14 09:49:03 - src.core.utils.logging_config - StoreID:N/A - DEBUG - Lock interface called with lock=True, tree exists=1
2025-09-14 09:49:03 - src.core.utils.logging_config - StoreID:N/A - DEBUG - Cargando productos para pįgina 1, batch_size=30
2025-09-14 09:49:03 - src.core.utils.logging_config - StoreID:N/A - DEBUG - Actualizando paginación: total_items=3987, current_page=0, total_pages=133
2025-09-14 09:49:03 - src.core.utils.logging_config - StoreID:N/A - DEBUG - Texto de paginación actualizado: Pįgina 1 de 133
2025-09-14 09:49:03 - src.core.utils.logging_config - StoreID:N/A - DEBUG - Conteo de selección actualizado: 0/30
2025-09-14 09:49:03 - src.core.utils.logging_config - StoreID:N/A - INFO - Cargados 30 productos, pįgina 1, total pįginas: 133, tiempo: 0.114s
2025-09-14 09:49:03 - src.core.utils.logging_config - StoreID:N/A - DEBUG - Lock interface called with lock=False, tree exists=1
2025-09-14 09:49:10 - src.core.utils.logging_config - StoreID:N/A - INFO - Filtros limpiados para columnas: color, tipo_prenda, tipo_pieza, atributo, escuela, nivel_educativo, genero, marca, talla
2025-09-14 09:49:10 - src.core.utils.logging_config - StoreID:N/A - DEBUG - Lock interface called with lock=True, tree exists=1
2025-09-14 09:49:10 - src.core.utils.logging_config - StoreID:N/A - DEBUG - Cargando productos para pįgina 1, batch_size=30
2025-09-14 09:49:10 - src.core.utils.logging_config - StoreID:N/A - DEBUG - Actualizando paginación: total_items=3987, current_page=0, total_pages=133
2025-09-14 09:49:10 - src.core.utils.logging_config - StoreID:N/A - DEBUG - Texto de paginación actualizado: Pįgina 1 de 133
2025-09-14 09:49:10 - src.core.utils.logging_config - StoreID:N/A - DEBUG - Conteo de selección actualizado: 0/30
2025-09-14 09:49:10 - src.core.utils.logging_config - StoreID:N/A - INFO - Cargados 30 productos, pįgina 1, total pįginas: 133, tiempo: 0.115s
2025-09-14 09:49:10 - src.core.utils.logging_config - StoreID:N/A - DEBUG - Lock interface called with lock=False, tree exists=1
2025-09-14 09:49:11 - src.core.utils.logging_config - StoreID:N/A - INFO - Filtros limpiados y productos recargados
2025-09-14 09:49:11 - src.core.utils.logging_config - StoreID:N/A - DEBUG - Label de filtros actualizado: Sin filtros activos
2025-09-14 09:49:11 - src.core.utils.logging_config - StoreID:N/A - DEBUG - Lock interface called with lock=True, tree exists=1
2025-09-14 09:49:11 - src.core.utils.logging_config - StoreID:N/A - DEBUG - Cargando productos para pįgina 1, batch_size=30
2025-09-14 09:49:11 - src.core.utils.logging_config - StoreID:N/A - DEBUG - Actualizando paginación: total_items=3987, current_page=0, total_pages=133
2025-09-14 09:49:11 - src.core.utils.logging_config - StoreID:N/A - DEBUG - Texto de paginación actualizado: Pįgina 1 de 133
2025-09-14 09:49:11 - src.core.utils.logging_config - StoreID:N/A - DEBUG - Conteo de selección actualizado: 0/30
2025-09-14 09:49:11 - src.core.utils.logging_config - StoreID:N/A - INFO - Cargados 30 productos, pįgina 1, total pįginas: 133, tiempo: 0.114s
2025-09-14 09:49:11 - src.core.utils.logging_config - StoreID:N/A - DEBUG - Lock interface called with lock=False, tree exists=1
2025-09-14 09:49:15 - src.core.utils.logging_config - StoreID:N/A - DEBUG - Menś desplegable creado y mostrado
2025-09-14 09:49:49 - src.core.utils.logging_config - StoreID:N/A - DEBUG - Menś desplegable cerrado
2025-09-14 09:49:53 - src.core.utils.logging_config - StoreID:N/A - DEBUG - Menś desplegable creado y mostrado
2025-09-14 09:50:01 - src.core.utils.logging_config - StoreID:N/A - DEBUG - Ejecutando comando con selecciones: ['Gris obscuro'], column=color
2025-09-14 09:50:01 - src.core.utils.logging_config - StoreID:N/A - DEBUG - Lock interface called with lock=True, tree exists=1
2025-09-14 09:50:02 - src.core.utils.logging_config - StoreID:N/A - DEBUG - Cargando productos para pįgina 1, batch_size=30
2025-09-14 09:50:02 - src.core.utils.logging_config - StoreID:N/A - DEBUG - Actualizando paginación: total_items=33, current_page=0, total_pages=2
2025-09-14 09:50:02 - src.core.utils.logging_config - StoreID:N/A - DEBUG - Texto de paginación actualizado: Pįgina 1 de 2
2025-09-14 09:50:02 - src.core.utils.logging_config - StoreID:N/A - DEBUG - Conteo de selección actualizado: 0/30
2025-09-14 09:50:02 - src.core.utils.logging_config - StoreID:N/A - INFO - Cargados 30 productos, pįgina 1, total pįginas: 2, tiempo: 0.126s
2025-09-14 09:50:02 - src.core.utils.logging_config - StoreID:N/A - DEBUG - Lock interface called with lock=False, tree exists=1
2025-09-14 09:50:02 - src.core.utils.logging_config - StoreID:N/A - DEBUG - Label de filtros actualizado: Filtros: Color: Gris obscuro
2025-09-14 09:50:03 - src.core.utils.logging_config - StoreID:N/A - DEBUG - Menś desplegable cerrado
2025-09-14 09:50:03 - src.core.utils.logging_config - StoreID:N/A - DEBUG - Menś desplegable creado y mostrado
2025-09-14 09:50:14 - src.core.utils.logging_config - StoreID:N/A - DEBUG - Menś desplegable cerrado
2025-09-14 09:50:15 - src.core.utils.logging_config - StoreID:N/A - DEBUG - Menś desplegable creado y mostrado
2025-09-14 09:50:19 - src.core.utils.logging_config - StoreID:N/A - DEBUG - Menś desplegable cerrado
2025-09-14 09:50:20 - src.core.utils.logging_config - StoreID:N/A - DEBUG - Menś desplegable creado y mostrado
2025-09-14 09:50:25 - src.core.utils.logging_config - StoreID:N/A - DEBUG - Ejecutando comando con selecciones: ['Falda'], column=tipo_pieza
2025-09-14 09:50:25 - src.core.utils.logging_config - StoreID:N/A - DEBUG - Lock interface called with lock=True, tree exists=1
2025-09-14 09:50:25 - src.core.utils.logging_config - StoreID:N/A - DEBUG - Cargando productos para pįgina 1, batch_size=30
2025-09-14 09:50:25 - src.core.utils.logging_config - StoreID:N/A - DEBUG - Actualizando paginación: total_items=15, current_page=0, total_pages=1
2025-09-14 09:50:25 - src.core.utils.logging_config - StoreID:N/A - DEBUG - Texto de paginación actualizado: Pįgina 1 de 1
2025-09-14 09:50:25 - src.core.utils.logging_config - StoreID:N/A - DEBUG - Conteo de selección actualizado: 0/15
2025-09-14 09:50:25 - src.core.utils.logging_config - StoreID:N/A - INFO - Cargados 15 productos, pįgina 1, total pįginas: 1, tiempo: 0.117s
2025-09-14 09:50:25 - src.core.utils.logging_config - StoreID:N/A - DEBUG - Lock interface called with lock=False, tree exists=1
2025-09-14 09:50:25 - src.core.utils.logging_config - StoreID:N/A - DEBUG - Label de filtros actualizado: Filtros: Color: Gris obscuro; Tipo Pieza: Falda
2025-09-14 09:50:26 - src.core.utils.logging_config - StoreID:N/A - DEBUG - Menś desplegable cerrado
2025-09-14 09:50:31 - src.core.utils.logging_config - StoreID:N/A - DEBUG - Conteo de selección actualizado: 1/15
2025-09-14 09:50:31 - src.core.utils.logging_config - StoreID:N/A - DEBUG - Mostrando detalles para SKU: SKU003524
2025-09-14 09:50:31 - src.core.utils.logging_config - StoreID:N/A - DEBUG - Intentando cargar imagen desde: None
2025-09-14 09:50:31 - src.core.utils.logging_config - StoreID:N/A - DEBUG - Carpeta creada o existente: c:\Users\dafab\OneDrive\Documentos\Gestor\Gestor_de_Inventarios\Mis codigos\Falda Gris obscuro Talla_Bįsico_Falda\12
2025-09-14 09:50:31 - src.core.utils.logging_config - StoreID:N/A - DEBUG - Etiqueta cargada exitosamente: c:\Users\dafab\OneDrive\Documentos\Gestor\Gestor_de_Inventarios\Mis codigos\Falda Gris obscuro Talla_Bįsico_Falda\12\label_SKU003524.png
2025-09-14 09:50:35 - src.core.utils.logging_config - StoreID:N/A - DEBUG - Abriendo vista previa de impresión con label_path: c:\Users\dafab\OneDrive\Documentos\Gestor\Gestor_de_Inventarios\Mis codigos\Falda Gris obscuro Talla_Bįsico_Falda\12\label_SKU003524.png
2025-09-14 09:50:35 - src.core.utils.logging_config - StoreID:N/A - DEBUG - SKU seleccionado al abrir PrintPreviewWindow: SKU003524
2025-09-14 09:50:35 - src.core.utils.logging_config - StoreID:N/A - DEBUG - Etiqueta cargada para SKU SKU003524: c:\Users\dafab\OneDrive\Documentos\Gestor\Gestor_de_Inventarios\Mis codigos\Falda Gris obscuro Talla_Bįsico_Falda\12\label_SKU003524.png
2025-09-14 09:50:39 - src.core.utils.logging_config - StoreID:N/A - DEBUG - Etiqueta cargada para SKU SKU003522: c:\Users\dafab\OneDrive\Documentos\Gestor\Gestor_de_Inventarios\Mis codigos\Falda Gris obscuro Talla_Bįsico_Falda\10\label_SKU003522.png
2025-09-14 09:50:39 - src.core.utils.logging_config - StoreID:N/A - DEBUG - Conteo de selección actualizado: 1/15
2025-09-14 09:50:39 - src.core.utils.logging_config - StoreID:N/A - DEBUG - Mostrando detalles para SKU: SKU003522
2025-09-14 09:50:39 - src.core.utils.logging_config - StoreID:N/A - DEBUG - Intentando cargar imagen desde: None
2025-09-14 09:50:39 - src.core.utils.logging_config - StoreID:N/A - DEBUG - Carpeta creada o existente: c:\Users\dafab\OneDrive\Documentos\Gestor\Gestor_de_Inventarios\Mis codigos\Falda Gris obscuro Talla_Bįsico_Falda\10
2025-09-14 09:50:39 - src.core.utils.logging_config - StoreID:N/A - DEBUG - Etiqueta cargada exitosamente: c:\Users\dafab\OneDrive\Documentos\Gestor\Gestor_de_Inventarios\Mis codigos\Falda Gris obscuro Talla_Bįsico_Falda\10\label_SKU003522.png
2025-09-14 09:50:39 - src.core.utils.logging_config - StoreID:N/A - DEBUG - Selección del Treeview actualizada al item I09A (SKU: SKU003522, ķndice: 3)
2025-09-14 09:50:39 - src.core.utils.logging_config - StoreID:N/A - DEBUG - Conteo de selección actualizado: 1/15
2025-09-14 09:50:39 - src.core.utils.logging_config - StoreID:N/A - DEBUG - Mostrando detalles para SKU: SKU003522
2025-09-14 09:50:39 - src.core.utils.logging_config - StoreID:N/A - DEBUG - Intentando cargar imagen desde: None
2025-09-14 09:50:39 - src.core.utils.logging_config - StoreID:N/A - DEBUG - Carpeta creada o existente: c:\Users\dafab\OneDrive\Documentos\Gestor\Gestor_de_Inventarios\Mis codigos\Falda Gris obscuro Talla_Bįsico_Falda\10
2025-09-14 09:50:39 - src.core.utils.logging_config - StoreID:N/A - DEBUG - Etiqueta cargada exitosamente: c:\Users\dafab\OneDrive\Documentos\Gestor\Gestor_de_Inventarios\Mis codigos\Falda Gris obscuro Talla_Bįsico_Falda\10\label_SKU003522.png
2025-09-14 09:50:39 - src.core.utils.logging_config - StoreID:N/A - DEBUG - Conteo de selección actualizado: 1/15
2025-09-14 09:50:39 - src.core.utils.logging_config - StoreID:N/A - DEBUG - Mostrando detalles para SKU: SKU003522
2025-09-14 09:50:39 - src.core.utils.logging_config - StoreID:N/A - DEBUG - Intentando cargar imagen desde: None
2025-09-14 09:50:39 - src.core.utils.logging_config - StoreID:N/A - DEBUG - Carpeta creada o existente: c:\Users\dafab\OneDrive\Documentos\Gestor\Gestor_de_Inventarios\Mis codigos\Falda Gris obscuro Talla_Bįsico_Falda\10
2025-09-14 09:50:39 - src.core.utils.logging_config - StoreID:N/A - DEBUG - Etiqueta cargada exitosamente: c:\Users\dafab\OneDrive\Documentos\Gestor\Gestor_de_Inventarios\Mis codigos\Falda Gris obscuro Talla_Bįsico_Falda\10\label_SKU003522.png
2025-09-14 09:50:44 - src.core.utils.logging_config - StoreID:N/A - DEBUG - Etiqueta cargada para SKU SKU003522: c:\Users\dafab\OneDrive\Documentos\Gestor\Gestor_de_Inventarios\Mis codigos\Falda Gris obscuro Talla_Bįsico_Falda\10\label_split_SKU003522.png
2025-09-14 09:50:46 - src.core.utils.logging_config - StoreID:N/A - DEBUG - Conteo de selección actualizado: 1/15
2025-09-14 09:50:46 - src.core.utils.logging_config - StoreID:N/A - DEBUG - Mostrando detalles para SKU: SKU003522
2025-09-14 09:50:46 - src.core.utils.logging_config - StoreID:N/A - DEBUG - Intentando cargar imagen desde: None
2025-09-14 09:50:46 - src.core.utils.logging_config - StoreID:N/A - DEBUG - Carpeta creada o existente: c:\Users\dafab\OneDrive\Documentos\Gestor\Gestor_de_Inventarios\Mis codigos\Falda Gris obscuro Talla_Bįsico_Falda\10
2025-09-14 09:50:46 - src.core.utils.logging_config - StoreID:N/A - DEBUG - Etiqueta cargada exitosamente: c:\Users\dafab\OneDrive\Documentos\Gestor\Gestor_de_Inventarios\Mis codigos\Falda Gris obscuro Talla_Bįsico_Falda\10\label_split_SKU003522.png
2025-09-14 09:50:46 - src.core.utils.logging_config - StoreID:N/A - DEBUG - Selección del Treeview actualizada al item I09A (SKU: SKU003522, ķndice: 3)
2025-09-14 09:50:46 - src.core.utils.logging_config - StoreID:N/A - DEBUG - Conteo de selección actualizado: 1/15
2025-09-14 09:50:46 - src.core.utils.logging_config - StoreID:N/A - DEBUG - Mostrando detalles para SKU: SKU003522
2025-09-14 09:50:46 - src.core.utils.logging_config - StoreID:N/A - DEBUG - Intentando cargar imagen desde: None
2025-09-14 09:50:46 - src.core.utils.logging_config - StoreID:N/A - DEBUG - Carpeta creada o existente: c:\Users\dafab\OneDrive\Documentos\Gestor\Gestor_de_Inventarios\Mis codigos\Falda Gris obscuro Talla_Bįsico_Falda\10
2025-09-14 09:50:46 - src.core.utils.logging_config - StoreID:N/A - DEBUG - Etiqueta cargada exitosamente: c:\Users\dafab\OneDrive\Documentos\Gestor\Gestor_de_Inventarios\Mis codigos\Falda Gris obscuro Talla_Bįsico_Falda\10\label_split_SKU003522.png
2025-09-14 09:50:46 - src.core.utils.logging_config - StoreID:N/A - DEBUG - Conteo de selección actualizado: 1/15
2025-09-14 09:50:46 - src.core.utils.logging_config - StoreID:N/A - DEBUG - Mostrando detalles para SKU: SKU003522
2025-09-14 09:50:46 - src.core.utils.logging_config - StoreID:N/A - DEBUG - Intentando cargar imagen desde: None
2025-09-14 09:50:46 - src.core.utils.logging_config - StoreID:N/A - DEBUG - Carpeta creada o existente: c:\Users\dafab\OneDrive\Documentos\Gestor\Gestor_de_Inventarios\Mis codigos\Falda Gris obscuro Talla_Bįsico_Falda\10
2025-09-14 09:50:46 - src.core.utils.logging_config - StoreID:N/A - DEBUG - Etiqueta cargada exitosamente: c:\Users\dafab\OneDrive\Documentos\Gestor\Gestor_de_Inventarios\Mis codigos\Falda Gris obscuro Talla_Bįsico_Falda\10\label_split_SKU003522.png
2025-09-14 09:50:46 - src.core.utils.logging_config - StoreID:N/A - DEBUG - Conteo de selección actualizado: 1/15
2025-09-14 09:50:46 - src.core.utils.logging_config - StoreID:N/A - DEBUG - Mostrando detalles para SKU: SKU003522
2025-09-14 09:50:46 - src.core.utils.logging_config - StoreID:N/A - DEBUG - Intentando cargar imagen desde: None
2025-09-14 09:50:46 - src.core.utils.logging_config - StoreID:N/A - DEBUG - Carpeta creada o existente: c:\Users\dafab\OneDrive\Documentos\Gestor\Gestor_de_Inventarios\Mis codigos\Falda Gris obscuro Talla_Bįsico_Falda\10
2025-09-14 09:50:46 - src.core.utils.logging_config - StoreID:N/A - DEBUG - Etiqueta cargada exitosamente: c:\Users\dafab\OneDrive\Documentos\Gestor\Gestor_de_Inventarios\Mis codigos\Falda Gris obscuro Talla_Bįsico_Falda\10\label_split_SKU003522.png
2025-09-14 09:50:46 - src.core.utils.logging_config - StoreID:N/A - DEBUG - Conteo de selección actualizado: 1/15
2025-09-14 09:50:46 - src.core.utils.logging_config - StoreID:N/A - DEBUG - Mostrando detalles para SKU: SKU003522
2025-09-14 09:50:46 - src.core.utils.logging_config - StoreID:N/A - DEBUG - Intentando cargar imagen desde: None
2025-09-14 09:50:46 - src.core.utils.logging_config - StoreID:N/A - DEBUG - Carpeta creada o existente: c:\Users\dafab\OneDrive\Documentos\Gestor\Gestor_de_Inventarios\Mis codigos\Falda Gris obscuro Talla_Bįsico_Falda\10
2025-09-14 09:50:46 - src.core.utils.logging_config - StoreID:N/A - DEBUG - Etiqueta cargada exitosamente: c:\Users\dafab\OneDrive\Documentos\Gestor\Gestor_de_Inventarios\Mis codigos\Falda Gris obscuro Talla_Bįsico_Falda\10\label_split_SKU003522.png
2025-09-14 09:50:46 - src.core.utils.logging_config - StoreID:N/A - DEBUG - Etiqueta cargada para SKU SKU003524: c:\Users\dafab\OneDrive\Documentos\Gestor\Gestor_de_Inventarios\Mis codigos\Falda Gris obscuro Talla_Bįsico_Falda\12\label_split_SKU003524.png
2025-09-14 09:50:46 - src.core.utils.logging_config - StoreID:N/A - DEBUG - Conteo de selección actualizado: 1/15
2025-09-14 09:50:46 - src.core.utils.logging_config - StoreID:N/A - DEBUG - Mostrando detalles para SKU: SKU003524
2025-09-14 09:50:46 - src.core.utils.logging_config - StoreID:N/A - DEBUG - Intentando cargar imagen desde: None
2025-09-14 09:50:46 - src.core.utils.logging_config - StoreID:N/A - DEBUG - Carpeta creada o existente: c:\Users\dafab\OneDrive\Documentos\Gestor\Gestor_de_Inventarios\Mis codigos\Falda Gris obscuro Talla_Bįsico_Falda\12
2025-09-14 09:50:46 - src.core.utils.logging_config - StoreID:N/A - DEBUG - Etiqueta cargada exitosamente: c:\Users\dafab\OneDrive\Documentos\Gestor\Gestor_de_Inventarios\Mis codigos\Falda Gris obscuro Talla_Bįsico_Falda\12\label_split_SKU003524.png
2025-09-14 09:50:46 - src.core.utils.logging_config - StoreID:N/A - DEBUG - Selección del Treeview actualizada al item I09B (SKU: SKU003524, ķndice: 4)
2025-09-14 09:50:46 - src.core.utils.logging_config - StoreID:N/A - DEBUG - Conteo de selección actualizado: 1/15
2025-09-14 09:50:46 - src.core.utils.logging_config - StoreID:N/A - DEBUG - Mostrando detalles para SKU: SKU003524
2025-09-14 09:50:46 - src.core.utils.logging_config - StoreID:N/A - DEBUG - Intentando cargar imagen desde: None
2025-09-14 09:50:46 - src.core.utils.logging_config - StoreID:N/A - DEBUG - Carpeta creada o existente: c:\Users\dafab\OneDrive\Documentos\Gestor\Gestor_de_Inventarios\Mis codigos\Falda Gris obscuro Talla_Bįsico_Falda\12
2025-09-14 09:50:46 - src.core.utils.logging_config - StoreID:N/A - DEBUG - Etiqueta cargada exitosamente: c:\Users\dafab\OneDrive\Documentos\Gestor\Gestor_de_Inventarios\Mis codigos\Falda Gris obscuro Talla_Bįsico_Falda\12\label_split_SKU003524.png
2025-09-14 09:50:46 - src.core.utils.logging_config - StoreID:N/A - DEBUG - Conteo de selección actualizado: 1/15
2025-09-14 09:50:46 - src.core.utils.logging_config - StoreID:N/A - DEBUG - Mostrando detalles para SKU: SKU003524
2025-09-14 09:50:46 - src.core.utils.logging_config - StoreID:N/A - DEBUG - Intentando cargar imagen desde: None
2025-09-14 09:50:46 - src.core.utils.logging_config - StoreID:N/A - DEBUG - Carpeta creada o existente: c:\Users\dafab\OneDrive\Documentos\Gestor\Gestor_de_Inventarios\Mis codigos\Falda Gris obscuro Talla_Bįsico_Falda\12
2025-09-14 09:50:46 - src.core.utils.logging_config - StoreID:N/A - DEBUG - Etiqueta cargada exitosamente: c:\Users\dafab\OneDrive\Documentos\Gestor\Gestor_de_Inventarios\Mis codigos\Falda Gris obscuro Talla_Bįsico_Falda\12\label_split_SKU003524.png
2025-09-14 09:50:47 - src.core.utils.logging_config - StoreID:N/A - DEBUG - Conteo de selección actualizado: 1/15
2025-09-14 09:50:47 - src.core.utils.logging_config - StoreID:N/A - DEBUG - Mostrando detalles para SKU: SKU003524
2025-09-14 09:50:47 - src.core.utils.logging_config - StoreID:N/A - DEBUG - Intentando cargar imagen desde: None
2025-09-14 09:50:47 - src.core.utils.logging_config - StoreID:N/A - DEBUG - Carpeta creada o existente: c:\Users\dafab\OneDrive\Documentos\Gestor\Gestor_de_Inventarios\Mis codigos\Falda Gris obscuro Talla_Bįsico_Falda\12
2025-09-14 09:50:47 - src.core.utils.logging_config - StoreID:N/A - DEBUG - Etiqueta cargada exitosamente: c:\Users\dafab\OneDrive\Documentos\Gestor\Gestor_de_Inventarios\Mis codigos\Falda Gris obscuro Talla_Bįsico_Falda\12\label_split_SKU003524.png
2025-09-14 09:50:47 - src.core.utils.logging_config - StoreID:N/A - DEBUG - Selección del Treeview actualizada al item I09B (SKU: SKU003524, ķndice: 4)
2025-09-14 09:50:47 - src.core.utils.logging_config - StoreID:N/A - DEBUG - Conteo de selección actualizado: 1/15
2025-09-14 09:50:47 - src.core.utils.logging_config - StoreID:N/A - DEBUG - Mostrando detalles para SKU: SKU003524
2025-09-14 09:50:47 - src.core.utils.logging_config - StoreID:N/A - DEBUG - Intentando cargar imagen desde: None
2025-09-14 09:50:47 - src.core.utils.logging_config - StoreID:N/A - DEBUG - Carpeta creada o existente: c:\Users\dafab\OneDrive\Documentos\Gestor\Gestor_de_Inventarios\Mis codigos\Falda Gris obscuro Talla_Bįsico_Falda\12
2025-09-14 09:50:47 - src.core.utils.logging_config - StoreID:N/A - DEBUG - Etiqueta cargada exitosamente: c:\Users\dafab\OneDrive\Documentos\Gestor\Gestor_de_Inventarios\Mis codigos\Falda Gris obscuro Talla_Bįsico_Falda\12\label_split_SKU003524.png
2025-09-14 09:50:47 - src.core.utils.logging_config - StoreID:N/A - DEBUG - Conteo de selección actualizado: 1/15
2025-09-14 09:50:47 - src.core.utils.logging_config - StoreID:N/A - DEBUG - Mostrando detalles para SKU: SKU003524
2025-09-14 09:50:47 - src.core.utils.logging_config - StoreID:N/A - DEBUG - Intentando cargar imagen desde: None
2025-09-14 09:50:47 - src.core.utils.logging_config - StoreID:N/A - DEBUG - Carpeta creada o existente: c:\Users\dafab\OneDrive\Documentos\Gestor\Gestor_de_Inventarios\Mis codigos\Falda Gris obscuro Talla_Bįsico_Falda\12
2025-09-14 09:50:47 - src.core.utils.logging_config - StoreID:N/A - DEBUG - Etiqueta cargada exitosamente: c:\Users\dafab\OneDrive\Documentos\Gestor\Gestor_de_Inventarios\Mis codigos\Falda Gris obscuro Talla_Bįsico_Falda\12\label_split_SKU003524.png
2025-09-14 09:50:47 - src.core.utils.logging_config - StoreID:N/A - DEBUG - Conteo de selección actualizado: 1/15
2025-09-14 09:50:47 - src.core.utils.logging_config - StoreID:N/A - DEBUG - Mostrando detalles para SKU: SKU003524
2025-09-14 09:50:47 - src.core.utils.logging_config - StoreID:N/A - DEBUG - Intentando cargar imagen desde: None
2025-09-14 09:50:47 - src.core.utils.logging_config - StoreID:N/A - DEBUG - Carpeta creada o existente: c:\Users\dafab\OneDrive\Documentos\Gestor\Gestor_de_Inventarios\Mis codigos\Falda Gris obscuro Talla_Bįsico_Falda\12
2025-09-14 09:50:47 - src.core.utils.logging_config - StoreID:N/A - DEBUG - Etiqueta cargada exitosamente: c:\Users\dafab\OneDrive\Documentos\Gestor\Gestor_de_Inventarios\Mis codigos\Falda Gris obscuro Talla_Bįsico_Falda\12\label_split_SKU003524.png
2025-09-14 09:50:47 - src.core.utils.logging_config - StoreID:N/A - DEBUG - Conteo de selección actualizado: 1/15
2025-09-14 09:50:47 - src.core.utils.logging_config - StoreID:N/A - DEBUG - Mostrando detalles para SKU: SKU003524
2025-09-14 09:50:47 - src.core.utils.logging_config - StoreID:N/A - DEBUG - Intentando cargar imagen desde: None
2025-09-14 09:50:47 - src.core.utils.logging_config - StoreID:N/A - DEBUG - Carpeta creada o existente: c:\Users\dafab\OneDrive\Documentos\Gestor\Gestor_de_Inventarios\Mis codigos\Falda Gris obscuro Talla_Bįsico_Falda\12
2025-09-14 09:50:47 - src.core.utils.logging_config - StoreID:N/A - DEBUG - Etiqueta cargada exitosamente: c:\Users\dafab\OneDrive\Documentos\Gestor\Gestor_de_Inventarios\Mis codigos\Falda Gris obscuro Talla_Bįsico_Falda\12\label_split_SKU003524.png
2025-09-14 09:56:49 - src.core.utils.logging_config - StoreID:N/A - DEBUG - Etiqueta cargada para SKU SKU003526: c:\Users\dafab\OneDrive\Documentos\Gestor\Gestor_de_Inventarios\Mis codigos\Falda Gris obscuro Talla_Bįsico_Falda\14\label_split_SKU003526.png
2025-09-14 09:56:49 - src.core.utils.logging_config - StoreID:N/A - DEBUG - Conteo de selección actualizado: 1/15
2025-09-14 09:56:49 - src.core.utils.logging_config - StoreID:N/A - DEBUG - Mostrando detalles para SKU: SKU003526
2025-09-14 09:56:49 - src.core.utils.logging_config - StoreID:N/A - DEBUG - Intentando cargar imagen desde: None
2025-09-14 09:56:49 - src.core.utils.logging_config - StoreID:N/A - DEBUG - Carpeta creada o existente: c:\Users\dafab\OneDrive\Documentos\Gestor\Gestor_de_Inventarios\Mis codigos\Falda Gris obscuro Talla_Bįsico_Falda\14
2025-09-14 09:56:49 - src.core.utils.logging_config - StoreID:N/A - DEBUG - Etiqueta cargada exitosamente: c:\Users\dafab\OneDrive\Documentos\Gestor\Gestor_de_Inventarios\Mis codigos\Falda Gris obscuro Talla_Bįsico_Falda\14\label_split_SKU003526.png
2025-09-14 09:56:49 - src.core.utils.logging_config - StoreID:N/A - DEBUG - Selección del Treeview actualizada al item I09C (SKU: SKU003526, ķndice: 5)
2025-09-14 09:56:49 - src.core.utils.logging_config - StoreID:N/A - DEBUG - Conteo de selección actualizado: 1/15
2025-09-14 09:56:49 - src.core.utils.logging_config - StoreID:N/A - DEBUG - Mostrando detalles para SKU: SKU003526
2025-09-14 09:56:49 - src.core.utils.logging_config - StoreID:N/A - DEBUG - Intentando cargar imagen desde: None
2025-09-14 09:56:49 - src.core.utils.logging_config - StoreID:N/A - DEBUG - Carpeta creada o existente: c:\Users\dafab\OneDrive\Documentos\Gestor\Gestor_de_Inventarios\Mis codigos\Falda Gris obscuro Talla_Bįsico_Falda\14
2025-09-14 09:56:49 - src.core.utils.logging_config - StoreID:N/A - DEBUG - Etiqueta cargada exitosamente: c:\Users\dafab\OneDrive\Documentos\Gestor\Gestor_de_Inventarios\Mis codigos\Falda Gris obscuro Talla_Bįsico_Falda\14\label_split_SKU003526.png
2025-09-14 09:56:49 - src.core.utils.logging_config - StoreID:N/A - DEBUG - Conteo de selección actualizado: 1/15
2025-09-14 09:56:49 - src.core.utils.logging_config - StoreID:N/A - DEBUG - Mostrando detalles para SKU: SKU003526
2025-09-14 09:56:49 - src.core.utils.logging_config - StoreID:N/A - DEBUG - Intentando cargar imagen desde: None
2025-09-14 09:56:49 - src.core.utils.logging_config - StoreID:N/A - DEBUG - Carpeta creada o existente: c:\Users\dafab\OneDrive\Documentos\Gestor\Gestor_de_Inventarios\Mis codigos\Falda Gris obscuro Talla_Bįsico_Falda\14
2025-09-14 09:56:49 - src.core.utils.logging_config - StoreID:N/A - DEBUG - Etiqueta cargada exitosamente: c:\Users\dafab\OneDrive\Documentos\Gestor\Gestor_de_Inventarios\Mis codigos\Falda Gris obscuro Talla_Bįsico_Falda\14\label_split_SKU003526.png
2025-09-14 09:56:49 - src.core.utils.logging_config - StoreID:N/A - DEBUG - Etiqueta cargada para SKU SKU003528: c:\Users\dafab\OneDrive\Documentos\Gestor\Gestor_de_Inventarios\Mis codigos\Falda Gris obscuro Talla_Bįsico_Falda\16\label_split_SKU003528.png
2025-09-14 09:56:49 - src.core.utils.logging_config - StoreID:N/A - DEBUG - Conteo de selección actualizado: 1/15
2025-09-14 09:56:49 - src.core.utils.logging_config - StoreID:N/A - DEBUG - Mostrando detalles para SKU: SKU003528
2025-09-14 09:56:49 - src.core.utils.logging_config - StoreID:N/A - DEBUG - Intentando cargar imagen desde: None
2025-09-14 09:56:49 - src.core.utils.logging_config - StoreID:N/A - DEBUG - Carpeta creada o existente: c:\Users\dafab\OneDrive\Documentos\Gestor\Gestor_de_Inventarios\Mis codigos\Falda Gris obscuro Talla_Bįsico_Falda\16
2025-09-14 09:56:49 - src.core.utils.logging_config - StoreID:N/A - DEBUG - Etiqueta cargada exitosamente: c:\Users\dafab\OneDrive\Documentos\Gestor\Gestor_de_Inventarios\Mis codigos\Falda Gris obscuro Talla_Bįsico_Falda\16\label_split_SKU003528.png
2025-09-14 09:56:49 - src.core.utils.logging_config - StoreID:N/A - DEBUG - Selección del Treeview actualizada al item I09D (SKU: SKU003528, ķndice: 6)
2025-09-14 09:56:49 - src.core.utils.logging_config - StoreID:N/A - DEBUG - Conteo de selección actualizado: 1/15
2025-09-14 09:56:49 - src.core.utils.logging_config - StoreID:N/A - DEBUG - Mostrando detalles para SKU: SKU003528
2025-09-14 09:56:49 - src.core.utils.logging_config - StoreID:N/A - DEBUG - Intentando cargar imagen desde: None
2025-09-14 09:56:49 - src.core.utils.logging_config - StoreID:N/A - DEBUG - Carpeta creada o existente: c:\Users\dafab\OneDrive\Documentos\Gestor\Gestor_de_Inventarios\Mis codigos\Falda Gris obscuro Talla_Bįsico_Falda\16
2025-09-14 09:56:49 - src.core.utils.logging_config - StoreID:N/A - DEBUG - Etiqueta cargada exitosamente: c:\Users\dafab\OneDrive\Documentos\Gestor\Gestor_de_Inventarios\Mis codigos\Falda Gris obscuro Talla_Bįsico_Falda\16\label_split_SKU003528.png
2025-09-14 09:56:49 - src.core.utils.logging_config - StoreID:N/A - DEBUG - Conteo de selección actualizado: 1/15
2025-09-14 09:56:49 - src.core.utils.logging_config - StoreID:N/A - DEBUG - Mostrando detalles para SKU: SKU003528
2025-09-14 09:56:49 - src.core.utils.logging_config - StoreID:N/A - DEBUG - Intentando cargar imagen desde: None
2025-09-14 09:56:49 - src.core.utils.logging_config - StoreID:N/A - DEBUG - Carpeta creada o existente: c:\Users\dafab\OneDrive\Documentos\Gestor\Gestor_de_Inventarios\Mis codigos\Falda Gris obscuro Talla_Bįsico_Falda\16
2025-09-14 09:56:49 - src.core.utils.logging_config - StoreID:N/A - DEBUG - Etiqueta cargada exitosamente: c:\Users\dafab\OneDrive\Documentos\Gestor\Gestor_de_Inventarios\Mis codigos\Falda Gris obscuro Talla_Bįsico_Falda\16\label_split_SKU003528.png
2025-09-14 09:56:49 - src.core.utils.logging_config - StoreID:N/A - DEBUG - Etiqueta cargada para SKU SKU003530: c:\Users\dafab\OneDrive\Documentos\Gestor\Gestor_de_Inventarios\Mis codigos\Falda Gris obscuro Talla_Bįsico_Falda\28\label_split_SKU003530.png
2025-09-14 09:56:49 - src.core.utils.logging_config - StoreID:N/A - DEBUG - Conteo de selección actualizado: 1/15
2025-09-14 09:56:49 - src.core.utils.logging_config - StoreID:N/A - DEBUG - Mostrando detalles para SKU: SKU003530
2025-09-14 09:56:49 - src.core.utils.logging_config - StoreID:N/A - DEBUG - Intentando cargar imagen desde: None
2025-09-14 09:56:49 - src.core.utils.logging_config - StoreID:N/A - DEBUG - Carpeta creada o existente: c:\Users\dafab\OneDrive\Documentos\Gestor\Gestor_de_Inventarios\Mis codigos\Falda Gris obscuro Talla_Bįsico_Falda\28
2025-09-14 09:56:49 - src.core.utils.logging_config - StoreID:N/A - DEBUG - Etiqueta cargada exitosamente: c:\Users\dafab\OneDrive\Documentos\Gestor\Gestor_de_Inventarios\Mis codigos\Falda Gris obscuro Talla_Bįsico_Falda\28\label_split_SKU003530.png
2025-09-14 09:56:49 - src.core.utils.logging_config - StoreID:N/A - DEBUG - Selección del Treeview actualizada al item I09E (SKU: SKU003530, ķndice: 7)
2025-09-14 09:56:49 - src.core.utils.logging_config - StoreID:N/A - DEBUG - Conteo de selección actualizado: 1/15
2025-09-14 09:56:49 - src.core.utils.logging_config - StoreID:N/A - DEBUG - Mostrando detalles para SKU: SKU003530
2025-09-14 09:56:49 - src.core.utils.logging_config - StoreID:N/A - DEBUG - Intentando cargar imagen desde: None
2025-09-14 09:56:49 - src.core.utils.logging_config - StoreID:N/A - DEBUG - Carpeta creada o existente: c:\Users\dafab\OneDrive\Documentos\Gestor\Gestor_de_Inventarios\Mis codigos\Falda Gris obscuro Talla_Bįsico_Falda\28
2025-09-14 09:56:49 - src.core.utils.logging_config - StoreID:N/A - DEBUG - Etiqueta cargada exitosamente: c:\Users\dafab\OneDrive\Documentos\Gestor\Gestor_de_Inventarios\Mis codigos\Falda Gris obscuro Talla_Bįsico_Falda\28\label_split_SKU003530.png
2025-09-14 09:56:49 - src.core.utils.logging_config - StoreID:N/A - DEBUG - Conteo de selección actualizado: 1/15
2025-09-14 09:56:49 - src.core.utils.logging_config - StoreID:N/A - DEBUG - Mostrando detalles para SKU: SKU003530
2025-09-14 09:56:49 - src.core.utils.logging_config - StoreID:N/A - DEBUG - Intentando cargar imagen desde: None
2025-09-14 09:56:49 - src.core.utils.logging_config - StoreID:N/A - DEBUG - Carpeta creada o existente: c:\Users\dafab\OneDrive\Documentos\Gestor\Gestor_de_Inventarios\Mis codigos\Falda Gris obscuro Talla_Bįsico_Falda\28
2025-09-14 09:56:49 - src.core.utils.logging_config - StoreID:N/A - DEBUG - Etiqueta cargada exitosamente: c:\Users\dafab\OneDrive\Documentos\Gestor\Gestor_de_Inventarios\Mis codigos\Falda Gris obscuro Talla_Bįsico_Falda\28\label_split_SKU003530.png
2025-09-14 09:56:49 - src.core.utils.logging_config - StoreID:N/A - DEBUG - Etiqueta cargada para SKU SKU003532: c:\Users\dafab\OneDrive\Documentos\Gestor\Gestor_de_Inventarios\Mis codigos\Falda Gris obscuro Talla_Bįsico_Falda\30\label_split_SKU003532.png
2025-09-14 09:56:49 - src.core.utils.logging_config - StoreID:N/A - DEBUG - Conteo de selección actualizado: 1/15
2025-09-14 09:56:49 - src.core.utils.logging_config - StoreID:N/A - DEBUG - Mostrando detalles para SKU: SKU003532
2025-09-14 09:56:49 - src.core.utils.logging_config - StoreID:N/A - DEBUG - Intentando cargar imagen desde: None
2025-09-14 09:56:49 - src.core.utils.logging_config - StoreID:N/A - DEBUG - Carpeta creada o existente: c:\Users\dafab\OneDrive\Documentos\Gestor\Gestor_de_Inventarios\Mis codigos\Falda Gris obscuro Talla_Bįsico_Falda\30
2025-09-14 09:56:49 - src.core.utils.logging_config - StoreID:N/A - DEBUG - Etiqueta cargada exitosamente: c:\Users\dafab\OneDrive\Documentos\Gestor\Gestor_de_Inventarios\Mis codigos\Falda Gris obscuro Talla_Bįsico_Falda\30\label_split_SKU003532.png
2025-09-14 09:56:49 - src.core.utils.logging_config - StoreID:N/A - DEBUG - Selección del Treeview actualizada al item I09F (SKU: SKU003532, ķndice: 8)
2025-09-14 09:56:49 - src.core.utils.logging_config - StoreID:N/A - DEBUG - Conteo de selección actualizado: 1/15
2025-09-14 09:56:49 - src.core.utils.logging_config - StoreID:N/A - DEBUG - Mostrando detalles para SKU: SKU003532
2025-09-14 09:56:49 - src.core.utils.logging_config - StoreID:N/A - DEBUG - Intentando cargar imagen desde: None
2025-09-14 09:56:49 - src.core.utils.logging_config - StoreID:N/A - DEBUG - Carpeta creada o existente: c:\Users\dafab\OneDrive\Documentos\Gestor\Gestor_de_Inventarios\Mis codigos\Falda Gris obscuro Talla_Bįsico_Falda\30
2025-09-14 09:56:49 - src.core.utils.logging_config - StoreID:N/A - DEBUG - Etiqueta cargada exitosamente: c:\Users\dafab\OneDrive\Documentos\Gestor\Gestor_de_Inventarios\Mis codigos\Falda Gris obscuro Talla_Bįsico_Falda\30\label_split_SKU003532.png
2025-09-14 09:56:49 - src.core.utils.logging_config - StoreID:N/A - DEBUG - Conteo de selección actualizado: 1/15
2025-09-14 09:56:49 - src.core.utils.logging_config - StoreID:N/A - DEBUG - Mostrando detalles para SKU: SKU003532
2025-09-14 09:56:49 - src.core.utils.logging_config - StoreID:N/A - DEBUG - Intentando cargar imagen desde: None
2025-09-14 09:56:49 - src.core.utils.logging_config - StoreID:N/A - DEBUG - Carpeta creada o existente: c:\Users\dafab\OneDrive\Documentos\Gestor\Gestor_de_Inventarios\Mis codigos\Falda Gris obscuro Talla_Bįsico_Falda\30
2025-09-14 09:56:49 - src.core.utils.logging_config - StoreID:N/A - DEBUG - Etiqueta cargada exitosamente: c:\Users\dafab\OneDrive\Documentos\Gestor\Gestor_de_Inventarios\Mis codigos\Falda Gris obscuro Talla_Bįsico_Falda\30\label_split_SKU003532.png
2025-09-14 09:56:51 - src.core.utils.logging_config - StoreID:N/A - DEBUG - Etiqueta cargada para SKU SKU003532: c:\Users\dafab\OneDrive\Documentos\Gestor\Gestor_de_Inventarios\Mis codigos\Falda Gris obscuro Talla_Bįsico_Falda\30\label_SKU003532.png
2025-09-14 09:56:52 - src.core.utils.logging_config - StoreID:N/A - DEBUG - Conteo de selección actualizado: 1/15
2025-09-14 09:56:52 - src.core.utils.logging_config - StoreID:N/A - DEBUG - Mostrando detalles para SKU: SKU003532
2025-09-14 09:56:53 - src.core.utils.logging_config - StoreID:N/A - DEBUG - Intentando cargar imagen desde: None
2025-09-14 09:56:53 - src.core.utils.logging_config - StoreID:N/A - DEBUG - Carpeta creada o existente: c:\Users\dafab\OneDrive\Documentos\Gestor\Gestor_de_Inventarios\Mis codigos\Falda Gris obscuro Talla_Bįsico_Falda\30
2025-09-14 09:56:53 - src.core.utils.logging_config - StoreID:N/A - DEBUG - Etiqueta cargada exitosamente: c:\Users\dafab\OneDrive\Documentos\Gestor\Gestor_de_Inventarios\Mis codigos\Falda Gris obscuro Talla_Bįsico_Falda\30\label_SKU003532.png
2025-09-14 09:56:53 - src.core.utils.logging_config - StoreID:N/A - DEBUG - Selección del Treeview actualizada al item I09F (SKU: SKU003532, ķndice: 8)
2025-09-14 09:56:53 - src.core.utils.logging_config - StoreID:N/A - DEBUG - Conteo de selección actualizado: 1/15
2025-09-14 09:56:53 - src.core.utils.logging_config - StoreID:N/A - DEBUG - Mostrando detalles para SKU: SKU003532
2025-09-14 09:56:53 - src.core.utils.logging_config - StoreID:N/A - DEBUG - Intentando cargar imagen desde: None
2025-09-14 09:56:53 - src.core.utils.logging_config - StoreID:N/A - DEBUG - Carpeta creada o existente: c:\Users\dafab\OneDrive\Documentos\Gestor\Gestor_de_Inventarios\Mis codigos\Falda Gris obscuro Talla_Bįsico_Falda\30
2025-09-14 09:56:53 - src.core.utils.logging_config - StoreID:N/A - DEBUG - Etiqueta cargada exitosamente: c:\Users\dafab\OneDrive\Documentos\Gestor\Gestor_de_Inventarios\Mis codigos\Falda Gris obscuro Talla_Bįsico_Falda\30\label_SKU003532.png
2025-09-14 09:56:53 - src.core.utils.logging_config - StoreID:N/A - DEBUG - Conteo de selección actualizado: 1/15
2025-09-14 09:56:53 - src.core.utils.logging_config - StoreID:N/A - DEBUG - Mostrando detalles para SKU: SKU003532
2025-09-14 09:56:53 - src.core.utils.logging_config - StoreID:N/A - DEBUG - Intentando cargar imagen desde: None
2025-09-14 09:56:53 - src.core.utils.logging_config - StoreID:N/A - DEBUG - Carpeta creada o existente: c:\Users\dafab\OneDrive\Documentos\Gestor\Gestor_de_Inventarios\Mis codigos\Falda Gris obscuro Talla_Bįsico_Falda\30
2025-09-14 09:56:53 - src.core.utils.logging_config - StoreID:N/A - DEBUG - Etiqueta cargada exitosamente: c:\Users\dafab\OneDrive\Documentos\Gestor\Gestor_de_Inventarios\Mis codigos\Falda Gris obscuro Talla_Bįsico_Falda\30\label_SKU003532.png
2025-09-14 09:56:53 - src.core.utils.logging_config - StoreID:N/A - DEBUG - Conteo de selección actualizado: 1/15
2025-09-14 09:56:53 - src.core.utils.logging_config - StoreID:N/A - DEBUG - Mostrando detalles para SKU: SKU003532
2025-09-14 09:56:53 - src.core.utils.logging_config - StoreID:N/A - DEBUG - Intentando cargar imagen desde: None
2025-09-14 09:56:53 - src.core.utils.logging_config - StoreID:N/A - DEBUG - Carpeta creada o existente: c:\Users\dafab\OneDrive\Documentos\Gestor\Gestor_de_Inventarios\Mis codigos\Falda Gris obscuro Talla_Bįsico_Falda\30
2025-09-14 09:56:53 - src.core.utils.logging_config - StoreID:N/A - DEBUG - Etiqueta cargada exitosamente: c:\Users\dafab\OneDrive\Documentos\Gestor\Gestor_de_Inventarios\Mis codigos\Falda Gris obscuro Talla_Bįsico_Falda\30\label_SKU003532.png
2025-09-14 09:56:53 - src.core.utils.logging_config - StoreID:N/A - DEBUG - Conteo de selección actualizado: 1/15
2025-09-14 09:56:53 - src.core.utils.logging_config - StoreID:N/A - DEBUG - Mostrando detalles para SKU: SKU003532
2025-09-14 09:56:53 - src.core.utils.logging_config - StoreID:N/A - DEBUG - Intentando cargar imagen desde: None
2025-09-14 09:56:53 - src.core.utils.logging_config - StoreID:N/A - DEBUG - Carpeta creada o existente: c:\Users\dafab\OneDrive\Documentos\Gestor\Gestor_de_Inventarios\Mis codigos\Falda Gris obscuro Talla_Bįsico_Falda\30
2025-09-14 09:56:53 - src.core.utils.logging_config - StoreID:N/A - DEBUG - Etiqueta cargada exitosamente: c:\Users\dafab\OneDrive\Documentos\Gestor\Gestor_de_Inventarios\Mis codigos\Falda Gris obscuro Talla_Bįsico_Falda\30\label_SKU003532.png
2025-09-14 14:26:02 - src.core.utils.logging_config - StoreID:N/A - DEBUG - Manteniendo selección para SKU: SKU003532 al cerrar PrintPreviewWindow
2025-09-14 14:26:02 - src.core.utils.logging_config - StoreID:N/A - DEBUG - Selección restaurada para SKU: SKU003532 después de cerrar PrintPreviewWindow
2025-09-14 14:26:02 - src.core.utils.logging_config - StoreID:N/A - DEBUG - Conteo de selección actualizado: 1/15
2025-09-14 14:26:02 - src.core.utils.logging_config - StoreID:N/A - DEBUG - Mostrando detalles para SKU: SKU003532
2025-09-14 14:26:02 - src.core.utils.logging_config - StoreID:N/A - DEBUG - Intentando cargar imagen desde: None
2025-09-14 14:26:02 - src.core.utils.logging_config - StoreID:N/A - DEBUG - Carpeta creada o existente: c:\Users\dafab\OneDrive\Documentos\Gestor\Gestor_de_Inventarios\Mis codigos\Falda Gris obscuro Talla_Bįsico_Falda\30
2025-09-14 14:26:02 - src.core.utils.logging_config - StoreID:N/A - DEBUG - Etiqueta cargada exitosamente: c:\Users\dafab\OneDrive\Documentos\Gestor\Gestor_de_Inventarios\Mis codigos\Falda Gris obscuro Talla_Bįsico_Falda\30\label_SKU003532.png
2025-09-14 14:26:02 - src.core.utils.logging_config - StoreID:N/A - DEBUG - Conteo de selección actualizado: 1/15
2025-09-14 14:26:02 - src.core.utils.logging_config - StoreID:N/A - DEBUG - Mostrando detalles para SKU: SKU003532
2025-09-14 14:26:02 - src.core.utils.logging_config - StoreID:N/A - DEBUG - Intentando cargar imagen desde: None
2025-09-14 14:26:02 - src.core.utils.logging_config - StoreID:N/A - DEBUG - Carpeta creada o existente: c:\Users\dafab\OneDrive\Documentos\Gestor\Gestor_de_Inventarios\Mis codigos\Falda Gris obscuro Talla_Bįsico_Falda\30
2025-09-14 14:26:02 - src.core.utils.logging_config - StoreID:N/A - DEBUG - Etiqueta cargada exitosamente: c:\Users\dafab\OneDrive\Documentos\Gestor\Gestor_de_Inventarios\Mis codigos\Falda Gris obscuro Talla_Bįsico_Falda\30\label_SKU003532.png
2025-09-14 14:26:02 - src.core.utils.logging_config - StoreID:N/A - DEBUG - Conteo de selección actualizado: 1/15
2025-09-14 14:26:02 - src.core.utils.logging_config - StoreID:N/A - DEBUG - Mostrando detalles para SKU: SKU003532
2025-09-14 14:26:02 - src.core.utils.logging_config - StoreID:N/A - DEBUG - Intentando cargar imagen desde: None
2025-09-14 14:26:02 - src.core.utils.logging_config - StoreID:N/A - DEBUG - Carpeta creada o existente: c:\Users\dafab\OneDrive\Documentos\Gestor\Gestor_de_Inventarios\Mis codigos\Falda Gris obscuro Talla_Bįsico_Falda\30
2025-09-14 14:26:02 - src.core.utils.logging_config - StoreID:N/A - DEBUG - Etiqueta cargada exitosamente: c:\Users\dafab\OneDrive\Documentos\Gestor\Gestor_de_Inventarios\Mis codigos\Falda Gris obscuro Talla_Bįsico_Falda\30\label_SKU003532.png
2025-09-14 14:26:02 - src.core.utils.logging_config - StoreID:N/A - DEBUG - Conteo de selección actualizado: 1/15
2025-09-14 14:26:02 - src.core.utils.logging_config - StoreID:N/A - DEBUG - Mostrando detalles para SKU: SKU003532
2025-09-14 14:26:02 - src.core.utils.logging_config - StoreID:N/A - DEBUG - Intentando cargar imagen desde: None
2025-09-14 14:26:02 - src.core.utils.logging_config - StoreID:N/A - DEBUG - Carpeta creada o existente: c:\Users\dafab\OneDrive\Documentos\Gestor\Gestor_de_Inventarios\Mis codigos\Falda Gris obscuro Talla_Bįsico_Falda\30
2025-09-14 14:26:02 - src.core.utils.logging_config - StoreID:N/A - DEBUG - Etiqueta cargada exitosamente: c:\Users\dafab\OneDrive\Documentos\Gestor\Gestor_de_Inventarios\Mis codigos\Falda Gris obscuro Talla_Bįsico_Falda\30\label_SKU003532.png
