2025-05-21 20:11:14,774 - src.core.config.db_manager - INFO - Conexión establecida con la base de datos: c:\Users\Daniel\Downloads\Gestor_de_Inventarios\data\productos.db
2025-05-21 20:11:16,050 - __main__ - INFO - Iniciando precarga de formularios
2025-05-21 20:11:16,115 - src.modules.products.product_manager - INFO - ProductManager inicializado para usuario admin con rol admin en tienda 1
2025-05-21 20:11:16,115 - src.modules.products.product_manager_window - INFO - Inicializando ProductManagerWindow para usuario admin con rol admin en tienda 1
2025-05-21 20:11:16,120 - src.modules.products.inventory_manager - INFO - InventoryManager inicializado para tienda 1
2025-05-21 20:11:16,121 - src.modules.products.qr_generator - INFO - QRGenerator inicializado para tienda 1
2025-05-21 20:11:16,121 - src.core.utils.logging_config - INFO - Inicializando ProductManagerLogic para tienda 1
2025-05-21 20:11:16,122 - src.core.utils.logging_config - DEBUG - ProductEditForm inicializado para tienda 1
2025-05-21 20:11:16,123 - src.core.utils.logging_config - INFO - Inicializando ProductManagerUI para tienda 1
2025-05-21 20:11:16,124 - src.core.utils.logging_config - DEBUG - Ícono cargado: edit
2025-05-21 20:11:16,126 - src.core.utils.logging_config - DEBUG - Ícono cargado: copy
2025-05-21 20:11:16,127 - src.core.utils.logging_config - DEBUG - Ícono cargado: delete
2025-05-21 20:11:16,128 - src.core.utils.logging_config - DEBUG - Ícono cargado: duplicate
2025-05-21 20:11:16,130 - src.core.utils.logging_config - DEBUG - Ícono cargado: price
2025-05-21 20:11:16,131 - src.core.utils.logging_config - DEBUG - Ícono cargado: print
2025-05-21 20:11:16,133 - src.core.utils.logging_config - DEBUG - Ícono cargado: inventory
2025-05-21 20:11:16,561 - src.core.utils.logging_config - DEBUG - Inicializando CheckComboBox con column=color
2025-05-21 20:11:16,600 - src.core.utils.logging_config - DEBUG - CheckComboBox creado con label=Color, column=color
2025-05-21 20:11:16,609 - src.core.utils.logging_config - DEBUG - Inicializando CheckComboBox con column=tipo_prenda
2025-05-21 20:11:16,635 - src.core.utils.logging_config - DEBUG - CheckComboBox creado con label=Tipo Prenda, column=tipo_prenda
2025-05-21 20:11:16,645 - src.core.utils.logging_config - DEBUG - Inicializando CheckComboBox con column=tipo_pieza
2025-05-21 20:11:16,671 - src.core.utils.logging_config - DEBUG - CheckComboBox creado con label=Tipo Pieza, column=tipo_pieza
2025-05-21 20:11:16,681 - src.core.utils.logging_config - DEBUG - Inicializando CheckComboBox con column=atributo
2025-05-21 20:11:16,708 - src.core.utils.logging_config - DEBUG - CheckComboBox creado con label=Atributo, column=atributo
2025-05-21 20:11:16,718 - src.core.utils.logging_config - DEBUG - Inicializando CheckComboBox con column=escuela
2025-05-21 20:11:16,745 - src.core.utils.logging_config - DEBUG - CheckComboBox creado con label=Escuela, column=escuela
2025-05-21 20:11:16,755 - src.core.utils.logging_config - DEBUG - Inicializando CheckComboBox con column=nivel_educativo
2025-05-21 20:11:16,782 - src.core.utils.logging_config - DEBUG - CheckComboBox creado con label=Nivel Educativo, column=nivel_educativo
2025-05-21 20:11:16,792 - src.core.utils.logging_config - DEBUG - Inicializando CheckComboBox con column=genero
2025-05-21 20:11:16,819 - src.core.utils.logging_config - DEBUG - CheckComboBox creado con label=Género, column=genero
2025-05-21 20:11:16,829 - src.core.utils.logging_config - DEBUG - Inicializando CheckComboBox con column=marca
2025-05-21 20:11:16,857 - src.core.utils.logging_config - DEBUG - CheckComboBox creado con label=Marca, column=marca
2025-05-21 20:11:16,866 - src.core.utils.logging_config - DEBUG - Inicializando CheckComboBox con column=talla
2025-05-21 20:11:16,893 - src.core.utils.logging_config - DEBUG - CheckComboBox creado con label=Talla, column=talla
2025-05-21 20:11:17,127 - src.core.utils.logging_config - DEBUG - Inicializando comboboxes para filtros
2025-05-21 20:11:17,131 - src.core.config.db_manager - INFO - Conexión a c:\Users\Daniel\Downloads\Gestor_de_Inventarios\data\productos.db cerrada
2025-05-21 20:11:17,132 - src.core.utils.logging_config - DEBUG - Obtenidos 26 valores únicos para color en 0.004s
2025-05-21 20:11:17,132 - src.core.utils.logging_config - DEBUG - Valores para color: ['Ad hoc', 'Amarillo', 'Azul Marino', 'Azul Rey', 'Azul cielo', 'Beige', 'Bicolor', 'Blanca', 'Blanco', 'Café', 'Camuflaje', 'Doble raya', 'Escoces', 'Gales azul', 'Gales rojo', 'Gales verde', 'Gris', 'Gris claro', 'Gris obscuro', 'Negro', 'Pata de gallo', 'Raya roja', 'Rojo', 'Rosa', 'Verde', 'Vino']
2025-05-21 20:11:17,138 - src.core.config.db_manager - WARNING - Conexión no activa. Intentando reconectar...
2025-05-21 20:11:17,139 - src.core.config.db_manager - INFO - Conexión establecida con la base de datos: c:\Users\Daniel\Downloads\Gestor_de_Inventarios\data\productos.db
2025-05-21 20:11:17,144 - src.core.config.db_manager - INFO - Conexión a c:\Users\Daniel\Downloads\Gestor_de_Inventarios\data\productos.db cerrada
2025-05-21 20:11:17,144 - src.core.utils.logging_config - DEBUG - Obtenidos 4 valores únicos para tipo_prenda en 0.006s
2025-05-21 20:11:17,145 - src.core.utils.logging_config - DEBUG - Valores para tipo_prenda: ['Accesorio', 'Básico', 'Deportivo', 'Oficial']
2025-05-21 20:11:17,150 - src.core.config.db_manager - WARNING - Conexión no activa. Intentando reconectar...
2025-05-21 20:11:17,151 - src.core.config.db_manager - INFO - Conexión establecida con la base de datos: c:\Users\Daniel\Downloads\Gestor_de_Inventarios\data\productos.db
2025-05-21 20:11:17,157 - src.core.config.db_manager - INFO - Conexión a c:\Users\Daniel\Downloads\Gestor_de_Inventarios\data\productos.db cerrada
2025-05-21 20:11:17,158 - src.core.utils.logging_config - DEBUG - Obtenidos 19 valores únicos para tipo_pieza en 0.008s
2025-05-21 20:11:17,158 - src.core.utils.logging_config - DEBUG - Valores para tipo_pieza: ['Bata', 'Boina', 'Calceta', 'Camisa', 'Chaleco', 'Chamarra', 'Corbata', 'Corbatín', 'Falda', 'Guante', 'Jumper', 'Malla', 'Mońo', 'Pantalón', 'Pants 2pz', 'Pants 3pz', 'Pants Suelto', 'Playera', 'Suéter']
2025-05-21 20:11:17,163 - src.core.config.db_manager - WARNING - Conexión no activa. Intentando reconectar...
2025-05-21 20:11:17,164 - src.core.config.db_manager - INFO - Conexión establecida con la base de datos: c:\Users\Daniel\Downloads\Gestor_de_Inventarios\data\productos.db
2025-05-21 20:11:17,170 - src.core.config.db_manager - INFO - Conexión a c:\Users\Daniel\Downloads\Gestor_de_Inventarios\data\productos.db cerrada
2025-05-21 20:11:17,170 - src.core.utils.logging_config - DEBUG - Obtenidos 19 valores únicos para atributo en 0.007s
2025-05-21 20:11:17,170 - src.core.utils.logging_config - DEBUG - Valores para atributo: ['Botones', 'Chazarilla', 'Cuatro tablas', 'Cuello V', 'Deportiva', 'Deportivo', 'Escolar', 'Escolta', 'Infantil', 'Liso', 'Manga Corta', 'Manga Larga', 'Polo', 'Pretina', 'Punto', 'Resorte', 'Tableada', 'Tortuga', 'Vestir']
2025-05-21 20:11:17,176 - src.core.config.db_manager - WARNING - Conexión no activa. Intentando reconectar...
2025-05-21 20:11:17,177 - src.core.config.db_manager - INFO - Conexión establecida con la base de datos: c:\Users\Daniel\Downloads\Gestor_de_Inventarios\data\productos.db
2025-05-21 20:11:17,179 - src.core.config.db_manager - INFO - Conexión a c:\Users\Daniel\Downloads\Gestor_de_Inventarios\data\productos.db cerrada
2025-05-21 20:11:17,180 - src.core.utils.logging_config - DEBUG - Obtenidos 46 valores únicos para escuela en 0.004s
2025-05-21 20:11:17,180 - src.core.config.db_manager - WARNING - Conexión no activa. Intentando reconectar...
2025-05-21 20:11:17,181 - src.core.config.db_manager - INFO - Conexión establecida con la base de datos: c:\Users\Daniel\Downloads\Gestor_de_Inventarios\data\productos.db
2025-05-21 20:11:17,183 - src.core.utils.logging_config - DEBUG - Valores para escuela: ['16 de Septiembre', 'Albino García Ramos', 'Benito Juárez', 'Bicentenario', 'Blanca Verónica Soto Martínez Príncipes', 'CBTIS 148', 'CECYTE', 'Club Rotario', 'Colegio Motolinea', 'Conalep', 'Emiliano Zapata', 'Erasmo Castellano', 'EsTv 154', 'Francisco González Bocanegra', 'Francisco Villa', 'Frida Kahlo', 'Guillermo Prieto', 'Himno Nacional', 'Ignacio Allende', 'Ignacio Zaragoza', 'J. Guadalupe Victoria', 'Jean Piaget', 'Jorge Cantor', 'Josefa Ortiz de Domínguez', 'José María Morelos', 'José María Morelos y Pavón', 'Justo Sierra', 'Manuel Gutiérrez Nájera', 'Margarita Paz Paredes', 'Miguel Campuzano', 'Miguel Hidalgo', 'Narciso Mendoza', 'Nińos Héroes', 'Omecalli', 'Paolo Fraire', 'Patria', 'Práxedis Guerrero', 'Rafael Ramírez', 'SABES', 'Sor Juana Inés de la Cruz', 'Telesecundaria 454', 'Telesecundaria 512', 'Técnica de San Bartolo', 'UVEG', 'Vicente Guerrero', 'Álvaro Obregón']
2025-05-21 20:11:17,191 - src.core.config.db_manager - INFO - Conexión a c:\Users\Daniel\Downloads\Gestor_de_Inventarios\data\productos.db cerrada
2025-05-21 20:11:17,192 - src.core.utils.logging_config - DEBUG - Obtenidos 4 valores únicos para nivel_educativo en 0.003s
2025-05-21 20:11:17,192 - src.core.utils.logging_config - DEBUG - Valores para nivel_educativo: ['Bachillerato', 'Preescolar', 'Primaria', 'Secundaria']
2025-05-21 20:11:17,197 - src.core.config.db_manager - WARNING - Conexión no activa. Intentando reconectar...
2025-05-21 20:11:17,198 - src.core.config.db_manager - INFO - Conexión establecida con la base de datos: c:\Users\Daniel\Downloads\Gestor_de_Inventarios\data\productos.db
2025-05-21 20:11:17,203 - src.core.config.db_manager - INFO - Conexión a c:\Users\Daniel\Downloads\Gestor_de_Inventarios\data\productos.db cerrada
2025-05-21 20:11:17,204 - src.core.utils.logging_config - DEBUG - Obtenidos 3 valores únicos para genero en 0.007s
2025-05-21 20:11:17,204 - src.core.utils.logging_config - DEBUG - Valores para genero: ['Hombre', 'Mujer', 'Unisex']
2025-05-21 20:11:17,209 - src.core.config.db_manager - WARNING - Conexión no activa. Intentando reconectar...
2025-05-21 20:11:17,210 - src.core.config.db_manager - INFO - Conexión establecida con la base de datos: c:\Users\Daniel\Downloads\Gestor_de_Inventarios\data\productos.db
2025-05-21 20:11:17,214 - src.core.config.db_manager - INFO - Conexión a c:\Users\Daniel\Downloads\Gestor_de_Inventarios\data\productos.db cerrada
2025-05-21 20:11:17,215 - src.core.utils.logging_config - DEBUG - Obtenidos 2 valores únicos para marca en 0.006s
2025-05-21 20:11:17,215 - src.core.utils.logging_config - DEBUG - Valores para marca: ['Claudia', 'Prowear']
2025-05-21 20:11:17,221 - src.core.config.db_manager - WARNING - Conexión no activa. Intentando reconectar...
2025-05-21 20:11:17,222 - src.core.config.db_manager - INFO - Conexión establecida con la base de datos: c:\Users\Daniel\Downloads\Gestor_de_Inventarios\data\productos.db
2025-05-21 20:11:17,227 - src.core.config.db_manager - INFO - Conexión a c:\Users\Daniel\Downloads\Gestor_de_Inventarios\data\productos.db cerrada
2025-05-21 20:11:17,228 - src.core.utils.logging_config - DEBUG - Obtenidos 40 valores únicos para talla en 0.007s
2025-05-21 20:11:17,228 - src.core.utils.logging_config - DEBUG - Valores para talla: ['2', '3', '4', '5', '6', '7', '8', '9', '10', '11', '12', '13', '14', '16', '18', '20', '28', '30', '32', '34', '36', '38', '40', '42', '44', '46', 'CH', 'MD', 'GD', 'EXG', 'Uni', '0-0', '0-2', '3-5', '6-8', '9-12', '13-18', 'CH-MD', 'GD-EXG', 'Dama']
2025-05-21 20:11:17,234 - src.core.utils.logging_config - INFO - Comboboxes inicializados correctamente
2025-05-21 20:11:17,235 - src.core.utils.logging_config - DEBUG - Label de filtros actualizado: Sin filtros activos
2025-05-21 20:11:17,250 - src.core.utils.logging_config - DEBUG - Lock interface called with lock=True, tree exists=1
2025-05-21 20:11:17,358 - src.core.utils.logging_config - DEBUG - Cargando productos para página 1, batch_size=30
2025-05-21 20:11:17,358 - src.core.config.db_manager - WARNING - Conexión no activa. Intentando reconectar...
2025-05-21 20:11:17,359 - src.core.config.db_manager - INFO - Conexión establecida con la base de datos: c:\Users\Daniel\Downloads\Gestor_de_Inventarios\data\productos.db
2025-05-21 20:11:17,363 - src.core.config.db_manager - INFO - Conexión a c:\Users\Daniel\Downloads\Gestor_de_Inventarios\data\productos.db cerrada
2025-05-21 20:11:17,363 - src.core.config.db_manager - WARNING - Conexión no activa. Intentando reconectar...
2025-05-21 20:11:17,364 - src.core.config.db_manager - INFO - Conexión establecida con la base de datos: c:\Users\Daniel\Downloads\Gestor_de_Inventarios\data\productos.db
2025-05-21 20:11:17,368 - src.core.config.db_manager - INFO - Conexión a c:\Users\Daniel\Downloads\Gestor_de_Inventarios\data\productos.db cerrada
2025-05-21 20:11:17,369 - src.core.utils.logging_config - DEBUG - Actualizando paginación: total_items=2678, current_page=0, total_pages=90
2025-05-21 20:11:17,381 - src.core.utils.logging_config - DEBUG - Texto de paginación actualizado: Página 1 de 90
2025-05-21 20:11:17,384 - src.core.utils.logging_config - DEBUG - Conteo de selección actualizado: 0/30
2025-05-21 20:11:17,384 - src.core.utils.logging_config - INFO - Cargados 30 productos, página 1, total páginas: 90, tiempo: 0.134s
2025-05-21 20:11:17,384 - src.core.utils.logging_config - DEBUG - Lock interface called with lock=False, tree exists=1
2025-05-21 20:11:17,493 - src.core.utils.logging_config - DEBUG - Inicializando comboboxes para filtros
2025-05-21 20:11:17,494 - src.core.utils.logging_config - DEBUG - Obtenidos 26 valores únicos para color en 0.000s
2025-05-21 20:11:17,494 - src.core.utils.logging_config - DEBUG - Valores para color: ['Ad hoc', 'Amarillo', 'Azul Marino', 'Azul Rey', 'Azul cielo', 'Beige', 'Bicolor', 'Blanca', 'Blanco', 'Café', 'Camuflaje', 'Doble raya', 'Escoces', 'Gales azul', 'Gales rojo', 'Gales verde', 'Gris', 'Gris claro', 'Gris obscuro', 'Negro', 'Pata de gallo', 'Raya roja', 'Rojo', 'Rosa', 'Verde', 'Vino']
2025-05-21 20:11:17,500 - src.core.utils.logging_config - DEBUG - Obtenidos 4 valores únicos para tipo_prenda en 0.000s
2025-05-21 20:11:17,501 - src.core.utils.logging_config - DEBUG - Valores para tipo_prenda: ['Accesorio', 'Básico', 'Deportivo', 'Oficial']
2025-05-21 20:11:17,506 - src.core.utils.logging_config - DEBUG - Obtenidos 19 valores únicos para tipo_pieza en 0.000s
2025-05-21 20:11:17,506 - src.core.utils.logging_config - DEBUG - Valores para tipo_pieza: ['Bata', 'Boina', 'Calceta', 'Camisa', 'Chaleco', 'Chamarra', 'Corbata', 'Corbatín', 'Falda', 'Guante', 'Jumper', 'Malla', 'Mońo', 'Pantalón', 'Pants 2pz', 'Pants 3pz', 'Pants Suelto', 'Playera', 'Suéter']
2025-05-21 20:11:17,512 - src.core.utils.logging_config - DEBUG - Obtenidos 19 valores únicos para atributo en 0.000s
2025-05-21 20:11:17,512 - src.core.utils.logging_config - DEBUG - Valores para atributo: ['Botones', 'Chazarilla', 'Cuatro tablas', 'Cuello V', 'Deportiva', 'Deportivo', 'Escolar', 'Escolta', 'Infantil', 'Liso', 'Manga Corta', 'Manga Larga', 'Polo', 'Pretina', 'Punto', 'Resorte', 'Tableada', 'Tortuga', 'Vestir']
2025-05-21 20:11:17,517 - src.core.utils.logging_config - DEBUG - Obtenidos 46 valores únicos para escuela en 0.000s
2025-05-21 20:11:17,518 - src.core.config.db_manager - WARNING - Conexión no activa. Intentando reconectar...
2025-05-21 20:11:17,518 - src.core.config.db_manager - INFO - Conexión establecida con la base de datos: c:\Users\Daniel\Downloads\Gestor_de_Inventarios\data\productos.db
2025-05-21 20:11:17,521 - src.core.utils.logging_config - DEBUG - Valores para escuela: ['16 de Septiembre', 'Albino García Ramos', 'Benito Juárez', 'Bicentenario', 'Blanca Verónica Soto Martínez Príncipes', 'CBTIS 148', 'CECYTE', 'Club Rotario', 'Colegio Motolinea', 'Conalep', 'Emiliano Zapata', 'Erasmo Castellano', 'EsTv 154', 'Francisco González Bocanegra', 'Francisco Villa', 'Frida Kahlo', 'Guillermo Prieto', 'Himno Nacional', 'Ignacio Allende', 'Ignacio Zaragoza', 'J. Guadalupe Victoria', 'Jean Piaget', 'Jorge Cantor', 'Josefa Ortiz de Domínguez', 'José María Morelos', 'José María Morelos y Pavón', 'Justo Sierra', 'Manuel Gutiérrez Nájera', 'Margarita Paz Paredes', 'Miguel Campuzano', 'Miguel Hidalgo', 'Narciso Mendoza', 'Nińos Héroes', 'Omecalli', 'Paolo Fraire', 'Patria', 'Práxedis Guerrero', 'Rafael Ramírez', 'SABES', 'Sor Juana Inés de la Cruz', 'Telesecundaria 454', 'Telesecundaria 512', 'Técnica de San Bartolo', 'UVEG', 'Vicente Guerrero', 'Álvaro Obregón']
2025-05-21 20:11:17,527 - src.core.utils.logging_config - DEBUG - Obtenidos 4 valores únicos para nivel_educativo en 0.000s
2025-05-21 20:11:17,527 - src.core.utils.logging_config - DEBUG - Valores para nivel_educativo: ['Bachillerato', 'Preescolar', 'Primaria', 'Secundaria']
2025-05-21 20:11:17,532 - src.core.utils.logging_config - DEBUG - Obtenidos 3 valores únicos para genero en 0.000s
2025-05-21 20:11:17,533 - src.core.utils.logging_config - DEBUG - Valores para genero: ['Hombre', 'Mujer', 'Unisex']
2025-05-21 20:11:17,538 - src.core.utils.logging_config - DEBUG - Obtenidos 2 valores únicos para marca en 0.000s
2025-05-21 20:11:17,538 - src.core.utils.logging_config - DEBUG - Valores para marca: ['Claudia', 'Prowear']
2025-05-21 20:11:17,544 - src.core.utils.logging_config - DEBUG - Obtenidos 40 valores únicos para talla en 0.000s
2025-05-21 20:11:17,544 - src.core.utils.logging_config - DEBUG - Valores para talla: ['2', '3', '4', '5', '6', '7', '8', '9', '10', '11', '12', '13', '14', '16', '18', '20', '28', '30', '32', '34', '36', '38', '40', '42', '44', '46', 'CH', 'MD', 'GD', 'EXG', 'Uni', '0-0', '0-2', '3-5', '6-8', '9-12', '13-18', 'CH-MD', 'GD-EXG', 'Dama']
2025-05-21 20:11:17,550 - src.core.utils.logging_config - INFO - Comboboxes inicializados correctamente
2025-05-21 20:11:17,550 - src.core.utils.logging_config - DEBUG - Label de filtros actualizado: Sin filtros activos
2025-05-21 20:11:17,551 - src.core.utils.logging_config - DEBUG - Lock interface called with lock=True, tree exists=1
2025-05-21 20:11:17,658 - src.core.utils.logging_config - DEBUG - Cargando productos para página 1, batch_size=30
2025-05-21 20:11:17,661 - src.core.config.db_manager - INFO - Conexión a c:\Users\Daniel\Downloads\Gestor_de_Inventarios\data\productos.db cerrada
2025-05-21 20:11:17,661 - src.core.config.db_manager - WARNING - Conexión no activa. Intentando reconectar...
2025-05-21 20:11:17,662 - src.core.config.db_manager - INFO - Conexión establecida con la base de datos: c:\Users\Daniel\Downloads\Gestor_de_Inventarios\data\productos.db
2025-05-21 20:11:17,666 - src.core.config.db_manager - INFO - Conexión a c:\Users\Daniel\Downloads\Gestor_de_Inventarios\data\productos.db cerrada
2025-05-21 20:11:17,666 - src.core.utils.logging_config - DEBUG - Actualizando paginación: total_items=2678, current_page=0, total_pages=90
2025-05-21 20:11:17,678 - src.core.utils.logging_config - DEBUG - Texto de paginación actualizado: Página 1 de 90
2025-05-21 20:11:17,680 - src.core.utils.logging_config - DEBUG - Conteo de selección actualizado: 0/30
2025-05-21 20:11:17,680 - src.core.utils.logging_config - INFO - Cargados 30 productos, página 1, total páginas: 90, tiempo: 0.130s
2025-05-21 20:11:17,681 - src.core.utils.logging_config - DEBUG - Lock interface called with lock=False, tree exists=1
2025-05-21 20:11:18,038 - root - INFO - Iniciando GeneradorCodigos para tienda 1
2025-05-21 20:11:18,039 - root - INFO - Colores cargados desde config.json: ['Amarillo', 'Azul', 'Azul Marino', 'Azul Rey', 'Azul cielo', 'Beige', 'Bicolor', 'Blanca', 'Blanco', 'Café', 'Camuflaje', 'Doble raya', 'Escoces', 'Gales azul', 'Gales rojo', 'Gales verde', 'Gris', 'Gris claro', 'Gris obscuro', 'Negro', 'Pata de gallo', 'Raya roja', 'Rojo', 'Rosa', 'Verde', 'Vino']
2025-05-21 20:11:18,040 - root - INFO - Controlador inicializado para tienda 1
2025-05-21 20:11:18,040 - src.core.config.db_manager - WARNING - Conexión no activa. Intentando reconectar...
2025-05-21 20:11:18,041 - src.core.config.db_manager - INFO - Conexión establecida con la base de datos: c:\Users\Daniel\Downloads\Gestor_de_Inventarios\data\productos.db
2025-05-21 20:11:18,067 - root - INFO - Antes de setup_ui
2025-05-21 20:11:18,068 - root - INFO - Iniciando setup_ui
2025-05-21 20:11:18,625 - src.core.utils.logging_config - DEBUG - Inicializando CheckComboBox con column=None
2025-05-21 20:11:18,652 - src.core.utils.logging_config - DEBUG - CheckComboBox creado con label=Escuelas, column=None
2025-05-21 20:11:21,397 - root - INFO - setup_ui completado
2025-05-21 20:11:21,397 - root - INFO - GeneradorCodigos inicializado para tienda 1
2025-05-21 20:11:21,744 - __main__ - INFO - Base de datos verificada correctamente
2025-05-21 20:11:21,796 - __main__ - INFO - Iniciando cambio a Product Manager
2025-05-21 20:11:21,814 - __main__ - INFO - Precarga de formularios completada
2025-05-21 20:11:21,939 - src.modules.products.product_manager - INFO - ProductManager inicializado para usuario admin con rol admin en tienda 1
2025-05-21 20:11:21,939 - src.modules.products.product_manager_window - INFO - Inicializando ProductManagerWindow para usuario admin con rol admin en tienda 1
2025-05-21 20:11:21,944 - src.modules.products.inventory_manager - INFO - InventoryManager inicializado para tienda 1
2025-05-21 20:11:21,944 - src.modules.products.qr_generator - INFO - QRGenerator inicializado para tienda 1
2025-05-21 20:11:21,945 - src.core.utils.logging_config - INFO - Inicializando ProductManagerLogic para tienda 1
2025-05-21 20:11:21,945 - src.core.utils.logging_config - DEBUG - ProductEditForm inicializado para tienda 1
2025-05-21 20:11:21,946 - src.core.utils.logging_config - INFO - Inicializando ProductManagerUI para tienda 1
2025-05-21 20:11:21,947 - src.core.utils.logging_config - DEBUG - Ícono cargado: edit
2025-05-21 20:11:21,949 - src.core.utils.logging_config - DEBUG - Ícono cargado: copy
2025-05-21 20:11:21,951 - src.core.utils.logging_config - DEBUG - Ícono cargado: delete
2025-05-21 20:11:21,953 - src.core.utils.logging_config - DEBUG - Ícono cargado: duplicate
2025-05-21 20:11:21,954 - src.core.utils.logging_config - DEBUG - Ícono cargado: price
2025-05-21 20:11:21,955 - src.core.utils.logging_config - DEBUG - Ícono cargado: print
2025-05-21 20:11:21,957 - src.core.utils.logging_config - DEBUG - Ícono cargado: inventory
2025-05-21 20:11:22,032 - src.core.utils.logging_config - DEBUG - Inicializando CheckComboBox con column=color
2025-05-21 20:11:22,063 - src.core.utils.logging_config - DEBUG - CheckComboBox creado con label=Color, column=color
2025-05-21 20:11:22,073 - src.core.utils.logging_config - DEBUG - Inicializando CheckComboBox con column=tipo_prenda
2025-05-21 20:11:22,102 - src.core.utils.logging_config - DEBUG - CheckComboBox creado con label=Tipo Prenda, column=tipo_prenda
2025-05-21 20:11:22,111 - src.core.utils.logging_config - DEBUG - Inicializando CheckComboBox con column=tipo_pieza
2025-05-21 20:11:22,138 - src.core.utils.logging_config - DEBUG - CheckComboBox creado con label=Tipo Pieza, column=tipo_pieza
2025-05-21 20:11:22,147 - src.core.utils.logging_config - DEBUG - Inicializando CheckComboBox con column=atributo
2025-05-21 20:11:22,174 - src.core.utils.logging_config - DEBUG - CheckComboBox creado con label=Atributo, column=atributo
2025-05-21 20:11:22,184 - src.core.utils.logging_config - DEBUG - Inicializando CheckComboBox con column=escuela
2025-05-21 20:11:22,211 - src.core.utils.logging_config - DEBUG - CheckComboBox creado con label=Escuela, column=escuela
2025-05-21 20:11:22,220 - src.core.utils.logging_config - DEBUG - Inicializando CheckComboBox con column=nivel_educativo
2025-05-21 20:11:22,248 - src.core.utils.logging_config - DEBUG - CheckComboBox creado con label=Nivel Educativo, column=nivel_educativo
2025-05-21 20:11:22,257 - src.core.utils.logging_config - DEBUG - Inicializando CheckComboBox con column=genero
2025-05-21 20:11:22,284 - src.core.utils.logging_config - DEBUG - CheckComboBox creado con label=Género, column=genero
2025-05-21 20:11:22,294 - src.core.utils.logging_config - DEBUG - Inicializando CheckComboBox con column=marca
2025-05-21 20:11:22,321 - src.core.utils.logging_config - DEBUG - CheckComboBox creado con label=Marca, column=marca
2025-05-21 20:11:22,330 - src.core.utils.logging_config - DEBUG - Inicializando CheckComboBox con column=talla
2025-05-21 20:11:22,357 - src.core.utils.logging_config - DEBUG - CheckComboBox creado con label=Talla, column=talla
2025-05-21 20:11:23,902 - src.core.utils.logging_config - DEBUG - Inicializando comboboxes para filtros
2025-05-21 20:11:23,906 - src.core.config.db_manager - INFO - Conexión a c:\Users\Daniel\Downloads\Gestor_de_Inventarios\data\productos.db cerrada
2025-05-21 20:11:23,906 - src.core.utils.logging_config - DEBUG - Obtenidos 26 valores únicos para color en 0.004s
2025-05-21 20:11:23,906 - src.core.utils.logging_config - DEBUG - Valores para color: ['Ad hoc', 'Amarillo', 'Azul Marino', 'Azul Rey', 'Azul cielo', 'Beige', 'Bicolor', 'Blanca', 'Blanco', 'Café', 'Camuflaje', 'Doble raya', 'Escoces', 'Gales azul', 'Gales rojo', 'Gales verde', 'Gris', 'Gris claro', 'Gris obscuro', 'Negro', 'Pata de gallo', 'Raya roja', 'Rojo', 'Rosa', 'Verde', 'Vino']
2025-05-21 20:11:23,912 - src.core.config.db_manager - WARNING - Conexión no activa. Intentando reconectar...
2025-05-21 20:11:23,913 - src.core.config.db_manager - INFO - Conexión establecida con la base de datos: c:\Users\Daniel\Downloads\Gestor_de_Inventarios\data\productos.db
2025-05-21 20:11:23,918 - src.core.config.db_manager - INFO - Conexión a c:\Users\Daniel\Downloads\Gestor_de_Inventarios\data\productos.db cerrada
2025-05-21 20:11:23,919 - src.core.utils.logging_config - DEBUG - Obtenidos 4 valores únicos para tipo_prenda en 0.006s
2025-05-21 20:11:23,919 - src.core.utils.logging_config - DEBUG - Valores para tipo_prenda: ['Accesorio', 'Básico', 'Deportivo', 'Oficial']
2025-05-21 20:11:23,924 - src.core.config.db_manager - WARNING - Conexión no activa. Intentando reconectar...
2025-05-21 20:11:23,925 - src.core.config.db_manager - INFO - Conexión establecida con la base de datos: c:\Users\Daniel\Downloads\Gestor_de_Inventarios\data\productos.db
2025-05-21 20:11:23,930 - src.core.config.db_manager - INFO - Conexión a c:\Users\Daniel\Downloads\Gestor_de_Inventarios\data\productos.db cerrada
2025-05-21 20:11:23,930 - src.core.utils.logging_config - DEBUG - Obtenidos 19 valores únicos para tipo_pieza en 0.007s
2025-05-21 20:11:23,931 - src.core.utils.logging_config - DEBUG - Valores para tipo_pieza: ['Bata', 'Boina', 'Calceta', 'Camisa', 'Chaleco', 'Chamarra', 'Corbata', 'Corbatín', 'Falda', 'Guante', 'Jumper', 'Malla', 'Mońo', 'Pantalón', 'Pants 2pz', 'Pants 3pz', 'Pants Suelto', 'Playera', 'Suéter']
2025-05-21 20:11:23,936 - src.core.config.db_manager - WARNING - Conexión no activa. Intentando reconectar...
2025-05-21 20:11:23,937 - src.core.config.db_manager - INFO - Conexión establecida con la base de datos: c:\Users\Daniel\Downloads\Gestor_de_Inventarios\data\productos.db
2025-05-21 20:11:23,942 - src.core.config.db_manager - INFO - Conexión a c:\Users\Daniel\Downloads\Gestor_de_Inventarios\data\productos.db cerrada
2025-05-21 20:11:23,942 - src.core.utils.logging_config - DEBUG - Obtenidos 19 valores únicos para atributo en 0.006s
2025-05-21 20:11:23,943 - src.core.utils.logging_config - DEBUG - Valores para atributo: ['Botones', 'Chazarilla', 'Cuatro tablas', 'Cuello V', 'Deportiva', 'Deportivo', 'Escolar', 'Escolta', 'Infantil', 'Liso', 'Manga Corta', 'Manga Larga', 'Polo', 'Pretina', 'Punto', 'Resorte', 'Tableada', 'Tortuga', 'Vestir']
2025-05-21 20:11:23,948 - src.core.config.db_manager - WARNING - Conexión no activa. Intentando reconectar...
2025-05-21 20:11:23,949 - src.core.config.db_manager - INFO - Conexión establecida con la base de datos: c:\Users\Daniel\Downloads\Gestor_de_Inventarios\data\productos.db
2025-05-21 20:11:23,951 - src.core.config.db_manager - INFO - Conexión a c:\Users\Daniel\Downloads\Gestor_de_Inventarios\data\productos.db cerrada
2025-05-21 20:11:23,951 - src.core.utils.logging_config - DEBUG - Obtenidos 46 valores únicos para escuela en 0.003s
2025-05-21 20:11:23,952 - src.core.config.db_manager - WARNING - Conexión no activa. Intentando reconectar...
2025-05-21 20:11:23,952 - src.core.config.db_manager - INFO - Conexión establecida con la base de datos: c:\Users\Daniel\Downloads\Gestor_de_Inventarios\data\productos.db
2025-05-21 20:11:23,954 - src.core.utils.logging_config - DEBUG - Valores para escuela: ['16 de Septiembre', 'Albino García Ramos', 'Benito Juárez', 'Bicentenario', 'Blanca Verónica Soto Martínez Príncipes', 'CBTIS 148', 'CECYTE', 'Club Rotario', 'Colegio Motolinea', 'Conalep', 'Emiliano Zapata', 'Erasmo Castellano', 'EsTv 154', 'Francisco González Bocanegra', 'Francisco Villa', 'Frida Kahlo', 'Guillermo Prieto', 'Himno Nacional', 'Ignacio Allende', 'Ignacio Zaragoza', 'J. Guadalupe Victoria', 'Jean Piaget', 'Jorge Cantor', 'Josefa Ortiz de Domínguez', 'José María Morelos', 'José María Morelos y Pavón', 'Justo Sierra', 'Manuel Gutiérrez Nájera', 'Margarita Paz Paredes', 'Miguel Campuzano', 'Miguel Hidalgo', 'Narciso Mendoza', 'Nińos Héroes', 'Omecalli', 'Paolo Fraire', 'Patria', 'Práxedis Guerrero', 'Rafael Ramírez', 'SABES', 'Sor Juana Inés de la Cruz', 'Telesecundaria 454', 'Telesecundaria 512', 'Técnica de San Bartolo', 'UVEG', 'Vicente Guerrero', 'Álvaro Obregón']
2025-05-21 20:11:23,963 - src.core.config.db_manager - INFO - Conexión a c:\Users\Daniel\Downloads\Gestor_de_Inventarios\data\productos.db cerrada
2025-05-21 20:11:23,964 - src.core.utils.logging_config - DEBUG - Obtenidos 4 valores únicos para nivel_educativo en 0.003s
2025-05-21 20:11:23,964 - src.core.utils.logging_config - DEBUG - Valores para nivel_educativo: ['Bachillerato', 'Preescolar', 'Primaria', 'Secundaria']
2025-05-21 20:11:23,969 - src.core.config.db_manager - WARNING - Conexión no activa. Intentando reconectar...
2025-05-21 20:11:23,970 - src.core.config.db_manager - INFO - Conexión establecida con la base de datos: c:\Users\Daniel\Downloads\Gestor_de_Inventarios\data\productos.db
2025-05-21 20:11:23,975 - src.core.config.db_manager - INFO - Conexión a c:\Users\Daniel\Downloads\Gestor_de_Inventarios\data\productos.db cerrada
2025-05-21 20:11:23,975 - src.core.utils.logging_config - DEBUG - Obtenidos 3 valores únicos para genero en 0.006s
2025-05-21 20:11:23,975 - src.core.utils.logging_config - DEBUG - Valores para genero: ['Hombre', 'Mujer', 'Unisex']
2025-05-21 20:11:23,981 - src.core.config.db_manager - WARNING - Conexión no activa. Intentando reconectar...
2025-05-21 20:11:23,982 - src.core.config.db_manager - INFO - Conexión establecida con la base de datos: c:\Users\Daniel\Downloads\Gestor_de_Inventarios\data\productos.db
2025-05-21 20:11:23,986 - src.core.config.db_manager - INFO - Conexión a c:\Users\Daniel\Downloads\Gestor_de_Inventarios\data\productos.db cerrada
2025-05-21 20:11:23,986 - src.core.utils.logging_config - DEBUG - Obtenidos 2 valores únicos para marca en 0.005s
2025-05-21 20:11:23,987 - src.core.utils.logging_config - DEBUG - Valores para marca: ['Claudia', 'Prowear']
2025-05-21 20:11:23,993 - src.core.config.db_manager - WARNING - Conexión no activa. Intentando reconectar...
2025-05-21 20:11:23,993 - src.core.config.db_manager - INFO - Conexión establecida con la base de datos: c:\Users\Daniel\Downloads\Gestor_de_Inventarios\data\productos.db
2025-05-21 20:11:23,999 - src.core.config.db_manager - INFO - Conexión a c:\Users\Daniel\Downloads\Gestor_de_Inventarios\data\productos.db cerrada
2025-05-21 20:11:23,999 - src.core.utils.logging_config - DEBUG - Obtenidos 40 valores únicos para talla en 0.007s
2025-05-21 20:11:24,000 - src.core.utils.logging_config - DEBUG - Valores para talla: ['2', '3', '4', '5', '6', '7', '8', '9', '10', '11', '12', '13', '14', '16', '18', '20', '28', '30', '32', '34', '36', '38', '40', '42', '44', '46', 'CH', 'MD', 'GD', 'EXG', 'Uni', '0-0', '0-2', '3-5', '6-8', '9-12', '13-18', 'CH-MD', 'GD-EXG', 'Dama']
2025-05-21 20:11:24,005 - src.core.utils.logging_config - INFO - Comboboxes inicializados correctamente
2025-05-21 20:11:24,006 - src.core.utils.logging_config - DEBUG - Label de filtros actualizado: Sin filtros activos
2025-05-21 20:11:24,021 - src.core.utils.logging_config - DEBUG - Lock interface called with lock=True, tree exists=1
2025-05-21 20:11:24,133 - src.core.utils.logging_config - DEBUG - Cargando productos para página 1, batch_size=30
2025-05-21 20:11:24,134 - src.core.config.db_manager - WARNING - Conexión no activa. Intentando reconectar...
2025-05-21 20:11:24,135 - src.core.config.db_manager - INFO - Conexión establecida con la base de datos: c:\Users\Daniel\Downloads\Gestor_de_Inventarios\data\productos.db
2025-05-21 20:11:24,139 - src.core.config.db_manager - INFO - Conexión a c:\Users\Daniel\Downloads\Gestor_de_Inventarios\data\productos.db cerrada
2025-05-21 20:11:24,139 - src.core.config.db_manager - WARNING - Conexión no activa. Intentando reconectar...
2025-05-21 20:11:24,140 - src.core.config.db_manager - INFO - Conexión establecida con la base de datos: c:\Users\Daniel\Downloads\Gestor_de_Inventarios\data\productos.db
2025-05-21 20:11:24,144 - src.core.config.db_manager - INFO - Conexión a c:\Users\Daniel\Downloads\Gestor_de_Inventarios\data\productos.db cerrada
2025-05-21 20:11:24,144 - src.core.utils.logging_config - DEBUG - Actualizando paginación: total_items=2678, current_page=0, total_pages=90
2025-05-21 20:11:24,156 - src.core.utils.logging_config - DEBUG - Texto de paginación actualizado: Página 1 de 90
2025-05-21 20:11:24,159 - src.core.utils.logging_config - DEBUG - Conteo de selección actualizado: 0/30
2025-05-21 20:11:24,159 - src.core.utils.logging_config - INFO - Cargados 30 productos, página 1, total páginas: 90, tiempo: 0.138s
2025-05-21 20:11:24,159 - src.core.utils.logging_config - DEBUG - Lock interface called with lock=False, tree exists=1
2025-05-21 20:11:24,267 - src.core.utils.logging_config - DEBUG - Inicializando comboboxes para filtros
2025-05-21 20:11:24,267 - src.core.utils.logging_config - DEBUG - Obtenidos 26 valores únicos para color en 0.000s
2025-05-21 20:11:24,268 - src.core.utils.logging_config - DEBUG - Valores para color: ['Ad hoc', 'Amarillo', 'Azul Marino', 'Azul Rey', 'Azul cielo', 'Beige', 'Bicolor', 'Blanca', 'Blanco', 'Café', 'Camuflaje', 'Doble raya', 'Escoces', 'Gales azul', 'Gales rojo', 'Gales verde', 'Gris', 'Gris claro', 'Gris obscuro', 'Negro', 'Pata de gallo', 'Raya roja', 'Rojo', 'Rosa', 'Verde', 'Vino']
2025-05-21 20:11:24,273 - src.core.utils.logging_config - DEBUG - Obtenidos 4 valores únicos para tipo_prenda en 0.000s
2025-05-21 20:11:24,274 - src.core.utils.logging_config - DEBUG - Valores para tipo_prenda: ['Accesorio', 'Básico', 'Deportivo', 'Oficial']
2025-05-21 20:11:24,280 - src.core.utils.logging_config - DEBUG - Obtenidos 19 valores únicos para tipo_pieza en 0.000s
2025-05-21 20:11:24,280 - src.core.utils.logging_config - DEBUG - Valores para tipo_pieza: ['Bata', 'Boina', 'Calceta', 'Camisa', 'Chaleco', 'Chamarra', 'Corbata', 'Corbatín', 'Falda', 'Guante', 'Jumper', 'Malla', 'Mońo', 'Pantalón', 'Pants 2pz', 'Pants 3pz', 'Pants Suelto', 'Playera', 'Suéter']
2025-05-21 20:11:24,286 - src.core.utils.logging_config - DEBUG - Obtenidos 19 valores únicos para atributo en 0.000s
2025-05-21 20:11:24,286 - src.core.utils.logging_config - DEBUG - Valores para atributo: ['Botones', 'Chazarilla', 'Cuatro tablas', 'Cuello V', 'Deportiva', 'Deportivo', 'Escolar', 'Escolta', 'Infantil', 'Liso', 'Manga Corta', 'Manga Larga', 'Polo', 'Pretina', 'Punto', 'Resorte', 'Tableada', 'Tortuga', 'Vestir']
2025-05-21 20:11:24,292 - src.core.utils.logging_config - DEBUG - Obtenidos 46 valores únicos para escuela en 0.000s
2025-05-21 20:11:24,292 - src.core.config.db_manager - WARNING - Conexión no activa. Intentando reconectar...
2025-05-21 20:11:24,293 - src.core.config.db_manager - INFO - Conexión establecida con la base de datos: c:\Users\Daniel\Downloads\Gestor_de_Inventarios\data\productos.db
2025-05-21 20:11:24,295 - src.core.utils.logging_config - DEBUG - Valores para escuela: ['16 de Septiembre', 'Albino García Ramos', 'Benito Juárez', 'Bicentenario', 'Blanca Verónica Soto Martínez Príncipes', 'CBTIS 148', 'CECYTE', 'Club Rotario', 'Colegio Motolinea', 'Conalep', 'Emiliano Zapata', 'Erasmo Castellano', 'EsTv 154', 'Francisco González Bocanegra', 'Francisco Villa', 'Frida Kahlo', 'Guillermo Prieto', 'Himno Nacional', 'Ignacio Allende', 'Ignacio Zaragoza', 'J. Guadalupe Victoria', 'Jean Piaget', 'Jorge Cantor', 'Josefa Ortiz de Domínguez', 'José María Morelos', 'José María Morelos y Pavón', 'Justo Sierra', 'Manuel Gutiérrez Nájera', 'Margarita Paz Paredes', 'Miguel Campuzano', 'Miguel Hidalgo', 'Narciso Mendoza', 'Nińos Héroes', 'Omecalli', 'Paolo Fraire', 'Patria', 'Práxedis Guerrero', 'Rafael Ramírez', 'SABES', 'Sor Juana Inés de la Cruz', 'Telesecundaria 454', 'Telesecundaria 512', 'Técnica de San Bartolo', 'UVEG', 'Vicente Guerrero', 'Álvaro Obregón']
2025-05-21 20:11:24,301 - src.core.utils.logging_config - DEBUG - Obtenidos 4 valores únicos para nivel_educativo en 0.000s
2025-05-21 20:11:24,302 - src.core.utils.logging_config - DEBUG - Valores para nivel_educativo: ['Bachillerato', 'Preescolar', 'Primaria', 'Secundaria']
2025-05-21 20:11:24,308 - src.core.utils.logging_config - DEBUG - Obtenidos 3 valores únicos para genero en 0.000s
2025-05-21 20:11:24,308 - src.core.utils.logging_config - DEBUG - Valores para genero: ['Hombre', 'Mujer', 'Unisex']
2025-05-21 20:11:24,313 - src.core.utils.logging_config - DEBUG - Obtenidos 2 valores únicos para marca en 0.000s
2025-05-21 20:11:24,314 - src.core.utils.logging_config - DEBUG - Valores para marca: ['Claudia', 'Prowear']
2025-05-21 20:11:24,319 - src.core.utils.logging_config - DEBUG - Obtenidos 40 valores únicos para talla en 0.000s
2025-05-21 20:11:24,320 - src.core.utils.logging_config - DEBUG - Valores para talla: ['2', '3', '4', '5', '6', '7', '8', '9', '10', '11', '12', '13', '14', '16', '18', '20', '28', '30', '32', '34', '36', '38', '40', '42', '44', '46', 'CH', 'MD', 'GD', 'EXG', 'Uni', '0-0', '0-2', '3-5', '6-8', '9-12', '13-18', 'CH-MD', 'GD-EXG', 'Dama']
2025-05-21 20:11:24,325 - src.core.utils.logging_config - INFO - Comboboxes inicializados correctamente
2025-05-21 20:11:24,326 - src.core.utils.logging_config - DEBUG - Label de filtros actualizado: Sin filtros activos
2025-05-21 20:11:24,327 - src.core.utils.logging_config - DEBUG - Lock interface called with lock=True, tree exists=1
2025-05-21 20:11:24,450 - src.core.utils.logging_config - DEBUG - Cargando productos para página 1, batch_size=30
2025-05-21 20:11:24,453 - src.core.config.db_manager - INFO - Conexión a c:\Users\Daniel\Downloads\Gestor_de_Inventarios\data\productos.db cerrada
2025-05-21 20:11:24,453 - src.core.config.db_manager - WARNING - Conexión no activa. Intentando reconectar...
2025-05-21 20:11:24,454 - src.core.config.db_manager - INFO - Conexión establecida con la base de datos: c:\Users\Daniel\Downloads\Gestor_de_Inventarios\data\productos.db
2025-05-21 20:11:24,458 - src.core.config.db_manager - INFO - Conexión a c:\Users\Daniel\Downloads\Gestor_de_Inventarios\data\productos.db cerrada
2025-05-21 20:11:24,458 - src.core.utils.logging_config - DEBUG - Actualizando paginación: total_items=2678, current_page=0, total_pages=90
2025-05-21 20:11:24,471 - src.core.utils.logging_config - DEBUG - Texto de paginación actualizado: Página 1 de 90
2025-05-21 20:11:24,473 - src.core.utils.logging_config - DEBUG - Conteo de selección actualizado: 0/30
2025-05-21 20:11:24,474 - src.core.utils.logging_config - INFO - Cargados 30 productos, página 1, total páginas: 90, tiempo: 0.147s
2025-05-21 20:11:24,474 - src.core.utils.logging_config - DEBUG - Lock interface called with lock=False, tree exists=1
2025-05-21 20:11:24,594 - __main__ - INFO - Interfaz de Product Manager cargada exitosamente
2025-05-21 20:11:50,130 - __main__ - INFO - Iniciando cambio a Synchronizer
2025-05-21 20:11:50,632 - __main__ - INFO - Interfaz de Synchronizer cargada exitosamente
2025-05-21 20:12:01,519 - src.modules.synchronizer.synchronizer - INFO - Obtenidos 2678 productos desde SQLite para store_id 1
2025-05-21 20:13:27,100 - src.modules.synchronizer.synchronizer - INFO - Exportados 2678 productos a C:\Users\Daniel\Downloads\Maximoda_Inventarios_Sync.xlsx
2025-05-21 20:27:32,331 - src.core.config.db_manager - INFO - Conexión establecida con la base de datos: c:\Users\Daniel\Downloads\Gestor_de_Inventarios\data\productos.db
2025-05-21 20:27:33,720 - __main__ - INFO - Iniciando precarga de formularios
2025-05-21 20:27:33,784 - src.modules.products.product_manager - INFO - ProductManager inicializado para usuario admin con rol admin en tienda 1
2025-05-21 20:27:33,785 - src.modules.products.product_manager_window - INFO - Inicializando ProductManagerWindow para usuario admin con rol admin en tienda 1
2025-05-21 20:27:33,789 - src.modules.products.inventory_manager - INFO - InventoryManager inicializado para tienda 1
2025-05-21 20:27:33,789 - src.modules.products.qr_generator - INFO - QRGenerator inicializado para tienda 1
2025-05-21 20:27:33,789 - src.core.utils.logging_config - INFO - Inicializando ProductManagerLogic para tienda 1
2025-05-21 20:27:33,790 - src.core.utils.logging_config - DEBUG - ProductEditForm inicializado para tienda 1
2025-05-21 20:27:33,791 - src.core.utils.logging_config - INFO - Inicializando ProductManagerUI para tienda 1
2025-05-21 20:27:33,792 - src.core.utils.logging_config - DEBUG - Ícono cargado: edit
2025-05-21 20:27:33,794 - src.core.utils.logging_config - DEBUG - Ícono cargado: copy
2025-05-21 20:27:33,796 - src.core.utils.logging_config - DEBUG - Ícono cargado: delete
2025-05-21 20:27:33,797 - src.core.utils.logging_config - DEBUG - Ícono cargado: duplicate
2025-05-21 20:27:33,800 - src.core.utils.logging_config - DEBUG - Ícono cargado: price
2025-05-21 20:27:33,802 - src.core.utils.logging_config - DEBUG - Ícono cargado: print
2025-05-21 20:27:33,804 - src.core.utils.logging_config - DEBUG - Ícono cargado: inventory
2025-05-21 20:27:34,256 - src.core.utils.logging_config - DEBUG - Inicializando CheckComboBox con column=color
2025-05-21 20:27:34,295 - src.core.utils.logging_config - DEBUG - CheckComboBox creado con label=Color, column=color
2025-05-21 20:27:34,306 - src.core.utils.logging_config - DEBUG - Inicializando CheckComboBox con column=tipo_prenda
2025-05-21 20:27:34,333 - src.core.utils.logging_config - DEBUG - CheckComboBox creado con label=Tipo Prenda, column=tipo_prenda
2025-05-21 20:27:34,343 - src.core.utils.logging_config - DEBUG - Inicializando CheckComboBox con column=tipo_pieza
2025-05-21 20:27:34,371 - src.core.utils.logging_config - DEBUG - CheckComboBox creado con label=Tipo Pieza, column=tipo_pieza
2025-05-21 20:27:34,382 - src.core.utils.logging_config - DEBUG - Inicializando CheckComboBox con column=atributo
2025-05-21 20:27:34,409 - src.core.utils.logging_config - DEBUG - CheckComboBox creado con label=Atributo, column=atributo
2025-05-21 20:27:34,420 - src.core.utils.logging_config - DEBUG - Inicializando CheckComboBox con column=escuela
2025-05-21 20:27:34,448 - src.core.utils.logging_config - DEBUG - CheckComboBox creado con label=Escuela, column=escuela
2025-05-21 20:27:34,457 - src.core.utils.logging_config - DEBUG - Inicializando CheckComboBox con column=nivel_educativo
2025-05-21 20:27:34,484 - src.core.utils.logging_config - DEBUG - CheckComboBox creado con label=Nivel Educativo, column=nivel_educativo
2025-05-21 20:27:34,495 - src.core.utils.logging_config - DEBUG - Inicializando CheckComboBox con column=genero
2025-05-21 20:27:34,522 - src.core.utils.logging_config - DEBUG - CheckComboBox creado con label=Género, column=genero
2025-05-21 20:27:34,532 - src.core.utils.logging_config - DEBUG - Inicializando CheckComboBox con column=marca
2025-05-21 20:27:34,563 - src.core.utils.logging_config - DEBUG - CheckComboBox creado con label=Marca, column=marca
2025-05-21 20:27:34,576 - src.core.utils.logging_config - DEBUG - Inicializando CheckComboBox con column=talla
2025-05-21 20:27:34,615 - src.core.utils.logging_config - DEBUG - CheckComboBox creado con label=Talla, column=talla
2025-05-21 20:27:34,864 - src.core.utils.logging_config - DEBUG - Inicializando comboboxes para filtros
2025-05-21 20:27:34,870 - src.core.config.db_manager - INFO - Conexión a c:\Users\Daniel\Downloads\Gestor_de_Inventarios\data\productos.db cerrada
2025-05-21 20:27:34,870 - src.core.utils.logging_config - DEBUG - Obtenidos 26 valores únicos para color en 0.005s
2025-05-21 20:27:34,870 - src.core.utils.logging_config - DEBUG - Valores para color: ['Ad hoc', 'Amarillo', 'Azul Marino', 'Azul Rey', 'Azul cielo', 'Beige', 'Bicolor', 'Blanca', 'Blanco', 'Café', 'Camuflaje', 'Doble raya', 'Escoces', 'Gales azul', 'Gales rojo', 'Gales verde', 'Gris', 'Gris claro', 'Gris obscuro', 'Negro', 'Pata de gallo', 'Raya roja', 'Rojo', 'Rosa', 'Verde', 'Vino']
2025-05-21 20:27:34,876 - src.core.config.db_manager - WARNING - Conexión no activa. Intentando reconectar...
2025-05-21 20:27:34,877 - src.core.config.db_manager - INFO - Conexión establecida con la base de datos: c:\Users\Daniel\Downloads\Gestor_de_Inventarios\data\productos.db
2025-05-21 20:27:34,884 - src.core.config.db_manager - INFO - Conexión a c:\Users\Daniel\Downloads\Gestor_de_Inventarios\data\productos.db cerrada
2025-05-21 20:27:34,884 - src.core.utils.logging_config - DEBUG - Obtenidos 4 valores únicos para tipo_prenda en 0.008s
2025-05-21 20:27:34,884 - src.core.utils.logging_config - DEBUG - Valores para tipo_prenda: ['Accesorio', 'Básico', 'Deportivo', 'Oficial']
2025-05-21 20:27:34,890 - src.core.config.db_manager - WARNING - Conexión no activa. Intentando reconectar...
2025-05-21 20:27:34,891 - src.core.config.db_manager - INFO - Conexión establecida con la base de datos: c:\Users\Daniel\Downloads\Gestor_de_Inventarios\data\productos.db
2025-05-21 20:27:34,897 - src.core.config.db_manager - INFO - Conexión a c:\Users\Daniel\Downloads\Gestor_de_Inventarios\data\productos.db cerrada
2025-05-21 20:27:34,898 - src.core.utils.logging_config - DEBUG - Obtenidos 19 valores únicos para tipo_pieza en 0.007s
2025-05-21 20:27:34,898 - src.core.utils.logging_config - DEBUG - Valores para tipo_pieza: ['Bata', 'Boina', 'Calceta', 'Camisa', 'Chaleco', 'Chamarra', 'Corbata', 'Corbatín', 'Falda', 'Guante', 'Jumper', 'Malla', 'Mońo', 'Pantalón', 'Pants 2pz', 'Pants 3pz', 'Pants Suelto', 'Playera', 'Suéter']
2025-05-21 20:27:34,903 - src.core.config.db_manager - WARNING - Conexión no activa. Intentando reconectar...
2025-05-21 20:27:34,904 - src.core.config.db_manager - INFO - Conexión establecida con la base de datos: c:\Users\Daniel\Downloads\Gestor_de_Inventarios\data\productos.db
2025-05-21 20:27:34,910 - src.core.config.db_manager - INFO - Conexión a c:\Users\Daniel\Downloads\Gestor_de_Inventarios\data\productos.db cerrada
2025-05-21 20:27:34,910 - src.core.utils.logging_config - DEBUG - Obtenidos 19 valores únicos para atributo en 0.007s
2025-05-21 20:27:34,911 - src.core.utils.logging_config - DEBUG - Valores para atributo: ['Botones', 'Chazarilla', 'Cuatro tablas', 'Cuello V', 'Deportiva', 'Deportivo', 'Escolar', 'Escolta', 'Infantil', 'Liso', 'Manga Corta', 'Manga Larga', 'Polo', 'Pretina', 'Punto', 'Resorte', 'Tableada', 'Tortuga', 'Vestir']
2025-05-21 20:27:34,916 - src.core.config.db_manager - WARNING - Conexión no activa. Intentando reconectar...
2025-05-21 20:27:34,917 - src.core.config.db_manager - INFO - Conexión establecida con la base de datos: c:\Users\Daniel\Downloads\Gestor_de_Inventarios\data\productos.db
2025-05-21 20:27:34,920 - src.core.config.db_manager - INFO - Conexión a c:\Users\Daniel\Downloads\Gestor_de_Inventarios\data\productos.db cerrada
2025-05-21 20:27:34,920 - src.core.utils.logging_config - DEBUG - Obtenidos 46 valores únicos para escuela en 0.004s
2025-05-21 20:27:34,921 - src.core.config.db_manager - WARNING - Conexión no activa. Intentando reconectar...
2025-05-21 20:27:34,921 - src.core.config.db_manager - INFO - Conexión establecida con la base de datos: c:\Users\Daniel\Downloads\Gestor_de_Inventarios\data\productos.db
2025-05-21 20:27:34,924 - src.core.utils.logging_config - DEBUG - Valores para escuela: ['16 de Septiembre', 'Albino García Ramos', 'Benito Juárez', 'Bicentenario', 'Blanca Verónica Soto Martínez Príncipes', 'CBTIS 148', 'CECYTE', 'Club Rotario', 'Colegio Motolinea', 'Conalep', 'Emiliano Zapata', 'Erasmo Castellano', 'EsTv 154', 'Francisco González Bocanegra', 'Francisco Villa', 'Frida Kahlo', 'Guillermo Prieto', 'Himno Nacional', 'Ignacio Allende', 'Ignacio Zaragoza', 'J. Guadalupe Victoria', 'Jean Piaget', 'Jorge Cantor', 'Josefa Ortiz de Domínguez', 'José María Morelos', 'José María Morelos y Pavón', 'Justo Sierra', 'Manuel Gutiérrez Nájera', 'Margarita Paz Paredes', 'Miguel Campuzano', 'Miguel Hidalgo', 'Narciso Mendoza', 'Nińos Héroes', 'Omecalli', 'Paolo Fraire', 'Patria', 'Práxedis Guerrero', 'Rafael Ramírez', 'SABES', 'Sor Juana Inés de la Cruz', 'Telesecundaria 454', 'Telesecundaria 512', 'Técnica de San Bartolo', 'UVEG', 'Vicente Guerrero', 'Álvaro Obregón']
2025-05-21 20:27:34,932 - src.core.config.db_manager - INFO - Conexión a c:\Users\Daniel\Downloads\Gestor_de_Inventarios\data\productos.db cerrada
2025-05-21 20:27:34,933 - src.core.utils.logging_config - DEBUG - Obtenidos 4 valores únicos para nivel_educativo en 0.003s
2025-05-21 20:27:34,933 - src.core.utils.logging_config - DEBUG - Valores para nivel_educativo: ['Bachillerato', 'Preescolar', 'Primaria', 'Secundaria']
2025-05-21 20:27:34,938 - src.core.config.db_manager - WARNING - Conexión no activa. Intentando reconectar...
2025-05-21 20:27:34,939 - src.core.config.db_manager - INFO - Conexión establecida con la base de datos: c:\Users\Daniel\Downloads\Gestor_de_Inventarios\data\productos.db
2025-05-21 20:27:34,944 - src.core.config.db_manager - INFO - Conexión a c:\Users\Daniel\Downloads\Gestor_de_Inventarios\data\productos.db cerrada
2025-05-21 20:27:34,944 - src.core.utils.logging_config - DEBUG - Obtenidos 3 valores únicos para genero en 0.006s
2025-05-21 20:27:34,944 - src.core.utils.logging_config - DEBUG - Valores para genero: ['Hombre', 'Mujer', 'Unisex']
2025-05-21 20:27:34,950 - src.core.config.db_manager - WARNING - Conexión no activa. Intentando reconectar...
2025-05-21 20:27:34,951 - src.core.config.db_manager - INFO - Conexión establecida con la base de datos: c:\Users\Daniel\Downloads\Gestor_de_Inventarios\data\productos.db
2025-05-21 20:27:34,956 - src.core.config.db_manager - INFO - Conexión a c:\Users\Daniel\Downloads\Gestor_de_Inventarios\data\productos.db cerrada
2025-05-21 20:27:34,956 - src.core.utils.logging_config - DEBUG - Obtenidos 2 valores únicos para marca en 0.006s
2025-05-21 20:27:34,956 - src.core.utils.logging_config - DEBUG - Valores para marca: ['Claudia', 'Prowear']
2025-05-21 20:27:34,963 - src.core.config.db_manager - WARNING - Conexión no activa. Intentando reconectar...
2025-05-21 20:27:34,963 - src.core.config.db_manager - INFO - Conexión establecida con la base de datos: c:\Users\Daniel\Downloads\Gestor_de_Inventarios\data\productos.db
2025-05-21 20:27:34,969 - src.core.config.db_manager - INFO - Conexión a c:\Users\Daniel\Downloads\Gestor_de_Inventarios\data\productos.db cerrada
2025-05-21 20:27:34,969 - src.core.utils.logging_config - DEBUG - Obtenidos 40 valores únicos para talla en 0.007s
2025-05-21 20:27:34,970 - src.core.utils.logging_config - DEBUG - Valores para talla: ['2', '3', '4', '5', '6', '7', '8', '9', '10', '11', '12', '13', '14', '16', '18', '20', '28', '30', '32', '34', '36', '38', '40', '42', '44', '46', 'CH', 'MD', 'GD', 'EXG', 'Uni', '0-0', '0-2', '3-5', '6-8', '9-12', '13-18', 'CH-MD', 'GD-EXG', 'Dama']
2025-05-21 20:27:34,976 - src.core.utils.logging_config - INFO - Comboboxes inicializados correctamente
2025-05-21 20:27:34,977 - src.core.utils.logging_config - DEBUG - Label de filtros actualizado: Sin filtros activos
2025-05-21 20:27:34,991 - src.core.utils.logging_config - DEBUG - Lock interface called with lock=True, tree exists=1
2025-05-21 20:27:35,107 - src.core.utils.logging_config - DEBUG - Cargando productos para página 1, batch_size=30
2025-05-21 20:27:35,108 - src.core.config.db_manager - WARNING - Conexión no activa. Intentando reconectar...
2025-05-21 20:27:35,108 - src.core.config.db_manager - INFO - Conexión establecida con la base de datos: c:\Users\Daniel\Downloads\Gestor_de_Inventarios\data\productos.db
2025-05-21 20:27:35,113 - src.core.config.db_manager - INFO - Conexión a c:\Users\Daniel\Downloads\Gestor_de_Inventarios\data\productos.db cerrada
2025-05-21 20:27:35,113 - src.core.config.db_manager - WARNING - Conexión no activa. Intentando reconectar...
2025-05-21 20:27:35,114 - src.core.config.db_manager - INFO - Conexión establecida con la base de datos: c:\Users\Daniel\Downloads\Gestor_de_Inventarios\data\productos.db
2025-05-21 20:27:35,119 - src.core.config.db_manager - INFO - Conexión a c:\Users\Daniel\Downloads\Gestor_de_Inventarios\data\productos.db cerrada
2025-05-21 20:27:35,119 - src.core.utils.logging_config - DEBUG - Actualizando paginación: total_items=2678, current_page=0, total_pages=90
2025-05-21 20:27:35,131 - src.core.utils.logging_config - DEBUG - Texto de paginación actualizado: Página 1 de 90
2025-05-21 20:27:35,134 - src.core.utils.logging_config - DEBUG - Conteo de selección actualizado: 0/30
2025-05-21 20:27:35,134 - src.core.utils.logging_config - INFO - Cargados 30 productos, página 1, total páginas: 90, tiempo: 0.143s
2025-05-21 20:27:35,135 - src.core.utils.logging_config - DEBUG - Lock interface called with lock=False, tree exists=1
2025-05-21 20:27:35,245 - src.core.utils.logging_config - DEBUG - Inicializando comboboxes para filtros
2025-05-21 20:27:35,246 - src.core.utils.logging_config - DEBUG - Obtenidos 26 valores únicos para color en 0.000s
2025-05-21 20:27:35,246 - src.core.utils.logging_config - DEBUG - Valores para color: ['Ad hoc', 'Amarillo', 'Azul Marino', 'Azul Rey', 'Azul cielo', 'Beige', 'Bicolor', 'Blanca', 'Blanco', 'Café', 'Camuflaje', 'Doble raya', 'Escoces', 'Gales azul', 'Gales rojo', 'Gales verde', 'Gris', 'Gris claro', 'Gris obscuro', 'Negro', 'Pata de gallo', 'Raya roja', 'Rojo', 'Rosa', 'Verde', 'Vino']
2025-05-21 20:27:35,252 - src.core.utils.logging_config - DEBUG - Obtenidos 4 valores únicos para tipo_prenda en 0.000s
2025-05-21 20:27:35,252 - src.core.utils.logging_config - DEBUG - Valores para tipo_prenda: ['Accesorio', 'Básico', 'Deportivo', 'Oficial']
2025-05-21 20:27:35,258 - src.core.utils.logging_config - DEBUG - Obtenidos 19 valores únicos para tipo_pieza en 0.000s
2025-05-21 20:27:35,258 - src.core.utils.logging_config - DEBUG - Valores para tipo_pieza: ['Bata', 'Boina', 'Calceta', 'Camisa', 'Chaleco', 'Chamarra', 'Corbata', 'Corbatín', 'Falda', 'Guante', 'Jumper', 'Malla', 'Mońo', 'Pantalón', 'Pants 2pz', 'Pants 3pz', 'Pants Suelto', 'Playera', 'Suéter']
2025-05-21 20:27:35,264 - src.core.utils.logging_config - DEBUG - Obtenidos 19 valores únicos para atributo en 0.000s
2025-05-21 20:27:35,264 - src.core.utils.logging_config - DEBUG - Valores para atributo: ['Botones', 'Chazarilla', 'Cuatro tablas', 'Cuello V', 'Deportiva', 'Deportivo', 'Escolar', 'Escolta', 'Infantil', 'Liso', 'Manga Corta', 'Manga Larga', 'Polo', 'Pretina', 'Punto', 'Resorte', 'Tableada', 'Tortuga', 'Vestir']
2025-05-21 20:27:35,270 - src.core.utils.logging_config - DEBUG - Obtenidos 46 valores únicos para escuela en 0.000s
2025-05-21 20:27:35,270 - src.core.config.db_manager - WARNING - Conexión no activa. Intentando reconectar...
2025-05-21 20:27:35,271 - src.core.config.db_manager - INFO - Conexión establecida con la base de datos: c:\Users\Daniel\Downloads\Gestor_de_Inventarios\data\productos.db
2025-05-21 20:27:35,274 - src.core.utils.logging_config - DEBUG - Valores para escuela: ['16 de Septiembre', 'Albino García Ramos', 'Benito Juárez', 'Bicentenario', 'Blanca Verónica Soto Martínez Príncipes', 'CBTIS 148', 'CECYTE', 'Club Rotario', 'Colegio Motolinea', 'Conalep', 'Emiliano Zapata', 'Erasmo Castellano', 'EsTv 154', 'Francisco González Bocanegra', 'Francisco Villa', 'Frida Kahlo', 'Guillermo Prieto', 'Himno Nacional', 'Ignacio Allende', 'Ignacio Zaragoza', 'J. Guadalupe Victoria', 'Jean Piaget', 'Jorge Cantor', 'Josefa Ortiz de Domínguez', 'José María Morelos', 'José María Morelos y Pavón', 'Justo Sierra', 'Manuel Gutiérrez Nájera', 'Margarita Paz Paredes', 'Miguel Campuzano', 'Miguel Hidalgo', 'Narciso Mendoza', 'Nińos Héroes', 'Omecalli', 'Paolo Fraire', 'Patria', 'Práxedis Guerrero', 'Rafael Ramírez', 'SABES', 'Sor Juana Inés de la Cruz', 'Telesecundaria 454', 'Telesecundaria 512', 'Técnica de San Bartolo', 'UVEG', 'Vicente Guerrero', 'Álvaro Obregón']
2025-05-21 20:27:35,280 - src.core.utils.logging_config - DEBUG - Obtenidos 4 valores únicos para nivel_educativo en 0.000s
2025-05-21 20:27:35,280 - src.core.utils.logging_config - DEBUG - Valores para nivel_educativo: ['Bachillerato', 'Preescolar', 'Primaria', 'Secundaria']
2025-05-21 20:27:35,286 - src.core.utils.logging_config - DEBUG - Obtenidos 3 valores únicos para genero en 0.000s
2025-05-21 20:27:35,286 - src.core.utils.logging_config - DEBUG - Valores para genero: ['Hombre', 'Mujer', 'Unisex']
2025-05-21 20:27:35,291 - src.core.utils.logging_config - DEBUG - Obtenidos 2 valores únicos para marca en 0.000s
2025-05-21 20:27:35,292 - src.core.utils.logging_config - DEBUG - Valores para marca: ['Claudia', 'Prowear']
2025-05-21 20:27:35,297 - src.core.utils.logging_config - DEBUG - Obtenidos 40 valores únicos para talla en 0.000s
2025-05-21 20:27:35,298 - src.core.utils.logging_config - DEBUG - Valores para talla: ['2', '3', '4', '5', '6', '7', '8', '9', '10', '11', '12', '13', '14', '16', '18', '20', '28', '30', '32', '34', '36', '38', '40', '42', '44', '46', 'CH', 'MD', 'GD', 'EXG', 'Uni', '0-0', '0-2', '3-5', '6-8', '9-12', '13-18', 'CH-MD', 'GD-EXG', 'Dama']
2025-05-21 20:27:35,303 - src.core.utils.logging_config - INFO - Comboboxes inicializados correctamente
2025-05-21 20:27:35,304 - src.core.utils.logging_config - DEBUG - Label de filtros actualizado: Sin filtros activos
2025-05-21 20:27:35,305 - src.core.utils.logging_config - DEBUG - Lock interface called with lock=True, tree exists=1
2025-05-21 20:27:35,416 - src.core.utils.logging_config - DEBUG - Cargando productos para página 1, batch_size=30
2025-05-21 20:27:35,419 - src.core.config.db_manager - INFO - Conexión a c:\Users\Daniel\Downloads\Gestor_de_Inventarios\data\productos.db cerrada
2025-05-21 20:27:35,420 - src.core.config.db_manager - WARNING - Conexión no activa. Intentando reconectar...
2025-05-21 20:27:35,420 - src.core.config.db_manager - INFO - Conexión establecida con la base de datos: c:\Users\Daniel\Downloads\Gestor_de_Inventarios\data\productos.db
2025-05-21 20:27:35,425 - src.core.config.db_manager - INFO - Conexión a c:\Users\Daniel\Downloads\Gestor_de_Inventarios\data\productos.db cerrada
2025-05-21 20:27:35,425 - src.core.utils.logging_config - DEBUG - Actualizando paginación: total_items=2678, current_page=0, total_pages=90
2025-05-21 20:27:35,439 - src.core.utils.logging_config - DEBUG - Texto de paginación actualizado: Página 1 de 90
2025-05-21 20:27:35,441 - src.core.utils.logging_config - DEBUG - Conteo de selección actualizado: 0/30
2025-05-21 20:27:35,442 - src.core.utils.logging_config - INFO - Cargados 30 productos, página 1, total páginas: 90, tiempo: 0.137s
2025-05-21 20:27:35,442 - src.core.utils.logging_config - DEBUG - Lock interface called with lock=False, tree exists=1
2025-05-21 20:27:35,809 - root - INFO - Iniciando GeneradorCodigos para tienda 1
2025-05-21 20:27:35,810 - root - INFO - Colores cargados desde config.json: ['Amarillo', 'Azul', 'Azul Marino', 'Azul Rey', 'Azul cielo', 'Beige', 'Bicolor', 'Blanca', 'Blanco', 'Café', 'Camuflaje', 'Doble raya', 'Escoces', 'Gales azul', 'Gales rojo', 'Gales verde', 'Gris', 'Gris claro', 'Gris obscuro', 'Negro', 'Pata de gallo', 'Raya roja', 'Rojo', 'Rosa', 'Verde', 'Vino']
2025-05-21 20:27:35,810 - root - INFO - Controlador inicializado para tienda 1
2025-05-21 20:27:35,811 - src.core.config.db_manager - WARNING - Conexión no activa. Intentando reconectar...
2025-05-21 20:27:35,811 - src.core.config.db_manager - INFO - Conexión establecida con la base de datos: c:\Users\Daniel\Downloads\Gestor_de_Inventarios\data\productos.db
2025-05-21 20:27:35,835 - root - INFO - Antes de setup_ui
2025-05-21 20:27:35,835 - root - INFO - Iniciando setup_ui
2025-05-21 20:27:36,405 - src.core.utils.logging_config - DEBUG - Inicializando CheckComboBox con column=None
2025-05-21 20:27:36,433 - src.core.utils.logging_config - DEBUG - CheckComboBox creado con label=Escuelas, column=None
2025-05-21 20:27:38,857 - root - INFO - setup_ui completado
2025-05-21 20:27:38,858 - root - INFO - GeneradorCodigos inicializado para tienda 1
2025-05-21 20:27:39,253 - __main__ - INFO - Base de datos verificada correctamente
2025-05-21 20:27:39,310 - __main__ - INFO - Iniciando cambio a Product Manager
2025-05-21 20:27:39,327 - __main__ - INFO - Precarga de formularios completada
2025-05-21 20:27:39,441 - src.modules.products.product_manager - INFO - ProductManager inicializado para usuario admin con rol admin en tienda 1
2025-05-21 20:27:39,442 - src.modules.products.product_manager_window - INFO - Inicializando ProductManagerWindow para usuario admin con rol admin en tienda 1
2025-05-21 20:27:39,446 - src.modules.products.inventory_manager - INFO - InventoryManager inicializado para tienda 1
2025-05-21 20:27:39,446 - src.modules.products.qr_generator - INFO - QRGenerator inicializado para tienda 1
2025-05-21 20:27:39,447 - src.core.utils.logging_config - INFO - Inicializando ProductManagerLogic para tienda 1
2025-05-21 20:27:39,447 - src.core.utils.logging_config - DEBUG - ProductEditForm inicializado para tienda 1
2025-05-21 20:27:39,448 - src.core.utils.logging_config - INFO - Inicializando ProductManagerUI para tienda 1
2025-05-21 20:27:39,450 - src.core.utils.logging_config - DEBUG - Ícono cargado: edit
2025-05-21 20:27:39,452 - src.core.utils.logging_config - DEBUG - Ícono cargado: copy
2025-05-21 20:27:39,453 - src.core.utils.logging_config - DEBUG - Ícono cargado: delete
2025-05-21 20:27:39,455 - src.core.utils.logging_config - DEBUG - Ícono cargado: duplicate
2025-05-21 20:27:39,457 - src.core.utils.logging_config - DEBUG - Ícono cargado: price
2025-05-21 20:27:39,459 - src.core.utils.logging_config - DEBUG - Ícono cargado: print
2025-05-21 20:27:39,461 - src.core.utils.logging_config - DEBUG - Ícono cargado: inventory
2025-05-21 20:27:39,537 - src.core.utils.logging_config - DEBUG - Inicializando CheckComboBox con column=color
2025-05-21 20:27:39,565 - src.core.utils.logging_config - DEBUG - CheckComboBox creado con label=Color, column=color
2025-05-21 20:27:39,575 - src.core.utils.logging_config - DEBUG - Inicializando CheckComboBox con column=tipo_prenda
2025-05-21 20:27:39,602 - src.core.utils.logging_config - DEBUG - CheckComboBox creado con label=Tipo Prenda, column=tipo_prenda
2025-05-21 20:27:39,612 - src.core.utils.logging_config - DEBUG - Inicializando CheckComboBox con column=tipo_pieza
2025-05-21 20:27:39,638 - src.core.utils.logging_config - DEBUG - CheckComboBox creado con label=Tipo Pieza, column=tipo_pieza
2025-05-21 20:27:39,648 - src.core.utils.logging_config - DEBUG - Inicializando CheckComboBox con column=atributo
2025-05-21 20:27:39,675 - src.core.utils.logging_config - DEBUG - CheckComboBox creado con label=Atributo, column=atributo
2025-05-21 20:27:39,684 - src.core.utils.logging_config - DEBUG - Inicializando CheckComboBox con column=escuela
2025-05-21 20:27:39,711 - src.core.utils.logging_config - DEBUG - CheckComboBox creado con label=Escuela, column=escuela
2025-05-21 20:27:39,721 - src.core.utils.logging_config - DEBUG - Inicializando CheckComboBox con column=nivel_educativo
2025-05-21 20:27:39,747 - src.core.utils.logging_config - DEBUG - CheckComboBox creado con label=Nivel Educativo, column=nivel_educativo
2025-05-21 20:27:39,757 - src.core.utils.logging_config - DEBUG - Inicializando CheckComboBox con column=genero
2025-05-21 20:27:39,784 - src.core.utils.logging_config - DEBUG - CheckComboBox creado con label=Género, column=genero
2025-05-21 20:27:39,795 - src.core.utils.logging_config - DEBUG - Inicializando CheckComboBox con column=marca
2025-05-21 20:27:39,821 - src.core.utils.logging_config - DEBUG - CheckComboBox creado con label=Marca, column=marca
2025-05-21 20:27:39,832 - src.core.utils.logging_config - DEBUG - Inicializando CheckComboBox con column=talla
2025-05-21 20:27:39,859 - src.core.utils.logging_config - DEBUG - CheckComboBox creado con label=Talla, column=talla
2025-05-21 20:27:41,515 - src.core.utils.logging_config - DEBUG - Inicializando comboboxes para filtros
2025-05-21 20:27:41,519 - src.core.config.db_manager - INFO - Conexión a c:\Users\Daniel\Downloads\Gestor_de_Inventarios\data\productos.db cerrada
2025-05-21 20:27:41,519 - src.core.utils.logging_config - DEBUG - Obtenidos 26 valores únicos para color en 0.004s
2025-05-21 20:27:41,519 - src.core.utils.logging_config - DEBUG - Valores para color: ['Ad hoc', 'Amarillo', 'Azul Marino', 'Azul Rey', 'Azul cielo', 'Beige', 'Bicolor', 'Blanca', 'Blanco', 'Café', 'Camuflaje', 'Doble raya', 'Escoces', 'Gales azul', 'Gales rojo', 'Gales verde', 'Gris', 'Gris claro', 'Gris obscuro', 'Negro', 'Pata de gallo', 'Raya roja', 'Rojo', 'Rosa', 'Verde', 'Vino']
2025-05-21 20:27:41,526 - src.core.config.db_manager - WARNING - Conexión no activa. Intentando reconectar...
2025-05-21 20:27:41,527 - src.core.config.db_manager - INFO - Conexión establecida con la base de datos: c:\Users\Daniel\Downloads\Gestor_de_Inventarios\data\productos.db
2025-05-21 20:27:41,532 - src.core.config.db_manager - INFO - Conexión a c:\Users\Daniel\Downloads\Gestor_de_Inventarios\data\productos.db cerrada
2025-05-21 20:27:41,533 - src.core.utils.logging_config - DEBUG - Obtenidos 4 valores únicos para tipo_prenda en 0.007s
2025-05-21 20:27:41,533 - src.core.utils.logging_config - DEBUG - Valores para tipo_prenda: ['Accesorio', 'Básico', 'Deportivo', 'Oficial']
2025-05-21 20:27:41,539 - src.core.config.db_manager - WARNING - Conexión no activa. Intentando reconectar...
2025-05-21 20:27:41,540 - src.core.config.db_manager - INFO - Conexión establecida con la base de datos: c:\Users\Daniel\Downloads\Gestor_de_Inventarios\data\productos.db
2025-05-21 20:27:41,546 - src.core.config.db_manager - INFO - Conexión a c:\Users\Daniel\Downloads\Gestor_de_Inventarios\data\productos.db cerrada
2025-05-21 20:27:41,546 - src.core.utils.logging_config - DEBUG - Obtenidos 19 valores únicos para tipo_pieza en 0.007s
2025-05-21 20:27:41,547 - src.core.utils.logging_config - DEBUG - Valores para tipo_pieza: ['Bata', 'Boina', 'Calceta', 'Camisa', 'Chaleco', 'Chamarra', 'Corbata', 'Corbatín', 'Falda', 'Guante', 'Jumper', 'Malla', 'Mońo', 'Pantalón', 'Pants 2pz', 'Pants 3pz', 'Pants Suelto', 'Playera', 'Suéter']
2025-05-21 20:27:41,552 - src.core.config.db_manager - WARNING - Conexión no activa. Intentando reconectar...
2025-05-21 20:27:41,553 - src.core.config.db_manager - INFO - Conexión establecida con la base de datos: c:\Users\Daniel\Downloads\Gestor_de_Inventarios\data\productos.db
2025-05-21 20:27:41,559 - src.core.config.db_manager - INFO - Conexión a c:\Users\Daniel\Downloads\Gestor_de_Inventarios\data\productos.db cerrada
2025-05-21 20:27:41,560 - src.core.utils.logging_config - DEBUG - Obtenidos 19 valores únicos para atributo en 0.008s
2025-05-21 20:27:41,560 - src.core.utils.logging_config - DEBUG - Valores para atributo: ['Botones', 'Chazarilla', 'Cuatro tablas', 'Cuello V', 'Deportiva', 'Deportivo', 'Escolar', 'Escolta', 'Infantil', 'Liso', 'Manga Corta', 'Manga Larga', 'Polo', 'Pretina', 'Punto', 'Resorte', 'Tableada', 'Tortuga', 'Vestir']
2025-05-21 20:27:41,566 - src.core.config.db_manager - WARNING - Conexión no activa. Intentando reconectar...
2025-05-21 20:27:41,566 - src.core.config.db_manager - INFO - Conexión establecida con la base de datos: c:\Users\Daniel\Downloads\Gestor_de_Inventarios\data\productos.db
2025-05-21 20:27:41,569 - src.core.config.db_manager - INFO - Conexión a c:\Users\Daniel\Downloads\Gestor_de_Inventarios\data\productos.db cerrada
2025-05-21 20:27:41,569 - src.core.utils.logging_config - DEBUG - Obtenidos 46 valores únicos para escuela en 0.003s
2025-05-21 20:27:41,569 - src.core.config.db_manager - WARNING - Conexión no activa. Intentando reconectar...
2025-05-21 20:27:41,570 - src.core.config.db_manager - INFO - Conexión establecida con la base de datos: c:\Users\Daniel\Downloads\Gestor_de_Inventarios\data\productos.db
2025-05-21 20:27:41,572 - src.core.utils.logging_config - DEBUG - Valores para escuela: ['16 de Septiembre', 'Albino García Ramos', 'Benito Juárez', 'Bicentenario', 'Blanca Verónica Soto Martínez Príncipes', 'CBTIS 148', 'CECYTE', 'Club Rotario', 'Colegio Motolinea', 'Conalep', 'Emiliano Zapata', 'Erasmo Castellano', 'EsTv 154', 'Francisco González Bocanegra', 'Francisco Villa', 'Frida Kahlo', 'Guillermo Prieto', 'Himno Nacional', 'Ignacio Allende', 'Ignacio Zaragoza', 'J. Guadalupe Victoria', 'Jean Piaget', 'Jorge Cantor', 'Josefa Ortiz de Domínguez', 'José María Morelos', 'José María Morelos y Pavón', 'Justo Sierra', 'Manuel Gutiérrez Nájera', 'Margarita Paz Paredes', 'Miguel Campuzano', 'Miguel Hidalgo', 'Narciso Mendoza', 'Nińos Héroes', 'Omecalli', 'Paolo Fraire', 'Patria', 'Práxedis Guerrero', 'Rafael Ramírez', 'SABES', 'Sor Juana Inés de la Cruz', 'Telesecundaria 454', 'Telesecundaria 512', 'Técnica de San Bartolo', 'UVEG', 'Vicente Guerrero', 'Álvaro Obregón']
2025-05-21 20:27:41,582 - src.core.config.db_manager - INFO - Conexión a c:\Users\Daniel\Downloads\Gestor_de_Inventarios\data\productos.db cerrada
2025-05-21 20:27:41,583 - src.core.utils.logging_config - DEBUG - Obtenidos 4 valores únicos para nivel_educativo en 0.003s
2025-05-21 20:27:41,583 - src.core.utils.logging_config - DEBUG - Valores para nivel_educativo: ['Bachillerato', 'Preescolar', 'Primaria', 'Secundaria']
2025-05-21 20:27:41,588 - src.core.config.db_manager - WARNING - Conexión no activa. Intentando reconectar...
2025-05-21 20:27:41,590 - src.core.config.db_manager - INFO - Conexión establecida con la base de datos: c:\Users\Daniel\Downloads\Gestor_de_Inventarios\data\productos.db
2025-05-21 20:27:41,595 - src.core.config.db_manager - INFO - Conexión a c:\Users\Daniel\Downloads\Gestor_de_Inventarios\data\productos.db cerrada
2025-05-21 20:27:41,595 - src.core.utils.logging_config - DEBUG - Obtenidos 3 valores únicos para genero en 0.007s
2025-05-21 20:27:41,595 - src.core.utils.logging_config - DEBUG - Valores para genero: ['Hombre', 'Mujer', 'Unisex']
2025-05-21 20:27:41,601 - src.core.config.db_manager - WARNING - Conexión no activa. Intentando reconectar...
2025-05-21 20:27:41,602 - src.core.config.db_manager - INFO - Conexión establecida con la base de datos: c:\Users\Daniel\Downloads\Gestor_de_Inventarios\data\productos.db
2025-05-21 20:27:41,606 - src.core.config.db_manager - INFO - Conexión a c:\Users\Daniel\Downloads\Gestor_de_Inventarios\data\productos.db cerrada
2025-05-21 20:27:41,606 - src.core.utils.logging_config - DEBUG - Obtenidos 2 valores únicos para marca en 0.006s
2025-05-21 20:27:41,607 - src.core.utils.logging_config - DEBUG - Valores para marca: ['Claudia', 'Prowear']
2025-05-21 20:27:41,612 - src.core.config.db_manager - WARNING - Conexión no activa. Intentando reconectar...
2025-05-21 20:27:41,613 - src.core.config.db_manager - INFO - Conexión establecida con la base de datos: c:\Users\Daniel\Downloads\Gestor_de_Inventarios\data\productos.db
2025-05-21 20:27:41,619 - src.core.config.db_manager - INFO - Conexión a c:\Users\Daniel\Downloads\Gestor_de_Inventarios\data\productos.db cerrada
2025-05-21 20:27:41,619 - src.core.utils.logging_config - DEBUG - Obtenidos 40 valores únicos para talla en 0.007s
2025-05-21 20:27:41,619 - src.core.utils.logging_config - DEBUG - Valores para talla: ['2', '3', '4', '5', '6', '7', '8', '9', '10', '11', '12', '13', '14', '16', '18', '20', '28', '30', '32', '34', '36', '38', '40', '42', '44', '46', 'CH', 'MD', 'GD', 'EXG', 'Uni', '0-0', '0-2', '3-5', '6-8', '9-12', '13-18', 'CH-MD', 'GD-EXG', 'Dama']
2025-05-21 20:27:41,625 - src.core.utils.logging_config - INFO - Comboboxes inicializados correctamente
2025-05-21 20:27:41,626 - src.core.utils.logging_config - DEBUG - Label de filtros actualizado: Sin filtros activos
2025-05-21 20:27:41,642 - src.core.utils.logging_config - DEBUG - Lock interface called with lock=True, tree exists=1
2025-05-21 20:27:41,753 - src.core.utils.logging_config - DEBUG - Cargando productos para página 1, batch_size=30
2025-05-21 20:27:41,754 - src.core.config.db_manager - WARNING - Conexión no activa. Intentando reconectar...
2025-05-21 20:27:41,755 - src.core.config.db_manager - INFO - Conexión establecida con la base de datos: c:\Users\Daniel\Downloads\Gestor_de_Inventarios\data\productos.db
2025-05-21 20:27:41,759 - src.core.config.db_manager - INFO - Conexión a c:\Users\Daniel\Downloads\Gestor_de_Inventarios\data\productos.db cerrada
2025-05-21 20:27:41,759 - src.core.config.db_manager - WARNING - Conexión no activa. Intentando reconectar...
2025-05-21 20:27:41,760 - src.core.config.db_manager - INFO - Conexión establecida con la base de datos: c:\Users\Daniel\Downloads\Gestor_de_Inventarios\data\productos.db
2025-05-21 20:27:41,765 - src.core.config.db_manager - INFO - Conexión a c:\Users\Daniel\Downloads\Gestor_de_Inventarios\data\productos.db cerrada
2025-05-21 20:27:41,766 - src.core.utils.logging_config - DEBUG - Actualizando paginación: total_items=2678, current_page=0, total_pages=90
2025-05-21 20:27:41,778 - src.core.utils.logging_config - DEBUG - Texto de paginación actualizado: Página 1 de 90
2025-05-21 20:27:41,781 - src.core.utils.logging_config - DEBUG - Conteo de selección actualizado: 0/30
2025-05-21 20:27:41,781 - src.core.utils.logging_config - INFO - Cargados 30 productos, página 1, total páginas: 90, tiempo: 0.140s
2025-05-21 20:27:41,782 - src.core.utils.logging_config - DEBUG - Lock interface called with lock=False, tree exists=1
2025-05-21 20:27:41,915 - src.core.utils.logging_config - DEBUG - Inicializando comboboxes para filtros
2025-05-21 20:27:41,915 - src.core.utils.logging_config - DEBUG - Obtenidos 26 valores únicos para color en 0.000s
2025-05-21 20:27:41,915 - src.core.utils.logging_config - DEBUG - Valores para color: ['Ad hoc', 'Amarillo', 'Azul Marino', 'Azul Rey', 'Azul cielo', 'Beige', 'Bicolor', 'Blanca', 'Blanco', 'Café', 'Camuflaje', 'Doble raya', 'Escoces', 'Gales azul', 'Gales rojo', 'Gales verde', 'Gris', 'Gris claro', 'Gris obscuro', 'Negro', 'Pata de gallo', 'Raya roja', 'Rojo', 'Rosa', 'Verde', 'Vino']
2025-05-21 20:27:41,922 - src.core.utils.logging_config - DEBUG - Obtenidos 4 valores únicos para tipo_prenda en 0.000s
2025-05-21 20:27:41,923 - src.core.utils.logging_config - DEBUG - Valores para tipo_prenda: ['Accesorio', 'Básico', 'Deportivo', 'Oficial']
2025-05-21 20:27:41,929 - src.core.utils.logging_config - DEBUG - Obtenidos 19 valores únicos para tipo_pieza en 0.000s
2025-05-21 20:27:41,929 - src.core.utils.logging_config - DEBUG - Valores para tipo_pieza: ['Bata', 'Boina', 'Calceta', 'Camisa', 'Chaleco', 'Chamarra', 'Corbata', 'Corbatín', 'Falda', 'Guante', 'Jumper', 'Malla', 'Mońo', 'Pantalón', 'Pants 2pz', 'Pants 3pz', 'Pants Suelto', 'Playera', 'Suéter']
2025-05-21 20:27:41,935 - src.core.utils.logging_config - DEBUG - Obtenidos 19 valores únicos para atributo en 0.000s
2025-05-21 20:27:41,935 - src.core.utils.logging_config - DEBUG - Valores para atributo: ['Botones', 'Chazarilla', 'Cuatro tablas', 'Cuello V', 'Deportiva', 'Deportivo', 'Escolar', 'Escolta', 'Infantil', 'Liso', 'Manga Corta', 'Manga Larga', 'Polo', 'Pretina', 'Punto', 'Resorte', 'Tableada', 'Tortuga', 'Vestir']
2025-05-21 20:27:41,941 - src.core.utils.logging_config - DEBUG - Obtenidos 46 valores únicos para escuela en 0.000s
2025-05-21 20:27:41,942 - src.core.config.db_manager - WARNING - Conexión no activa. Intentando reconectar...
2025-05-21 20:27:41,942 - src.core.config.db_manager - INFO - Conexión establecida con la base de datos: c:\Users\Daniel\Downloads\Gestor_de_Inventarios\data\productos.db
2025-05-21 20:27:41,945 - src.core.utils.logging_config - DEBUG - Valores para escuela: ['16 de Septiembre', 'Albino García Ramos', 'Benito Juárez', 'Bicentenario', 'Blanca Verónica Soto Martínez Príncipes', 'CBTIS 148', 'CECYTE', 'Club Rotario', 'Colegio Motolinea', 'Conalep', 'Emiliano Zapata', 'Erasmo Castellano', 'EsTv 154', 'Francisco González Bocanegra', 'Francisco Villa', 'Frida Kahlo', 'Guillermo Prieto', 'Himno Nacional', 'Ignacio Allende', 'Ignacio Zaragoza', 'J. Guadalupe Victoria', 'Jean Piaget', 'Jorge Cantor', 'Josefa Ortiz de Domínguez', 'José María Morelos', 'José María Morelos y Pavón', 'Justo Sierra', 'Manuel Gutiérrez Nájera', 'Margarita Paz Paredes', 'Miguel Campuzano', 'Miguel Hidalgo', 'Narciso Mendoza', 'Nińos Héroes', 'Omecalli', 'Paolo Fraire', 'Patria', 'Práxedis Guerrero', 'Rafael Ramírez', 'SABES', 'Sor Juana Inés de la Cruz', 'Telesecundaria 454', 'Telesecundaria 512', 'Técnica de San Bartolo', 'UVEG', 'Vicente Guerrero', 'Álvaro Obregón']
2025-05-21 20:27:41,950 - src.core.utils.logging_config - DEBUG - Obtenidos 4 valores únicos para nivel_educativo en 0.000s
2025-05-21 20:27:41,951 - src.core.utils.logging_config - DEBUG - Valores para nivel_educativo: ['Bachillerato', 'Preescolar', 'Primaria', 'Secundaria']
2025-05-21 20:27:41,956 - src.core.utils.logging_config - DEBUG - Obtenidos 3 valores únicos para genero en 0.000s
2025-05-21 20:27:41,957 - src.core.utils.logging_config - DEBUG - Valores para genero: ['Hombre', 'Mujer', 'Unisex']
2025-05-21 20:27:41,962 - src.core.utils.logging_config - DEBUG - Obtenidos 2 valores únicos para marca en 0.000s
2025-05-21 20:27:41,963 - src.core.utils.logging_config - DEBUG - Valores para marca: ['Claudia', 'Prowear']
2025-05-21 20:27:41,969 - src.core.utils.logging_config - DEBUG - Obtenidos 40 valores únicos para talla en 0.000s
2025-05-21 20:27:41,969 - src.core.utils.logging_config - DEBUG - Valores para talla: ['2', '3', '4', '5', '6', '7', '8', '9', '10', '11', '12', '13', '14', '16', '18', '20', '28', '30', '32', '34', '36', '38', '40', '42', '44', '46', 'CH', 'MD', 'GD', 'EXG', 'Uni', '0-0', '0-2', '3-5', '6-8', '9-12', '13-18', 'CH-MD', 'GD-EXG', 'Dama']
2025-05-21 20:27:41,975 - src.core.utils.logging_config - INFO - Comboboxes inicializados correctamente
2025-05-21 20:27:41,976 - src.core.utils.logging_config - DEBUG - Label de filtros actualizado: Sin filtros activos
2025-05-21 20:27:41,976 - src.core.utils.logging_config - DEBUG - Lock interface called with lock=True, tree exists=1
2025-05-21 20:27:42,090 - src.core.utils.logging_config - DEBUG - Cargando productos para página 1, batch_size=30
2025-05-21 20:27:42,094 - src.core.config.db_manager - INFO - Conexión a c:\Users\Daniel\Downloads\Gestor_de_Inventarios\data\productos.db cerrada
2025-05-21 20:27:42,095 - src.core.config.db_manager - WARNING - Conexión no activa. Intentando reconectar...
2025-05-21 20:27:42,095 - src.core.config.db_manager - INFO - Conexión establecida con la base de datos: c:\Users\Daniel\Downloads\Gestor_de_Inventarios\data\productos.db
2025-05-21 20:27:42,100 - src.core.config.db_manager - INFO - Conexión a c:\Users\Daniel\Downloads\Gestor_de_Inventarios\data\productos.db cerrada
2025-05-21 20:27:42,100 - src.core.utils.logging_config - DEBUG - Actualizando paginación: total_items=2678, current_page=0, total_pages=90
2025-05-21 20:27:42,113 - src.core.utils.logging_config - DEBUG - Texto de paginación actualizado: Página 1 de 90
2025-05-21 20:27:42,115 - src.core.utils.logging_config - DEBUG - Conteo de selección actualizado: 0/30
2025-05-21 20:27:42,115 - src.core.utils.logging_config - INFO - Cargados 30 productos, página 1, total páginas: 90, tiempo: 0.139s
2025-05-21 20:27:42,116 - src.core.utils.logging_config - DEBUG - Lock interface called with lock=False, tree exists=1
2025-05-21 20:27:42,236 - __main__ - INFO - Interfaz de Product Manager cargada exitosamente
2025-05-21 20:27:44,215 - __main__ - INFO - Iniciando cambio a Synchronizer
2025-05-21 20:27:44,747 - __main__ - INFO - Interfaz de Synchronizer cargada exitosamente
2025-05-21 20:28:09,393 - src.modules.synchronizer.synchronizer - INFO - Obtenidos 2678 productos desde SQLite para store_id 1
2025-05-21 20:29:52,736 - src.modules.synchronizer.synchronizer - INFO - Exportados 2678 productos a c:\Users\Daniel\Downloads\Gestor_de_Inventarios\SyncReports\Maximoda_Inventarios_Sync.xlsx
